2024-03-23 16:01:12 error: [GET] /users/00000000-0000-0000-0000-000000000000 >> StatusCode:: 403, Message:: User_Not_Authenticated::[]
2024-03-23 16:01:12 error: [GET] /users/b33d6981-b07e-47a3-bf5e-54cc2da4ef1b >> StatusCode:: 403, Message:: User_Not_Authenticated::[]
2024-03-23 16:01:13 error: [GET] /users/00000000-0000-0000-0000-000000000000 >> StatusCode:: 400, Message:: User_Does_Not_Exist::["00000000-0000-0000-0000-000000000000"]
2024-03-23 16:01:13 error: [GET] /users/00000000-0000-0000-0000-000000000000 >> StatusCode:: 401, Message:: Wrong_Authentication_Token::[]
2024-03-23 16:01:13 error: [POST] /login >> StatusCode:: 400, Message:: Invalid_Login_Or_Password::[]
2024-03-23 16:01:14 error: [POST] /login >> StatusCode:: 400, Message:: Invalid_Login_Or_Password::[]
2024-03-23 16:01:14 error: [POST] /login >> StatusCode:: 400, Message:: Invalid_Login_Or_Password::[]
2024-03-23 16:01:14 error: [POST] /login >> StatusCode:: 400, Message:: Invalid_Login_Or_Password::[]
2024-03-23 16:01:14 error: [POST] /login >> StatusCode:: 400, Message:: Invalid_Login_Or_Password::[]
2024-03-23 16:01:14 error: [POST] /login >> StatusCode:: 400, Message:: Invalid_Login_Or_Password::[]
2024-03-23 16:01:14 error: [POST] /login >> StatusCode:: 400, Message:: Invalid_Login_Or_Password::[]
2024-03-23 16:01:14 error: [POST] /login >> StatusCode:: 400, Message:: Invalid_Login_Or_Password::[]
2024-03-23 16:01:14 error: [POST] /login >> StatusCode:: 400, Message:: Invalid_Login_Or_Password::[]
2024-03-23 16:01:14 error: [POST] /login >> StatusCode:: 400, Message:: Invalid_Login_Or_Password::[]
2024-03-23 16:01:14 error: [POST] /login >> StatusCode:: 400, Message:: Invalid_Login_Or_Password::[]
2024-03-23 16:01:14 error: [POST] /login >> StatusCode:: 400, Message:: Invalid_Login_Or_Password::[]
2024-03-23 16:01:14 error: [POST] /login >> StatusCode:: 400, Message:: Invalid_Login_Or_Password::[]
2024-03-23 16:01:14 error: [POST] /login >> StatusCode:: 400, Message:: Invalid_Login_Or_Password::[]
2024-03-23 16:01:14 error: [POST] /login >> StatusCode:: 400, Message:: Invalid_Login_Or_Password::[]
2024-03-23 16:01:14 error: [POST] /login >> StatusCode:: 400, Message:: Invalid_Login_Or_Password::[]
2024-03-23 16:01:14 error: [POST] /login >> StatusCode:: 400, Message:: User_Is_Locked_Out::[]
2024-03-23 16:01:14 error: [POST] /login >> StatusCode:: 400, Message:: Invalid_Login_Or_Password::[]
2024-03-23 16:01:14 error: [POST] /login >> StatusCode:: 400, Message:: Invalid_Login_Or_Password::[]
2024-03-23 16:01:14 error: [POST] /login >> StatusCode:: 400, Message:: Invalid_Login_Or_Password::[]
2024-03-23 16:01:15 error: [POST] /login >> StatusCode:: 400, Message:: User_Is_Locked_Out::[]
2024-03-23 16:01:15 error: [POST] /login >> StatusCode:: 400, Message:: User_Is_Not_Active::[]
2024-03-23 16:01:15 error: [POST] /login >> StatusCode:: 400, Message:: User_Is_Not_Active::[]
2024-03-23 16:01:15 error: [POST] /login >> StatusCode:: 400, Message:: Invalid_Login_Or_Password::[]
2024-03-23 16:01:15 error: [POST] /users >> StatusCode:: 400, Message:: Invalid_Password::[]
2024-03-23 16:01:15 error: [POST] /users >> StatusCode:: 400, Message:: Invalid_Email::[]
2024-03-23 16:01:15 error: [POST] /users >> StatusCode:: 400, Message:: Invalid_Phone::[]
2024-03-23 16:01:16 error: [POST] /users >> StatusCode:: 400, Message:: User_Already_Exists::["ejqlkagj0@email.com","888194336"]
2024-03-23 16:01:16 error: [POST] /users >> StatusCode:: 400, Message:: User_Already_Exists::["PXESSMTP5@EMAIL.COM","888846282"]
2024-03-23 16:01:16 error: [POST] /users >> StatusCode:: 403, Message:: User_Not_Authenticated::[]
2024-03-23 16:01:16 error: [POST] /users >> StatusCode:: 403, Message:: User_Not_Authenticated::[]
2024-03-23 16:01:16 error: [POST] /users >> StatusCode:: 401, Message:: Wrong_Authentication_Token::[]
2024-03-23 16:01:16 error: [POST] /users >> StatusCode:: 401, Message:: Wrong_Authentication_Token::[]
2024-03-23 16:01:17 error: [POST] /users/00000000-0000-0000-0000-000000000000/activate >> StatusCode:: 403, Message:: User_Not_Authenticated::[]
2024-03-23 16:01:17 error: [POST] /users/6b3cc7ff-734a-4c2f-ad45-5220b975c48a/activate >> StatusCode:: 403, Message:: User_Not_Authenticated::[]
2024-03-23 16:01:17 error: [POST] /users/00000000-0000-0000-0000-000000000000/activate >> StatusCode:: 400, Message:: User_Does_Not_Exist::["00000000-0000-0000-0000-000000000000"]
2024-03-23 16:01:17 error: [POST] /users/00000000-0000-0000-0000-000000000000/activate >> StatusCode:: 401, Message:: Wrong_Authentication_Token::[]
2024-03-23 16:01:18 error: [POST] /users/00000000-0000-0000-0000-000000000000/deactivate >> StatusCode:: 403, Message:: User_Not_Authenticated::[]
2024-03-23 16:01:18 error: [POST] /users/800e0b20-197b-46d1-b0e7-bae674c7d46c/deactivate >> StatusCode:: 403, Message:: User_Not_Authenticated::[]
2024-03-23 16:01:18 error: [POST] /users/00000000-0000-0000-0000-000000000000/deactivate >> StatusCode:: 400, Message:: User_Does_Not_Exist::["00000000-0000-0000-0000-000000000000"]
2024-03-23 16:01:18 error: [POST] /users/00000000-0000-0000-0000-000000000000/deactivate >> StatusCode:: 401, Message:: Wrong_Authentication_Token::[]
2024-03-23 16:01:19 error: [DELETE] /users/00000000-0000-0000-0000-000000000000 >> StatusCode:: 403, Message:: User_Not_Authenticated::[]
2024-03-23 16:01:19 error: [DELETE] /users/cb0ccbf8-faec-470a-984b-7ff7285ec471 >> StatusCode:: 403, Message:: User_Not_Authenticated::[]
2024-03-23 16:01:19 error: [DELETE] /users/00000000-0000-0000-0000-000000000000 >> StatusCode:: 400, Message:: User_Does_Not_Exist::["00000000-0000-0000-0000-000000000000"]
2024-03-23 16:01:19 error: [DELETE] /users/00000000-0000-0000-0000-000000000000 >> StatusCode:: 401, Message:: Wrong_Authentication_Token::[]
2024-03-23 16:01:35 error: [POST] /login >> StatusCode:: 400, Message:: Invalid_Login_Or_Password::[]
2024-03-23 16:01:36 error: [POST] /login >> StatusCode:: 400, Message:: Invalid_Login_Or_Password::[]
2024-03-23 16:01:36 error: [POST] /login >> StatusCode:: 400, Message:: Invalid_Login_Or_Password::[]
2024-03-23 16:01:36 error: [POST] /login >> StatusCode:: 400, Message:: Invalid_Login_Or_Password::[]
2024-03-23 16:01:36 error: [POST] /login >> StatusCode:: 400, Message:: Invalid_Login_Or_Password::[]
2024-03-23 16:01:36 error: [POST] /login >> StatusCode:: 400, Message:: Invalid_Login_Or_Password::[]
2024-03-23 16:01:36 error: [POST] /login >> StatusCode:: 400, Message:: Invalid_Login_Or_Password::[]
2024-03-23 16:01:36 error: [POST] /login >> StatusCode:: 400, Message:: Invalid_Login_Or_Password::[]
2024-03-23 16:01:36 error: [POST] /login >> StatusCode:: 400, Message:: Invalid_Login_Or_Password::[]
2024-03-23 16:01:36 error: [POST] /login >> StatusCode:: 400, Message:: Invalid_Login_Or_Password::[]
2024-03-23 16:01:36 error: [POST] /login >> StatusCode:: 400, Message:: Invalid_Login_Or_Password::[]
2024-03-23 16:01:36 error: [POST] /login >> StatusCode:: 400, Message:: Invalid_Login_Or_Password::[]
2024-03-23 16:01:36 error: [POST] /login >> StatusCode:: 400, Message:: Invalid_Login_Or_Password::[]
2024-03-23 16:01:36 error: [POST] /login >> StatusCode:: 400, Message:: Invalid_Login_Or_Password::[]
2024-03-23 16:01:36 error: [POST] /login >> StatusCode:: 400, Message:: Invalid_Login_Or_Password::[]
2024-03-23 16:01:36 error: [POST] /login >> StatusCode:: 400, Message:: Invalid_Login_Or_Password::[]
2024-03-23 16:01:36 error: [POST] /login >> StatusCode:: 400, Message:: User_Is_Locked_Out::[]
2024-03-23 16:01:36 error: [POST] /login >> StatusCode:: 400, Message:: Invalid_Login_Or_Password::[]
2024-03-23 16:01:36 error: [POST] /login >> StatusCode:: 400, Message:: Invalid_Login_Or_Password::[]
2024-03-23 16:01:36 error: [POST] /login >> StatusCode:: 400, Message:: Invalid_Login_Or_Password::[]
2024-03-23 16:01:36 error: [POST] /login >> StatusCode:: 400, Message:: User_Is_Locked_Out::[]
2024-03-23 16:01:36 error: [POST] /login >> StatusCode:: 400, Message:: User_Is_Not_Active::[]
2024-03-23 16:01:36 error: [POST] /login >> StatusCode:: 400, Message:: User_Is_Not_Active::[]
2024-03-23 16:01:37 error: [POST] /login >> StatusCode:: 400, Message:: Invalid_Login_Or_Password::[]
2024-03-23 16:01:37 error: [GET] /users/00000000-0000-0000-0000-000000000000 >> StatusCode:: 403, Message:: User_Not_Authenticated::[]
2024-03-23 16:01:37 error: [GET] /users/3434bd7c-5e9a-4fe6-97dd-401f336d079a >> StatusCode:: 403, Message:: User_Not_Authenticated::[]
2024-03-23 16:01:38 error: [GET] /users/00000000-0000-0000-0000-000000000000 >> StatusCode:: 400, Message:: User_Does_Not_Exist::["00000000-0000-0000-0000-000000000000"]
2024-03-23 16:01:38 error: [GET] /users/00000000-0000-0000-0000-000000000000 >> StatusCode:: 401, Message:: Wrong_Authentication_Token::[]
2024-03-23 16:01:38 error: [POST] /users >> StatusCode:: 400, Message:: Invalid_Password::[]
2024-03-23 16:01:38 error: [POST] /users >> StatusCode:: 400, Message:: Invalid_Email::[]
2024-03-23 16:01:38 error: [POST] /users >> StatusCode:: 400, Message:: Invalid_Phone::[]
2024-03-23 16:01:38 error: [POST] /users >> StatusCode:: 400, Message:: User_Already_Exists::["qyhodowc9@email.com","889691283"]
2024-03-23 16:01:38 error: [POST] /users >> StatusCode:: 400, Message:: User_Already_Exists::["JHMFUWXZ7@EMAIL.COM","886708210"]
2024-03-23 16:01:39 error: [POST] /users >> StatusCode:: 403, Message:: User_Not_Authenticated::[]
2024-03-23 16:01:39 error: [POST] /users >> StatusCode:: 403, Message:: User_Not_Authenticated::[]
2024-03-23 16:01:39 error: [POST] /users >> StatusCode:: 401, Message:: Wrong_Authentication_Token::[]
2024-03-23 16:01:39 error: [POST] /users >> StatusCode:: 401, Message:: Wrong_Authentication_Token::[]
2024-03-23 16:01:40 error: [POST] /users/00000000-0000-0000-0000-000000000000/deactivate >> StatusCode:: 403, Message:: User_Not_Authenticated::[]
2024-03-23 16:01:40 error: [POST] /users/7c8d70d4-817d-4bcb-a335-5f86707f57cc/deactivate >> StatusCode:: 403, Message:: User_Not_Authenticated::[]
2024-03-23 16:01:40 error: [POST] /users/00000000-0000-0000-0000-000000000000/deactivate >> StatusCode:: 400, Message:: User_Does_Not_Exist::["00000000-0000-0000-0000-000000000000"]
2024-03-23 16:01:40 error: [POST] /users/00000000-0000-0000-0000-000000000000/deactivate >> StatusCode:: 401, Message:: Wrong_Authentication_Token::[]
2024-03-23 16:01:41 error: [POST] /users/00000000-0000-0000-0000-000000000000/activate >> StatusCode:: 403, Message:: User_Not_Authenticated::[]
2024-03-23 16:01:41 error: [POST] /users/4beb2c44-15ba-4414-9b96-b7d774286660/activate >> StatusCode:: 403, Message:: User_Not_Authenticated::[]
2024-03-23 16:01:41 error: [POST] /users/00000000-0000-0000-0000-000000000000/activate >> StatusCode:: 400, Message:: User_Does_Not_Exist::["00000000-0000-0000-0000-000000000000"]
2024-03-23 16:01:41 error: [POST] /users/00000000-0000-0000-0000-000000000000/activate >> StatusCode:: 401, Message:: Wrong_Authentication_Token::[]
2024-03-23 16:01:42 error: [DELETE] /users/00000000-0000-0000-0000-000000000000 >> StatusCode:: 403, Message:: User_Not_Authenticated::[]
2024-03-23 16:01:42 error: [DELETE] /users/ce69ca56-68d5-4301-8198-fd06fd26b61b >> StatusCode:: 403, Message:: User_Not_Authenticated::[]
2024-03-23 16:01:42 error: [DELETE] /users/00000000-0000-0000-0000-000000000000 >> StatusCode:: 400, Message:: User_Does_Not_Exist::["00000000-0000-0000-0000-000000000000"]
2024-03-23 16:01:42 error: [DELETE] /users/00000000-0000-0000-0000-000000000000 >> StatusCode:: 401, Message:: Wrong_Authentication_Token::[]
2024-03-23 18:43:18 error: [POST] /login >> StatusCode:: 400, Message:: Invalid_Login_Or_Password::[]
2024-03-23 18:43:18 error: [POST] /login >> StatusCode:: 400, Message:: Invalid_Login_Or_Password::[]
2024-03-23 18:43:18 error: [POST] /login >> StatusCode:: 400, Message:: Invalid_Login_Or_Password::[]
2024-03-23 18:43:18 error: [POST] /login >> StatusCode:: 400, Message:: Invalid_Login_Or_Password::[]
2024-03-23 18:43:18 error: [POST] /login >> StatusCode:: 400, Message:: Invalid_Login_Or_Password::[]
2024-03-23 18:43:18 error: [POST] /login >> StatusCode:: 400, Message:: Invalid_Login_Or_Password::[]
2024-03-23 18:43:18 error: [POST] /login >> StatusCode:: 400, Message:: Invalid_Login_Or_Password::[]
2024-03-23 18:43:18 error: [POST] /login >> StatusCode:: 400, Message:: Invalid_Login_Or_Password::[]
2024-03-23 18:43:18 error: [POST] /login >> StatusCode:: 400, Message:: Invalid_Login_Or_Password::[]
2024-03-23 18:43:18 error: [POST] /login >> StatusCode:: 400, Message:: Invalid_Login_Or_Password::[]
2024-03-23 18:43:18 error: [POST] /login >> StatusCode:: 400, Message:: Invalid_Login_Or_Password::[]
2024-03-23 18:43:19 error: [POST] /login >> StatusCode:: 400, Message:: Invalid_Login_Or_Password::[]
2024-03-23 18:43:19 error: [POST] /login >> StatusCode:: 400, Message:: Invalid_Login_Or_Password::[]
2024-03-23 18:43:19 error: [POST] /login >> StatusCode:: 400, Message:: Invalid_Login_Or_Password::[]
2024-03-23 18:43:19 error: [POST] /login >> StatusCode:: 400, Message:: Invalid_Login_Or_Password::[]
2024-03-23 18:43:19 error: [POST] /login >> StatusCode:: 400, Message:: Invalid_Login_Or_Password::[]
2024-03-23 18:43:19 error: [POST] /login >> StatusCode:: 400, Message:: User_Is_Locked_Out::[]
2024-03-23 18:43:19 error: [POST] /login >> StatusCode:: 400, Message:: Invalid_Login_Or_Password::[]
2024-03-23 18:43:19 error: [POST] /login >> StatusCode:: 400, Message:: Invalid_Login_Or_Password::[]
2024-03-23 18:43:19 error: [POST] /login >> StatusCode:: 400, Message:: Invalid_Login_Or_Password::[]
2024-03-23 18:43:19 error: [POST] /login >> StatusCode:: 400, Message:: User_Is_Locked_Out::[]
2024-03-23 18:43:19 error: [POST] /login >> StatusCode:: 400, Message:: User_Is_Not_Active::[]
2024-03-23 18:43:19 error: [POST] /login >> StatusCode:: 400, Message:: User_Is_Not_Active::[]
2024-03-23 18:43:19 error: [POST] /login >> StatusCode:: 400, Message:: Invalid_Login_Or_Password::[]
2024-03-23 18:43:20 error: [POST] /users/00000000-0000-0000-0000-000000000000/deactivate >> StatusCode:: 403, Message:: User_Not_Authenticated::[]
2024-03-23 18:43:20 error: [POST] /users/520a0611-0e44-4594-b667-432f6adc7fce/deactivate >> StatusCode:: 403, Message:: User_Not_Authenticated::[]
2024-03-23 18:43:20 error: [POST] /users/00000000-0000-0000-0000-000000000000/deactivate >> StatusCode:: 400, Message:: User_Does_Not_Exist::["00000000-0000-0000-0000-000000000000"]
2024-03-23 18:43:20 error: [POST] /users/00000000-0000-0000-0000-000000000000/deactivate >> StatusCode:: 401, Message:: Wrong_Authentication_Token::[]
2024-03-23 18:43:21 error: [POST] /users >> StatusCode:: 400, Message:: Invalid_Password::[]
2024-03-23 18:43:21 error: [POST] /users >> StatusCode:: 400, Message:: Invalid_Email::[]
2024-03-23 18:43:21 error: [POST] /users >> StatusCode:: 400, Message:: Invalid_Phone::[]
2024-03-23 18:43:21 error: [POST] /users >> StatusCode:: 400, Message:: User_Already_Exists::["rgthpdeh7@email.com","888284124"]
2024-03-23 18:43:21 error: [POST] /users >> StatusCode:: 400, Message:: User_Already_Exists::["ITZGIWXA2@EMAIL.COM","887849587"]
2024-03-23 18:43:21 error: [POST] /users >> StatusCode:: 403, Message:: User_Not_Authenticated::[]
2024-03-23 18:43:21 error: [POST] /users >> StatusCode:: 403, Message:: User_Not_Authenticated::[]
2024-03-23 18:43:21 error: [POST] /users >> StatusCode:: 401, Message:: Wrong_Authentication_Token::[]
2024-03-23 18:43:21 error: [POST] /users >> StatusCode:: 401, Message:: Wrong_Authentication_Token::[]
2024-03-23 18:43:22 error: [POST] /users/00000000-0000-0000-0000-000000000000/activate >> StatusCode:: 403, Message:: User_Not_Authenticated::[]
2024-03-23 18:43:22 error: [POST] /users/c38885a6-939d-49aa-80eb-1ab19d4ee613/activate >> StatusCode:: 403, Message:: User_Not_Authenticated::[]
2024-03-23 18:43:23 error: [POST] /users/00000000-0000-0000-0000-000000000000/activate >> StatusCode:: 400, Message:: User_Does_Not_Exist::["00000000-0000-0000-0000-000000000000"]
2024-03-23 18:43:23 error: [POST] /users/00000000-0000-0000-0000-000000000000/activate >> StatusCode:: 401, Message:: Wrong_Authentication_Token::[]
2024-03-23 18:43:23 error: [GET] /users/00000000-0000-0000-0000-000000000000 >> StatusCode:: 403, Message:: User_Not_Authenticated::[]
2024-03-23 18:43:23 error: [GET] /users/c2cca452-d555-4323-8fbf-746f1f528dfc >> StatusCode:: 403, Message:: User_Not_Authenticated::[]
2024-03-23 18:43:23 error: [GET] /users/00000000-0000-0000-0000-000000000000 >> StatusCode:: 400, Message:: User_Does_Not_Exist::["00000000-0000-0000-0000-000000000000"]
2024-03-23 18:43:23 error: [GET] /users/00000000-0000-0000-0000-000000000000 >> StatusCode:: 401, Message:: Wrong_Authentication_Token::[]
2024-03-23 18:43:24 error: [DELETE] /users/00000000-0000-0000-0000-000000000000 >> StatusCode:: 403, Message:: User_Not_Authenticated::[]
2024-03-23 18:43:24 error: [DELETE] /users/e355f49e-5726-4d4b-a852-206e6cf2e6c4 >> StatusCode:: 403, Message:: User_Not_Authenticated::[]
2024-03-23 18:43:24 error: [DELETE] /users/00000000-0000-0000-0000-000000000000 >> StatusCode:: 400, Message:: User_Does_Not_Exist::["00000000-0000-0000-0000-000000000000"]
2024-03-23 18:43:24 error: [DELETE] /users/00000000-0000-0000-0000-000000000000 >> StatusCode:: 401, Message:: Wrong_Authentication_Token::[]
2024-03-23 18:44:22 error: [POST] /login >> StatusCode:: 400, Message:: Invalid_Login_Or_Password::[]
2024-03-23 18:44:22 error: [POST] /login >> StatusCode:: 400, Message:: Invalid_Login_Or_Password::[]
2024-03-23 18:44:22 error: [POST] /login >> StatusCode:: 400, Message:: Invalid_Login_Or_Password::[]
2024-03-23 18:44:22 error: [POST] /login >> StatusCode:: 400, Message:: Invalid_Login_Or_Password::[]
2024-03-23 18:44:22 error: [POST] /login >> StatusCode:: 400, Message:: Invalid_Login_Or_Password::[]
2024-03-23 18:44:22 error: [POST] /login >> StatusCode:: 400, Message:: Invalid_Login_Or_Password::[]
2024-03-23 18:44:22 error: [POST] /login >> StatusCode:: 400, Message:: Invalid_Login_Or_Password::[]
2024-03-23 18:44:22 error: [POST] /login >> StatusCode:: 400, Message:: Invalid_Login_Or_Password::[]
2024-03-23 18:44:22 error: [POST] /login >> StatusCode:: 400, Message:: Invalid_Login_Or_Password::[]
2024-03-23 18:44:22 error: [POST] /login >> StatusCode:: 400, Message:: Invalid_Login_Or_Password::[]
2024-03-23 18:44:22 error: [POST] /login >> StatusCode:: 400, Message:: Invalid_Login_Or_Password::[]
2024-03-23 18:44:23 error: [POST] /login >> StatusCode:: 400, Message:: Invalid_Login_Or_Password::[]
2024-03-23 18:44:23 error: [POST] /login >> StatusCode:: 400, Message:: Invalid_Login_Or_Password::[]
2024-03-23 18:44:23 error: [POST] /login >> StatusCode:: 400, Message:: Invalid_Login_Or_Password::[]
2024-03-23 18:44:23 error: [POST] /login >> StatusCode:: 400, Message:: Invalid_Login_Or_Password::[]
2024-03-23 18:44:23 error: [POST] /login >> StatusCode:: 400, Message:: Invalid_Login_Or_Password::[]
2024-03-23 18:44:23 error: [POST] /login >> StatusCode:: 400, Message:: User_Is_Locked_Out::[]
2024-03-23 18:44:23 error: [POST] /login >> StatusCode:: 400, Message:: Invalid_Login_Or_Password::[]
2024-03-23 18:44:23 error: [POST] /login >> StatusCode:: 400, Message:: Invalid_Login_Or_Password::[]
2024-03-23 18:44:23 error: [POST] /login >> StatusCode:: 400, Message:: Invalid_Login_Or_Password::[]
2024-03-23 18:44:23 error: [POST] /login >> StatusCode:: 400, Message:: User_Is_Locked_Out::[]
2024-03-23 18:44:23 error: [POST] /login >> StatusCode:: 400, Message:: User_Is_Not_Active::[]
2024-03-23 18:44:23 error: [POST] /login >> StatusCode:: 400, Message:: User_Is_Not_Active::[]
2024-03-23 18:44:23 error: [POST] /login >> StatusCode:: 400, Message:: Invalid_Login_Or_Password::[]
2024-03-23 18:44:24 error: [POST] /users >> StatusCode:: 400, Message:: Invalid_Password::[]
2024-03-23 18:44:24 error: [POST] /users >> StatusCode:: 400, Message:: Invalid_Email::[]
2024-03-23 18:44:24 error: [POST] /users >> StatusCode:: 400, Message:: Invalid_Phone::[]
2024-03-23 18:44:24 error: [POST] /users >> StatusCode:: 400, Message:: User_Already_Exists::["keapdatu2@email.com","880388889"]
2024-03-23 18:44:24 error: [POST] /users >> StatusCode:: 400, Message:: User_Already_Exists::["CZZGSFYS7@EMAIL.COM","883227632"]
2024-03-23 18:44:24 error: [POST] /users >> StatusCode:: 403, Message:: User_Not_Authenticated::[]
2024-03-23 18:44:24 error: [POST] /users >> StatusCode:: 403, Message:: User_Not_Authenticated::[]
2024-03-23 18:44:25 error: [POST] /users >> StatusCode:: 401, Message:: Wrong_Authentication_Token::[]
2024-03-23 18:44:25 error: [POST] /users >> StatusCode:: 401, Message:: Wrong_Authentication_Token::[]
2024-03-23 18:44:26 error: [POST] /users/00000000-0000-0000-0000-000000000000/activate >> StatusCode:: 403, Message:: User_Not_Authenticated::[]
2024-03-23 18:44:26 error: [POST] /users/2916936c-2a45-4d8f-8365-5dc2dfe78771/activate >> StatusCode:: 403, Message:: User_Not_Authenticated::[]
2024-03-23 18:44:26 error: [POST] /users/00000000-0000-0000-0000-000000000000/activate >> StatusCode:: 400, Message:: User_Does_Not_Exist::["00000000-0000-0000-0000-000000000000"]
2024-03-23 18:44:26 error: [POST] /users/00000000-0000-0000-0000-000000000000/activate >> StatusCode:: 401, Message:: Wrong_Authentication_Token::[]
2024-03-23 18:44:27 error: [POST] /users/00000000-0000-0000-0000-000000000000/deactivate >> StatusCode:: 403, Message:: User_Not_Authenticated::[]
2024-03-23 18:44:27 error: [POST] /users/b93a7297-23ff-4b05-bc13-56b16627e0ea/deactivate >> StatusCode:: 403, Message:: User_Not_Authenticated::[]
2024-03-23 18:44:27 error: [POST] /users/00000000-0000-0000-0000-000000000000/deactivate >> StatusCode:: 400, Message:: User_Does_Not_Exist::["00000000-0000-0000-0000-000000000000"]
2024-03-23 18:44:27 error: [POST] /users/00000000-0000-0000-0000-000000000000/deactivate >> StatusCode:: 401, Message:: Wrong_Authentication_Token::[]
2024-03-23 18:44:27 error: [DELETE] /users/00000000-0000-0000-0000-000000000000 >> StatusCode:: 403, Message:: User_Not_Authenticated::[]
2024-03-23 18:44:28 error: [DELETE] /users/2d5dafb9-2f63-4ea7-857c-1a5b80a4d06e >> StatusCode:: 403, Message:: User_Not_Authenticated::[]
2024-03-23 18:44:28 error: [DELETE] /users/00000000-0000-0000-0000-000000000000 >> StatusCode:: 400, Message:: User_Does_Not_Exist::["00000000-0000-0000-0000-000000000000"]
2024-03-23 18:44:28 error: [DELETE] /users/00000000-0000-0000-0000-000000000000 >> StatusCode:: 401, Message:: Wrong_Authentication_Token::[]
2024-03-23 18:44:28 error: [GET] /users/00000000-0000-0000-0000-000000000000 >> StatusCode:: 403, Message:: User_Not_Authenticated::[]
2024-03-23 18:44:29 error: [GET] /users/44944801-52e5-42f9-b06c-8bb4a915cb93 >> StatusCode:: 403, Message:: User_Not_Authenticated::[]
2024-03-23 18:44:29 error: [GET] /users/00000000-0000-0000-0000-000000000000 >> StatusCode:: 400, Message:: User_Does_Not_Exist::["00000000-0000-0000-0000-000000000000"]
2024-03-23 18:44:29 error: [GET] /users/00000000-0000-0000-0000-000000000000 >> StatusCode:: 401, Message:: Wrong_Authentication_Token::[]
2024-03-23 18:45:52 error: [POST] /login >> StatusCode:: 400, Message:: Invalid_Login_Or_Password::[]
2024-03-23 18:45:52 error: [POST] /login >> StatusCode:: 400, Message:: Invalid_Login_Or_Password::[]
2024-03-23 18:45:52 error: [POST] /login >> StatusCode:: 400, Message:: Invalid_Login_Or_Password::[]
2024-03-23 18:45:52 error: [POST] /login >> StatusCode:: 400, Message:: Invalid_Login_Or_Password::[]
2024-03-23 18:45:52 error: [POST] /login >> StatusCode:: 400, Message:: Invalid_Login_Or_Password::[]
2024-03-23 18:45:52 error: [POST] /login >> StatusCode:: 400, Message:: Invalid_Login_Or_Password::[]
2024-03-23 18:45:52 error: [POST] /login >> StatusCode:: 400, Message:: Invalid_Login_Or_Password::[]
2024-03-23 18:45:52 error: [POST] /login >> StatusCode:: 400, Message:: Invalid_Login_Or_Password::[]
2024-03-23 18:45:52 error: [POST] /login >> StatusCode:: 400, Message:: Invalid_Login_Or_Password::[]
2024-03-23 18:45:52 error: [POST] /login >> StatusCode:: 400, Message:: Invalid_Login_Or_Password::[]
2024-03-23 18:45:52 error: [POST] /login >> StatusCode:: 400, Message:: Invalid_Login_Or_Password::[]
2024-03-23 18:45:53 error: [POST] /login >> StatusCode:: 400, Message:: Invalid_Login_Or_Password::[]
2024-03-23 18:45:53 error: [POST] /login >> StatusCode:: 400, Message:: Invalid_Login_Or_Password::[]
2024-03-23 18:45:53 error: [POST] /login >> StatusCode:: 400, Message:: Invalid_Login_Or_Password::[]
2024-03-23 18:45:53 error: [POST] /login >> StatusCode:: 400, Message:: Invalid_Login_Or_Password::[]
2024-03-23 18:45:53 error: [POST] /login >> StatusCode:: 400, Message:: Invalid_Login_Or_Password::[]
2024-03-23 18:45:53 error: [POST] /login >> StatusCode:: 400, Message:: User_Is_Locked_Out::[]
2024-03-23 18:45:53 error: [POST] /login >> StatusCode:: 400, Message:: Invalid_Login_Or_Password::[]
2024-03-23 18:45:53 error: [POST] /login >> StatusCode:: 400, Message:: Invalid_Login_Or_Password::[]
2024-03-23 18:45:53 error: [POST] /login >> StatusCode:: 400, Message:: Invalid_Login_Or_Password::[]
2024-03-23 18:45:53 error: [POST] /login >> StatusCode:: 400, Message:: User_Is_Locked_Out::[]
2024-03-23 18:45:53 error: [POST] /login >> StatusCode:: 400, Message:: User_Is_Not_Active::[]
2024-03-23 18:45:53 error: [POST] /login >> StatusCode:: 400, Message:: User_Is_Not_Active::[]
2024-03-23 18:45:53 error: [POST] /login >> StatusCode:: 400, Message:: Invalid_Login_Or_Password::[]
2024-03-23 18:45:54 error: [POST] /users >> StatusCode:: 400, Message:: Invalid_Password::[]
2024-03-23 18:45:54 error: [POST] /users >> StatusCode:: 400, Message:: Invalid_Email::[]
2024-03-23 18:45:54 error: [POST] /users >> StatusCode:: 400, Message:: Invalid_Phone::[]
2024-03-23 18:45:54 error: [POST] /users >> StatusCode:: 400, Message:: User_Already_Exists::["caedkmtt1@email.com","886996853"]
2024-03-23 18:45:54 error: [POST] /users >> StatusCode:: 400, Message:: User_Already_Exists::["ETTSCYPA9@EMAIL.COM","886966899"]
2024-03-23 18:45:54 error: [POST] /users >> StatusCode:: 403, Message:: User_Not_Authenticated::[]
2024-03-23 18:45:55 error: [POST] /users >> StatusCode:: 403, Message:: User_Not_Authenticated::[]
2024-03-23 18:45:55 error: [POST] /users >> StatusCode:: 401, Message:: Wrong_Authentication_Token::[]
2024-03-23 18:45:55 error: [POST] /users >> StatusCode:: 401, Message:: Wrong_Authentication_Token::[]
2024-03-23 18:45:56 error: [POST] /users/00000000-0000-0000-0000-000000000000/activate >> StatusCode:: 403, Message:: User_Not_Authenticated::[]
2024-03-23 18:45:56 error: [POST] /users/b53d5c7d-46ee-4f87-ad6b-dcad0ae102f6/activate >> StatusCode:: 403, Message:: User_Not_Authenticated::[]
2024-03-23 18:45:56 error: [POST] /users/00000000-0000-0000-0000-000000000000/activate >> StatusCode:: 400, Message:: User_Does_Not_Exist::["00000000-0000-0000-0000-000000000000"]
2024-03-23 18:45:56 error: [POST] /users/00000000-0000-0000-0000-000000000000/activate >> StatusCode:: 401, Message:: Wrong_Authentication_Token::[]
2024-03-23 18:45:56 error: [GET] /users/00000000-0000-0000-0000-000000000000 >> StatusCode:: 403, Message:: User_Not_Authenticated::[]
2024-03-23 18:45:57 error: [GET] /users/4a32f407-8b5b-4b95-beb1-59d160974ce0 >> StatusCode:: 403, Message:: User_Not_Authenticated::[]
2024-03-23 18:45:57 error: [GET] /users/00000000-0000-0000-0000-000000000000 >> StatusCode:: 400, Message:: User_Does_Not_Exist::["00000000-0000-0000-0000-000000000000"]
2024-03-23 18:45:57 error: [GET] /users/00000000-0000-0000-0000-000000000000 >> StatusCode:: 401, Message:: Wrong_Authentication_Token::[]
2024-03-23 18:45:58 error: [POST] /users/00000000-0000-0000-0000-000000000000/deactivate >> StatusCode:: 403, Message:: User_Not_Authenticated::[]
2024-03-23 18:45:58 error: [POST] /users/cc5cb9e4-31da-4b11-abd0-27a01ca6ee53/deactivate >> StatusCode:: 403, Message:: User_Not_Authenticated::[]
2024-03-23 18:45:58 error: [POST] /users/00000000-0000-0000-0000-000000000000/deactivate >> StatusCode:: 400, Message:: User_Does_Not_Exist::["00000000-0000-0000-0000-000000000000"]
2024-03-23 18:45:58 error: [POST] /users/00000000-0000-0000-0000-000000000000/deactivate >> StatusCode:: 401, Message:: Wrong_Authentication_Token::[]
2024-03-23 18:45:58 error: [DELETE] /users/00000000-0000-0000-0000-000000000000 >> StatusCode:: 403, Message:: User_Not_Authenticated::[]
2024-03-23 18:45:59 error: [DELETE] /users/539553b7-5324-42c1-9e35-cf8d62bb118b >> StatusCode:: 403, Message:: User_Not_Authenticated::[]
2024-03-23 18:45:59 error: [DELETE] /users/00000000-0000-0000-0000-000000000000 >> StatusCode:: 400, Message:: User_Does_Not_Exist::["00000000-0000-0000-0000-000000000000"]
2024-03-23 18:45:59 error: [DELETE] /users/00000000-0000-0000-0000-000000000000 >> StatusCode:: 401, Message:: Wrong_Authentication_Token::[]
2024-03-23 21:00:10 error: [POST] /login >> StatusCode:: 400, Message:: Invalid_Login_Or_Password::[]
2024-03-23 21:00:10 error: [POST] /login >> StatusCode:: 400, Message:: Invalid_Login_Or_Password::[]
2024-03-23 21:00:10 error: [POST] /login >> StatusCode:: 400, Message:: Invalid_Login_Or_Password::[]
2024-03-23 21:00:10 error: [POST] /login >> StatusCode:: 400, Message:: Invalid_Login_Or_Password::[]
2024-03-23 21:00:10 error: [POST] /login >> StatusCode:: 400, Message:: Invalid_Login_Or_Password::[]
2024-03-23 21:00:10 error: [POST] /login >> StatusCode:: 400, Message:: Invalid_Login_Or_Password::[]
2024-03-23 21:00:10 error: [POST] /login >> StatusCode:: 400, Message:: Invalid_Login_Or_Password::[]
2024-03-23 21:00:10 error: [POST] /login >> StatusCode:: 400, Message:: Invalid_Login_Or_Password::[]
2024-03-23 21:00:10 error: [POST] /login >> StatusCode:: 400, Message:: Invalid_Login_Or_Password::[]
2024-03-23 21:00:10 error: [POST] /login >> StatusCode:: 400, Message:: Invalid_Login_Or_Password::[]
2024-03-23 21:00:10 error: [POST] /login >> StatusCode:: 400, Message:: Invalid_Login_Or_Password::[]
2024-03-23 21:00:11 error: [POST] /login >> StatusCode:: 400, Message:: Invalid_Login_Or_Password::[]
2024-03-23 21:00:11 error: [POST] /login >> StatusCode:: 400, Message:: Invalid_Login_Or_Password::[]
2024-03-23 21:00:11 error: [POST] /login >> StatusCode:: 400, Message:: Invalid_Login_Or_Password::[]
2024-03-23 21:00:11 error: [POST] /login >> StatusCode:: 400, Message:: Invalid_Login_Or_Password::[]
2024-03-23 21:00:11 error: [POST] /login >> StatusCode:: 400, Message:: Invalid_Login_Or_Password::[]
2024-03-23 21:00:11 error: [POST] /login >> StatusCode:: 400, Message:: User_Is_Locked_Out::[]
2024-03-23 21:00:11 error: [POST] /login >> StatusCode:: 400, Message:: Invalid_Login_Or_Password::[]
2024-03-23 21:00:11 error: [POST] /login >> StatusCode:: 400, Message:: Invalid_Login_Or_Password::[]
2024-03-23 21:00:11 error: [POST] /login >> StatusCode:: 400, Message:: Invalid_Login_Or_Password::[]
2024-03-23 21:00:11 error: [POST] /login >> StatusCode:: 400, Message:: User_Is_Locked_Out::[]
2024-03-23 21:00:11 error: [POST] /login >> StatusCode:: 400, Message:: User_Is_Not_Active::[]
2024-03-23 21:00:11 error: [POST] /login >> StatusCode:: 400, Message:: User_Is_Not_Active::[]
2024-03-23 21:00:11 error: [POST] /login >> StatusCode:: 400, Message:: Invalid_Login_Or_Password::[]
2024-03-23 21:00:12 error: [POST] /users >> StatusCode:: 400, Message:: Invalid_Password::[]
2024-03-23 21:00:12 error: [POST] /users >> StatusCode:: 400, Message:: Invalid_Email::[]
2024-03-23 21:00:12 error: [POST] /users >> StatusCode:: 400, Message:: Invalid_Phone::[]
2024-03-23 21:00:12 error: [POST] /users >> StatusCode:: 400, Message:: User_Already_Exists::["xjecletf7@email.com","884499616"]
2024-03-23 21:00:12 error: [POST] /users >> StatusCode:: 400, Message:: User_Already_Exists::["UNMYDGUE3@EMAIL.COM","883899044"]
2024-03-23 21:00:12 error: [POST] /users >> StatusCode:: 403, Message:: User_Not_Authenticated::[]
2024-03-23 21:00:12 error: [POST] /users >> StatusCode:: 403, Message:: User_Not_Authenticated::[]
2024-03-23 21:00:12 error: [POST] /users >> StatusCode:: 401, Message:: Wrong_Authentication_Token::[]
2024-03-23 21:00:12 error: [POST] /users >> StatusCode:: 401, Message:: Wrong_Authentication_Token::[]
2024-03-23 21:00:13 error: [POST] /users/00000000-0000-0000-0000-000000000000/deactivate >> StatusCode:: 403, Message:: User_Not_Authenticated::[]
2024-03-23 21:00:13 error: [POST] /users/2105fb5f-4604-4f26-bd6a-ab1008bc7b43/deactivate >> StatusCode:: 403, Message:: User_Not_Authenticated::[]
2024-03-23 21:00:13 error: [POST] /users/00000000-0000-0000-0000-000000000000/deactivate >> StatusCode:: 400, Message:: User_Does_Not_Exist::["00000000-0000-0000-0000-000000000000"]
2024-03-23 21:00:13 error: [POST] /users/00000000-0000-0000-0000-000000000000/deactivate >> StatusCode:: 401, Message:: Wrong_Authentication_Token::[]
2024-03-23 21:00:14 error: [POST] /users/00000000-0000-0000-0000-000000000000/activate >> StatusCode:: 403, Message:: User_Not_Authenticated::[]
2024-03-23 21:00:14 error: [POST] /users/f36b934e-c295-45fd-b543-2e916a80d26f/activate >> StatusCode:: 403, Message:: User_Not_Authenticated::[]
2024-03-23 21:00:14 error: [POST] /users/00000000-0000-0000-0000-000000000000/activate >> StatusCode:: 400, Message:: User_Does_Not_Exist::["00000000-0000-0000-0000-000000000000"]
2024-03-23 21:00:14 error: [POST] /users/00000000-0000-0000-0000-000000000000/activate >> StatusCode:: 401, Message:: Wrong_Authentication_Token::[]
2024-03-23 21:00:15 error: [GET] /users/00000000-0000-0000-0000-000000000000 >> StatusCode:: 403, Message:: User_Not_Authenticated::[]
2024-03-23 21:00:15 error: [GET] /users/af36b4a6-d190-4454-9ee1-71b29c2e25fd >> StatusCode:: 403, Message:: User_Not_Authenticated::[]
2024-03-23 21:00:15 error: [GET] /users/00000000-0000-0000-0000-000000000000 >> StatusCode:: 400, Message:: User_Does_Not_Exist::["00000000-0000-0000-0000-000000000000"]
2024-03-23 21:00:15 error: [GET] /users/00000000-0000-0000-0000-000000000000 >> StatusCode:: 401, Message:: Wrong_Authentication_Token::[]
2024-03-23 21:00:16 error: [DELETE] /users/00000000-0000-0000-0000-000000000000 >> StatusCode:: 403, Message:: User_Not_Authenticated::[]
2024-03-23 21:00:16 error: [DELETE] /users/e62d3563-5d48-4235-a042-912b9781d2e8 >> StatusCode:: 403, Message:: User_Not_Authenticated::[]
2024-03-23 21:00:16 error: [DELETE] /users/00000000-0000-0000-0000-000000000000 >> StatusCode:: 400, Message:: User_Does_Not_Exist::["00000000-0000-0000-0000-000000000000"]
2024-03-23 21:00:16 error: [DELETE] /users/00000000-0000-0000-0000-000000000000 >> StatusCode:: 401, Message:: Wrong_Authentication_Token::[]
