2024-03-12 18:22:51 error: [POST] /login >> StatusCode:: 400, Message:: Invalid_Login_Or_Password::[]
2024-03-12 18:22:51 error: [POST] /login >> StatusCode:: 400, Message:: Invalid_Login_Or_Password::[]
2024-03-12 18:22:51 error: [POST] /login >> StatusCode:: 400, Message:: Invalid_Login_Or_Password::[]
2024-03-12 18:22:51 error: [POST] /login >> StatusCode:: 400, Message:: Invalid_Login_Or_Password::[]
2024-03-12 18:22:51 error: [POST] /login >> StatusCode:: 400, Message:: Invalid_Login_Or_Password::[]
2024-03-12 18:22:51 error: [POST] /login >> StatusCode:: 400, Message:: Invalid_Login_Or_Password::[]
2024-03-12 18:22:51 error: [POST] /login >> StatusCode:: 400, Message:: Invalid_Login_Or_Password::[]
2024-03-12 18:22:51 error: [POST] /login >> StatusCode:: 400, Message:: Invalid_Login_Or_Password::[]
2024-03-12 18:22:51 error: [POST] /login >> StatusCode:: 400, Message:: Invalid_Login_Or_Password::[]
2024-03-12 18:22:51 error: [POST] /login >> StatusCode:: 400, Message:: Invalid_Login_Or_Password::[]
2024-03-12 18:22:51 error: [POST] /login >> StatusCode:: 400, Message:: Invalid_Login_Or_Password::[]
2024-03-12 18:22:51 error: [POST] /login >> StatusCode:: 400, Message:: Invalid_Login_Or_Password::[]
2024-03-12 18:22:51 error: [POST] /login >> StatusCode:: 400, Message:: Invalid_Login_Or_Password::[]
2024-03-12 18:22:52 error: [POST] /login >> StatusCode:: 400, Message:: Invalid_Login_Or_Password::[]
2024-03-12 18:22:52 error: [POST] /login >> StatusCode:: 400, Message:: Invalid_Login_Or_Password::[]
2024-03-12 18:22:52 error: [POST] /login >> StatusCode:: 400, Message:: Invalid_Login_Or_Password::[]
2024-03-12 18:22:52 error: [POST] /login >> StatusCode:: 400, Message:: User_Is_Locked_Out::[]
2024-03-12 18:22:52 error: [POST] /login >> StatusCode:: 400, Message:: Invalid_Login_Or_Password::[]
2024-03-12 18:22:52 error: [POST] /login >> StatusCode:: 400, Message:: Invalid_Login_Or_Password::[]
2024-03-12 18:22:52 error: [POST] /login >> StatusCode:: 400, Message:: Invalid_Login_Or_Password::[]
2024-03-12 18:22:52 error: [POST] /login >> StatusCode:: 400, Message:: User_Is_Locked_Out::[]
2024-03-12 18:22:52 error: [POST] /login >> StatusCode:: 400, Message:: User_Is_Not_Active::[]
2024-03-12 18:22:52 error: [POST] /login >> StatusCode:: 400, Message:: User_Is_Not_Active::[]
2024-03-12 18:22:52 error: [POST] /login >> StatusCode:: 400, Message:: Invalid_Login_Or_Password::[]
2024-03-12 18:22:53 error: [POST] /users >> StatusCode:: 400, Message:: Invalid_Password::[]
2024-03-12 18:22:53 error: [POST] /users >> StatusCode:: 400, Message:: Invalid_Email::[]
2024-03-12 18:22:53 error: [POST] /users >> StatusCode:: 400, Message:: Invalid_Phone::[]
2024-03-12 18:22:53 error: [POST] /users >> StatusCode:: 400, Message:: User_Already_Exists::["lrupgdgm5@email.com","884036883"]
2024-03-12 18:22:53 error: [POST] /users >> StatusCode:: 400, Message:: User_Already_Exists::["CWCIJQKF6@EMAIL.COM","886112857"]
2024-03-12 18:22:53 error: [POST] /users >> StatusCode:: 403, Message:: User_Not_Authenticated::[]
2024-03-12 18:22:53 error: [POST] /users >> StatusCode:: 403, Message:: User_Not_Authenticated::[]
2024-03-12 18:22:53 error: [POST] /users >> StatusCode:: 401, Message:: Wrong_Authentication_Token::[]
2024-03-12 18:22:53 error: [POST] /users >> StatusCode:: 401, Message:: Wrong_Authentication_Token::[]
2024-03-12 18:22:54 error: [POST] /users/00000000-0000-0000-0000-000000000000/activate >> StatusCode:: 403, Message:: User_Not_Authenticated::[]
2024-03-12 18:22:54 error: [POST] /users/9f4ecab8-b000-4c1d-9bfc-17f9ef8a496d/activate >> StatusCode:: 403, Message:: User_Not_Authenticated::[]
2024-03-12 18:22:54 error: [POST] /users/00000000-0000-0000-0000-000000000000/activate >> StatusCode:: 400, Message:: User_Does_Not_Exist::["00000000-0000-0000-0000-000000000000"]
2024-03-12 18:22:54 error: [POST] /users/00000000-0000-0000-0000-000000000000/activate >> StatusCode:: 401, Message:: Wrong_Authentication_Token::[]
2024-03-12 18:22:55 error: [DELETE] /users/00000000-0000-0000-0000-000000000000 >> StatusCode:: 403, Message:: User_Not_Authenticated::[]
2024-03-12 18:22:55 error: [DELETE] /users/9dbf06bd-42fd-4008-95d7-005886169469 >> StatusCode:: 403, Message:: User_Not_Authenticated::[]
2024-03-12 18:22:55 error: [DELETE] /users/00000000-0000-0000-0000-000000000000 >> StatusCode:: 400, Message:: User_Does_Not_Exist::["00000000-0000-0000-0000-000000000000"]
2024-03-12 18:22:55 error: [DELETE] /users/00000000-0000-0000-0000-000000000000 >> StatusCode:: 401, Message:: Wrong_Authentication_Token::[]
2024-03-12 18:22:57 error: [POST] /users/00000000-0000-0000-0000-000000000000/deactivate >> StatusCode:: 403, Message:: User_Not_Authenticated::[]
2024-03-12 18:22:57 error: [POST] /users/deadc76c-c058-4ff7-ab36-c33c066aeb27/deactivate >> StatusCode:: 403, Message:: User_Not_Authenticated::[]
2024-03-12 18:22:57 error: [POST] /users/00000000-0000-0000-0000-000000000000/deactivate >> StatusCode:: 400, Message:: User_Does_Not_Exist::["00000000-0000-0000-0000-000000000000"]
2024-03-12 18:22:57 error: [POST] /users/00000000-0000-0000-0000-000000000000/deactivate >> StatusCode:: 401, Message:: Wrong_Authentication_Token::[]
2024-03-12 18:22:58 error: [GET] /users/00000000-0000-0000-0000-000000000000 >> StatusCode:: 403, Message:: User_Not_Authenticated::[]
2024-03-12 18:22:58 error: [GET] /users/22f5a024-7a8b-4637-b339-cddb78739009 >> StatusCode:: 403, Message:: User_Not_Authenticated::[]
2024-03-12 18:22:58 error: [GET] /users/00000000-0000-0000-0000-000000000000 >> StatusCode:: 400, Message:: User_Does_Not_Exist::["00000000-0000-0000-0000-000000000000"]
2024-03-12 18:22:58 error: [GET] /users/00000000-0000-0000-0000-000000000000 >> StatusCode:: 401, Message:: Wrong_Authentication_Token::[]
2024-03-12 20:13:06 error: [GET] /users/00000000-0000-0000-0000-000000000000 >> StatusCode:: 403, Message:: User_Not_Authenticated::[]
2024-03-12 20:13:06 error: [GET] /users/597caed3-e643-41b0-bddc-578c74ad45cb >> StatusCode:: 403, Message:: User_Not_Authenticated::[]
2024-03-12 20:13:06 error: [GET] /users/00000000-0000-0000-0000-000000000000 >> StatusCode:: 400, Message:: User_Does_Not_Exist::["00000000-0000-0000-0000-000000000000"]
2024-03-12 20:13:06 error: [GET] /users/invalid-guid >> StatusCode:: 500, Message:: Cannot read properties of undefined (reading 'fullUrl')::[]
2024-03-12 20:13:06 error: [GET] /users/00000000-0000-0000-0000-000000000000 >> StatusCode:: 401, Message:: Wrong_Authentication_Token::[]
2024-03-12 20:13:07 error: [DELETE] /users/00000000-0000-0000-0000-000000000000 >> StatusCode:: 403, Message:: User_Not_Authenticated::[]
2024-03-12 20:13:07 error: [DELETE] /users/bc989d22-7b47-4988-bb64-096d37b20ad5 >> StatusCode:: 403, Message:: User_Not_Authenticated::[]
2024-03-12 20:13:07 error: [DELETE] /users/00000000-0000-0000-0000-000000000000 >> StatusCode:: 400, Message:: User_Does_Not_Exist::["00000000-0000-0000-0000-000000000000"]
2024-03-12 20:13:07 error: [DELETE] /users/invalid-guid >> StatusCode:: 500, Message:: Cannot read properties of undefined (reading 'fullUrl')::[]
2024-03-12 20:13:07 error: [DELETE] /users/00000000-0000-0000-0000-000000000000 >> StatusCode:: 401, Message:: Wrong_Authentication_Token::[]
2024-03-12 20:13:08 error: [POST] /users >> StatusCode:: 400, Message:: Invalid_Password::[]
2024-03-12 20:13:08 error: [POST] /users >> StatusCode:: 400, Message:: Invalid_Email::[]
2024-03-12 20:13:08 error: [POST] /users >> StatusCode:: 400, Message:: Invalid_Phone::[]
2024-03-12 20:13:08 error: [POST] /users >> StatusCode:: 400, Message:: User_Already_Exists::["drecqano5@email.com","889270812"]
2024-03-12 20:13:08 error: [POST] /users >> StatusCode:: 400, Message:: User_Already_Exists::["LOMLHJZL2@EMAIL.COM","887595324"]
2024-03-12 20:13:08 error: [POST] /users >> StatusCode:: 403, Message:: User_Not_Authenticated::[]
2024-03-12 20:13:09 error: [POST] /users >> StatusCode:: 403, Message:: User_Not_Authenticated::[]
2024-03-12 20:13:09 error: [POST] /users >> StatusCode:: 401, Message:: Wrong_Authentication_Token::[]
2024-03-12 20:13:09 error: [POST] /users >> StatusCode:: 401, Message:: Wrong_Authentication_Token::[]
2024-03-12 20:13:10 error: [POST] /users/00000000-0000-0000-0000-000000000000/deactivate >> StatusCode:: 403, Message:: User_Not_Authenticated::[]
2024-03-12 20:13:10 error: [POST] /users/3a7c3df2-105c-4c75-8092-31ca1728b7e6/deactivate >> StatusCode:: 403, Message:: User_Not_Authenticated::[]
2024-03-12 20:13:10 error: [POST] /users/00000000-0000-0000-0000-000000000000/deactivate >> StatusCode:: 400, Message:: User_Does_Not_Exist::["00000000-0000-0000-0000-000000000000"]
2024-03-12 20:13:10 error: [POST] /users/invalid-guid/deactivate >> StatusCode:: 500, Message:: Cannot read properties of undefined (reading 'fullUrl')::[]
2024-03-12 20:13:10 error: [POST] /users/00000000-0000-0000-0000-000000000000/deactivate >> StatusCode:: 401, Message:: Wrong_Authentication_Token::[]
2024-03-12 20:13:11 error: [POST] /users/00000000-0000-0000-0000-000000000000/activate >> StatusCode:: 403, Message:: User_Not_Authenticated::[]
2024-03-12 20:13:11 error: [POST] /users/29d92fa2-17b7-43e5-a401-d8d665735e13/activate >> StatusCode:: 403, Message:: User_Not_Authenticated::[]
2024-03-12 20:13:11 error: [POST] /users/00000000-0000-0000-0000-000000000000/activate >> StatusCode:: 400, Message:: User_Does_Not_Exist::["00000000-0000-0000-0000-000000000000"]
2024-03-12 20:13:11 error: [POST] /users/invalid-guid/activate >> StatusCode:: 500, Message:: Cannot read properties of undefined (reading 'fullUrl')::[]
2024-03-12 20:13:11 error: [POST] /users/00000000-0000-0000-0000-000000000000/activate >> StatusCode:: 401, Message:: Wrong_Authentication_Token::[]
2024-03-12 20:13:12 error: [POST] /login >> StatusCode:: 400, Message:: Invalid_Login_Or_Password::[]
2024-03-12 20:13:13 error: [POST] /login >> StatusCode:: 400, Message:: Invalid_Login_Or_Password::[]
2024-03-12 20:13:13 error: [POST] /login >> StatusCode:: 400, Message:: Invalid_Login_Or_Password::[]
2024-03-12 20:13:13 error: [POST] /login >> StatusCode:: 400, Message:: Invalid_Login_Or_Password::[]
2024-03-12 20:13:13 error: [POST] /login >> StatusCode:: 400, Message:: Invalid_Login_Or_Password::[]
2024-03-12 20:13:13 error: [POST] /login >> StatusCode:: 400, Message:: Invalid_Login_Or_Password::[]
2024-03-12 20:13:13 error: [POST] /login >> StatusCode:: 400, Message:: Invalid_Login_Or_Password::[]
2024-03-12 20:13:13 error: [POST] /login >> StatusCode:: 400, Message:: Invalid_Login_Or_Password::[]
2024-03-12 20:13:13 error: [POST] /login >> StatusCode:: 400, Message:: Invalid_Login_Or_Password::[]
2024-03-12 20:13:13 error: [POST] /login >> StatusCode:: 400, Message:: Invalid_Login_Or_Password::[]
2024-03-12 20:13:13 error: [POST] /login >> StatusCode:: 400, Message:: Invalid_Login_Or_Password::[]
2024-03-12 20:13:13 error: [POST] /login >> StatusCode:: 400, Message:: Invalid_Login_Or_Password::[]
2024-03-12 20:13:13 error: [POST] /login >> StatusCode:: 400, Message:: Invalid_Login_Or_Password::[]
2024-03-12 20:13:13 error: [POST] /login >> StatusCode:: 400, Message:: Invalid_Login_Or_Password::[]
2024-03-12 20:13:13 error: [POST] /login >> StatusCode:: 400, Message:: Invalid_Login_Or_Password::[]
2024-03-12 20:13:13 error: [POST] /login >> StatusCode:: 400, Message:: Invalid_Login_Or_Password::[]
2024-03-12 20:13:13 error: [POST] /login >> StatusCode:: 400, Message:: User_Is_Locked_Out::[]
2024-03-12 20:13:13 error: [POST] /login >> StatusCode:: 400, Message:: Invalid_Login_Or_Password::[]
2024-03-12 20:13:13 error: [POST] /login >> StatusCode:: 400, Message:: Invalid_Login_Or_Password::[]
2024-03-12 20:13:13 error: [POST] /login >> StatusCode:: 400, Message:: Invalid_Login_Or_Password::[]
2024-03-12 20:13:13 error: [POST] /login >> StatusCode:: 400, Message:: User_Is_Locked_Out::[]
2024-03-12 20:13:13 error: [POST] /login >> StatusCode:: 400, Message:: User_Is_Not_Active::[]
2024-03-12 20:13:13 error: [POST] /login >> StatusCode:: 400, Message:: User_Is_Not_Active::[]
2024-03-12 20:13:14 error: [POST] /login >> StatusCode:: 400, Message:: Invalid_Login_Or_Password::[]
2024-03-12 20:19:47 error: [GET] /users/00000000-0000-0000-0000-000000000000 >> StatusCode:: 403, Message:: User_Not_Authenticated::[]
2024-03-12 20:19:47 error: [GET] /users/24b86d29-844e-4340-b295-c30ee064ab28 >> StatusCode:: 403, Message:: User_Not_Authenticated::[]
2024-03-12 20:19:47 error: [GET] /users/00000000-0000-0000-0000-000000000000 >> StatusCode:: 400, Message:: User_Does_Not_Exist::["00000000-0000-0000-0000-000000000000"]
2024-03-12 20:19:47 error: [GET] /users/00000000-0000-0000-0000-000000000000 >> StatusCode:: 401, Message:: Wrong_Authentication_Token::[]
2024-03-12 20:19:48 error: [POST] /users/00000000-0000-0000-0000-000000000000/activate >> StatusCode:: 403, Message:: User_Not_Authenticated::[]
2024-03-12 20:19:48 error: [POST] /users/a6eb103e-6db4-4c9d-ad44-7721ead88deb/activate >> StatusCode:: 403, Message:: User_Not_Authenticated::[]
2024-03-12 20:19:48 error: [POST] /users/00000000-0000-0000-0000-000000000000/activate >> StatusCode:: 400, Message:: User_Does_Not_Exist::["00000000-0000-0000-0000-000000000000"]
2024-03-12 20:19:48 error: [POST] /users/00000000-0000-0000-0000-000000000000/activate >> StatusCode:: 401, Message:: Wrong_Authentication_Token::[]
2024-03-12 20:19:49 error: [POST] /users/00000000-0000-0000-0000-000000000000/deactivate >> StatusCode:: 403, Message:: User_Not_Authenticated::[]
2024-03-12 20:19:49 error: [POST] /users/dcc392c3-9d57-4ecf-bb49-1e202d503d06/deactivate >> StatusCode:: 403, Message:: User_Not_Authenticated::[]
2024-03-12 20:19:49 error: [POST] /users/00000000-0000-0000-0000-000000000000/deactivate >> StatusCode:: 400, Message:: User_Does_Not_Exist::["00000000-0000-0000-0000-000000000000"]
2024-03-12 20:19:49 error: [POST] /users/00000000-0000-0000-0000-000000000000/deactivate >> StatusCode:: 401, Message:: Wrong_Authentication_Token::[]
2024-03-12 20:19:50 error: [DELETE] /users/00000000-0000-0000-0000-000000000000 >> StatusCode:: 403, Message:: User_Not_Authenticated::[]
2024-03-12 20:19:50 error: [DELETE] /users/37b8b023-f38d-499a-8322-da1613db6475 >> StatusCode:: 403, Message:: User_Not_Authenticated::[]
2024-03-12 20:19:50 error: [DELETE] /users/00000000-0000-0000-0000-000000000000 >> StatusCode:: 400, Message:: User_Does_Not_Exist::["00000000-0000-0000-0000-000000000000"]
2024-03-12 20:19:50 error: [DELETE] /users/00000000-0000-0000-0000-000000000000 >> StatusCode:: 401, Message:: Wrong_Authentication_Token::[]
2024-03-12 20:19:52 error: [POST] /login >> StatusCode:: 400, Message:: Invalid_Login_Or_Password::[]
2024-03-12 20:19:52 error: [POST] /login >> StatusCode:: 400, Message:: Invalid_Login_Or_Password::[]
2024-03-12 20:19:52 error: [POST] /login >> StatusCode:: 400, Message:: Invalid_Login_Or_Password::[]
2024-03-12 20:19:52 error: [POST] /login >> StatusCode:: 400, Message:: Invalid_Login_Or_Password::[]
2024-03-12 20:19:52 error: [POST] /login >> StatusCode:: 400, Message:: Invalid_Login_Or_Password::[]
2024-03-12 20:19:52 error: [POST] /login >> StatusCode:: 400, Message:: Invalid_Login_Or_Password::[]
2024-03-12 20:19:52 error: [POST] /login >> StatusCode:: 400, Message:: Invalid_Login_Or_Password::[]
2024-03-12 20:19:52 error: [POST] /login >> StatusCode:: 400, Message:: Invalid_Login_Or_Password::[]
2024-03-12 20:19:52 error: [POST] /login >> StatusCode:: 400, Message:: Invalid_Login_Or_Password::[]
2024-03-12 20:19:52 error: [POST] /login >> StatusCode:: 400, Message:: Invalid_Login_Or_Password::[]
2024-03-12 20:19:52 error: [POST] /login >> StatusCode:: 400, Message:: Invalid_Login_Or_Password::[]
2024-03-12 20:19:52 error: [POST] /login >> StatusCode:: 400, Message:: Invalid_Login_Or_Password::[]
2024-03-12 20:19:53 error: [POST] /login >> StatusCode:: 400, Message:: Invalid_Login_Or_Password::[]
2024-03-12 20:19:53 error: [POST] /login >> StatusCode:: 400, Message:: Invalid_Login_Or_Password::[]
2024-03-12 20:19:53 error: [POST] /login >> StatusCode:: 400, Message:: Invalid_Login_Or_Password::[]
2024-03-12 20:19:53 error: [POST] /login >> StatusCode:: 400, Message:: Invalid_Login_Or_Password::[]
2024-03-12 20:19:53 error: [POST] /login >> StatusCode:: 400, Message:: User_Is_Locked_Out::[]
2024-03-12 20:19:53 error: [POST] /login >> StatusCode:: 400, Message:: Invalid_Login_Or_Password::[]
2024-03-12 20:19:53 error: [POST] /login >> StatusCode:: 400, Message:: Invalid_Login_Or_Password::[]
2024-03-12 20:19:53 error: [POST] /login >> StatusCode:: 400, Message:: Invalid_Login_Or_Password::[]
2024-03-12 20:19:53 error: [POST] /login >> StatusCode:: 400, Message:: User_Is_Locked_Out::[]
2024-03-12 20:19:53 error: [POST] /login >> StatusCode:: 400, Message:: User_Is_Not_Active::[]
2024-03-12 20:19:53 error: [POST] /login >> StatusCode:: 400, Message:: User_Is_Not_Active::[]
2024-03-12 20:19:53 error: [POST] /login >> StatusCode:: 400, Message:: Invalid_Login_Or_Password::[]
2024-03-12 20:19:54 error: [POST] /users >> StatusCode:: 400, Message:: Invalid_Password::[]
2024-03-12 20:19:54 error: [POST] /users >> StatusCode:: 400, Message:: Invalid_Email::[]
2024-03-12 20:19:54 error: [POST] /users >> StatusCode:: 400, Message:: Invalid_Phone::[]
2024-03-12 20:19:54 error: [POST] /users >> StatusCode:: 400, Message:: User_Already_Exists::["zytsadtb3@email.com","883391678"]
2024-03-12 20:19:54 error: [POST] /users >> StatusCode:: 400, Message:: User_Already_Exists::["DPELFGLA7@EMAIL.COM","881951968"]
2024-03-12 20:19:54 error: [POST] /users >> StatusCode:: 403, Message:: User_Not_Authenticated::[]
2024-03-12 20:19:54 error: [POST] /users >> StatusCode:: 403, Message:: User_Not_Authenticated::[]
2024-03-12 20:19:54 error: [POST] /users >> StatusCode:: 401, Message:: Wrong_Authentication_Token::[]
2024-03-12 20:19:54 error: [POST] /users >> StatusCode:: 401, Message:: Wrong_Authentication_Token::[]
2024-03-12 20:38:20 error: [GET] /users/00000000-0000-0000-0000-000000000000 >> StatusCode:: 403, Message:: User_Not_Authenticated::[]
2024-03-12 20:38:20 error: [GET] /users/1f03d931-885a-4f3e-a090-67cc27d65912 >> StatusCode:: 403, Message:: User_Not_Authenticated::[]
2024-03-12 20:38:20 error: [GET] /users/00000000-0000-0000-0000-000000000000 >> StatusCode:: 400, Message:: User_Does_Not_Exist::["00000000-0000-0000-0000-000000000000"]
2024-03-12 20:38:20 error: [GET] /users/00000000-0000-0000-0000-000000000000 >> StatusCode:: 401, Message:: Wrong_Authentication_Token::[]
2024-03-12 20:38:21 error: [POST] /login >> StatusCode:: 400, Message:: Invalid_Login_Or_Password::[]
2024-03-12 20:38:21 error: [POST] /login >> StatusCode:: 400, Message:: Invalid_Login_Or_Password::[]
2024-03-12 20:38:21 error: [POST] /login >> StatusCode:: 400, Message:: Invalid_Login_Or_Password::[]
2024-03-12 20:38:21 error: [POST] /login >> StatusCode:: 400, Message:: Invalid_Login_Or_Password::[]
2024-03-12 20:38:21 error: [POST] /login >> StatusCode:: 400, Message:: Invalid_Login_Or_Password::[]
2024-03-12 20:38:21 error: [POST] /login >> StatusCode:: 400, Message:: Invalid_Login_Or_Password::[]
2024-03-12 20:38:21 error: [POST] /login >> StatusCode:: 400, Message:: Invalid_Login_Or_Password::[]
2024-03-12 20:38:21 error: [POST] /login >> StatusCode:: 400, Message:: Invalid_Login_Or_Password::[]
2024-03-12 20:38:21 error: [POST] /login >> StatusCode:: 400, Message:: Invalid_Login_Or_Password::[]
2024-03-12 20:38:21 error: [POST] /login >> StatusCode:: 400, Message:: Invalid_Login_Or_Password::[]
2024-03-12 20:38:21 error: [POST] /login >> StatusCode:: 400, Message:: Invalid_Login_Or_Password::[]
2024-03-12 20:38:22 error: [POST] /login >> StatusCode:: 400, Message:: Invalid_Login_Or_Password::[]
2024-03-12 20:38:22 error: [POST] /login >> StatusCode:: 400, Message:: Invalid_Login_Or_Password::[]
2024-03-12 20:38:22 error: [POST] /login >> StatusCode:: 400, Message:: Invalid_Login_Or_Password::[]
2024-03-12 20:38:22 error: [POST] /login >> StatusCode:: 400, Message:: Invalid_Login_Or_Password::[]
2024-03-12 20:38:22 error: [POST] /login >> StatusCode:: 400, Message:: Invalid_Login_Or_Password::[]
2024-03-12 20:38:22 error: [POST] /login >> StatusCode:: 400, Message:: User_Is_Locked_Out::[]
2024-03-12 20:38:22 error: [POST] /login >> StatusCode:: 400, Message:: Invalid_Login_Or_Password::[]
2024-03-12 20:38:22 error: [POST] /login >> StatusCode:: 400, Message:: Invalid_Login_Or_Password::[]
2024-03-12 20:38:22 error: [POST] /login >> StatusCode:: 400, Message:: Invalid_Login_Or_Password::[]
2024-03-12 20:38:22 error: [POST] /login >> StatusCode:: 400, Message:: User_Is_Locked_Out::[]
2024-03-12 20:38:22 error: [POST] /login >> StatusCode:: 400, Message:: User_Is_Not_Active::[]
2024-03-12 20:38:22 error: [POST] /login >> StatusCode:: 400, Message:: User_Is_Not_Active::[]
2024-03-12 20:38:22 error: [POST] /login >> StatusCode:: 400, Message:: Invalid_Login_Or_Password::[]
2024-03-12 20:38:23 error: [POST] /users >> StatusCode:: 400, Message:: Invalid_Password::[]
2024-03-12 20:38:24 error: [POST] /users >> StatusCode:: 400, Message:: Invalid_Email::[]
2024-03-12 20:38:24 error: [POST] /users >> StatusCode:: 400, Message:: Invalid_Phone::[]
2024-03-12 20:38:24 error: [POST] /users >> StatusCode:: 400, Message:: User_Already_Exists::["hzondzeg0@email.com","886548740"]
2024-03-12 20:38:24 error: [POST] /users >> StatusCode:: 400, Message:: User_Already_Exists::["WRGBRFLM0@EMAIL.COM","885040583"]
2024-03-12 20:38:24 error: [POST] /users >> StatusCode:: 403, Message:: User_Not_Authenticated::[]
2024-03-12 20:38:24 error: [POST] /users >> StatusCode:: 403, Message:: User_Not_Authenticated::[]
2024-03-12 20:38:24 error: [POST] /users >> StatusCode:: 401, Message:: Wrong_Authentication_Token::[]
2024-03-12 20:38:24 error: [POST] /users >> StatusCode:: 401, Message:: Wrong_Authentication_Token::[]
2024-03-12 20:38:25 error: [POST] /users/00000000-0000-0000-0000-000000000000/activate >> StatusCode:: 403, Message:: User_Not_Authenticated::[]
2024-03-12 20:38:25 error: [POST] /users/d7e812fd-27b0-457f-b33f-402ecdabcbd3/activate >> StatusCode:: 403, Message:: User_Not_Authenticated::[]
2024-03-12 20:38:25 error: [POST] /users/00000000-0000-0000-0000-000000000000/activate >> StatusCode:: 400, Message:: User_Does_Not_Exist::["00000000-0000-0000-0000-000000000000"]
2024-03-12 20:38:25 error: [POST] /users/00000000-0000-0000-0000-000000000000/activate >> StatusCode:: 401, Message:: Wrong_Authentication_Token::[]
2024-03-12 20:38:26 error: [POST] /users/00000000-0000-0000-0000-000000000000/deactivate >> StatusCode:: 403, Message:: User_Not_Authenticated::[]
2024-03-12 20:38:26 error: [POST] /users/cf3b09f6-119c-41d0-8585-d97206261e05/deactivate >> StatusCode:: 403, Message:: User_Not_Authenticated::[]
2024-03-12 20:38:26 error: [POST] /users/00000000-0000-0000-0000-000000000000/deactivate >> StatusCode:: 400, Message:: User_Does_Not_Exist::["00000000-0000-0000-0000-000000000000"]
2024-03-12 20:38:26 error: [POST] /users/00000000-0000-0000-0000-000000000000/deactivate >> StatusCode:: 401, Message:: Wrong_Authentication_Token::[]
2024-03-12 20:38:27 error: [DELETE] /users/00000000-0000-0000-0000-000000000000 >> StatusCode:: 403, Message:: User_Not_Authenticated::[]
2024-03-12 20:38:27 error: [DELETE] /users/3a5087e4-6701-43d4-8689-6dd2c727aca8 >> StatusCode:: 403, Message:: User_Not_Authenticated::[]
2024-03-12 20:38:27 error: [DELETE] /users/00000000-0000-0000-0000-000000000000 >> StatusCode:: 400, Message:: User_Does_Not_Exist::["00000000-0000-0000-0000-000000000000"]
2024-03-12 20:38:27 error: [DELETE] /users/00000000-0000-0000-0000-000000000000 >> StatusCode:: 401, Message:: Wrong_Authentication_Token::[]
2024-03-12 20:40:58 error: [GET] /users/00000000-0000-0000-0000-000000000000 >> StatusCode:: 403, Message:: User_Not_Authenticated::[]
2024-03-12 20:40:58 error: [GET] /users/146d1797-a85e-4ac1-b80a-474d58b6a4c2 >> StatusCode:: 403, Message:: User_Not_Authenticated::[]
2024-03-12 20:40:58 error: [GET] /users/00000000-0000-0000-0000-000000000000 >> StatusCode:: 400, Message:: User_Does_Not_Exist::["00000000-0000-0000-0000-000000000000"]
2024-03-12 20:40:58 error: [GET] /users/00000000-0000-0000-0000-000000000000 >> StatusCode:: 401, Message:: Wrong_Authentication_Token::[]
2024-03-12 20:40:59 error: [POST] /login >> StatusCode:: 400, Message:: Invalid_Login_Or_Password::[]
2024-03-12 20:40:59 error: [POST] /login >> StatusCode:: 400, Message:: Invalid_Login_Or_Password::[]
2024-03-12 20:40:59 error: [POST] /login >> StatusCode:: 400, Message:: Invalid_Login_Or_Password::[]
2024-03-12 20:40:59 error: [POST] /login >> StatusCode:: 400, Message:: Invalid_Login_Or_Password::[]
2024-03-12 20:40:59 error: [POST] /login >> StatusCode:: 400, Message:: Invalid_Login_Or_Password::[]
2024-03-12 20:40:59 error: [POST] /login >> StatusCode:: 400, Message:: Invalid_Login_Or_Password::[]
2024-03-12 20:40:59 error: [POST] /login >> StatusCode:: 400, Message:: Invalid_Login_Or_Password::[]
2024-03-12 20:40:59 error: [POST] /login >> StatusCode:: 400, Message:: Invalid_Login_Or_Password::[]
2024-03-12 20:40:59 error: [POST] /login >> StatusCode:: 400, Message:: Invalid_Login_Or_Password::[]
2024-03-12 20:40:59 error: [POST] /login >> StatusCode:: 400, Message:: Invalid_Login_Or_Password::[]
2024-03-12 20:40:59 error: [POST] /login >> StatusCode:: 400, Message:: Invalid_Login_Or_Password::[]
2024-03-12 20:41:00 error: [POST] /login >> StatusCode:: 400, Message:: Invalid_Login_Or_Password::[]
2024-03-12 20:41:00 error: [POST] /login >> StatusCode:: 400, Message:: Invalid_Login_Or_Password::[]
2024-03-12 20:41:00 error: [POST] /login >> StatusCode:: 400, Message:: Invalid_Login_Or_Password::[]
2024-03-12 20:41:00 error: [POST] /login >> StatusCode:: 400, Message:: Invalid_Login_Or_Password::[]
2024-03-12 20:41:00 error: [POST] /login >> StatusCode:: 400, Message:: Invalid_Login_Or_Password::[]
2024-03-12 20:41:00 error: [POST] /login >> StatusCode:: 400, Message:: User_Is_Locked_Out::[]
2024-03-12 20:41:00 error: [POST] /login >> StatusCode:: 400, Message:: Invalid_Login_Or_Password::[]
2024-03-12 20:41:00 error: [POST] /login >> StatusCode:: 400, Message:: Invalid_Login_Or_Password::[]
2024-03-12 20:41:00 error: [POST] /login >> StatusCode:: 400, Message:: Invalid_Login_Or_Password::[]
2024-03-12 20:41:00 error: [POST] /login >> StatusCode:: 400, Message:: User_Is_Locked_Out::[]
2024-03-12 20:41:00 error: [POST] /login >> StatusCode:: 400, Message:: User_Is_Not_Active::[]
2024-03-12 20:41:00 error: [POST] /login >> StatusCode:: 400, Message:: User_Is_Not_Active::[]
2024-03-12 20:41:00 error: [POST] /login >> StatusCode:: 400, Message:: Invalid_Login_Or_Password::[]
2024-03-12 20:41:01 error: [POST] /users >> StatusCode:: 400, Message:: Invalid_Password::[]
2024-03-12 20:41:01 error: [POST] /users >> StatusCode:: 400, Message:: Invalid_Email::[]
2024-03-12 20:41:01 error: [POST] /users >> StatusCode:: 400, Message:: Invalid_Phone::[]
2024-03-12 20:41:01 error: [POST] /users >> StatusCode:: 400, Message:: User_Already_Exists::["bsxwftip3@email.com","880409914"]
2024-03-12 20:41:01 error: [POST] /users >> StatusCode:: 400, Message:: User_Already_Exists::["QAHBOXAN8@EMAIL.COM","885083201"]
2024-03-12 20:41:01 error: [POST] /users >> StatusCode:: 403, Message:: User_Not_Authenticated::[]
2024-03-12 20:41:01 error: [POST] /users >> StatusCode:: 403, Message:: User_Not_Authenticated::[]
2024-03-12 20:41:01 error: [POST] /users >> StatusCode:: 401, Message:: Wrong_Authentication_Token::[]
2024-03-12 20:41:02 error: [POST] /users >> StatusCode:: 401, Message:: Wrong_Authentication_Token::[]
2024-03-12 20:41:02 error: [POST] /users/00000000-0000-0000-0000-000000000000/activate >> StatusCode:: 403, Message:: User_Not_Authenticated::[]
2024-03-12 20:41:02 error: [POST] /users/791c32e6-cd43-49d7-87a1-a12a6f95f7f0/activate >> StatusCode:: 403, Message:: User_Not_Authenticated::[]
2024-03-12 20:41:03 error: [POST] /users/00000000-0000-0000-0000-000000000000/activate >> StatusCode:: 400, Message:: User_Does_Not_Exist::["00000000-0000-0000-0000-000000000000"]
2024-03-12 20:41:03 error: [POST] /users/00000000-0000-0000-0000-000000000000/activate >> StatusCode:: 401, Message:: Wrong_Authentication_Token::[]
2024-03-12 20:41:04 error: [POST] /users/00000000-0000-0000-0000-000000000000/deactivate >> StatusCode:: 403, Message:: User_Not_Authenticated::[]
2024-03-12 20:41:04 error: [POST] /users/be7f82e2-7493-41a8-9716-1b1fb75fee48/deactivate >> StatusCode:: 403, Message:: User_Not_Authenticated::[]
2024-03-12 20:41:04 error: [POST] /users/00000000-0000-0000-0000-000000000000/deactivate >> StatusCode:: 400, Message:: User_Does_Not_Exist::["00000000-0000-0000-0000-000000000000"]
2024-03-12 20:41:04 error: [POST] /users/00000000-0000-0000-0000-000000000000/deactivate >> StatusCode:: 401, Message:: Wrong_Authentication_Token::[]
2024-03-12 20:41:04 error: [DELETE] /users/00000000-0000-0000-0000-000000000000 >> StatusCode:: 403, Message:: User_Not_Authenticated::[]
2024-03-12 20:41:05 error: [DELETE] /users/43e4eebd-77b9-4af6-8eb1-9b2df2f2cef2 >> StatusCode:: 403, Message:: User_Not_Authenticated::[]
2024-03-12 20:41:05 error: [DELETE] /users/00000000-0000-0000-0000-000000000000 >> StatusCode:: 400, Message:: User_Does_Not_Exist::["00000000-0000-0000-0000-000000000000"]
2024-03-12 20:41:05 error: [DELETE] /users/00000000-0000-0000-0000-000000000000 >> StatusCode:: 401, Message:: Wrong_Authentication_Token::[]
2024-03-12 20:47:48 error: [POST] /login >> StatusCode:: 400, Message:: Invalid_Login_Or_Password, Invalid_Login_Or_Password::[]
