2024-04-09 22:33:30 error: [POST] /users >> StatusCode:: 400, Message:: Invalid_Password::[]
2024-04-09 22:33:30 error: [POST] /login >> StatusCode:: 400, Message:: Invalid_Login_Or_Password::[]
2024-04-09 22:33:30 error: [GET] /users/00000000-0000-0000-0000-000000000000 >> StatusCode:: 403, Message:: User_Not_Authorized::[]
2024-04-09 22:33:30 error: [POST] /users >> StatusCode:: 400, Message:: Invalid_Email::[]
2024-04-09 22:33:30 error: [POST] /users >> StatusCode:: 400, Message:: Invalid_Phone::[]
2024-04-09 22:33:30 error: [POST] /users >> StatusCode:: 400, Message:: User_Already_Exists::["yldjkatc5@email.com","889503732"]
2024-04-09 22:33:30 error: [POST] /permissions/00000000-0000-0000-0000-000000000000/100 >> StatusCode:: 401, Message:: Wrong_Authentication_Token::[]
2024-04-09 22:33:30 error: [DELETE] /permissions/00000000-0000-0000-0000-000000000000/100 >> StatusCode:: 401, Message:: Wrong_Authentication_Token::[]
2024-04-09 22:33:30 error: [POST] /permissions/00000000-0000-0000-0000-000000000000/100 >> StatusCode:: 403, Message:: User_Not_Authorized::[]
2024-04-09 22:33:30 error: [GET] /users/5cfa9c41-dd0b-4690-8b0f-d90e662a36cf >> StatusCode:: 403, Message:: User_Not_Authorized::[]
2024-04-09 22:33:30 error: [DELETE] /permissions/00000000-0000-0000-0000-000000000000/100 >> StatusCode:: 403, Message:: User_Not_Authorized::[]
2024-04-09 22:33:30 error: [POST] /users >> StatusCode:: 400, Message:: User_Already_Exists::["KOLRRPJW9@EMAIL.COM","888627060"]
2024-04-09 22:33:30 error: [POST] /login >> StatusCode:: 400, Message:: Invalid_Login_Or_Password::[]
2024-04-09 22:33:30 error: [GET] /users/00000000-0000-0000-0000-000000000000 >> StatusCode:: 400, Message:: User_Does_Not_Exist::["00000000-0000-0000-0000-000000000000"]
2024-04-09 22:33:30 error: [POST] /permissions/4caa26ca-482b-4d3d-a5e8-dcf5a0fcb03c/100 >> StatusCode:: 403, Message:: User_Not_Authorized::[]
2024-04-09 22:33:30 error: [POST] /users >> StatusCode:: 403, Message:: User_Not_Authorized::[]
2024-04-09 22:33:30 error: [POST] /users/00000000-0000-0000-0000-000000000000/activate >> StatusCode:: 403, Message:: User_Not_Authorized::[]
2024-04-09 22:33:30 error: [POST] /login >> StatusCode:: 400, Message:: Invalid_Login_Or_Password::[]
2024-04-09 22:33:30 error: [DELETE] /permissions/e4caa949-0b0b-4baa-8f99-ca67a7b721c9/100 >> StatusCode:: 403, Message:: User_Not_Authorized::[]
2024-04-09 22:33:30 error: [POST] /users/00000000-0000-0000-0000-000000000000/deactivate >> StatusCode:: 403, Message:: User_Not_Authorized::[]
2024-04-09 22:33:30 error: [GET] /users/00000000-0000-0000-0000-000000000000 >> StatusCode:: 401, Message:: Wrong_Authentication_Token::[]
2024-04-09 22:33:30 error: [POST] /login >> StatusCode:: 400, Message:: Invalid_Login_Or_Password::[]
2024-04-09 22:33:30 error: [POST] /login >> StatusCode:: 400, Message:: Invalid_Login_Or_Password::[]
2024-04-09 22:33:30 error: [DELETE] /users/00000000-0000-0000-0000-000000000000 >> StatusCode:: 403, Message:: User_Not_Authorized::[]
2024-04-09 22:33:31 error: [POST] /login >> StatusCode:: 400, Message:: Invalid_Login_Or_Password::[]
2024-04-09 22:33:31 error: [POST] /login >> StatusCode:: 400, Message:: Invalid_Login_Or_Password::[]
2024-04-09 22:33:31 error: [POST] /login >> StatusCode:: 400, Message:: Invalid_Login_Or_Password::[]
2024-04-09 22:33:31 error: [POST] /users >> StatusCode:: 403, Message:: User_Not_Authorized::[]
2024-04-09 22:33:31 error: [POST] /login >> StatusCode:: 400, Message:: Invalid_Login_Or_Password::[]
2024-04-09 22:33:31 error: [POST] /users/6ab11aad-fffb-4044-8a38-a2b03002b781/activate >> StatusCode:: 403, Message:: User_Not_Authorized::[]
2024-04-09 22:33:31 error: [POST] /users/7b9a5c74-2258-46b1-b6c3-864cd70d6771/deactivate >> StatusCode:: 403, Message:: User_Not_Authorized::[]
2024-04-09 22:33:31 error: [POST] /login >> StatusCode:: 400, Message:: Invalid_Login_Or_Password::[]
2024-04-09 22:33:31 error: [POST] /users >> StatusCode:: 401, Message:: Wrong_Authentication_Token::[]
2024-04-09 22:33:31 error: [POST] /login >> StatusCode:: 400, Message:: Invalid_Login_Or_Password::[]
2024-04-09 22:33:31 error: [DELETE] /users/f0e57d0c-171e-4191-a3a2-00e60d7e8bba >> StatusCode:: 403, Message:: User_Not_Authorized::[]
2024-04-09 22:33:31 error: [POST] /users/00000000-0000-0000-0000-000000000000/activate >> StatusCode:: 400, Message:: User_Does_Not_Exist::["00000000-0000-0000-0000-000000000000"]
2024-04-09 22:33:31 error: [POST] /users/00000000-0000-0000-0000-000000000000/deactivate >> StatusCode:: 400, Message:: User_Does_Not_Exist::["00000000-0000-0000-0000-000000000000"]
2024-04-09 22:33:31 error: [DELETE] /users/00000000-0000-0000-0000-000000000000 >> StatusCode:: 400, Message:: User_Does_Not_Exist::["00000000-0000-0000-0000-000000000000"]
2024-04-09 22:33:31 error: [POST] /users/00000000-0000-0000-0000-000000000000/activate >> StatusCode:: 401, Message:: Wrong_Authentication_Token::[]
2024-04-09 22:33:31 error: [POST] /permissions/095a311c-e2d6-40db-88ae-dc2218beed6f/200 >> StatusCode:: 403, Message:: User_Not_Authorized::[]
2024-04-09 22:33:31 error: [POST] /users/00000000-0000-0000-0000-000000000000/deactivate >> StatusCode:: 401, Message:: Wrong_Authentication_Token::[]
2024-04-09 22:33:31 error: [POST] /login >> StatusCode:: 400, Message:: Invalid_Login_Or_Password::[]
2024-04-09 22:33:31 error: [POST] /users >> StatusCode:: 401, Message:: Wrong_Authentication_Token::[]
2024-04-09 22:33:31 error: [POST] /login >> StatusCode:: 400, Message:: Invalid_Login_Or_Password::[]
2024-04-09 22:33:31 error: [DELETE] /users/802d4fe0-24dd-4c50-a9ef-e2f37ed22aef >> StatusCode:: 400, Message:: Object_Is_Connected_With_Another_And_Can_Not_Be_Deleted::["802d4fe0-24dd-4c50-a9ef-e2f37ed22aef","SystemPermission_AssignedBy"]
2024-04-09 22:33:31 error: [POST] /login >> StatusCode:: 400, Message:: Invalid_Login_Or_Password::[]
2024-04-09 22:33:31 error: [POST] /login >> StatusCode:: 400, Message:: Invalid_Login_Or_Password::[]
2024-04-09 22:33:31 error: [GET] /users/26629073-0d41-4800-97d1-5e110d061a55 >> StatusCode:: 403, Message:: User_Not_Authorized::[]
2024-04-09 22:33:31 error: [POST] /permissions/26629073-0d41-4800-97d1-5e110d061a55/101 >> StatusCode:: 403, Message:: User_Not_Authorized::[]
2024-04-09 22:33:31 error: [POST] /login >> StatusCode:: 400, Message:: Invalid_Login_Or_Password::[]
2024-04-09 22:33:31 error: [POST] /login >> StatusCode:: 400, Message:: User_Is_Locked_Out::[]
2024-04-09 22:33:31 error: [DELETE] /users/00000000-0000-0000-0000-000000000000 >> StatusCode:: 401, Message:: Wrong_Authentication_Token::[]
2024-04-09 22:33:31 error: [POST] /login >> StatusCode:: 400, Message:: Invalid_Login_Or_Password::[]
2024-04-09 22:33:31 error: [POST] /login >> StatusCode:: 400, Message:: Invalid_Login_Or_Password::[]
2024-04-09 22:33:31 error: [POST] /login >> StatusCode:: 400, Message:: Invalid_Login_Or_Password::[]
2024-04-09 22:33:31 error: [POST] /login >> StatusCode:: 400, Message:: User_Is_Locked_Out::[]
2024-04-09 22:33:31 error: [POST] /login >> StatusCode:: 400, Message:: User_Is_Not_Active::[]
2024-04-09 22:33:31 error: [POST] /login >> StatusCode:: 400, Message:: User_Is_Not_Active::[]
2024-04-09 22:33:31 error: [POST] /login >> StatusCode:: 400, Message:: Invalid_Login_Or_Password::[]
2024-04-09 22:35:08 error: [POST] /login >> StatusCode:: 400, Message:: Invalid_Login_Or_Password::[]
2024-04-09 22:35:08 error: [POST] /login >> StatusCode:: 400, Message:: Invalid_Login_Or_Password::[]
2024-04-09 22:35:08 error: [POST] /login >> StatusCode:: 400, Message:: Invalid_Login_Or_Password::[]
2024-04-09 22:35:08 error: [POST] /login >> StatusCode:: 400, Message:: Invalid_Login_Or_Password::[]
2024-04-09 22:35:08 error: [POST] /login >> StatusCode:: 400, Message:: Invalid_Login_Or_Password::[]
2024-04-09 22:35:08 error: [POST] /login >> StatusCode:: 400, Message:: Invalid_Login_Or_Password::[]
2024-04-09 22:35:08 error: [POST] /login >> StatusCode:: 400, Message:: Invalid_Login_Or_Password::[]
2024-04-09 22:35:08 error: [POST] /login >> StatusCode:: 400, Message:: Invalid_Login_Or_Password::[]
2024-04-09 22:35:08 error: [POST] /login >> StatusCode:: 400, Message:: Invalid_Login_Or_Password::[]
2024-04-09 22:35:08 error: [POST] /login >> StatusCode:: 400, Message:: Invalid_Login_Or_Password::[]
2024-04-09 22:35:08 error: [POST] /login >> StatusCode:: 400, Message:: Invalid_Login_Or_Password::[]
2024-04-09 22:35:09 error: [POST] /login >> StatusCode:: 400, Message:: Invalid_Login_Or_Password::[]
2024-04-09 22:35:09 error: [POST] /login >> StatusCode:: 400, Message:: Invalid_Login_Or_Password::[]
2024-04-09 22:35:09 error: [POST] /login >> StatusCode:: 400, Message:: Invalid_Login_Or_Password::[]
2024-04-09 22:35:09 error: [POST] /login >> StatusCode:: 400, Message:: Invalid_Login_Or_Password::[]
2024-04-09 22:35:09 error: [POST] /login >> StatusCode:: 400, Message:: Invalid_Login_Or_Password::[]
2024-04-09 22:35:09 error: [POST] /login >> StatusCode:: 400, Message:: User_Is_Locked_Out::[]
2024-04-09 22:35:09 error: [POST] /login >> StatusCode:: 400, Message:: Invalid_Login_Or_Password::[]
2024-04-09 22:35:09 error: [POST] /login >> StatusCode:: 400, Message:: Invalid_Login_Or_Password::[]
2024-04-09 22:35:09 error: [POST] /login >> StatusCode:: 400, Message:: Invalid_Login_Or_Password::[]
2024-04-09 22:35:09 error: [POST] /login >> StatusCode:: 400, Message:: User_Is_Locked_Out::[]
2024-04-09 22:35:09 error: [POST] /login >> StatusCode:: 400, Message:: User_Is_Not_Active::[]
2024-04-09 22:35:09 error: [POST] /login >> StatusCode:: 400, Message:: User_Is_Not_Active::[]
2024-04-09 22:35:09 error: [POST] /login >> StatusCode:: 400, Message:: Invalid_Login_Or_Password::[]
2024-04-09 22:35:11 error: [DELETE] /users/00000000-0000-0000-0000-000000000000 >> StatusCode:: 403, Message:: User_Not_Authorized::[]
2024-04-09 22:35:11 error: [DELETE] /users/80c7bc26-22ff-4eb5-a854-ed78a70c6fd9 >> StatusCode:: 403, Message:: User_Not_Authorized::[]
2024-04-09 22:35:11 error: [DELETE] /users/00000000-0000-0000-0000-000000000000 >> StatusCode:: 400, Message:: User_Does_Not_Exist::["00000000-0000-0000-0000-000000000000"]
2024-04-09 22:35:11 error: [DELETE] /users/021fb408-1771-48f6-807c-145f29412eaa >> StatusCode:: 400, Message:: Object_Is_Connected_With_Another_And_Can_Not_Be_Deleted::["021fb408-1771-48f6-807c-145f29412eaa","SystemPermission_AssignedBy"]
2024-04-09 22:35:11 error: [DELETE] /users/00000000-0000-0000-0000-000000000000 >> StatusCode:: 401, Message:: Wrong_Authentication_Token::[]
2024-04-09 22:35:12 error: [DELETE] /permissions/00000000-0000-0000-0000-000000000000/100 >> StatusCode:: 401, Message:: Wrong_Authentication_Token::[]
2024-04-09 22:35:12 error: [DELETE] /permissions/00000000-0000-0000-0000-000000000000/100 >> StatusCode:: 403, Message:: User_Not_Authorized::[]
2024-04-09 22:35:12 error: [DELETE] /permissions/e831c86d-2554-4454-8e5d-96422a6741de/100 >> StatusCode:: 403, Message:: User_Not_Authorized::[]
2024-04-09 22:35:13 error: [POST] /permissions/26ba392d-79dd-47f9-adea-ba921b7bc546/200 >> StatusCode:: 403, Message:: User_Not_Authorized::[]
2024-04-09 22:35:13 error: [GET] /users/5e3948e2-119c-40e5-8011-5b6327352b61 >> StatusCode:: 403, Message:: User_Not_Authorized::[]
2024-04-09 22:35:13 error: [POST] /permissions/5e3948e2-119c-40e5-8011-5b6327352b61/101 >> StatusCode:: 403, Message:: User_Not_Authorized::[]
2024-04-09 22:35:14 error: [POST] /permissions/00000000-0000-0000-0000-000000000000/100 >> StatusCode:: 401, Message:: Wrong_Authentication_Token::[]
2024-04-09 22:35:14 error: [POST] /permissions/00000000-0000-0000-0000-000000000000/100 >> StatusCode:: 403, Message:: User_Not_Authorized::[]
2024-04-09 22:35:14 error: [POST] /permissions/6ead57c1-39c7-4093-aaa6-1194a3150a56/100 >> StatusCode:: 403, Message:: User_Not_Authorized::[]
2024-04-09 22:35:15 error: [POST] /users >> StatusCode:: 400, Message:: Invalid_Password::[]
2024-04-09 22:35:15 error: [POST] /users >> StatusCode:: 400, Message:: Invalid_Email::[]
2024-04-09 22:35:15 error: [POST] /users >> StatusCode:: 400, Message:: Invalid_Phone::[]
2024-04-09 22:35:15 error: [POST] /users >> StatusCode:: 400, Message:: User_Already_Exists::["qatozbpv7@email.com","883718012"]
2024-04-09 22:35:15 error: [POST] /users >> StatusCode:: 400, Message:: User_Already_Exists::["EGPZGLJI3@EMAIL.COM","883327478"]
2024-04-09 22:35:15 error: [POST] /users >> StatusCode:: 403, Message:: User_Not_Authorized::[]
2024-04-09 22:35:15 error: [POST] /users >> StatusCode:: 403, Message:: User_Not_Authorized::[]
2024-04-09 22:35:15 error: [POST] /users >> StatusCode:: 401, Message:: Wrong_Authentication_Token::[]
2024-04-09 22:35:15 error: [POST] /users >> StatusCode:: 401, Message:: Wrong_Authentication_Token::[]
2024-04-09 22:35:16 error: [POST] /users/00000000-0000-0000-0000-000000000000/deactivate >> StatusCode:: 403, Message:: User_Not_Authorized::[]
2024-04-09 22:35:16 error: [POST] /users/7e96845f-eb45-450d-a1a8-049ee92624ff/deactivate >> StatusCode:: 403, Message:: User_Not_Authorized::[]
2024-04-09 22:35:16 error: [POST] /users/00000000-0000-0000-0000-000000000000/deactivate >> StatusCode:: 400, Message:: User_Does_Not_Exist::["00000000-0000-0000-0000-000000000000"]
2024-04-09 22:35:16 error: [POST] /users/00000000-0000-0000-0000-000000000000/deactivate >> StatusCode:: 401, Message:: Wrong_Authentication_Token::[]
2024-04-09 22:35:17 error: [POST] /users/00000000-0000-0000-0000-000000000000/activate >> StatusCode:: 403, Message:: User_Not_Authorized::[]
2024-04-09 22:35:17 error: [POST] /users/8bdaea6f-89e6-49b5-9c5c-050d696a2dcc/activate >> StatusCode:: 403, Message:: User_Not_Authorized::[]
2024-04-09 22:35:17 error: [POST] /users/00000000-0000-0000-0000-000000000000/activate >> StatusCode:: 400, Message:: User_Does_Not_Exist::["00000000-0000-0000-0000-000000000000"]
2024-04-09 22:35:17 error: [POST] /users/00000000-0000-0000-0000-000000000000/activate >> StatusCode:: 401, Message:: Wrong_Authentication_Token::[]
2024-04-09 22:35:18 error: [GET] /users/00000000-0000-0000-0000-000000000000 >> StatusCode:: 403, Message:: User_Not_Authorized::[]
2024-04-09 22:35:18 error: [GET] /users/9aea6e44-ada8-4eb2-82af-8e3331c07961 >> StatusCode:: 403, Message:: User_Not_Authorized::[]
2024-04-09 22:35:18 error: [GET] /users/00000000-0000-0000-0000-000000000000 >> StatusCode:: 400, Message:: User_Does_Not_Exist::["00000000-0000-0000-0000-000000000000"]
2024-04-09 22:35:18 error: [GET] /users/00000000-0000-0000-0000-000000000000 >> StatusCode:: 401, Message:: Wrong_Authentication_Token::[]
