2024-04-24 18:42:15 error: [POST] /login >> StatusCode:: 400, Message:: Invalid_Login_Or_Password::[]
2024-04-24 18:42:15 error: [POST] /login >> StatusCode:: 400, Message:: Invalid_Login_Or_Password::[]
2024-04-24 18:42:15 error: [POST] /login >> StatusCode:: 400, Message:: Invalid_Login_Or_Password::[]
2024-04-24 18:42:15 error: [POST] /login >> StatusCode:: 400, Message:: Invalid_Login_Or_Password::[]
2024-04-24 18:42:15 error: [POST] /login >> StatusCode:: 400, Message:: Invalid_Login_Or_Password::[]
2024-04-24 18:42:15 error: [POST] /login >> StatusCode:: 400, Message:: Invalid_Login_Or_Password::[]
2024-04-24 18:42:15 error: [POST] /login >> StatusCode:: 400, Message:: Invalid_Login_Or_Password::[]
2024-04-24 18:42:15 error: [POST] /login >> StatusCode:: 400, Message:: Invalid_Login_Or_Password::[]
2024-04-24 18:42:15 error: [POST] /login >> StatusCode:: 400, Message:: Invalid_Login_Or_Password::[]
2024-04-24 18:42:15 error: [POST] /login >> StatusCode:: 400, Message:: Invalid_Login_Or_Password::[]
2024-04-24 18:42:15 error: [POST] /login >> StatusCode:: 400, Message:: Invalid_Login_Or_Password::[]
2024-04-24 18:42:15 error: [POST] /login >> StatusCode:: 400, Message:: Invalid_Login_Or_Password::[]
2024-04-24 18:42:15 error: [POST] /login >> StatusCode:: 400, Message:: Invalid_Login_Or_Password::[]
2024-04-24 18:42:16 error: [POST] /login >> StatusCode:: 400, Message:: Invalid_Login_Or_Password::[]
2024-04-24 18:42:16 error: [POST] /login >> StatusCode:: 400, Message:: Invalid_Login_Or_Password::[]
2024-04-24 18:42:16 error: [POST] /login >> StatusCode:: 400, Message:: Invalid_Login_Or_Password::[]
2024-04-24 18:42:16 error: [POST] /login >> StatusCode:: 400, Message:: User_Is_Locked_Out::[]
2024-04-24 18:42:16 error: [POST] /login >> StatusCode:: 400, Message:: Invalid_Login_Or_Password::[]
2024-04-24 18:42:16 error: [POST] /login >> StatusCode:: 400, Message:: Invalid_Login_Or_Password::[]
2024-04-24 18:42:16 error: [POST] /login >> StatusCode:: 400, Message:: Invalid_Login_Or_Password::[]
2024-04-24 18:42:16 error: [POST] /login >> StatusCode:: 400, Message:: User_Is_Locked_Out::[]
2024-04-24 18:42:16 error: [POST] /login >> StatusCode:: 400, Message:: User_Is_Not_Active::[]
2024-04-24 18:42:16 error: [POST] /login >> StatusCode:: 400, Message:: User_Is_Not_Active::[]
2024-04-24 18:42:16 error: [POST] /login >> StatusCode:: 400, Message:: Invalid_Login_Or_Password::[]
2024-04-24 18:42:17 error: [DELETE] /users/00000000-0000-0000-0000-000000000000 >> StatusCode:: 403, Message:: User_Not_Authorized::[]
2024-04-24 18:42:17 error: [DELETE] /users/8afeeaf2-c6d0-4ee0-87d7-c8257621a533 >> StatusCode:: 403, Message:: User_Not_Authorized::[]
2024-04-24 18:42:17 error: [DELETE] /users/00000000-0000-0000-0000-000000000000 >> StatusCode:: 400, Message:: User_Does_Not_Exist::["00000000-0000-0000-0000-000000000000"]
2024-04-24 18:42:18 error: [DELETE] /users/469137e1-a3ee-45bf-b44a-8d25b4155847 >> StatusCode:: 400, Message:: Object_Is_Connected_With_Another_And_Can_Not_Be_Deleted::["469137e1-a3ee-45bf-b44a-8d25b4155847","SystemPermission_AssignedBy"]
2024-04-24 18:42:18 error: [DELETE] /users/00000000-0000-0000-0000-000000000000 >> StatusCode:: 401, Message:: Wrong_Authentication_Token::[]
2024-04-24 18:42:19 error: [DELETE] /permissions/00000000-0000-0000-0000-000000000000/100 >> StatusCode:: 401, Message:: Wrong_Authentication_Token::[]
2024-04-24 18:42:19 error: [DELETE] /permissions/00000000-0000-0000-0000-000000000000/100 >> StatusCode:: 403, Message:: User_Not_Authorized::[]
2024-04-24 18:42:19 error: [DELETE] /permissions/d90065d2-2a96-41c1-a2f3-d22f75ead664/100 >> StatusCode:: 403, Message:: User_Not_Authorized::[]
2024-04-24 18:42:19 error: [POST] /permissions/3d3be608-33fe-4b4d-afd4-6c1f26d34c22/200 >> StatusCode:: 403, Message:: User_Not_Authorized::[]
2024-04-24 18:42:19 error: [GET] /users/cd92f642-8948-4a40-980f-3932e919a0b9 >> StatusCode:: 403, Message:: User_Not_Authorized::[]
2024-04-24 18:42:19 error: [POST] /permissions/cd92f642-8948-4a40-980f-3932e919a0b9/101 >> StatusCode:: 403, Message:: User_Not_Authorized::[]
2024-04-24 18:42:20 error: [POST] /permissions/00000000-0000-0000-0000-000000000000/100 >> StatusCode:: 401, Message:: Wrong_Authentication_Token::[]
2024-04-24 18:42:20 error: [POST] /permissions/00000000-0000-0000-0000-000000000000/100 >> StatusCode:: 403, Message:: User_Not_Authorized::[]
2024-04-24 18:42:20 error: [POST] /permissions/f21e600f-7c38-4a02-bda8-52dba451ba48/100 >> StatusCode:: 403, Message:: User_Not_Authorized::[]
2024-04-24 18:42:22 error: [POST] /users >> StatusCode:: 400, Message:: Invalid_Password::[]
2024-04-24 18:42:22 error: [POST] /users >> StatusCode:: 400, Message:: Invalid_Email::[]
2024-04-24 18:42:22 error: [POST] /users >> StatusCode:: 400, Message:: Invalid_Phone::[]
2024-04-24 18:42:22 error: [POST] /users >> StatusCode:: 400, Message:: User_Already_Exists::["ifygrmvz1@email.com","888474970"]
2024-04-24 18:42:22 error: [POST] /users >> StatusCode:: 400, Message:: User_Already_Exists::["AHSPAYYE7@EMAIL.COM","882857625"]
2024-04-24 18:42:22 error: [POST] /users >> StatusCode:: 403, Message:: User_Not_Authorized::[]
2024-04-24 18:42:22 error: [POST] /users >> StatusCode:: 403, Message:: User_Not_Authorized::[]
2024-04-24 18:42:22 error: [POST] /users >> StatusCode:: 401, Message:: Wrong_Authentication_Token::[]
2024-04-24 18:42:22 error: [POST] /users >> StatusCode:: 401, Message:: Wrong_Authentication_Token::[]
2024-04-24 18:42:23 error: [POST] /users/00000000-0000-0000-0000-000000000000/activate >> StatusCode:: 403, Message:: User_Not_Authorized::[]
2024-04-24 18:42:23 error: [POST] /users/82bb991e-bc59-404c-93c2-1cb003512228/activate >> StatusCode:: 403, Message:: User_Not_Authorized::[]
2024-04-24 18:42:23 error: [POST] /users/00000000-0000-0000-0000-000000000000/activate >> StatusCode:: 400, Message:: User_Does_Not_Exist::["00000000-0000-0000-0000-000000000000"]
2024-04-24 18:42:23 error: [POST] /users/00000000-0000-0000-0000-000000000000/activate >> StatusCode:: 401, Message:: Wrong_Authentication_Token::[]
2024-04-24 18:42:24 error: [POST] /users/00000000-0000-0000-0000-000000000000/deactivate >> StatusCode:: 403, Message:: User_Not_Authorized::[]
2024-04-24 18:42:24 error: [POST] /users/7dfde17a-718d-4b0e-bbb3-c5d1174ed056/deactivate >> StatusCode:: 403, Message:: User_Not_Authorized::[]
2024-04-24 18:42:25 error: [POST] /users/00000000-0000-0000-0000-000000000000/deactivate >> StatusCode:: 400, Message:: User_Does_Not_Exist::["00000000-0000-0000-0000-000000000000"]
2024-04-24 18:42:25 error: [POST] /users/00000000-0000-0000-0000-000000000000/deactivate >> StatusCode:: 401, Message:: Wrong_Authentication_Token::[]
2024-04-24 18:42:25 error: [GET] /users/00000000-0000-0000-0000-000000000000 >> StatusCode:: 403, Message:: User_Not_Authorized::[]
2024-04-24 18:42:25 error: [GET] /users/f48dfaf5-1678-41ec-b912-76e00f83c3b8 >> StatusCode:: 403, Message:: User_Not_Authorized::[]
2024-04-24 18:42:26 error: [GET] /users/00000000-0000-0000-0000-000000000000 >> StatusCode:: 400, Message:: User_Does_Not_Exist::["00000000-0000-0000-0000-000000000000"]
2024-04-24 18:42:26 error: [GET] /users/00000000-0000-0000-0000-000000000000 >> StatusCode:: 401, Message:: Wrong_Authentication_Token::[]
