2024-04-23 19:59:06 error: [POST] /users >> StatusCode:: 400, Message:: Invalid_Password::[]
2024-04-23 19:59:06 error: [POST] /login >> StatusCode:: 400, Message:: Invalid_Login_Or_Password::[]
2024-04-23 19:59:06 error: [GET] /users/00000000-0000-0000-0000-000000000000 >> StatusCode:: 403, Message:: User_Not_Authorized::[]
2024-04-23 19:59:06 error: [POST] /users >> StatusCode:: 400, Message:: Invalid_Email::[]
2024-04-23 19:59:06 error: [POST] /users >> StatusCode:: 400, Message:: Invalid_Phone::[]
2024-04-23 19:59:06 error: [POST] /permissions/00000000-0000-0000-0000-000000000000/100 >> StatusCode:: 401, Message:: Wrong_Authentication_Token::[]
2024-04-23 19:59:06 error: [POST] /users >> StatusCode:: 400, Message:: User_Already_Exists::["qbfryigd6@email.com","886527918"]
2024-04-23 19:59:06 error: [DELETE] /permissions/00000000-0000-0000-0000-000000000000/100 >> StatusCode:: 401, Message:: Wrong_Authentication_Token::[]
2024-04-23 19:59:06 error: [POST] /permissions/00000000-0000-0000-0000-000000000000/100 >> StatusCode:: 403, Message:: User_Not_Authorized::[]
2024-04-23 19:59:06 error: [GET] /users/064e62b9-5011-44a6-9052-7dc934766cd4 >> StatusCode:: 403, Message:: User_Not_Authorized::[]
2024-04-23 19:59:06 error: [DELETE] /permissions/00000000-0000-0000-0000-000000000000/100 >> StatusCode:: 403, Message:: User_Not_Authorized::[]
2024-04-23 19:59:06 error: [POST] /login >> StatusCode:: 400, Message:: Invalid_Login_Or_Password::[]
2024-04-23 19:59:06 error: [POST] /users >> StatusCode:: 400, Message:: User_Already_Exists::["VXUKYMWA5@EMAIL.COM","884955427"]
2024-04-23 19:59:06 error: [GET] /users/00000000-0000-0000-0000-000000000000 >> StatusCode:: 400, Message:: User_Does_Not_Exist::["00000000-0000-0000-0000-000000000000"]
2024-04-23 19:59:06 error: [POST] /permissions/0ed32ef4-52d1-4d8c-be34-85c6c27ea366/100 >> StatusCode:: 403, Message:: User_Not_Authorized::[]
2024-04-23 19:59:06 error: [POST] /users/00000000-0000-0000-0000-000000000000/deactivate >> StatusCode:: 403, Message:: User_Not_Authorized::[]
2024-04-23 19:59:07 error: [POST] /login >> StatusCode:: 400, Message:: Invalid_Login_Or_Password::[]
2024-04-23 19:59:07 error: [POST] /users/00000000-0000-0000-0000-000000000000/activate >> StatusCode:: 403, Message:: User_Not_Authorized::[]
2024-04-23 19:59:07 error: [POST] /login >> StatusCode:: 400, Message:: Invalid_Login_Or_Password::[]
2024-04-23 19:59:07 error: [POST] /users >> StatusCode:: 403, Message:: User_Not_Authorized::[]
2024-04-23 19:59:07 error: [POST] /login >> StatusCode:: 400, Message:: Invalid_Login_Or_Password::[]
2024-04-23 19:59:07 error: [GET] /users/00000000-0000-0000-0000-000000000000 >> StatusCode:: 401, Message:: Wrong_Authentication_Token::[]
2024-04-23 19:59:07 error: [DELETE] /permissions/b8baa433-9b5d-44fc-bc22-b12db8cc521f/100 >> StatusCode:: 403, Message:: User_Not_Authorized::[]
2024-04-23 19:59:07 error: [POST] /login >> StatusCode:: 400, Message:: Invalid_Login_Or_Password::[]
2024-04-23 19:59:07 error: [POST] /login >> StatusCode:: 400, Message:: Invalid_Login_Or_Password::[]
2024-04-23 19:59:07 error: [POST] /login >> StatusCode:: 400, Message:: Invalid_Login_Or_Password::[]
2024-04-23 19:59:07 error: [POST] /login >> StatusCode:: 400, Message:: Invalid_Login_Or_Password::[]
2024-04-23 19:59:07 error: [POST] /users/d7ab1dfd-3423-40bb-9e7d-9cbea31c3dce/deactivate >> StatusCode:: 403, Message:: User_Not_Authorized::[]
2024-04-23 19:59:07 error: [DELETE] /users/00000000-0000-0000-0000-000000000000 >> StatusCode:: 403, Message:: User_Not_Authorized::[]
2024-04-23 19:59:07 error: [POST] /users/fb822fb6-191b-4dff-afd7-3f1c4ed74de1/activate >> StatusCode:: 403, Message:: User_Not_Authorized::[]
2024-04-23 19:59:07 error: [POST] /users >> StatusCode:: 403, Message:: User_Not_Authorized::[]
2024-04-23 19:59:07 error: [POST] /login >> StatusCode:: 400, Message:: Invalid_Login_Or_Password::[]
2024-04-23 19:59:07 error: [POST] /login >> StatusCode:: 400, Message:: Invalid_Login_Or_Password::[]
2024-04-23 19:59:07 error: [POST] /users/00000000-0000-0000-0000-000000000000/deactivate >> StatusCode:: 400, Message:: User_Does_Not_Exist::["00000000-0000-0000-0000-000000000000"]
2024-04-23 19:59:07 error: [POST] /users/00000000-0000-0000-0000-000000000000/activate >> StatusCode:: 400, Message:: User_Does_Not_Exist::["00000000-0000-0000-0000-000000000000"]
2024-04-23 19:59:07 error: [POST] /users >> StatusCode:: 401, Message:: Wrong_Authentication_Token::[]
2024-04-23 19:59:07 error: [DELETE] /users/a2316d1b-04cf-4fbf-aa62-067ff79e9c94 >> StatusCode:: 403, Message:: User_Not_Authorized::[]
2024-04-23 19:59:07 error: [POST] /users/00000000-0000-0000-0000-000000000000/deactivate >> StatusCode:: 401, Message:: Wrong_Authentication_Token::[]
2024-04-23 19:59:07 error: [POST] /login >> StatusCode:: 400, Message:: Invalid_Login_Or_Password::[]
2024-04-23 19:59:07 error: [POST] /users/00000000-0000-0000-0000-000000000000/activate >> StatusCode:: 401, Message:: Wrong_Authentication_Token::[]
2024-04-23 19:59:07 error: [DELETE] /users/00000000-0000-0000-0000-000000000000 >> StatusCode:: 400, Message:: User_Does_Not_Exist::["00000000-0000-0000-0000-000000000000"]
2024-04-23 19:59:07 error: [POST] /permissions/875193a3-1a7b-47fe-a7cc-e0506fb3282e/200 >> StatusCode:: 403, Message:: User_Not_Authorized::[]
2024-04-23 19:59:07 error: [POST] /users >> StatusCode:: 401, Message:: Wrong_Authentication_Token::[]
2024-04-23 19:59:07 error: [POST] /login >> StatusCode:: 400, Message:: Invalid_Login_Or_Password::[]
2024-04-23 19:59:07 error: [POST] /login >> StatusCode:: 400, Message:: Invalid_Login_Or_Password::[]
2024-04-23 19:59:07 error: [DELETE] /users/7404dd0b-fa45-49fa-b997-43a82c0aa011 >> StatusCode:: 400, Message:: Object_Is_Connected_With_Another_And_Can_Not_Be_Deleted::["7404dd0b-fa45-49fa-b997-43a82c0aa011","SystemPermission_AssignedBy"]
2024-04-23 19:59:07 error: [POST] /login >> StatusCode:: 400, Message:: Invalid_Login_Or_Password::[]
2024-04-23 19:59:07 error: [POST] /login >> StatusCode:: 400, Message:: Invalid_Login_Or_Password::[]
2024-04-23 19:59:07 error: [POST] /login >> StatusCode:: 400, Message:: User_Is_Locked_Out::[]
2024-04-23 19:59:07 error: [GET] /users/1a82faf3-a840-4985-9566-b1c4f44253db >> StatusCode:: 403, Message:: User_Not_Authorized::[]
2024-04-23 19:59:07 error: [POST] /permissions/1a82faf3-a840-4985-9566-b1c4f44253db/101 >> StatusCode:: 403, Message:: User_Not_Authorized::[]
2024-04-23 19:59:07 error: [POST] /login >> StatusCode:: 400, Message:: Invalid_Login_Or_Password::[]
2024-04-23 19:59:07 error: [DELETE] /users/00000000-0000-0000-0000-000000000000 >> StatusCode:: 401, Message:: Wrong_Authentication_Token::[]
2024-04-23 19:59:07 error: [POST] /login >> StatusCode:: 400, Message:: Invalid_Login_Or_Password::[]
2024-04-23 19:59:07 error: [POST] /login >> StatusCode:: 400, Message:: Invalid_Login_Or_Password::[]
2024-04-23 19:59:07 error: [POST] /login >> StatusCode:: 400, Message:: User_Is_Locked_Out::[]
2024-04-23 19:59:07 error: [POST] /login >> StatusCode:: 400, Message:: User_Is_Not_Active::[]
2024-04-23 19:59:07 error: [POST] /login >> StatusCode:: 400, Message:: User_Is_Not_Active::[]
2024-04-23 19:59:07 error: [POST] /login >> StatusCode:: 400, Message:: Invalid_Login_Or_Password::[]
