2024-06-17 20:01:12 error: [POST] /login >> StatusCode:: 400, Message:: Invalid_Login_Or_Password::[]
2024-06-17 20:01:12 error: [POST] /login >> StatusCode:: 400, Message:: Invalid_Login_Or_Password::[]
2024-06-17 20:01:12 error: [POST] /login >> StatusCode:: 400, Message:: Invalid_Login_Or_Password::[]
2024-06-17 20:01:12 error: [POST] /login >> StatusCode:: 400, Message:: Invalid_Login_Or_Password::[]
2024-06-17 20:01:12 error: [POST] /login >> StatusCode:: 400, Message:: Invalid_Login_Or_Password::[]
2024-06-17 20:01:12 error: [POST] /login >> StatusCode:: 400, Message:: Invalid_Login_Or_Password::[]
2024-06-17 20:01:12 error: [POST] /login >> StatusCode:: 400, Message:: Invalid_Login_Or_Password::[]
2024-06-17 20:01:12 error: [POST] /login >> StatusCode:: 400, Message:: Invalid_Login_Or_Password::[]
2024-06-17 20:01:12 error: [POST] /login >> StatusCode:: 400, Message:: Invalid_Login_Or_Password::[]
2024-06-17 20:01:12 error: [POST] /login >> StatusCode:: 400, Message:: Invalid_Login_Or_Password::[]
2024-06-17 20:01:12 error: [POST] /login >> StatusCode:: 400, Message:: Invalid_Login_Or_Password::[]
2024-06-17 20:01:12 error: [POST] /login >> StatusCode:: 400, Message:: Invalid_Login_Or_Password::[]
2024-06-17 20:01:12 error: [POST] /login >> StatusCode:: 400, Message:: Invalid_Login_Or_Password::[]
2024-06-17 20:01:13 error: [POST] /login >> StatusCode:: 400, Message:: Invalid_Login_Or_Password::[]
2024-06-17 20:01:13 error: [POST] /login >> StatusCode:: 400, Message:: Invalid_Login_Or_Password::[]
2024-06-17 20:01:13 error: [POST] /login >> StatusCode:: 400, Message:: Invalid_Login_Or_Password::[]
2024-06-17 20:01:13 error: [POST] /login >> StatusCode:: 400, Message:: User_Is_Locked_Out::[]
2024-06-17 20:01:13 error: [POST] /login >> StatusCode:: 400, Message:: Invalid_Login_Or_Password::[]
2024-06-17 20:01:13 error: [POST] /login >> StatusCode:: 400, Message:: Invalid_Login_Or_Password::[]
2024-06-17 20:01:13 error: [POST] /login >> StatusCode:: 400, Message:: Invalid_Login_Or_Password::[]
2024-06-17 20:01:13 error: [POST] /login >> StatusCode:: 400, Message:: User_Is_Locked_Out::[]
2024-06-17 20:01:13 error: [POST] /login >> StatusCode:: 400, Message:: User_Is_Not_Active::[]
2024-06-17 20:01:13 error: [POST] /login >> StatusCode:: 400, Message:: User_Is_Not_Active::[]
2024-06-17 20:01:13 error: [POST] /login >> StatusCode:: 400, Message:: Invalid_Login_Or_Password::[]
2024-06-17 20:01:14 error: [DELETE] /permissions/00000000-0000-0000-0000-000000000000/100 >> StatusCode:: 401, Message:: Wrong_Authentication_Token::[]
2024-06-17 20:01:14 error: [DELETE] /permissions/00000000-0000-0000-0000-000000000000/100 >> StatusCode:: 403, Message:: User_Not_Authorized::[]
2024-06-17 20:01:14 error: [DELETE] /permissions/ae3e6e12-2794-4d49-9df4-9e7426ceb202/100 >> StatusCode:: 403, Message:: User_Not_Authorized::[]
2024-06-17 20:01:15 error: [POST] /permissions/71d9a22d-dbdf-4407-b2a1-2bb85e659621/200 >> StatusCode:: 403, Message:: User_Not_Authorized::[]
2024-06-17 20:01:15 error: [GET] /users/2fcffe36-9c5c-4dad-be95-17870eecc6ba >> StatusCode:: 403, Message:: User_Not_Authorized::[]
2024-06-17 20:01:15 error: [POST] /permissions/2fcffe36-9c5c-4dad-be95-17870eecc6ba/101 >> StatusCode:: 403, Message:: User_Not_Authorized::[]
2024-06-17 20:01:16 error: [DELETE] /users/00000000-0000-0000-0000-000000000000 >> StatusCode:: 403, Message:: User_Not_Authorized::[]
2024-06-17 20:01:16 error: [DELETE] /users/4dceb15a-7fe8-4b37-a56c-8fd712f8c256 >> StatusCode:: 403, Message:: User_Not_Authorized::[]
2024-06-17 20:01:16 error: [DELETE] /users/00000000-0000-0000-0000-000000000000 >> StatusCode:: 400, Message:: User_Does_Not_Exist::["00000000-0000-0000-0000-000000000000"]
2024-06-17 20:01:16 error: [DELETE] /users/74276a86-cef5-43d0-868b-5d9992d5613e >> StatusCode:: 400, Message:: Object_Is_Connected_With_Another_And_Can_Not_Be_Deleted::["74276a86-cef5-43d0-868b-5d9992d5613e","SystemPermission_AssignedBy"]
2024-06-17 20:01:16 error: [DELETE] /users/00000000-0000-0000-0000-000000000000 >> StatusCode:: 401, Message:: Wrong_Authentication_Token::[]
2024-06-17 20:01:22 error: [POST] /permissions/00000000-0000-0000-0000-000000000000/100 >> StatusCode:: 401, Message:: Wrong_Authentication_Token::[]
2024-06-17 20:01:22 error: [POST] /permissions/00000000-0000-0000-0000-000000000000/100 >> StatusCode:: 403, Message:: User_Not_Authorized::[]
2024-06-17 20:01:23 error: [POST] /permissions/20b03045-d299-429a-b523-b89f9e8adc80/100 >> StatusCode:: 403, Message:: User_Not_Authorized::[]
2024-06-17 20:01:24 error: [POST] /users/00000000-0000-0000-0000-000000000000/deactivate >> StatusCode:: 403, Message:: User_Not_Authorized::[]
2024-06-17 20:01:24 error: [POST] /users/e66e6049-f114-43e1-90eb-4a9ca95302c4/deactivate >> StatusCode:: 403, Message:: User_Not_Authorized::[]
2024-06-17 20:01:24 error: [POST] /users/00000000-0000-0000-0000-000000000000/deactivate >> StatusCode:: 400, Message:: User_Does_Not_Exist::["00000000-0000-0000-0000-000000000000"]
2024-06-17 20:01:24 error: [POST] /users/00000000-0000-0000-0000-000000000000/deactivate >> StatusCode:: 401, Message:: Wrong_Authentication_Token::[]
2024-06-17 20:01:25 error: [POST] /users/00000000-0000-0000-0000-000000000000/activate >> StatusCode:: 403, Message:: User_Not_Authorized::[]
2024-06-17 20:01:25 error: [POST] /users/c41b6ec3-f7c6-4aad-b11b-9823c1594439/activate >> StatusCode:: 403, Message:: User_Not_Authorized::[]
2024-06-17 20:01:25 error: [POST] /users/00000000-0000-0000-0000-000000000000/activate >> StatusCode:: 400, Message:: User_Does_Not_Exist::["00000000-0000-0000-0000-000000000000"]
2024-06-17 20:01:26 error: [POST] /users/00000000-0000-0000-0000-000000000000/activate >> StatusCode:: 401, Message:: Wrong_Authentication_Token::[]
2024-06-17 20:01:26 error: [POST] /users >> StatusCode:: 400, Message:: Invalid_Password::[]
2024-06-17 20:01:26 error: [POST] /users >> StatusCode:: 400, Message:: Invalid_Email::[]
2024-06-17 20:01:26 error: [POST] /users >> StatusCode:: 400, Message:: Invalid_Phone::[]
2024-06-17 20:01:26 error: [POST] /users >> StatusCode:: 400, Message:: User_Already_Exists::["xlieynqy8@email.com","884079087"]
2024-06-17 20:01:26 error: [POST] /users >> StatusCode:: 400, Message:: User_Already_Exists::["YCOMGLOR7@EMAIL.COM","882753055"]
2024-06-17 20:01:26 error: [POST] /users >> StatusCode:: 403, Message:: User_Not_Authorized::[]
2024-06-17 20:01:26 error: [POST] /users >> StatusCode:: 403, Message:: User_Not_Authorized::[]
2024-06-17 20:01:27 error: [POST] /users >> StatusCode:: 401, Message:: Wrong_Authentication_Token::[]
2024-06-17 20:01:27 error: [POST] /users >> StatusCode:: 401, Message:: Wrong_Authentication_Token::[]
2024-06-17 20:01:27 error: [GET] /users/00000000-0000-0000-0000-000000000000 >> StatusCode:: 403, Message:: User_Not_Authorized::[]
2024-06-17 20:01:27 error: [GET] /users/61086c04-7b27-434a-821d-f7d96f66f521 >> StatusCode:: 403, Message:: User_Not_Authorized::[]
2024-06-17 20:01:27 error: [GET] /users/00000000-0000-0000-0000-000000000000 >> StatusCode:: 400, Message:: User_Does_Not_Exist::["00000000-0000-0000-0000-000000000000"]
2024-06-17 20:01:28 error: [GET] /users/00000000-0000-0000-0000-000000000000 >> StatusCode:: 401, Message:: Wrong_Authentication_Token::[]
2024-06-17 20:03:02 error: [POST] /login >> StatusCode:: 400, Message:: Invalid_Login_Or_Password::[]
2024-06-17 20:03:02 error: [POST] /login >> StatusCode:: 400, Message:: Invalid_Login_Or_Password::[]
2024-06-17 20:03:02 error: [POST] /login >> StatusCode:: 400, Message:: Invalid_Login_Or_Password::[]
2024-06-17 20:03:02 error: [POST] /login >> StatusCode:: 400, Message:: Invalid_Login_Or_Password::[]
2024-06-17 20:03:02 error: [POST] /login >> StatusCode:: 400, Message:: Invalid_Login_Or_Password::[]
2024-06-17 20:03:02 error: [POST] /login >> StatusCode:: 400, Message:: Invalid_Login_Or_Password::[]
2024-06-17 20:03:02 error: [POST] /login >> StatusCode:: 400, Message:: Invalid_Login_Or_Password::[]
2024-06-17 20:03:02 error: [POST] /login >> StatusCode:: 400, Message:: Invalid_Login_Or_Password::[]
2024-06-17 20:03:02 error: [POST] /login >> StatusCode:: 400, Message:: Invalid_Login_Or_Password::[]
2024-06-17 20:03:02 error: [POST] /login >> StatusCode:: 400, Message:: Invalid_Login_Or_Password::[]
2024-06-17 20:03:02 error: [POST] /login >> StatusCode:: 400, Message:: Invalid_Login_Or_Password::[]
2024-06-17 20:03:02 error: [POST] /login >> StatusCode:: 400, Message:: Invalid_Login_Or_Password::[]
2024-06-17 20:03:02 error: [POST] /login >> StatusCode:: 400, Message:: Invalid_Login_Or_Password::[]
2024-06-17 20:03:02 error: [POST] /login >> StatusCode:: 400, Message:: Invalid_Login_Or_Password::[]
2024-06-17 20:03:02 error: [POST] /login >> StatusCode:: 400, Message:: Invalid_Login_Or_Password::[]
2024-06-17 20:03:02 error: [POST] /login >> StatusCode:: 400, Message:: Invalid_Login_Or_Password::[]
2024-06-17 20:03:02 error: [POST] /login >> StatusCode:: 400, Message:: User_Is_Locked_Out::[]
2024-06-17 20:03:02 error: [POST] /login >> StatusCode:: 400, Message:: Invalid_Login_Or_Password::[]
2024-06-17 20:03:02 error: [POST] /login >> StatusCode:: 400, Message:: Invalid_Login_Or_Password::[]
2024-06-17 20:03:03 error: [POST] /login >> StatusCode:: 400, Message:: Invalid_Login_Or_Password::[]
2024-06-17 20:03:03 error: [POST] /login >> StatusCode:: 400, Message:: User_Is_Locked_Out::[]
2024-06-17 20:03:03 error: [POST] /login >> StatusCode:: 400, Message:: User_Is_Not_Active::[]
2024-06-17 20:03:03 error: [POST] /login >> StatusCode:: 400, Message:: User_Is_Not_Active::[]
2024-06-17 20:03:03 error: [POST] /login >> StatusCode:: 400, Message:: Invalid_Login_Or_Password::[]
2024-06-17 20:03:04 error: [POST] /permissions/00000000-0000-0000-0000-000000000000/100 >> StatusCode:: 401, Message:: Wrong_Authentication_Token::[]
2024-06-17 20:03:04 error: [POST] /permissions/00000000-0000-0000-0000-000000000000/100 >> StatusCode:: 403, Message:: User_Not_Authorized::[]
2024-06-17 20:03:04 error: [POST] /permissions/cd1a923e-614b-45e4-b3cb-4bb532948739/100 >> StatusCode:: 403, Message:: User_Not_Authorized::[]
2024-06-17 20:03:05 error: [DELETE] /permissions/00000000-0000-0000-0000-000000000000/100 >> StatusCode:: 401, Message:: Wrong_Authentication_Token::[]
2024-06-17 20:03:05 error: [DELETE] /permissions/00000000-0000-0000-0000-000000000000/100 >> StatusCode:: 403, Message:: User_Not_Authorized::[]
2024-06-17 20:03:06 error: [DELETE] /permissions/3bdf955e-52a9-4d09-bc78-d199a03f420a/100 >> StatusCode:: 403, Message:: User_Not_Authorized::[]
2024-06-17 20:03:06 error: [POST] /permissions/d805a4fa-769a-4b1e-8e24-7ca54043b541/200 >> StatusCode:: 403, Message:: User_Not_Authorized::[]
2024-06-17 20:03:06 error: [GET] /users/a1bce633-1c14-4e54-a72f-be31d878ae87 >> StatusCode:: 403, Message:: User_Not_Authorized::[]
2024-06-17 20:03:06 error: [POST] /permissions/a1bce633-1c14-4e54-a72f-be31d878ae87/101 >> StatusCode:: 403, Message:: User_Not_Authorized::[]
2024-06-17 20:03:07 error: [DELETE] /users/00000000-0000-0000-0000-000000000000 >> StatusCode:: 403, Message:: User_Not_Authorized::[]
2024-06-17 20:03:07 error: [DELETE] /users/06865083-2d16-4ee4-983b-a0e629fe363c >> StatusCode:: 403, Message:: User_Not_Authorized::[]
2024-06-17 20:03:07 error: [DELETE] /users/00000000-0000-0000-0000-000000000000 >> StatusCode:: 400, Message:: User_Does_Not_Exist::["00000000-0000-0000-0000-000000000000"]
2024-06-17 20:03:07 error: [DELETE] /users/7dd7c109-25f8-4708-ab7a-3b410715bb1e >> StatusCode:: 400, Message:: Object_Is_Connected_With_Another_And_Can_Not_Be_Deleted::["7dd7c109-25f8-4708-ab7a-3b410715bb1e","SystemPermission_AssignedBy"]
2024-06-17 20:03:08 error: [DELETE] /users/00000000-0000-0000-0000-000000000000 >> StatusCode:: 401, Message:: Wrong_Authentication_Token::[]
2024-06-17 20:03:09 error: [POST] /users/00000000-0000-0000-0000-000000000000/activate >> StatusCode:: 403, Message:: User_Not_Authorized::[]
2024-06-17 20:03:09 error: [POST] /users/afae6e49-308f-4ff6-87f6-5e2efd71f3b0/activate >> StatusCode:: 403, Message:: User_Not_Authorized::[]
2024-06-17 20:03:09 error: [POST] /users/00000000-0000-0000-0000-000000000000/activate >> StatusCode:: 400, Message:: User_Does_Not_Exist::["00000000-0000-0000-0000-000000000000"]
2024-06-17 20:03:09 error: [POST] /users/00000000-0000-0000-0000-000000000000/activate >> StatusCode:: 401, Message:: Wrong_Authentication_Token::[]
2024-06-17 20:03:10 error: [POST] /users >> StatusCode:: 400, Message:: Invalid_Password::[]
2024-06-17 20:03:10 error: [POST] /users >> StatusCode:: 400, Message:: Invalid_Email::[]
2024-06-17 20:03:10 error: [POST] /users >> StatusCode:: 400, Message:: Invalid_Phone::[]
2024-06-17 20:03:10 error: [POST] /users >> StatusCode:: 400, Message:: User_Already_Exists::["uwqzhwzm4@email.com","880521442"]
2024-06-17 20:03:10 error: [POST] /users >> StatusCode:: 400, Message:: User_Already_Exists::["NJRMWECY7@EMAIL.COM","888789355"]
2024-06-17 20:03:10 error: [POST] /users >> StatusCode:: 403, Message:: User_Not_Authorized::[]
2024-06-17 20:03:10 error: [POST] /users >> StatusCode:: 403, Message:: User_Not_Authorized::[]
2024-06-17 20:03:10 error: [POST] /users >> StatusCode:: 401, Message:: Wrong_Authentication_Token::[]
2024-06-17 20:03:10 error: [POST] /users >> StatusCode:: 401, Message:: Wrong_Authentication_Token::[]
2024-06-17 20:03:11 error: [POST] /users/00000000-0000-0000-0000-000000000000/deactivate >> StatusCode:: 403, Message:: User_Not_Authorized::[]
2024-06-17 20:03:11 error: [POST] /users/8fd14e56-4979-40b8-8343-70aa880de163/deactivate >> StatusCode:: 403, Message:: User_Not_Authorized::[]
2024-06-17 20:03:11 error: [POST] /users/00000000-0000-0000-0000-000000000000/deactivate >> StatusCode:: 400, Message:: User_Does_Not_Exist::["00000000-0000-0000-0000-000000000000"]
2024-06-17 20:03:11 error: [POST] /users/00000000-0000-0000-0000-000000000000/deactivate >> StatusCode:: 401, Message:: Wrong_Authentication_Token::[]
2024-06-17 20:03:12 error: [GET] /users/00000000-0000-0000-0000-000000000000 >> StatusCode:: 403, Message:: User_Not_Authorized::[]
2024-06-17 20:03:12 error: [GET] /users/2df2b6d3-827b-4537-9d3b-a8de1a4f6970 >> StatusCode:: 403, Message:: User_Not_Authorized::[]
2024-06-17 20:03:12 error: [GET] /users/00000000-0000-0000-0000-000000000000 >> StatusCode:: 400, Message:: User_Does_Not_Exist::["00000000-0000-0000-0000-000000000000"]
2024-06-17 20:03:12 error: [GET] /users/00000000-0000-0000-0000-000000000000 >> StatusCode:: 401, Message:: Wrong_Authentication_Token::[]
2024-06-17 20:03:18 error: [POST] /login >> StatusCode:: 400, Message:: Invalid_Login_Or_Password::[]
2024-06-17 20:03:18 error: [POST] /login >> StatusCode:: 400, Message:: Invalid_Login_Or_Password::[]
2024-06-17 20:03:18 error: [POST] /login >> StatusCode:: 400, Message:: Invalid_Login_Or_Password::[]
2024-06-17 20:03:18 error: [POST] /login >> StatusCode:: 400, Message:: Invalid_Login_Or_Password::[]
2024-06-17 20:03:18 error: [POST] /login >> StatusCode:: 400, Message:: Invalid_Login_Or_Password::[]
2024-06-17 20:03:18 error: [POST] /login >> StatusCode:: 400, Message:: Invalid_Login_Or_Password::[]
2024-06-17 20:03:18 error: [POST] /login >> StatusCode:: 400, Message:: Invalid_Login_Or_Password::[]
2024-06-17 20:03:18 error: [POST] /login >> StatusCode:: 400, Message:: Invalid_Login_Or_Password::[]
2024-06-17 20:03:18 error: [POST] /login >> StatusCode:: 400, Message:: Invalid_Login_Or_Password::[]
2024-06-17 20:03:18 error: [POST] /login >> StatusCode:: 400, Message:: Invalid_Login_Or_Password::[]
2024-06-17 20:03:18 error: [POST] /login >> StatusCode:: 400, Message:: Invalid_Login_Or_Password::[]
2024-06-17 20:03:18 error: [POST] /login >> StatusCode:: 400, Message:: Invalid_Login_Or_Password::[]
2024-06-17 20:03:18 error: [POST] /login >> StatusCode:: 400, Message:: Invalid_Login_Or_Password::[]
2024-06-17 20:03:18 error: [POST] /login >> StatusCode:: 400, Message:: Invalid_Login_Or_Password::[]
2024-06-17 20:03:18 error: [POST] /login >> StatusCode:: 400, Message:: Invalid_Login_Or_Password::[]
2024-06-17 20:03:18 error: [POST] /login >> StatusCode:: 400, Message:: Invalid_Login_Or_Password::[]
2024-06-17 20:03:18 error: [POST] /login >> StatusCode:: 400, Message:: User_Is_Locked_Out::[]
2024-06-17 20:03:19 error: [POST] /login >> StatusCode:: 400, Message:: Invalid_Login_Or_Password::[]
2024-06-17 20:03:19 error: [POST] /login >> StatusCode:: 400, Message:: Invalid_Login_Or_Password::[]
2024-06-17 20:03:19 error: [POST] /login >> StatusCode:: 400, Message:: Invalid_Login_Or_Password::[]
2024-06-17 20:03:19 error: [POST] /login >> StatusCode:: 400, Message:: User_Is_Locked_Out::[]
2024-06-17 20:03:19 error: [POST] /login >> StatusCode:: 400, Message:: User_Is_Not_Active::[]
2024-06-17 20:03:19 error: [POST] /login >> StatusCode:: 400, Message:: User_Is_Not_Active::[]
2024-06-17 20:03:19 error: [POST] /login >> StatusCode:: 400, Message:: Invalid_Login_Or_Password::[]
2024-06-17 20:03:20 error: [POST] /permissions/00000000-0000-0000-0000-000000000000/100 >> StatusCode:: 401, Message:: Wrong_Authentication_Token::[]
2024-06-17 20:03:20 error: [POST] /permissions/00000000-0000-0000-0000-000000000000/100 >> StatusCode:: 403, Message:: User_Not_Authorized::[]
2024-06-17 20:03:20 error: [POST] /permissions/19ad9d5d-cad4-47f0-a5a7-b91da9782349/100 >> StatusCode:: 403, Message:: User_Not_Authorized::[]
2024-06-17 20:03:21 error: [DELETE] /users/00000000-0000-0000-0000-000000000000 >> StatusCode:: 403, Message:: User_Not_Authorized::[]
2024-06-17 20:03:21 error: [DELETE] /users/c3b3b18e-88a5-44b4-ad03-80dab7e440af >> StatusCode:: 403, Message:: User_Not_Authorized::[]
2024-06-17 20:03:21 error: [DELETE] /users/00000000-0000-0000-0000-000000000000 >> StatusCode:: 400, Message:: User_Does_Not_Exist::["00000000-0000-0000-0000-000000000000"]
2024-06-17 20:03:21 error: [DELETE] /users/a3c8ea4f-92fc-4d4b-b741-19141b70622a >> StatusCode:: 400, Message:: Object_Is_Connected_With_Another_And_Can_Not_Be_Deleted::["a3c8ea4f-92fc-4d4b-b741-19141b70622a","SystemPermission_AssignedBy"]
2024-06-17 20:03:21 error: [DELETE] /users/00000000-0000-0000-0000-000000000000 >> StatusCode:: 401, Message:: Wrong_Authentication_Token::[]
2024-06-17 20:03:22 error: [DELETE] /permissions/00000000-0000-0000-0000-000000000000/100 >> StatusCode:: 401, Message:: Wrong_Authentication_Token::[]
2024-06-17 20:03:22 error: [DELETE] /permissions/00000000-0000-0000-0000-000000000000/100 >> StatusCode:: 403, Message:: User_Not_Authorized::[]
2024-06-17 20:03:22 error: [DELETE] /permissions/d14f37d9-834a-4548-ab1f-954ff765bbfe/100 >> StatusCode:: 403, Message:: User_Not_Authorized::[]
2024-06-17 20:03:23 error: [POST] /permissions/aa7188a4-d630-4baa-a09f-dfc81634f94c/200 >> StatusCode:: 403, Message:: User_Not_Authorized::[]
2024-06-17 20:03:23 error: [GET] /users/22f75fe7-949e-4f62-a9c0-e1a91dce976b >> StatusCode:: 403, Message:: User_Not_Authorized::[]
2024-06-17 20:03:23 error: [POST] /permissions/22f75fe7-949e-4f62-a9c0-e1a91dce976b/101 >> StatusCode:: 403, Message:: User_Not_Authorized::[]
2024-06-17 20:03:24 error: [POST] /users >> StatusCode:: 400, Message:: Invalid_Password::[]
2024-06-17 20:03:24 error: [POST] /users >> StatusCode:: 400, Message:: Invalid_Email::[]
2024-06-17 20:03:24 error: [POST] /users >> StatusCode:: 400, Message:: Invalid_Phone::[]
2024-06-17 20:03:24 error: [POST] /users >> StatusCode:: 400, Message:: User_Already_Exists::["esbwzlrr4@email.com","883583268"]
2024-06-17 20:03:24 error: [POST] /users >> StatusCode:: 400, Message:: User_Already_Exists::["QDXXDEAB8@EMAIL.COM","883804491"]
2024-06-17 20:03:24 error: [POST] /users >> StatusCode:: 403, Message:: User_Not_Authorized::[]
2024-06-17 20:03:24 error: [POST] /users >> StatusCode:: 403, Message:: User_Not_Authorized::[]
2024-06-17 20:03:24 error: [POST] /users >> StatusCode:: 401, Message:: Wrong_Authentication_Token::[]
2024-06-17 20:03:24 error: [POST] /users >> StatusCode:: 401, Message:: Wrong_Authentication_Token::[]
2024-06-17 20:03:25 error: [POST] /users/00000000-0000-0000-0000-000000000000/activate >> StatusCode:: 403, Message:: User_Not_Authorized::[]
2024-06-17 20:03:25 error: [POST] /users/79dde7f4-7435-4e34-8783-7ea9019e549b/activate >> StatusCode:: 403, Message:: User_Not_Authorized::[]
2024-06-17 20:03:25 error: [POST] /users/00000000-0000-0000-0000-000000000000/activate >> StatusCode:: 400, Message:: User_Does_Not_Exist::["00000000-0000-0000-0000-000000000000"]
2024-06-17 20:03:25 error: [POST] /users/00000000-0000-0000-0000-000000000000/activate >> StatusCode:: 401, Message:: Wrong_Authentication_Token::[]
2024-06-17 20:03:26 error: [POST] /users/00000000-0000-0000-0000-000000000000/deactivate >> StatusCode:: 403, Message:: User_Not_Authorized::[]
2024-06-17 20:03:26 error: [POST] /users/3416c1a0-94c1-426c-906a-ce99353097bb/deactivate >> StatusCode:: 403, Message:: User_Not_Authorized::[]
2024-06-17 20:03:26 error: [POST] /users/00000000-0000-0000-0000-000000000000/deactivate >> StatusCode:: 400, Message:: User_Does_Not_Exist::["00000000-0000-0000-0000-000000000000"]
2024-06-17 20:03:26 error: [POST] /users/00000000-0000-0000-0000-000000000000/deactivate >> StatusCode:: 401, Message:: Wrong_Authentication_Token::[]
2024-06-17 20:03:27 error: [GET] /users/00000000-0000-0000-0000-000000000000 >> StatusCode:: 403, Message:: User_Not_Authorized::[]
2024-06-17 20:03:27 error: [GET] /users/4ded6e25-6adb-4210-ae48-f79ef1863c32 >> StatusCode:: 403, Message:: User_Not_Authorized::[]
2024-06-17 20:03:27 error: [GET] /users/00000000-0000-0000-0000-000000000000 >> StatusCode:: 400, Message:: User_Does_Not_Exist::["00000000-0000-0000-0000-000000000000"]
2024-06-17 20:03:27 error: [GET] /users/00000000-0000-0000-0000-000000000000 >> StatusCode:: 401, Message:: Wrong_Authentication_Token::[]
2024-06-17 20:03:44 error: [POST] /login >> StatusCode:: 400, Message:: Invalid_Login_Or_Password::[]
2024-06-17 20:03:44 error: [POST] /login >> StatusCode:: 400, Message:: Invalid_Login_Or_Password::[]
2024-06-17 20:03:44 error: [POST] /login >> StatusCode:: 400, Message:: Invalid_Login_Or_Password::[]
2024-06-17 20:03:44 error: [POST] /login >> StatusCode:: 400, Message:: Invalid_Login_Or_Password::[]
2024-06-17 20:03:44 error: [POST] /login >> StatusCode:: 400, Message:: Invalid_Login_Or_Password::[]
2024-06-17 20:03:44 error: [POST] /login >> StatusCode:: 400, Message:: Invalid_Login_Or_Password::[]
2024-06-17 20:03:44 error: [POST] /login >> StatusCode:: 400, Message:: Invalid_Login_Or_Password::[]
2024-06-17 20:03:44 error: [POST] /login >> StatusCode:: 400, Message:: Invalid_Login_Or_Password::[]
2024-06-17 20:03:44 error: [POST] /login >> StatusCode:: 400, Message:: Invalid_Login_Or_Password::[]
2024-06-17 20:03:44 error: [POST] /login >> StatusCode:: 400, Message:: Invalid_Login_Or_Password::[]
2024-06-17 20:03:44 error: [POST] /login >> StatusCode:: 400, Message:: Invalid_Login_Or_Password::[]
2024-06-17 20:03:44 error: [POST] /login >> StatusCode:: 400, Message:: Invalid_Login_Or_Password::[]
2024-06-17 20:03:45 error: [POST] /login >> StatusCode:: 400, Message:: Invalid_Login_Or_Password::[]
2024-06-17 20:03:45 error: [POST] /login >> StatusCode:: 400, Message:: Invalid_Login_Or_Password::[]
2024-06-17 20:03:45 error: [POST] /login >> StatusCode:: 400, Message:: Invalid_Login_Or_Password::[]
2024-06-17 20:03:45 error: [POST] /login >> StatusCode:: 400, Message:: Invalid_Login_Or_Password::[]
2024-06-17 20:03:45 error: [POST] /login >> StatusCode:: 400, Message:: User_Is_Locked_Out::[]
2024-06-17 20:03:45 error: [POST] /login >> StatusCode:: 400, Message:: Invalid_Login_Or_Password::[]
2024-06-17 20:03:45 error: [POST] /login >> StatusCode:: 400, Message:: Invalid_Login_Or_Password::[]
2024-06-17 20:03:45 error: [POST] /login >> StatusCode:: 400, Message:: Invalid_Login_Or_Password::[]
2024-06-17 20:03:45 error: [POST] /login >> StatusCode:: 400, Message:: User_Is_Locked_Out::[]
2024-06-17 20:03:45 error: [POST] /login >> StatusCode:: 400, Message:: User_Is_Not_Active::[]
2024-06-17 20:03:45 error: [POST] /login >> StatusCode:: 400, Message:: User_Is_Not_Active::[]
2024-06-17 20:03:45 error: [POST] /login >> StatusCode:: 400, Message:: Invalid_Login_Or_Password::[]
2024-06-17 20:03:46 error: [DELETE] /permissions/00000000-0000-0000-0000-000000000000/100 >> StatusCode:: 401, Message:: Wrong_Authentication_Token::[]
2024-06-17 20:03:46 error: [DELETE] /permissions/00000000-0000-0000-0000-000000000000/100 >> StatusCode:: 403, Message:: User_Not_Authorized::[]
2024-06-17 20:03:46 error: [DELETE] /permissions/36b9dd8d-4482-45a6-8dfe-7c4634f15ca4/100 >> StatusCode:: 403, Message:: User_Not_Authorized::[]
2024-06-17 20:03:46 error: [POST] /permissions/e52e5d5c-6d64-4b4b-b75d-c93a906d277c/200 >> StatusCode:: 403, Message:: User_Not_Authorized::[]
2024-06-17 20:03:47 error: [GET] /users/8bee38f7-0883-4f05-9854-499c1606fb3d >> StatusCode:: 403, Message:: User_Not_Authorized::[]
2024-06-17 20:03:47 error: [POST] /permissions/8bee38f7-0883-4f05-9854-499c1606fb3d/101 >> StatusCode:: 403, Message:: User_Not_Authorized::[]
2024-06-17 20:03:47 error: [DELETE] /users/00000000-0000-0000-0000-000000000000 >> StatusCode:: 403, Message:: User_Not_Authorized::[]
2024-06-17 20:03:47 error: [DELETE] /users/36f47874-2740-4576-99f0-14251dcd721e >> StatusCode:: 403, Message:: User_Not_Authorized::[]
2024-06-17 20:03:48 error: [DELETE] /users/00000000-0000-0000-0000-000000000000 >> StatusCode:: 400, Message:: User_Does_Not_Exist::["00000000-0000-0000-0000-000000000000"]
2024-06-17 20:03:48 error: [DELETE] /users/63af371e-52b0-4558-b062-bbf3de9bac11 >> StatusCode:: 400, Message:: Object_Is_Connected_With_Another_And_Can_Not_Be_Deleted::["63af371e-52b0-4558-b062-bbf3de9bac11","SystemPermission_AssignedBy"]
2024-06-17 20:03:48 error: [DELETE] /users/00000000-0000-0000-0000-000000000000 >> StatusCode:: 401, Message:: Wrong_Authentication_Token::[]
2024-06-17 20:03:49 error: [POST] /permissions/00000000-0000-0000-0000-000000000000/100 >> StatusCode:: 401, Message:: Wrong_Authentication_Token::[]
2024-06-17 20:03:49 error: [POST] /permissions/00000000-0000-0000-0000-000000000000/100 >> StatusCode:: 403, Message:: User_Not_Authorized::[]
2024-06-17 20:03:49 error: [POST] /permissions/d09bdba3-45d1-4c92-afb7-af25117e4273/100 >> StatusCode:: 403, Message:: User_Not_Authorized::[]
2024-06-17 20:03:50 error: [POST] /users >> StatusCode:: 400, Message:: Invalid_Password::[]
2024-06-17 20:03:50 error: [POST] /users >> StatusCode:: 400, Message:: Invalid_Email::[]
2024-06-17 20:03:50 error: [POST] /users >> StatusCode:: 400, Message:: Invalid_Phone::[]
2024-06-17 20:03:50 error: [POST] /users >> StatusCode:: 400, Message:: User_Already_Exists::["mzalwpwg7@email.com","886387100"]
2024-06-17 20:03:50 error: [POST] /users >> StatusCode:: 400, Message:: User_Already_Exists::["YPDLYGKY8@EMAIL.COM","886793182"]
2024-06-17 20:03:50 error: [POST] /users >> StatusCode:: 403, Message:: User_Not_Authorized::[]
2024-06-17 20:03:50 error: [POST] /users >> StatusCode:: 403, Message:: User_Not_Authorized::[]
2024-06-17 20:03:50 error: [POST] /users >> StatusCode:: 401, Message:: Wrong_Authentication_Token::[]
2024-06-17 20:03:50 error: [POST] /users >> StatusCode:: 401, Message:: Wrong_Authentication_Token::[]
2024-06-17 20:03:51 error: [POST] /users/00000000-0000-0000-0000-000000000000/activate >> StatusCode:: 403, Message:: User_Not_Authorized::[]
2024-06-17 20:03:51 error: [POST] /users/8329b97a-0e40-4919-b309-a7b1a66caebb/activate >> StatusCode:: 403, Message:: User_Not_Authorized::[]
2024-06-17 20:03:51 error: [POST] /users/00000000-0000-0000-0000-000000000000/activate >> StatusCode:: 400, Message:: User_Does_Not_Exist::["00000000-0000-0000-0000-000000000000"]
2024-06-17 20:03:51 error: [POST] /users/00000000-0000-0000-0000-000000000000/activate >> StatusCode:: 401, Message:: Wrong_Authentication_Token::[]
2024-06-17 20:03:52 error: [POST] /users/00000000-0000-0000-0000-000000000000/deactivate >> StatusCode:: 403, Message:: User_Not_Authorized::[]
2024-06-17 20:03:52 error: [POST] /users/d5106584-0462-442f-9907-b514d68e8a7f/deactivate >> StatusCode:: 403, Message:: User_Not_Authorized::[]
2024-06-17 20:03:52 error: [POST] /users/00000000-0000-0000-0000-000000000000/deactivate >> StatusCode:: 400, Message:: User_Does_Not_Exist::["00000000-0000-0000-0000-000000000000"]
2024-06-17 20:03:52 error: [POST] /users/00000000-0000-0000-0000-000000000000/deactivate >> StatusCode:: 401, Message:: Wrong_Authentication_Token::[]
2024-06-17 20:03:53 error: [GET] /users/00000000-0000-0000-0000-000000000000 >> StatusCode:: 403, Message:: User_Not_Authorized::[]
2024-06-17 20:03:53 error: [GET] /users/e5fb0671-0f67-46a2-aaa5-0a101801f4cf >> StatusCode:: 403, Message:: User_Not_Authorized::[]
2024-06-17 20:03:53 error: [GET] /users/00000000-0000-0000-0000-000000000000 >> StatusCode:: 400, Message:: User_Does_Not_Exist::["00000000-0000-0000-0000-000000000000"]
2024-06-17 20:03:53 error: [GET] /users/00000000-0000-0000-0000-000000000000 >> StatusCode:: 401, Message:: Wrong_Authentication_Token::[]
2024-06-17 20:04:26 error: [POST] /login >> StatusCode:: 400, Message:: Invalid_Login_Or_Password::[]
2024-06-17 20:04:26 error: [POST] /login >> StatusCode:: 400, Message:: Invalid_Login_Or_Password::[]
2024-06-17 20:04:26 error: [POST] /login >> StatusCode:: 400, Message:: Invalid_Login_Or_Password::[]
2024-06-17 20:04:26 error: [POST] /login >> StatusCode:: 400, Message:: Invalid_Login_Or_Password::[]
2024-06-17 20:04:26 error: [POST] /login >> StatusCode:: 400, Message:: Invalid_Login_Or_Password::[]
2024-06-17 20:04:27 error: [POST] /login >> StatusCode:: 400, Message:: Invalid_Login_Or_Password::[]
2024-06-17 20:04:27 error: [POST] /login >> StatusCode:: 400, Message:: Invalid_Login_Or_Password::[]
2024-06-17 20:04:27 error: [POST] /login >> StatusCode:: 400, Message:: Invalid_Login_Or_Password::[]
2024-06-17 20:04:27 error: [POST] /login >> StatusCode:: 400, Message:: Invalid_Login_Or_Password::[]
2024-06-17 20:04:27 error: [POST] /login >> StatusCode:: 400, Message:: Invalid_Login_Or_Password::[]
2024-06-17 20:04:27 error: [POST] /login >> StatusCode:: 400, Message:: Invalid_Login_Or_Password::[]
2024-06-17 20:04:27 error: [POST] /login >> StatusCode:: 400, Message:: Invalid_Login_Or_Password::[]
2024-06-17 20:04:27 error: [POST] /login >> StatusCode:: 400, Message:: Invalid_Login_Or_Password::[]
2024-06-17 20:04:27 error: [POST] /login >> StatusCode:: 400, Message:: Invalid_Login_Or_Password::[]
2024-06-17 20:04:27 error: [POST] /login >> StatusCode:: 400, Message:: Invalid_Login_Or_Password::[]
2024-06-17 20:04:27 error: [POST] /login >> StatusCode:: 400, Message:: Invalid_Login_Or_Password::[]
2024-06-17 20:04:27 error: [POST] /login >> StatusCode:: 400, Message:: User_Is_Locked_Out::[]
2024-06-17 20:04:27 error: [POST] /login >> StatusCode:: 400, Message:: Invalid_Login_Or_Password::[]
2024-06-17 20:04:27 error: [POST] /login >> StatusCode:: 400, Message:: Invalid_Login_Or_Password::[]
2024-06-17 20:04:27 error: [POST] /login >> StatusCode:: 400, Message:: Invalid_Login_Or_Password::[]
2024-06-17 20:04:27 error: [POST] /login >> StatusCode:: 400, Message:: User_Is_Locked_Out::[]
2024-06-17 20:04:27 error: [POST] /login >> StatusCode:: 400, Message:: User_Is_Not_Active::[]
2024-06-17 20:04:27 error: [POST] /login >> StatusCode:: 400, Message:: User_Is_Not_Active::[]
2024-06-17 20:04:28 error: [POST] /login >> StatusCode:: 400, Message:: Invalid_Login_Or_Password::[]
2024-06-17 20:04:28 error: [DELETE] /permissions/00000000-0000-0000-0000-000000000000/100 >> StatusCode:: 401, Message:: Wrong_Authentication_Token::[]
2024-06-17 20:04:28 error: [DELETE] /permissions/00000000-0000-0000-0000-000000000000/100 >> StatusCode:: 403, Message:: User_Not_Authorized::[]
2024-06-17 20:04:29 error: [DELETE] /permissions/31f59dc6-66bd-47bf-abe2-a2fba4189cf9/100 >> StatusCode:: 403, Message:: User_Not_Authorized::[]
2024-06-17 20:04:29 error: [POST] /permissions/83b5a67e-283f-4ddb-bee8-14894307e12d/200 >> StatusCode:: 403, Message:: User_Not_Authorized::[]
2024-06-17 20:04:29 error: [GET] /users/38ddd932-aa2c-4cd9-9775-38a24b4e7f26 >> StatusCode:: 403, Message:: User_Not_Authorized::[]
2024-06-17 20:04:29 error: [POST] /permissions/38ddd932-aa2c-4cd9-9775-38a24b4e7f26/101 >> StatusCode:: 403, Message:: User_Not_Authorized::[]
2024-06-17 20:04:30 error: [DELETE] /users/00000000-0000-0000-0000-000000000000 >> StatusCode:: 403, Message:: User_Not_Authorized::[]
2024-06-17 20:04:30 error: [DELETE] /users/4f7e959c-6e30-428b-896d-e28860681932 >> StatusCode:: 403, Message:: User_Not_Authorized::[]
2024-06-17 20:04:30 error: [DELETE] /users/00000000-0000-0000-0000-000000000000 >> StatusCode:: 400, Message:: User_Does_Not_Exist::["00000000-0000-0000-0000-000000000000"]
2024-06-17 20:04:30 error: [DELETE] /users/9a4e1165-4a6a-4b4a-8de7-135617727b6a >> StatusCode:: 400, Message:: Object_Is_Connected_With_Another_And_Can_Not_Be_Deleted::["9a4e1165-4a6a-4b4a-8de7-135617727b6a","SystemPermission_AssignedBy"]
2024-06-17 20:04:31 error: [DELETE] /users/00000000-0000-0000-0000-000000000000 >> StatusCode:: 401, Message:: Wrong_Authentication_Token::[]
2024-06-17 20:04:31 error: [POST] /permissions/00000000-0000-0000-0000-000000000000/100 >> StatusCode:: 401, Message:: Wrong_Authentication_Token::[]
2024-06-17 20:04:31 error: [POST] /permissions/00000000-0000-0000-0000-000000000000/100 >> StatusCode:: 403, Message:: User_Not_Authorized::[]
2024-06-17 20:04:31 error: [POST] /permissions/4e1e0284-38ba-457c-8202-699883168312/100 >> StatusCode:: 403, Message:: User_Not_Authorized::[]
2024-06-17 20:04:33 error: [POST] /users >> StatusCode:: 400, Message:: Invalid_Password::[]
2024-06-17 20:04:33 error: [POST] /users >> StatusCode:: 400, Message:: Invalid_Email::[]
2024-06-17 20:04:33 error: [POST] /users >> StatusCode:: 400, Message:: Invalid_Phone::[]
2024-06-17 20:04:33 error: [POST] /users >> StatusCode:: 400, Message:: User_Already_Exists::["hsympres2@email.com","889407977"]
2024-06-17 20:04:33 error: [POST] /users >> StatusCode:: 400, Message:: User_Already_Exists::["WIDIBKXD0@EMAIL.COM","888286773"]
2024-06-17 20:04:33 error: [POST] /users >> StatusCode:: 403, Message:: User_Not_Authorized::[]
2024-06-17 20:04:33 error: [POST] /users >> StatusCode:: 403, Message:: User_Not_Authorized::[]
2024-06-17 20:04:33 error: [POST] /users >> StatusCode:: 401, Message:: Wrong_Authentication_Token::[]
2024-06-17 20:04:33 error: [POST] /users >> StatusCode:: 401, Message:: Wrong_Authentication_Token::[]
2024-06-17 20:04:34 error: [POST] /users/00000000-0000-0000-0000-000000000000/activate >> StatusCode:: 403, Message:: User_Not_Authorized::[]
2024-06-17 20:04:34 error: [POST] /users/a9343ef7-e721-4871-877b-b38656525f40/activate >> StatusCode:: 403, Message:: User_Not_Authorized::[]
2024-06-17 20:04:34 error: [POST] /users/00000000-0000-0000-0000-000000000000/activate >> StatusCode:: 400, Message:: User_Does_Not_Exist::["00000000-0000-0000-0000-000000000000"]
2024-06-17 20:04:34 error: [POST] /users/00000000-0000-0000-0000-000000000000/activate >> StatusCode:: 401, Message:: Wrong_Authentication_Token::[]
2024-06-17 20:04:35 error: [GET] /users/00000000-0000-0000-0000-000000000000 >> StatusCode:: 403, Message:: User_Not_Authorized::[]
2024-06-17 20:04:35 error: [GET] /users/02cd2e80-45cf-44bd-8a92-18e065b90fe4 >> StatusCode:: 403, Message:: User_Not_Authorized::[]
2024-06-17 20:04:35 error: [GET] /users/00000000-0000-0000-0000-000000000000 >> StatusCode:: 400, Message:: User_Does_Not_Exist::["00000000-0000-0000-0000-000000000000"]
2024-06-17 20:04:35 error: [GET] /users/00000000-0000-0000-0000-000000000000 >> StatusCode:: 401, Message:: Wrong_Authentication_Token::[]
2024-06-17 20:04:36 error: [POST] /users/00000000-0000-0000-0000-000000000000/deactivate >> StatusCode:: 403, Message:: User_Not_Authorized::[]
2024-06-17 20:04:36 error: [POST] /users/b3798b23-94cd-4398-963a-742c17d4c601/deactivate >> StatusCode:: 403, Message:: User_Not_Authorized::[]
2024-06-17 20:04:36 error: [POST] /users/00000000-0000-0000-0000-000000000000/deactivate >> StatusCode:: 400, Message:: User_Does_Not_Exist::["00000000-0000-0000-0000-000000000000"]
2024-06-17 20:04:36 error: [POST] /users/00000000-0000-0000-0000-000000000000/deactivate >> StatusCode:: 401, Message:: Wrong_Authentication_Token::[]
