2024-03-20 16:09:40 error: [GET] /users/00000000-0000-0000-0000-000000000000 >> StatusCode:: 403, Message:: User_Not_Authenticated::[]
2024-03-20 16:09:40 error: [GET] /users/3d74a958-7a59-4d12-bf2a-11076a2f7a78 >> StatusCode:: 403, Message:: User_Not_Authenticated::[]
2024-03-20 16:09:40 error: [GET] /users/00000000-0000-0000-0000-000000000000 >> StatusCode:: 400, Message:: User_Does_Not_Exist::["00000000-0000-0000-0000-000000000000"]
2024-03-20 16:09:40 error: [GET] /users/00000000-0000-0000-0000-000000000000 >> StatusCode:: 401, Message:: Wrong_Authentication_Token::[]
2024-03-20 16:09:41 error: [DELETE] /users/00000000-0000-0000-0000-000000000000 >> StatusCode:: 403, Message:: User_Not_Authenticated::[]
2024-03-20 16:09:41 error: [DELETE] /users/2425ef74-c073-4e80-bb82-7e2ff3ab3810 >> StatusCode:: 403, Message:: User_Not_Authenticated::[]
2024-03-20 16:09:41 error: [DELETE] /users/00000000-0000-0000-0000-000000000000 >> StatusCode:: 400, Message:: User_Does_Not_Exist::["00000000-0000-0000-0000-000000000000"]
2024-03-20 16:09:41 error: [DELETE] /users/00000000-0000-0000-0000-000000000000 >> StatusCode:: 401, Message:: Wrong_Authentication_Token::[]
2024-03-20 16:09:42 error: [POST] /users/00000000-0000-0000-0000-000000000000/deactivate >> StatusCode:: 403, Message:: User_Not_Authenticated::[]
2024-03-20 16:09:42 error: [POST] /users/4135000e-eb2f-46b0-bb86-77276d385302/deactivate >> StatusCode:: 403, Message:: User_Not_Authenticated::[]
2024-03-20 16:09:42 error: [POST] /users/00000000-0000-0000-0000-000000000000/deactivate >> StatusCode:: 400, Message:: User_Does_Not_Exist::["00000000-0000-0000-0000-000000000000"]
2024-03-20 16:09:42 error: [POST] /users/00000000-0000-0000-0000-000000000000/deactivate >> StatusCode:: 401, Message:: Wrong_Authentication_Token::[]
2024-03-20 16:09:43 error: [POST] /users/00000000-0000-0000-0000-000000000000/activate >> StatusCode:: 403, Message:: User_Not_Authenticated::[]
2024-03-20 16:09:43 error: [POST] /users/32ec7908-67e4-4615-9949-8c3d692d3d6f/activate >> StatusCode:: 403, Message:: User_Not_Authenticated::[]
2024-03-20 16:09:43 error: [POST] /users/00000000-0000-0000-0000-000000000000/activate >> StatusCode:: 400, Message:: User_Does_Not_Exist::["00000000-0000-0000-0000-000000000000"]
2024-03-20 16:09:43 error: [POST] /users/00000000-0000-0000-0000-000000000000/activate >> StatusCode:: 401, Message:: Wrong_Authentication_Token::[]
2024-03-20 16:09:44 error: [POST] /users >> StatusCode:: 400, Message:: Invalid_Password::[]
2024-03-20 16:09:44 error: [POST] /users >> StatusCode:: 400, Message:: Invalid_Email::[]
2024-03-20 16:09:44 error: [POST] /users >> StatusCode:: 400, Message:: Invalid_Phone::[]
2024-03-20 16:09:44 error: [POST] /users >> StatusCode:: 400, Message:: User_Already_Exists::["eipphyyk2@email.com","887579098"]
2024-03-20 16:09:44 error: [POST] /users >> StatusCode:: 400, Message:: User_Already_Exists::["QMLGDZRM9@EMAIL.COM","885501929"]
2024-03-20 16:09:44 error: [POST] /users >> StatusCode:: 403, Message:: User_Not_Authenticated::[]
2024-03-20 16:09:44 error: [POST] /users >> StatusCode:: 403, Message:: User_Not_Authenticated::[]
2024-03-20 16:09:44 error: [POST] /users >> StatusCode:: 401, Message:: Wrong_Authentication_Token::[]
2024-03-20 16:09:44 error: [POST] /users >> StatusCode:: 401, Message:: Wrong_Authentication_Token::[]
2024-03-20 16:09:46 error: [POST] /login >> StatusCode:: 400, Message:: Invalid_Login_Or_Password::[]
2024-03-20 16:09:46 error: [POST] /login >> StatusCode:: 400, Message:: Invalid_Login_Or_Password::[]
2024-03-20 16:09:46 error: [POST] /login >> StatusCode:: 400, Message:: Invalid_Login_Or_Password::[]
2024-03-20 16:09:46 error: [POST] /login >> StatusCode:: 400, Message:: Invalid_Login_Or_Password::[]
2024-03-20 16:09:46 error: [POST] /login >> StatusCode:: 400, Message:: Invalid_Login_Or_Password::[]
2024-03-20 16:09:46 error: [POST] /login >> StatusCode:: 400, Message:: Invalid_Login_Or_Password::[]
2024-03-20 16:09:46 error: [POST] /login >> StatusCode:: 400, Message:: Invalid_Login_Or_Password::[]
2024-03-20 16:09:46 error: [POST] /login >> StatusCode:: 400, Message:: Invalid_Login_Or_Password::[]
2024-03-20 16:09:46 error: [POST] /login >> StatusCode:: 400, Message:: Invalid_Login_Or_Password::[]
2024-03-20 16:09:46 error: [POST] /login >> StatusCode:: 400, Message:: Invalid_Login_Or_Password::[]
2024-03-20 16:09:46 error: [POST] /login >> StatusCode:: 400, Message:: Invalid_Login_Or_Password::[]
2024-03-20 16:09:46 error: [POST] /login >> StatusCode:: 400, Message:: Invalid_Login_Or_Password::[]
2024-03-20 16:09:46 error: [POST] /login >> StatusCode:: 400, Message:: Invalid_Login_Or_Password::[]
2024-03-20 16:09:46 error: [POST] /login >> StatusCode:: 400, Message:: Invalid_Login_Or_Password::[]
2024-03-20 16:09:46 error: [POST] /login >> StatusCode:: 400, Message:: Invalid_Login_Or_Password::[]
2024-03-20 16:09:46 error: [POST] /login >> StatusCode:: 400, Message:: Invalid_Login_Or_Password::[]
2024-03-20 16:09:46 error: [POST] /login >> StatusCode:: 400, Message:: User_Is_Locked_Out::[]
2024-03-20 16:09:46 error: [POST] /login >> StatusCode:: 400, Message:: Invalid_Login_Or_Password::[]
2024-03-20 16:09:46 error: [POST] /login >> StatusCode:: 400, Message:: Invalid_Login_Or_Password::[]
2024-03-20 16:09:46 error: [POST] /login >> StatusCode:: 400, Message:: Invalid_Login_Or_Password::[]
2024-03-20 16:09:46 error: [POST] /login >> StatusCode:: 400, Message:: User_Is_Locked_Out::[]
2024-03-20 16:09:46 error: [POST] /login >> StatusCode:: 400, Message:: User_Is_Not_Active::[]
2024-03-20 16:09:47 error: [POST] /login >> StatusCode:: 400, Message:: User_Is_Not_Active::[]
2024-03-20 16:09:47 error: [POST] /login >> StatusCode:: 400, Message:: Invalid_Login_Or_Password::[]
