2024-03-07 21:18:07 error: uncaughtException: Cannot read properties of undefined (reading 'forEach')
TypeError: Cannot read properties of undefined (reading 'forEach')
    at App.initializeRoutes (D:\Projects\MojaM\backend\src\app.ts:60:12)
    at new App (D:\Projects\MojaM\backend\src\app.ts:27:10)
    at Object.<anonymous> (D:\Projects\MojaM\backend\src\server.ts:7:13)
    at Module._compile (node:internal/modules/cjs/loader:1256:14)
    at Module.m._compile (D:\Projects\MojaM\backend\node_modules\ts-node\src\index.ts:1618:23)
    at Module._extensions..js (node:internal/modules/cjs/loader:1310:10)
    at Object.require.extensions.<computed> [as .ts] (D:\Projects\MojaM\backend\node_modules\ts-node\src\index.ts:1621:12)
    at Module.load (node:internal/modules/cjs/loader:1119:32)
    at Function.Module._load (node:internal/modules/cjs/loader:960:12)
    at Function.executeUserEntryPoint [as runMain] (node:internal/modules/run_main:86:12)
2024-03-07 22:22:29 error: [POST] /login >> StatusCode:: 400, Message:: Invalid_Login_Or_Password::[]
2024-03-07 22:22:29 error: [POST] /login >> StatusCode:: 400, Message:: Invalid_Login_Or_Password::[]
2024-03-07 22:22:29 error: [POST] /login >> StatusCode:: 400, Message:: Invalid_Login_Or_Password::[]
2024-03-07 22:22:29 error: [POST] /login >> StatusCode:: 400, Message:: Invalid_Login_Or_Password::[]
2024-03-07 22:22:29 error: [POST] /login >> StatusCode:: 400, Message:: Invalid_Login_Or_Password::[]
2024-03-07 22:22:30 error: [POST] /login >> StatusCode:: 400, Message:: Invalid_Login_Or_Password::[]
2024-03-07 22:22:30 error: [POST] /login >> StatusCode:: 400, Message:: Invalid_Login_Or_Password::[]
2024-03-07 22:22:30 error: [POST] /login >> StatusCode:: 400, Message:: Invalid_Login_Or_Password::[]
2024-03-07 22:22:30 error: [POST] /login >> StatusCode:: 400, Message:: Invalid_Login_Or_Password::[]
2024-03-07 22:22:30 error: [POST] /login >> StatusCode:: 400, Message:: Invalid_Login_Or_Password::[]
2024-03-07 22:22:30 error: [POST] /login >> StatusCode:: 400, Message:: Invalid_Login_Or_Password::[]
2024-03-07 22:22:30 error: [POST] /login >> StatusCode:: 400, Message:: Invalid_Login_Or_Password::[]
2024-03-07 22:22:30 error: [POST] /login >> StatusCode:: 400, Message:: Invalid_Login_Or_Password::[]
2024-03-07 22:22:31 error: [POST] /login >> StatusCode:: 400, Message:: Invalid_Login_Or_Password::[]
2024-03-07 22:22:31 error: [POST] /login >> StatusCode:: 400, Message:: Invalid_Login_Or_Password::[]
2024-03-07 22:22:31 error: [POST] /login >> StatusCode:: 400, Message:: Invalid_Login_Or_Password::[]
2024-03-07 22:22:31 error: [POST] /login >> StatusCode:: 400, Message:: User_Is_Locked_Out::[]
2024-03-07 22:22:31 error: [POST] /login >> StatusCode:: 400, Message:: Invalid_Login_Or_Password::[]
2024-03-07 22:22:31 error: [POST] /login >> StatusCode:: 400, Message:: Invalid_Login_Or_Password::[]
2024-03-07 22:22:31 error: [POST] /login >> StatusCode:: 400, Message:: Invalid_Login_Or_Password::[]
2024-03-07 22:22:31 error: [POST] /login >> StatusCode:: 400, Message:: User_Is_Locked_Out::[]
2024-03-07 22:22:31 error: [POST] /login >> StatusCode:: 400, Message:: User_Is_Not_Active::[]
2024-03-07 22:22:32 error: [POST] /login >> StatusCode:: 400, Message:: User_Is_Not_Active::[]
2024-03-07 22:22:32 error: [POST] /login >> StatusCode:: 400, Message:: Invalid_Login_Or_Password::[]
2024-03-07 22:22:34 error: [GET] /users/00000000-0000-0000-0000-000000000000 >> StatusCode:: 403, Message:: User_Not_Authenticated::[]
2024-03-07 22:22:35 error: [GET] /users/bd203813-2b0f-4e03-812a-34e56045bb42 >> StatusCode:: 403, Message:: User_Not_Authenticated::[]
2024-03-07 22:22:35 error: [GET] /users/00000000-0000-0000-0000-000000000000 >> StatusCode:: 400, Message:: User_Does_Not_Exist::["00000000-0000-0000-0000-000000000000"]
2024-03-07 22:22:35 error: [GET] /users/00000000-0000-0000-0000-000000000000 >> StatusCode:: 401, Message:: Wrong_Authentication_Token::[]
2024-03-07 22:22:36 error: [POST] /users/00000000-0000-0000-0000-000000000000/deactivate >> StatusCode:: 403, Message:: User_Not_Authenticated::[]
2024-03-07 22:22:36 error: [POST] /users/239b6e23-88ac-4b2e-8222-decfc4ff4634/deactivate >> StatusCode:: 403, Message:: User_Not_Authenticated::[]
2024-03-07 22:22:37 error: [POST] /users/00000000-0000-0000-0000-000000000000/deactivate >> StatusCode:: 400, Message:: User_Does_Not_Exist::["00000000-0000-0000-0000-000000000000"]
2024-03-07 22:22:37 error: [POST] /users/00000000-0000-0000-0000-000000000000/deactivate >> StatusCode:: 401, Message:: Wrong_Authentication_Token::[]
2024-03-07 22:22:38 error: [DELETE] /users/00000000-0000-0000-0000-000000000000 >> StatusCode:: 403, Message:: User_Not_Authenticated::[]
2024-03-07 22:22:38 error: [DELETE] /users/82c95226-ce1d-4794-a448-441cc1683e60 >> StatusCode:: 403, Message:: User_Not_Authenticated::[]
2024-03-07 22:22:38 error: [DELETE] /users/00000000-0000-0000-0000-000000000000 >> StatusCode:: 400, Message:: User_Does_Not_Exist::["00000000-0000-0000-0000-000000000000"]
2024-03-07 22:22:38 error: [DELETE] /users/00000000-0000-0000-0000-000000000000 >> StatusCode:: 401, Message:: Wrong_Authentication_Token::[]
2024-03-07 22:22:39 error: [POST] /users >> StatusCode:: 400, Message:: Invalid_Password::[]
2024-03-07 22:22:39 error: [POST] /users >> StatusCode:: 400, Message:: Invalid_Email::[]
2024-03-07 22:22:39 error: [POST] /users >> StatusCode:: 400, Message:: Invalid_Phone::[]
2024-03-07 22:22:40 error: [POST] /users >> StatusCode:: 400, Message:: User_Already_Exists::["wjoyfjig3@email.com","886922627"]
2024-03-07 22:22:40 error: [POST] /users >> StatusCode:: 400, Message:: User_Already_Exists::["RNGUJIXI9@EMAIL.COM","883339495"]
2024-03-07 22:22:40 error: [POST] /users >> StatusCode:: 403, Message:: User_Not_Authenticated::[]
2024-03-07 22:22:40 error: [POST] /users >> StatusCode:: 403, Message:: User_Not_Authenticated::[]
2024-03-07 22:22:40 error: [POST] /users >> StatusCode:: 401, Message:: Wrong_Authentication_Token::[]
2024-03-07 22:22:41 error: [POST] /users >> StatusCode:: 401, Message:: Wrong_Authentication_Token::[]
2024-03-07 22:22:43 error: [POST] /users/00000000-0000-0000-0000-000000000000/activate >> StatusCode:: 403, Message:: User_Not_Authenticated::[]
2024-03-07 22:22:43 error: [POST] /users/dd82099c-cb9f-47ff-a7e0-2b93880b0967/activate >> StatusCode:: 403, Message:: User_Not_Authenticated::[]
2024-03-07 22:22:43 error: [POST] /users/00000000-0000-0000-0000-000000000000/activate >> StatusCode:: 400, Message:: User_Does_Not_Exist::["00000000-0000-0000-0000-000000000000"]
2024-03-07 22:22:43 error: [POST] /users/00000000-0000-0000-0000-000000000000/activate >> StatusCode:: 401, Message:: Wrong_Authentication_Token::[]
2024-03-07 22:26:47 error: [POST] /login >> StatusCode:: 400, Message:: Invalid_Login_Or_Password::[]
2024-03-07 22:26:47 error: [POST] /login >> StatusCode:: 400, Message:: Invalid_Login_Or_Password::[]
2024-03-07 22:26:48 error: [POST] /login >> StatusCode:: 400, Message:: Invalid_Login_Or_Password::[]
2024-03-07 22:26:48 error: [POST] /login >> StatusCode:: 400, Message:: Invalid_Login_Or_Password::[]
2024-03-07 22:26:48 error: [POST] /login >> StatusCode:: 400, Message:: Invalid_Login_Or_Password::[]
2024-03-07 22:26:48 error: [POST] /login >> StatusCode:: 400, Message:: Invalid_Login_Or_Password::[]
2024-03-07 22:26:48 error: [POST] /login >> StatusCode:: 400, Message:: Invalid_Login_Or_Password::[]
2024-03-07 22:26:48 error: [POST] /login >> StatusCode:: 400, Message:: Invalid_Login_Or_Password::[]
2024-03-07 22:26:48 error: [POST] /login >> StatusCode:: 400, Message:: Invalid_Login_Or_Password::[]
2024-03-07 22:26:48 error: [POST] /login >> StatusCode:: 400, Message:: Invalid_Login_Or_Password::[]
2024-03-07 22:26:48 error: [POST] /login >> StatusCode:: 400, Message:: Invalid_Login_Or_Password::[]
2024-03-07 22:26:48 error: [POST] /login >> StatusCode:: 400, Message:: Invalid_Login_Or_Password::[]
2024-03-07 22:26:48 error: [POST] /login >> StatusCode:: 400, Message:: Invalid_Login_Or_Password::[]
2024-03-07 22:26:48 error: [POST] /login >> StatusCode:: 400, Message:: Invalid_Login_Or_Password::[]
2024-03-07 22:26:48 error: [POST] /login >> StatusCode:: 400, Message:: Invalid_Login_Or_Password::[]
2024-03-07 22:26:49 error: [POST] /login >> StatusCode:: 400, Message:: Invalid_Login_Or_Password::[]
2024-03-07 22:26:49 error: [POST] /login >> StatusCode:: 400, Message:: User_Is_Locked_Out::[]
2024-03-07 22:26:49 error: [POST] /login >> StatusCode:: 400, Message:: Invalid_Login_Or_Password::[]
2024-03-07 22:26:49 error: [POST] /login >> StatusCode:: 400, Message:: Invalid_Login_Or_Password::[]
2024-03-07 22:26:49 error: [POST] /login >> StatusCode:: 400, Message:: Invalid_Login_Or_Password::[]
2024-03-07 22:26:49 error: [POST] /login >> StatusCode:: 400, Message:: User_Is_Locked_Out::[]
2024-03-07 22:26:49 error: [POST] /login >> StatusCode:: 400, Message:: User_Is_Not_Active::[]
2024-03-07 22:26:50 error: [POST] /login >> StatusCode:: 400, Message:: User_Is_Not_Active::[]
2024-03-07 22:26:50 error: [POST] /login >> StatusCode:: 400, Message:: Invalid_Login_Or_Password::[]
2024-03-07 22:26:51 error: [POST] /users >> StatusCode:: 400, Message:: Invalid_Password::[]
2024-03-07 22:26:51 error: [POST] /users >> StatusCode:: 400, Message:: Invalid_Email::[]
2024-03-07 22:26:51 error: [POST] /users >> StatusCode:: 400, Message:: Invalid_Phone::[]
2024-03-07 22:26:51 error: [POST] /users >> StatusCode:: 400, Message:: User_Already_Exists::["uhvfzkxu1@email.com","883463561"]
2024-03-07 22:26:51 error: [POST] /users >> StatusCode:: 400, Message:: User_Already_Exists::["XUDJBOYV3@EMAIL.COM","881178036"]
2024-03-07 22:26:51 error: [POST] /users >> StatusCode:: 403, Message:: User_Not_Authenticated::[]
2024-03-07 22:26:51 error: [POST] /users >> StatusCode:: 403, Message:: User_Not_Authenticated::[]
2024-03-07 22:26:51 error: [POST] /users >> StatusCode:: 401, Message:: Wrong_Authentication_Token::[]
2024-03-07 22:26:52 error: [POST] /users >> StatusCode:: 401, Message:: Wrong_Authentication_Token::[]
2024-03-07 22:26:53 error: [POST] /users/00000000-0000-0000-0000-000000000000/activate >> StatusCode:: 403, Message:: User_Not_Authenticated::[]
2024-03-07 22:26:53 error: [POST] /users/d50e519d-5fad-4530-836b-7e24d7cfecad/activate >> StatusCode:: 403, Message:: User_Not_Authenticated::[]
2024-03-07 22:26:53 error: [POST] /users/00000000-0000-0000-0000-000000000000/activate >> StatusCode:: 400, Message:: User_Does_Not_Exist::["00000000-0000-0000-0000-000000000000"]
2024-03-07 22:26:53 error: [POST] /users/00000000-0000-0000-0000-000000000000/activate >> StatusCode:: 401, Message:: Wrong_Authentication_Token::[]
2024-03-07 22:26:55 error: [POST] /users/00000000-0000-0000-0000-000000000000/deactivate >> StatusCode:: 403, Message:: User_Not_Authenticated::[]
2024-03-07 22:26:55 error: [POST] /users/69b0bb78-d9cb-4a91-8e2c-7f19f35fac3b/deactivate >> StatusCode:: 403, Message:: User_Not_Authenticated::[]
2024-03-07 22:26:55 error: [POST] /users/00000000-0000-0000-0000-000000000000/deactivate >> StatusCode:: 400, Message:: User_Does_Not_Exist::["00000000-0000-0000-0000-000000000000"]
2024-03-07 22:26:55 error: [POST] /users/00000000-0000-0000-0000-000000000000/deactivate >> StatusCode:: 401, Message:: Wrong_Authentication_Token::[]
2024-03-07 22:26:56 error: [GET] /users/00000000-0000-0000-0000-000000000000 >> StatusCode:: 403, Message:: User_Not_Authenticated::[]
2024-03-07 22:26:57 error: [GET] /users/41ac84d1-c81c-413c-b31d-c3ef32dd57d9 >> StatusCode:: 403, Message:: User_Not_Authenticated::[]
2024-03-07 22:26:57 error: [GET] /users/00000000-0000-0000-0000-000000000000 >> StatusCode:: 400, Message:: User_Does_Not_Exist::["00000000-0000-0000-0000-000000000000"]
2024-03-07 22:26:57 error: [GET] /users/00000000-0000-0000-0000-000000000000 >> StatusCode:: 401, Message:: Wrong_Authentication_Token::[]
2024-03-07 22:26:58 error: [DELETE] /users/00000000-0000-0000-0000-000000000000 >> StatusCode:: 403, Message:: User_Not_Authenticated::[]
2024-03-07 22:26:58 error: [DELETE] /users/0a93c968-11a6-4f4d-b718-e10ffe688617 >> StatusCode:: 403, Message:: User_Not_Authenticated::[]
2024-03-07 22:26:58 error: [DELETE] /users/00000000-0000-0000-0000-000000000000 >> StatusCode:: 400, Message:: User_Does_Not_Exist::["00000000-0000-0000-0000-000000000000"]
2024-03-07 22:26:58 error: [DELETE] /users/00000000-0000-0000-0000-000000000000 >> StatusCode:: 401, Message:: Wrong_Authentication_Token::[]
2024-03-07 22:30:01 error: [POST] /login >> StatusCode:: 400, Message:: Invalid_Login_Or_Password::[]
2024-03-07 22:30:01 error: [POST] /login >> StatusCode:: 400, Message:: Invalid_Login_Or_Password::[]
2024-03-07 22:30:01 error: [POST] /login >> StatusCode:: 400, Message:: Invalid_Login_Or_Password::[]
2024-03-07 22:30:01 error: [POST] /login >> StatusCode:: 400, Message:: Invalid_Login_Or_Password::[]
2024-03-07 22:30:01 error: [POST] /login >> StatusCode:: 400, Message:: Invalid_Login_Or_Password::[]
2024-03-07 22:30:01 error: [POST] /login >> StatusCode:: 400, Message:: Invalid_Login_Or_Password::[]
2024-03-07 22:30:01 error: [POST] /login >> StatusCode:: 400, Message:: Invalid_Login_Or_Password::[]
2024-03-07 22:30:01 error: [POST] /login >> StatusCode:: 400, Message:: Invalid_Login_Or_Password::[]
2024-03-07 22:30:01 error: [POST] /login >> StatusCode:: 400, Message:: Invalid_Login_Or_Password::[]
2024-03-07 22:30:01 error: [POST] /login >> StatusCode:: 400, Message:: Invalid_Login_Or_Password::[]
2024-03-07 22:30:01 error: [POST] /login >> StatusCode:: 400, Message:: Invalid_Login_Or_Password::[]
2024-03-07 22:30:02 error: [POST] /login >> StatusCode:: 400, Message:: Invalid_Login_Or_Password::[]
2024-03-07 22:30:02 error: [POST] /login >> StatusCode:: 400, Message:: Invalid_Login_Or_Password::[]
2024-03-07 22:30:02 error: [POST] /login >> StatusCode:: 400, Message:: Invalid_Login_Or_Password::[]
2024-03-07 22:30:02 error: [POST] /login >> StatusCode:: 400, Message:: Invalid_Login_Or_Password::[]
2024-03-07 22:30:02 error: [POST] /login >> StatusCode:: 400, Message:: Invalid_Login_Or_Password::[]
2024-03-07 22:30:02 error: [POST] /login >> StatusCode:: 400, Message:: User_Is_Locked_Out::[]
2024-03-07 22:30:02 error: [POST] /login >> StatusCode:: 400, Message:: Invalid_Login_Or_Password::[]
2024-03-07 22:30:02 error: [POST] /login >> StatusCode:: 400, Message:: Invalid_Login_Or_Password::[]
2024-03-07 22:30:03 error: [POST] /login >> StatusCode:: 400, Message:: Invalid_Login_Or_Password::[]
2024-03-07 22:30:03 error: [POST] /login >> StatusCode:: 400, Message:: User_Is_Locked_Out::[]
2024-03-07 22:30:03 error: [POST] /login >> StatusCode:: 400, Message:: User_Is_Not_Active::[]
2024-03-07 22:30:03 error: [POST] /login >> StatusCode:: 400, Message:: User_Is_Not_Active::[]
2024-03-07 22:30:03 error: [POST] /login >> StatusCode:: 400, Message:: Invalid_Login_Or_Password::[]
2024-03-07 22:30:04 error: [POST] /users/00000000-0000-0000-0000-000000000000/deactivate >> StatusCode:: 403, Message:: User_Not_Authenticated::[]
2024-03-07 22:30:04 error: [POST] /users/246f9764-1a5e-4f47-a99c-d67290995446/deactivate >> StatusCode:: 403, Message:: User_Not_Authenticated::[]
2024-03-07 22:30:04 error: [POST] /users/00000000-0000-0000-0000-000000000000/deactivate >> StatusCode:: 400, Message:: User_Does_Not_Exist::["00000000-0000-0000-0000-000000000000"]
2024-03-07 22:30:04 error: [POST] /users/00000000-0000-0000-0000-000000000000/deactivate >> StatusCode:: 401, Message:: Wrong_Authentication_Token::[]
2024-03-07 22:30:05 error: [POST] /users >> StatusCode:: 400, Message:: Invalid_Password::[]
2024-03-07 22:30:05 error: [POST] /users >> StatusCode:: 400, Message:: Invalid_Email::[]
2024-03-07 22:30:05 error: [POST] /users >> StatusCode:: 400, Message:: Invalid_Phone::[]
2024-03-07 22:30:05 error: [POST] /users >> StatusCode:: 400, Message:: User_Already_Exists::["qljodfwe1@email.com","889608712"]
2024-03-07 22:30:05 error: [POST] /users >> StatusCode:: 400, Message:: User_Already_Exists::["OTDYYLZR3@EMAIL.COM","889812179"]
2024-03-07 22:30:05 error: [POST] /users >> StatusCode:: 403, Message:: User_Not_Authenticated::[]
2024-03-07 22:30:06 error: [POST] /users >> StatusCode:: 403, Message:: User_Not_Authenticated::[]
2024-03-07 22:30:06 error: [POST] /users >> StatusCode:: 401, Message:: Wrong_Authentication_Token::[]
2024-03-07 22:30:06 error: [POST] /users >> StatusCode:: 401, Message:: Wrong_Authentication_Token::[]
2024-03-07 22:30:07 error: [POST] /users/00000000-0000-0000-0000-000000000000/activate >> StatusCode:: 403, Message:: User_Not_Authenticated::[]
2024-03-07 22:30:07 error: [POST] /users/8abb40e2-490d-4c11-bbbe-f50146fa3b54/activate >> StatusCode:: 403, Message:: User_Not_Authenticated::[]
2024-03-07 22:30:07 error: [POST] /users/00000000-0000-0000-0000-000000000000/activate >> StatusCode:: 400, Message:: User_Does_Not_Exist::["00000000-0000-0000-0000-000000000000"]
2024-03-07 22:30:08 error: [POST] /users/00000000-0000-0000-0000-000000000000/activate >> StatusCode:: 401, Message:: Wrong_Authentication_Token::[]
2024-03-07 22:30:08 error: [GET] /users/00000000-0000-0000-0000-000000000000 >> StatusCode:: 403, Message:: User_Not_Authenticated::[]
2024-03-07 22:30:08 error: [GET] /users/16af5cf3-1570-489d-8ef3-82737bf8df65 >> StatusCode:: 403, Message:: User_Not_Authenticated::[]
2024-03-07 22:30:09 error: [GET] /users/00000000-0000-0000-0000-000000000000 >> StatusCode:: 400, Message:: User_Does_Not_Exist::["00000000-0000-0000-0000-000000000000"]
2024-03-07 22:30:09 error: [GET] /users/00000000-0000-0000-0000-000000000000 >> StatusCode:: 401, Message:: Wrong_Authentication_Token::[]
2024-03-07 22:30:09 error: [DELETE] /users/00000000-0000-0000-0000-000000000000 >> StatusCode:: 403, Message:: User_Not_Authenticated::[]
2024-03-07 22:30:10 error: [DELETE] /users/78b979d8-cf1f-410a-9453-8143b1116eeb >> StatusCode:: 403, Message:: User_Not_Authenticated::[]
2024-03-07 22:30:10 error: [DELETE] /users/00000000-0000-0000-0000-000000000000 >> StatusCode:: 400, Message:: User_Does_Not_Exist::["00000000-0000-0000-0000-000000000000"]
2024-03-07 22:30:10 error: [DELETE] /users/00000000-0000-0000-0000-000000000000 >> StatusCode:: 401, Message:: Wrong_Authentication_Token::[]
