2024-04-24 18:42:15 info: [0mPOST /login [32m200[0m 91.500 ms - 130[0m
2024-04-24 18:42:15 info: [0mPOST /login [32m200[0m 9.981 ms - 130[0m
2024-04-24 18:42:15 info: [0mPOST /login [32m200[0m 9.748 ms - 130[0m
2024-04-24 18:42:15 info: [0mPOST /users [32m201[0m 28.290 ms - 132[0m
2024-04-24 18:42:15 info: [0mPOST /users [32m201[0m 21.805 ms - 132[0m
2024-04-24 18:42:15 error: [POST] /login >> StatusCode:: 400, Message:: Invalid_Login_Or_Password::[]
2024-04-24 18:42:15 info: [0mPOST /login [33m400[0m 8.095 ms - 48[0m
2024-04-24 18:42:15 info: [0mDELETE /users/48f550b0-4fab-4d05-91ce-5f3c53aeae98 [32m200[0m 20.874 ms - 73[0m
2024-04-24 18:42:15 info: [0mDELETE /users/0e877176-0e93-4eff-92df-8a2ce1523236 [32m200[0m 26.908 ms - 73[0m
2024-04-24 18:42:15 info: [0mPOST /users [32m201[0m 15.836 ms - 132[0m
2024-04-24 18:42:15 info: [0mPOST /users [32m201[0m 15.403 ms - 132[0m
2024-04-24 18:42:15 error: [POST] /login >> StatusCode:: 400, Message:: Invalid_Login_Or_Password::[]
2024-04-24 18:42:15 info: [0mPOST /login [33m400[0m 7.252 ms - 48[0m
2024-04-24 18:42:15 info: [0mDELETE /users/1ffc8675-a779-4018-ac93-4691392f4f12 [32m200[0m 17.858 ms - 73[0m
2024-04-24 18:42:15 info: [0mDELETE /users/c185c33b-f766-41a7-8f91-cf0154aca0e9 [32m200[0m 19.426 ms - 73[0m
2024-04-24 18:42:15 error: [POST] /login >> StatusCode:: 400, Message:: Invalid_Login_Or_Password::[]
2024-04-24 18:42:15 info: [0mPOST /login [33m400[0m 6.087 ms - 48[0m
2024-04-24 18:42:15 error: [POST] /login >> StatusCode:: 400, Message:: Invalid_Login_Or_Password::[]
2024-04-24 18:42:15 info: [0mPOST /login [33m400[0m 6.101 ms - 48[0m
2024-04-24 18:42:15 error: [POST] /login >> StatusCode:: 400, Message:: Invalid_Login_Or_Password::[]
2024-04-24 18:42:15 info: [0mPOST /login [33m400[0m 4.737 ms - 48[0m
2024-04-24 18:42:15 info: [0mPOST /users [32m201[0m 22.374 ms - 132[0m
2024-04-24 18:42:15 error: [POST] /login >> StatusCode:: 400, Message:: Invalid_Login_Or_Password::[]
2024-04-24 18:42:15 info: [0mPOST /login [33m400[0m 4.630 ms - 48[0m
2024-04-24 18:42:15 error: [POST] /login >> StatusCode:: 400, Message:: Invalid_Login_Or_Password::[]
2024-04-24 18:42:15 info: [0mPOST /login [33m400[0m 4.942 ms - 48[0m
2024-04-24 18:42:15 error: [POST] /login >> StatusCode:: 400, Message:: Invalid_Login_Or_Password::[]
2024-04-24 18:42:15 info: [0mPOST /login [33m400[0m 5.168 ms - 48[0m
2024-04-24 18:42:15 error: [POST] /login >> StatusCode:: 400, Message:: Invalid_Login_Or_Password::[]
2024-04-24 18:42:15 info: [0mPOST /login [33m400[0m 4.517 ms - 48[0m
2024-04-24 18:42:15 info: [0mDELETE /users/88c27211-16f7-4429-bc61-7bfdea0a056b [32m200[0m 23.741 ms - 73[0m
2024-04-24 18:42:15 error: [POST] /login >> StatusCode:: 400, Message:: Invalid_Login_Or_Password::[]
2024-04-24 18:42:15 info: [0mPOST /login [33m400[0m 6.611 ms - 48[0m
2024-04-24 18:42:15 error: [POST] /login >> StatusCode:: 400, Message:: Invalid_Login_Or_Password::[]
2024-04-24 18:42:15 info: [0mPOST /login [33m400[0m 7.644 ms - 48[0m
2024-04-24 18:42:15 info: [0mPOST /users [32m201[0m 22.127 ms - 132[0m
2024-04-24 18:42:15 info: [0mPOST /users/506011a8-5853-4722-a822-aa3de9e579bc/activate [32m200[0m 15.636 ms - 41[0m
2024-04-24 18:42:15 error: [POST] /login >> StatusCode:: 400, Message:: Invalid_Login_Or_Password::[]
2024-04-24 18:42:15 info: [0mPOST /login [33m400[0m 12.577 ms - 48[0m
2024-04-24 18:42:15 info: [0mDELETE /users/506011a8-5853-4722-a822-aa3de9e579bc [32m200[0m 15.869 ms - 73[0m
2024-04-24 18:42:15 info: [0mPOST /users [32m201[0m 12.500 ms - 132[0m
2024-04-24 18:42:15 info: [0mPOST /users/04accc6e-1d81-4d97-b72b-be28a77d8ad7/activate [32m200[0m 13.129 ms - 41[0m
2024-04-24 18:42:15 error: [POST] /login >> StatusCode:: 400, Message:: Invalid_Login_Or_Password::[]
2024-04-24 18:42:15 info: [0mPOST /login [33m400[0m 11.022 ms - 48[0m
2024-04-24 18:42:15 info: [0mDELETE /users/04accc6e-1d81-4d97-b72b-be28a77d8ad7 [32m200[0m 12.165 ms - 73[0m
2024-04-24 18:42:15 info: [0mPOST /users [32m201[0m 14.600 ms - 132[0m
2024-04-24 18:42:15 info: [0mPOST /users/32bb23be-91ed-4742-91db-0884fe0efee9/activate [32m200[0m 12.347 ms - 41[0m
2024-04-24 18:42:16 error: [POST] /login >> StatusCode:: 400, Message:: Invalid_Login_Or_Password::[]
2024-04-24 18:42:16 info: [0mPOST /login [33m400[0m 12.074 ms - 48[0m
2024-04-24 18:42:16 error: [POST] /login >> StatusCode:: 400, Message:: Invalid_Login_Or_Password::[]
2024-04-24 18:42:16 info: [0mPOST /login [33m400[0m 11.036 ms - 48[0m
2024-04-24 18:42:16 error: [POST] /login >> StatusCode:: 400, Message:: Invalid_Login_Or_Password::[]
2024-04-24 18:42:16 info: [0mPOST /login [33m400[0m 16.219 ms - 48[0m
2024-04-24 18:42:16 error: [POST] /login >> StatusCode:: 400, Message:: User_Is_Locked_Out::[]
2024-04-24 18:42:16 info: [0mPOST /login [33m400[0m 7.240 ms - 41[0m
2024-04-24 18:42:16 info: [0mDELETE /users/32bb23be-91ed-4742-91db-0884fe0efee9 [32m200[0m 13.456 ms - 73[0m
2024-04-24 18:42:16 info: [0mPOST /users [32m201[0m 12.189 ms - 132[0m
2024-04-24 18:42:16 info: [0mPOST /users/9c6eaa0b-1dc3-4811-959d-378b56551b09/activate [32m200[0m 11.970 ms - 41[0m
2024-04-24 18:42:16 error: [POST] /login >> StatusCode:: 400, Message:: Invalid_Login_Or_Password::[]
2024-04-24 18:42:16 info: [0mPOST /login [33m400[0m 11.782 ms - 48[0m
2024-04-24 18:42:16 error: [POST] /login >> StatusCode:: 400, Message:: Invalid_Login_Or_Password::[]
2024-04-24 18:42:16 info: [0mPOST /login [33m400[0m 14.692 ms - 48[0m
2024-04-24 18:42:16 error: [POST] /login >> StatusCode:: 400, Message:: Invalid_Login_Or_Password::[]
2024-04-24 18:42:16 info: [0mPOST /login [33m400[0m 21.369 ms - 48[0m
2024-04-24 18:42:16 error: [POST] /login >> StatusCode:: 400, Message:: User_Is_Locked_Out::[]
2024-04-24 18:42:16 info: [0mPOST /login [33m400[0m 6.185 ms - 41[0m
2024-04-24 18:42:16 info: [0mDELETE /users/9c6eaa0b-1dc3-4811-959d-378b56551b09 [32m200[0m 23.937 ms - 73[0m
2024-04-24 18:42:16 info: [0mPOST /users [32m201[0m 16.142 ms - 132[0m
2024-04-24 18:42:16 info: [0mPOST /users/c5b4b420-9e6a-4d09-ab10-34b7d98cb3df/deactivate [32m200[0m 10.252 ms - 43[0m
2024-04-24 18:42:16 error: [POST] /login >> StatusCode:: 400, Message:: User_Is_Not_Active::[]
2024-04-24 18:42:16 info: [0mPOST /login [33m400[0m 7.871 ms - 41[0m
2024-04-24 18:42:16 info: [0mDELETE /users/c5b4b420-9e6a-4d09-ab10-34b7d98cb3df [32m200[0m 17.530 ms - 73[0m
2024-04-24 18:42:16 info: [0mPOST /users [32m201[0m 16.709 ms - 132[0m
2024-04-24 18:42:16 info: [0mPOST /users/33c5c757-dc8d-49ff-9b81-fd114aae1e4a/deactivate [32m200[0m 11.398 ms - 43[0m
2024-04-24 18:42:16 error: [POST] /login >> StatusCode:: 400, Message:: User_Is_Not_Active::[]
2024-04-24 18:42:16 info: [0mPOST /login [33m400[0m 8.497 ms - 41[0m
2024-04-24 18:42:16 info: [0mDELETE /users/33c5c757-dc8d-49ff-9b81-fd114aae1e4a [32m200[0m 74.592 ms - 73[0m
2024-04-24 18:42:16 info: [0mPOST /users [32m201[0m 22.458 ms - 132[0m
2024-04-24 18:42:16 info: [0mDELETE /users/0b017b48-327a-43bb-adb6-8f4360e0d02a [32m200[0m 24.029 ms - 73[0m
2024-04-24 18:42:16 error: [POST] /login >> StatusCode:: 400, Message:: Invalid_Login_Or_Password::[]
2024-04-24 18:42:16 info: [0mPOST /login [33m400[0m 6.486 ms - 48[0m
2024-04-24 18:42:17 info: [0mPOST /login [32m200[0m 24.975 ms - 130[0m
2024-04-24 18:42:17 info: [0mPOST /users [32m201[0m 84.071 ms - 132[0m
2024-04-24 18:42:17 info: [0mDELETE /users/1b3d0f4a-4d2d-4884-af52-a318223957cf [32m200[0m 23.412 ms - 73[0m
2024-04-24 18:42:17 info: [0mPOST /users [32m201[0m 22.371 ms - 132[0m
2024-04-24 18:42:17 info: [0mPOST /permissions/e257e837-0feb-498c-9e7b-f67ab0b44d7f/100 [32m201[0m 27.178 ms - 43[0m
2024-04-24 18:42:17 info: [0mDELETE /users/e257e837-0feb-498c-9e7b-f67ab0b44d7f [32m200[0m 21.256 ms - 73[0m
2024-04-24 18:42:17 info: [0mPOST /users [32m201[0m 18.851 ms - 132[0m
2024-04-24 18:42:17 info: [0mPOST /users/b20e0ba1-096f-4b79-aebe-c8f2377912a3/activate [32m200[0m 21.370 ms - 41[0m
2024-04-24 18:42:17 info: [0mPOST /permissions/b20e0ba1-096f-4b79-aebe-c8f2377912a3/200 [32m201[0m 14.630 ms - 43[0m
2024-04-24 18:42:17 info: [0mPOST /login [32m200[0m 10.022 ms - 133[0m
2024-04-24 18:42:17 info: [0mPOST /permissions/b20e0ba1-096f-4b79-aebe-c8f2377912a3/100 [32m201[0m 12.379 ms - 43[0m
2024-04-24 18:42:17 info: [0mDELETE /users/b20e0ba1-096f-4b79-aebe-c8f2377912a3 [32m200[0m 18.583 ms - 73[0m
2024-04-24 18:42:17 info: [0mPOST /login [32m200[0m 6.180 ms - 130[0m
2024-04-24 18:42:17 error: [DELETE] /users/00000000-0000-0000-0000-000000000000 >> StatusCode:: 403, Message:: User_Not_Authorized::[]
2024-04-24 18:42:17 info: [0mDELETE /users/00000000-0000-0000-0000-000000000000 [33m403[0m 4.561 ms - 42[0m
2024-04-24 18:42:17 info: [0mPOST /users [32m201[0m 14.336 ms - 132[0m
2024-04-24 18:42:17 info: [0mPOST /users/8afeeaf2-c6d0-4ee0-87d7-c8257621a533/activate [32m200[0m 18.035 ms - 41[0m
2024-04-24 18:42:17 info: [0mPOST /login [32m200[0m 8.752 ms - 133[0m
2024-04-24 18:42:17 error: [DELETE] /users/8afeeaf2-c6d0-4ee0-87d7-c8257621a533 >> StatusCode:: 403, Message:: User_Not_Authorized::[]
2024-04-24 18:42:17 info: [0mDELETE /users/8afeeaf2-c6d0-4ee0-87d7-c8257621a533 [33m403[0m 9.412 ms - 42[0m
2024-04-24 18:42:17 info: [0mDELETE /users/8afeeaf2-c6d0-4ee0-87d7-c8257621a533 [32m200[0m 19.479 ms - 73[0m
2024-04-24 18:42:17 info: [0mPOST /login [32m200[0m 8.323 ms - 130[0m
2024-04-24 18:42:17 error: [DELETE] /users/00000000-0000-0000-0000-000000000000 >> StatusCode:: 400, Message:: User_Does_Not_Exist::["00000000-0000-0000-0000-000000000000"]
2024-04-24 18:42:17 info: [0mDELETE /users/00000000-0000-0000-0000-000000000000 [33m400[0m 10.974 ms - 90[0m
2024-04-24 18:42:17 info: [0mPOST /users [32m201[0m 74.377 ms - 132[0m
2024-04-24 18:42:18 info: [0mPOST /users/469137e1-a3ee-45bf-b44a-8d25b4155847/activate [32m200[0m 28.014 ms - 41[0m
2024-04-24 18:42:18 info: [0mPOST /permissions/469137e1-a3ee-45bf-b44a-8d25b4155847/200 [32m201[0m 18.714 ms - 43[0m
2024-04-24 18:42:18 info: [0mPOST /users [32m201[0m 21.418 ms - 132[0m
2024-04-24 18:42:18 info: [0mPOST /users/1520700d-1c77-4dec-aaaf-c9fff63928fa/activate [32m200[0m 22.659 ms - 41[0m
2024-04-24 18:42:18 info: [0mPOST /login [32m200[0m 7.596 ms - 133[0m
2024-04-24 18:42:18 info: [0mPOST /permissions/1520700d-1c77-4dec-aaaf-c9fff63928fa/100 [32m201[0m 16.310 ms - 43[0m
2024-04-24 18:42:18 error: [DELETE] /users/469137e1-a3ee-45bf-b44a-8d25b4155847 >> StatusCode:: 400, Message:: Object_Is_Connected_With_Another_And_Can_Not_Be_Deleted::["469137e1-a3ee-45bf-b44a-8d25b4155847","SystemPermission_AssignedBy"]
2024-04-24 18:42:18 info: [0mDELETE /users/469137e1-a3ee-45bf-b44a-8d25b4155847 [33m400[0m 17.888 ms - 156[0m
2024-04-24 18:42:18 info: [0mDELETE /permissions/469137e1-a3ee-45bf-b44a-8d25b4155847 [32m200[0m 16.340 ms - 45[0m
2024-04-24 18:42:18 info: [0mDELETE /permissions/1520700d-1c77-4dec-aaaf-c9fff63928fa [32m200[0m 16.362 ms - 45[0m
2024-04-24 18:42:18 info: [0mDELETE /users/469137e1-a3ee-45bf-b44a-8d25b4155847 [32m200[0m 22.328 ms - 73[0m
2024-04-24 18:42:18 info: [0mDELETE /users/1520700d-1c77-4dec-aaaf-c9fff63928fa [32m200[0m 17.341 ms - 73[0m
2024-04-24 18:42:18 info: [0mPOST /login [32m200[0m 9.601 ms - 130[0m
2024-04-24 18:42:18 info: [0mDELETE /users/invalid-guid [33m404[0m 0.419 ms - 83[0m
2024-04-24 18:42:18 info: [0mPOST /login [32m200[0m 7.051 ms - 130[0m
2024-04-24 18:42:18 error: [DELETE] /users/00000000-0000-0000-0000-000000000000 >> StatusCode:: 401, Message:: Wrong_Authentication_Token::[]
2024-04-24 18:42:18 info: [0mDELETE /users/00000000-0000-0000-0000-000000000000 [33m401[0m 3.494 ms - 49[0m
2024-04-24 18:42:19 info: [0mPOST /login [32m200[0m 24.509 ms - 130[0m
2024-04-24 18:42:19 info: [0mDELETE /permissions/105 [33m404[0m 0.571 ms - 80[0m
2024-04-24 18:42:19 info: [0mDELETE /permissions/invalid-user-id/105 [33m404[0m 0.390 ms - 96[0m
2024-04-24 18:42:19 info: [0mDELETE /permissions/2c6627d9-54ba-4b80-bfed-690667855d6b/invalid-permission-id [33m404[0m 0.368 ms - 135[0m
2024-04-24 18:42:19 info: [0mDELETE /permissions [33m404[0m 0.396 ms - 76[0m
2024-04-24 18:42:19 info: [0mDELETE /permissions/invalid-user-id/invalid-permission-id [33m404[0m 0.425 ms - 114[0m
2024-04-24 18:42:19 info: [0mPOST /login [32m200[0m 7.077 ms - 130[0m
2024-04-24 18:42:19 info: [0mDELETE /permissions/00000000-0000-0000-0000-000000000000/105 [33m400[0m 16.197 ms - 14[0m
2024-04-24 18:42:19 info: [0mDELETE /permissions/00000000-0000-0000-0000-000000000000 [33m400[0m 7.151 ms - 14[0m
2024-04-24 18:42:19 info: [0mPOST /users [32m201[0m 69.461 ms - 132[0m
2024-04-24 18:42:19 info: [0mDELETE /users/ddedb382-ed32-49c8-bc22-1c7770c70ffb [32m200[0m 24.587 ms - 73[0m
2024-04-24 18:42:19 info: [0mDELETE /permissions/ddedb382-ed32-49c8-bc22-1c7770c70ffb/99 [33m400[0m 4.413 ms - 14[0m
2024-04-24 18:42:19 info: [0mPOST /login [32m200[0m 6.123 ms - 130[0m
2024-04-24 18:42:19 error: [DELETE] /permissions/00000000-0000-0000-0000-000000000000/100 >> StatusCode:: 401, Message:: Wrong_Authentication_Token::[]
2024-04-24 18:42:19 info: [0mDELETE /permissions/00000000-0000-0000-0000-000000000000/100 [33m401[0m 5.307 ms - 49[0m
2024-04-24 18:42:19 info: [0mPOST /login [32m200[0m 5.905 ms - 130[0m
2024-04-24 18:42:19 error: [DELETE] /permissions/00000000-0000-0000-0000-000000000000/100 >> StatusCode:: 403, Message:: User_Not_Authorized::[]
2024-04-24 18:42:19 info: [0mDELETE /permissions/00000000-0000-0000-0000-000000000000/100 [33m403[0m 5.162 ms - 42[0m
2024-04-24 18:42:19 info: [0mPOST /users [32m201[0m 43.701 ms - 132[0m
2024-04-24 18:42:19 info: [0mPOST /users/d90065d2-2a96-41c1-a2f3-d22f75ead664/activate [32m200[0m 12.995 ms - 41[0m
2024-04-24 18:42:19 info: [0mPOST /permissions/d90065d2-2a96-41c1-a2f3-d22f75ead664/100 [32m201[0m 11.069 ms - 43[0m
2024-04-24 18:42:19 info: [0mPOST /login [32m200[0m 5.900 ms - 133[0m
2024-04-24 18:42:19 error: [DELETE] /permissions/d90065d2-2a96-41c1-a2f3-d22f75ead664/100 >> StatusCode:: 403, Message:: User_Not_Authorized::[]
2024-04-24 18:42:19 info: [0mDELETE /permissions/d90065d2-2a96-41c1-a2f3-d22f75ead664/100 [33m403[0m 6.669 ms - 42[0m
2024-04-24 18:42:19 info: [0mDELETE /users/d90065d2-2a96-41c1-a2f3-d22f75ead664 [32m200[0m 12.754 ms - 73[0m
2024-04-24 18:42:19 info: [0mPOST /login [32m200[0m 5.526 ms - 130[0m
2024-04-24 18:42:19 info: [0mPOST /users [32m201[0m 11.855 ms - 132[0m
2024-04-24 18:42:19 info: [0mPOST /users/3d3be608-33fe-4b4d-afd4-6c1f26d34c22/activate [32m200[0m 10.548 ms - 41[0m
2024-04-24 18:42:19 info: [0mPOST /permissions/3d3be608-33fe-4b4d-afd4-6c1f26d34c22/201 [32m201[0m 8.242 ms - 43[0m
2024-04-24 18:42:19 info: [0mPOST /permissions/3d3be608-33fe-4b4d-afd4-6c1f26d34c22/200 [32m201[0m 8.886 ms - 43[0m
2024-04-24 18:42:19 info: [0mPOST /login [32m200[0m 5.545 ms - 133[0m
2024-04-24 18:42:19 info: [0mDELETE /permissions/3d3be608-33fe-4b4d-afd4-6c1f26d34c22/200 [32m200[0m 8.224 ms - 45[0m
2024-04-24 18:42:19 error: [POST] /permissions/3d3be608-33fe-4b4d-afd4-6c1f26d34c22/200 >> StatusCode:: 403, Message:: User_Not_Authorized::[]
2024-04-24 18:42:19 info: [0mPOST /permissions/3d3be608-33fe-4b4d-afd4-6c1f26d34c22/200 [33m403[0m 7.347 ms - 42[0m
2024-04-24 18:42:19 info: [0mDELETE /users/3d3be608-33fe-4b4d-afd4-6c1f26d34c22 [32m200[0m 13.991 ms - 73[0m
2024-04-24 18:42:19 info: [0mPOST /users [32m201[0m 11.638 ms - 132[0m
2024-04-24 18:42:19 info: [0mDELETE /permissions/a01b8492-366c-4cf9-b342-8759c432648b/100 [32m200[0m 7.722 ms - 45[0m
2024-04-24 18:42:19 info: [0mDELETE /users/a01b8492-366c-4cf9-b342-8759c432648b [32m200[0m 10.689 ms - 73[0m
2024-04-24 18:42:19 info: [0mPOST /users [32m201[0m 11.271 ms - 132[0m
2024-04-24 18:42:19 info: [0mPOST /users/cd92f642-8948-4a40-980f-3932e919a0b9/activate [32m200[0m 10.780 ms - 41[0m
2024-04-24 18:42:19 info: [0mPOST /permissions/cd92f642-8948-4a40-980f-3932e919a0b9/200 [32m201[0m 8.443 ms - 43[0m
2024-04-24 18:42:19 info: [0mPOST /login [32m200[0m 5.737 ms - 133[0m
2024-04-24 18:42:19 info: [0mPOST /permissions/cd92f642-8948-4a40-980f-3932e919a0b9/101 [32m201[0m 8.566 ms - 43[0m
2024-04-24 18:42:19 info: [0mDELETE /permissions/cd92f642-8948-4a40-980f-3932e919a0b9 [32m200[0m 10.997 ms - 45[0m
2024-04-24 18:42:19 error: [GET] /users/cd92f642-8948-4a40-980f-3932e919a0b9 >> StatusCode:: 403, Message:: User_Not_Authorized::[]
2024-04-24 18:42:19 info: [0mGET /users/cd92f642-8948-4a40-980f-3932e919a0b9 [33m403[0m 6.745 ms - 42[0m
2024-04-24 18:42:19 error: [POST] /permissions/cd92f642-8948-4a40-980f-3932e919a0b9/101 >> StatusCode:: 403, Message:: User_Not_Authorized::[]
2024-04-24 18:42:19 info: [0mPOST /permissions/cd92f642-8948-4a40-980f-3932e919a0b9/101 [33m403[0m 6.749 ms - 42[0m
2024-04-24 18:42:19 info: [0mDELETE /users/cd92f642-8948-4a40-980f-3932e919a0b9 [32m200[0m 10.457 ms - 73[0m
2024-04-24 18:42:20 info: [0mPOST /login [32m200[0m 25.573 ms - 130[0m
2024-04-24 18:42:20 info: [0mPOST /permissions/105 [33m404[0m 0.649 ms - 80[0m
2024-04-24 18:42:20 info: [0mPOST /permissions/invalid-user-id/105 [33m404[0m 0.369 ms - 96[0m
2024-04-24 18:42:20 info: [0mPOST /permissions/2c6627d9-54ba-4b80-bfed-690667855d6b [33m404[0m 0.543 ms - 113[0m
2024-04-24 18:42:20 info: [0mPOST /permissions/2c6627d9-54ba-4b80-bfed-690667855d6b/invalid-permission-id [33m404[0m 0.394 ms - 135[0m
2024-04-24 18:42:20 info: [0mPOST /permissions [33m404[0m 0.374 ms - 76[0m
2024-04-24 18:42:20 info: [0mPOST /permissions/invalid-user-id/invalid-permission-id [33m404[0m 0.322 ms - 114[0m
2024-04-24 18:42:20 info: [0mPOST /login [32m200[0m 7.398 ms - 130[0m
2024-04-24 18:42:20 info: [0mPOST /permissions/00000000-0000-0000-0000-000000000000/105 [33m400[0m 16.363 ms - 14[0m
2024-04-24 18:42:20 info: [0mPOST /users [32m201[0m 75.577 ms - 132[0m
2024-04-24 18:42:20 info: [0mDELETE /users/5e4dd156-2397-4db6-915f-786480aa28a4 [32m200[0m 34.812 ms - 73[0m
2024-04-24 18:42:20 info: [0mPOST /permissions/5e4dd156-2397-4db6-915f-786480aa28a4/99 [33m400[0m 7.235 ms - 14[0m
2024-04-24 18:42:20 info: [0mPOST /login [32m200[0m 6.672 ms - 130[0m
2024-04-24 18:42:20 error: [POST] /permissions/00000000-0000-0000-0000-000000000000/100 >> StatusCode:: 401, Message:: Wrong_Authentication_Token::[]
2024-04-24 18:42:20 info: [0mPOST /permissions/00000000-0000-0000-0000-000000000000/100 [33m401[0m 6.516 ms - 49[0m
2024-04-24 18:42:20 info: [0mPOST /login [32m200[0m 9.072 ms - 130[0m
2024-04-24 18:42:20 error: [POST] /permissions/00000000-0000-0000-0000-000000000000/100 >> StatusCode:: 403, Message:: User_Not_Authorized::[]
2024-04-24 18:42:20 info: [0mPOST /permissions/00000000-0000-0000-0000-000000000000/100 [33m403[0m 7.357 ms - 42[0m
2024-04-24 18:42:20 info: [0mPOST /users [32m201[0m 62.940 ms - 132[0m
2024-04-24 18:42:20 info: [0mPOST /users/f21e600f-7c38-4a02-bda8-52dba451ba48/activate [32m200[0m 13.181 ms - 41[0m
2024-04-24 18:42:20 info: [0mPOST /login [32m200[0m 5.873 ms - 133[0m
2024-04-24 18:42:20 error: [POST] /permissions/f21e600f-7c38-4a02-bda8-52dba451ba48/100 >> StatusCode:: 403, Message:: User_Not_Authorized::[]
2024-04-24 18:42:20 info: [0mPOST /permissions/f21e600f-7c38-4a02-bda8-52dba451ba48/100 [33m403[0m 6.968 ms - 42[0m
2024-04-24 18:42:20 info: [0mDELETE /users/f21e600f-7c38-4a02-bda8-52dba451ba48 [32m200[0m 11.219 ms - 73[0m
2024-04-24 18:42:20 info: [0mPOST /login [32m200[0m 5.685 ms - 130[0m
2024-04-24 18:42:21 info: [0mPOST /users [32m201[0m 12.042 ms - 132[0m
2024-04-24 18:42:21 info: [0mPOST /users/03f076db-baa4-42da-adcb-afc7a6a45d26/activate [32m200[0m 15.678 ms - 41[0m
2024-04-24 18:42:21 info: [0mPOST /permissions/03f076db-baa4-42da-adcb-afc7a6a45d26/200 [32m201[0m 12.768 ms - 43[0m
2024-04-24 18:42:21 info: [0mPOST /login [32m200[0m 6.065 ms - 133[0m
2024-04-24 18:42:21 info: [0mPOST /permissions/03f076db-baa4-42da-adcb-afc7a6a45d26/100 [32m201[0m 11.494 ms - 43[0m
2024-04-24 18:42:21 info: [0mDELETE /users/03f076db-baa4-42da-adcb-afc7a6a45d26 [32m200[0m 12.359 ms - 73[0m
2024-04-24 18:42:21 info: [0mPOST /users [32m201[0m 12.039 ms - 132[0m
2024-04-24 18:42:21 info: [0mPOST /permissions/4b3fec5f-3860-4cd2-9a34-0ceb2c758111/100 [32m201[0m 12.234 ms - 43[0m
2024-04-24 18:42:21 info: [0mPOST /permissions/4b3fec5f-3860-4cd2-9a34-0ceb2c758111/100 [32m201[0m 4.995 ms - 43[0m
2024-04-24 18:42:21 info: [0mDELETE /users/4b3fec5f-3860-4cd2-9a34-0ceb2c758111 [32m200[0m 13.941 ms - 73[0m
2024-04-24 18:42:22 info: [0mPOST /login [32m200[0m 25.075 ms - 130[0m
2024-04-24 18:42:22 info: [0mPOST /users [32m201[0m 78.656 ms - 132[0m
2024-04-24 18:42:22 info: [0mDELETE /users/a2b6d9dc-792d-45f7-a126-c9a9c84762dc [32m200[0m 19.328 ms - 73[0m
2024-04-24 18:42:22 info: [0mPOST /login [32m200[0m 8.873 ms - 130[0m
2024-04-24 18:42:22 error: [POST] /users >> StatusCode:: 400, Message:: Invalid_Password::[]
2024-04-24 18:42:22 info: [0mPOST /users [33m400[0m 5.598 ms - 39[0m
2024-04-24 18:42:22 error: [POST] /users >> StatusCode:: 400, Message:: Invalid_Email::[]
2024-04-24 18:42:22 info: [0mPOST /users [33m400[0m 5.098 ms - 36[0m
2024-04-24 18:42:22 error: [POST] /users >> StatusCode:: 400, Message:: Invalid_Phone::[]
2024-04-24 18:42:22 info: [0mPOST /users [33m400[0m 4.984 ms - 36[0m
2024-04-24 18:42:22 info: [0mPOST /users [32m201[0m 15.346 ms - 132[0m
2024-04-24 18:42:22 error: [POST] /users >> StatusCode:: 400, Message:: User_Already_Exists::["ifygrmvz1@email.com","888474970"]
2024-04-24 18:42:22 info: [0mPOST /users [33m400[0m 10.961 ms - 85[0m
2024-04-24 18:42:22 info: [0mDELETE /users/6077eb2a-414b-4ae6-bffe-7caeb3ab8953 [32m200[0m 12.569 ms - 73[0m
2024-04-24 18:42:22 info: [0mPOST /users [32m201[0m 16.948 ms - 132[0m
2024-04-24 18:42:22 error: [POST] /users >> StatusCode:: 400, Message:: User_Already_Exists::["AHSPAYYE7@EMAIL.COM","882857625"]
2024-04-24 18:42:22 info: [0mPOST /users [33m400[0m 10.804 ms - 85[0m
2024-04-24 18:42:22 info: [0mDELETE /users/2c6df034-3fbc-4431-93e6-7d8700bae8f0 [32m200[0m 15.571 ms - 73[0m
2024-04-24 18:42:22 info: [0mPOST /login [32m200[0m 7.628 ms - 130[0m
2024-04-24 18:42:22 error: [POST] /users >> StatusCode:: 403, Message:: User_Not_Authorized::[]
2024-04-24 18:42:22 info: [0mPOST /users [33m403[0m 6.418 ms - 42[0m
2024-04-24 18:42:22 info: [0mPOST /users [32m201[0m 14.243 ms - 132[0m
2024-04-24 18:42:22 info: [0mPOST /users/7aed98c4-f2b7-4ec9-9cc8-437c03ef2c2b/activate [32m200[0m 16.774 ms - 41[0m
2024-04-24 18:42:22 info: [0mPOST /login [32m200[0m 9.341 ms - 133[0m
2024-04-24 18:42:22 error: [POST] /users >> StatusCode:: 403, Message:: User_Not_Authorized::[]
2024-04-24 18:42:22 info: [0mPOST /users [33m403[0m 15.733 ms - 42[0m
2024-04-24 18:42:22 info: [0mDELETE /users/7aed98c4-f2b7-4ec9-9cc8-437c03ef2c2b [32m200[0m 17.799 ms - 73[0m
2024-04-24 18:42:22 info: [0mPOST /login [32m200[0m 6.708 ms - 130[0m
2024-04-24 18:42:22 error: [POST] /users >> StatusCode:: 401, Message:: Wrong_Authentication_Token::[]
2024-04-24 18:42:22 info: [0mPOST /users [33m401[0m 5.207 ms - 49[0m
2024-04-24 18:42:22 info: [0mPOST /users [32m201[0m 16.431 ms - 132[0m
2024-04-24 18:42:22 info: [0mPOST /users/f93508f5-911c-4473-95a7-c5cde6a7a138/activate [32m200[0m 12.880 ms - 41[0m
2024-04-24 18:42:22 info: [0mPOST /login [32m200[0m 6.883 ms - 133[0m
2024-04-24 18:42:22 info: [0mDELETE /users/f93508f5-911c-4473-95a7-c5cde6a7a138 [32m200[0m 18.249 ms - 73[0m
2024-04-24 18:42:22 error: [POST] /users >> StatusCode:: 401, Message:: Wrong_Authentication_Token::[]
2024-04-24 18:42:22 info: [0mPOST /users [33m401[0m 9.015 ms - 49[0m
2024-04-24 18:42:23 info: [0mPOST /login [32m200[0m 22.846 ms - 130[0m
2024-04-24 18:42:23 info: [0mPOST /users [32m201[0m 83.258 ms - 132[0m
2024-04-24 18:42:23 info: [0mPOST /users/882e1202-a6ec-4b9b-80e4-5250d38627fd/activate [32m200[0m 20.808 ms - 41[0m
2024-04-24 18:42:23 info: [0mDELETE /users/882e1202-a6ec-4b9b-80e4-5250d38627fd [32m200[0m 24.547 ms - 73[0m
2024-04-24 18:42:23 info: [0mPOST /users [32m201[0m 16.623 ms - 132[0m
2024-04-24 18:42:23 info: [0mPOST /users/358a8eeb-9431-4459-b676-1d78212be486/activate [32m200[0m 19.593 ms - 41[0m
2024-04-24 18:42:23 info: [0mPOST /users/358a8eeb-9431-4459-b676-1d78212be486/activate [32m200[0m 8.833 ms - 41[0m
2024-04-24 18:42:23 info: [0mDELETE /users/358a8eeb-9431-4459-b676-1d78212be486 [32m200[0m 18.291 ms - 73[0m
2024-04-24 18:42:23 info: [0mPOST /users [32m201[0m 19.020 ms - 132[0m
2024-04-24 18:42:23 info: [0mPOST /users/63507ea6-3304-4890-b5f6-a31193599d78/activate [32m200[0m 16.168 ms - 41[0m
2024-04-24 18:42:23 info: [0mDELETE /users/63507ea6-3304-4890-b5f6-a31193599d78 [32m200[0m 16.968 ms - 73[0m
2024-04-24 18:42:23 info: [0mPOST /login [32m200[0m 7.136 ms - 130[0m
2024-04-24 18:42:23 error: [POST] /users/00000000-0000-0000-0000-000000000000/activate >> StatusCode:: 403, Message:: User_Not_Authorized::[]
2024-04-24 18:42:23 info: [0mPOST /users/00000000-0000-0000-0000-000000000000/activate [33m403[0m 8.226 ms - 42[0m
2024-04-24 18:42:23 info: [0mPOST /users [32m201[0m 15.736 ms - 132[0m
2024-04-24 18:42:23 info: [0mPOST /users/82bb991e-bc59-404c-93c2-1cb003512228/activate [32m200[0m 11.345 ms - 41[0m
2024-04-24 18:42:23 info: [0mPOST /login [32m200[0m 5.669 ms - 133[0m
2024-04-24 18:42:23 error: [POST] /users/82bb991e-bc59-404c-93c2-1cb003512228/activate >> StatusCode:: 403, Message:: User_Not_Authorized::[]
2024-04-24 18:42:23 info: [0mPOST /users/82bb991e-bc59-404c-93c2-1cb003512228/activate [33m403[0m 10.221 ms - 42[0m
2024-04-24 18:42:23 info: [0mDELETE /users/82bb991e-bc59-404c-93c2-1cb003512228 [32m200[0m 15.308 ms - 73[0m
2024-04-24 18:42:23 info: [0mPOST /login [32m200[0m 7.073 ms - 130[0m
2024-04-24 18:42:23 error: [POST] /users/00000000-0000-0000-0000-000000000000/activate >> StatusCode:: 400, Message:: User_Does_Not_Exist::["00000000-0000-0000-0000-000000000000"]
2024-04-24 18:42:23 info: [0mPOST /users/00000000-0000-0000-0000-000000000000/activate [33m400[0m 8.328 ms - 90[0m
2024-04-24 18:42:23 info: [0mPOST /login [32m200[0m 7.825 ms - 130[0m
2024-04-24 18:42:23 info: [0mPOST /users/invalid-guid/activate [33m404[0m 0.501 ms - 92[0m
2024-04-24 18:42:23 info: [0mPOST /login [32m200[0m 8.015 ms - 130[0m
2024-04-24 18:42:23 error: [POST] /users/00000000-0000-0000-0000-000000000000/activate >> StatusCode:: 401, Message:: Wrong_Authentication_Token::[]
2024-04-24 18:42:23 info: [0mPOST /users/00000000-0000-0000-0000-000000000000/activate [33m401[0m 10.363 ms - 49[0m
2024-04-24 18:42:24 info: [0mPOST /login [32m200[0m 24.557 ms - 130[0m
2024-04-24 18:42:24 info: [0mPOST /users [32m201[0m 55.465 ms - 132[0m
2024-04-24 18:42:24 info: [0mPOST /users/434484d5-3f46-4311-a1ba-564a57a5440e/deactivate [32m200[0m 16.478 ms - 43[0m
2024-04-24 18:42:24 info: [0mDELETE /users/434484d5-3f46-4311-a1ba-564a57a5440e [32m200[0m 14.891 ms - 73[0m
2024-04-24 18:42:24 info: [0mPOST /users [32m201[0m 13.833 ms - 132[0m
2024-04-24 18:42:24 info: [0mPOST /users/c8cac3d1-9b33-4d04-acf2-49b9233032c1/deactivate [32m200[0m 8.155 ms - 43[0m
2024-04-24 18:42:24 info: [0mPOST /users/c8cac3d1-9b33-4d04-acf2-49b9233032c1/deactivate [32m200[0m 7.042 ms - 43[0m
2024-04-24 18:42:24 info: [0mDELETE /users/c8cac3d1-9b33-4d04-acf2-49b9233032c1 [32m200[0m 15.349 ms - 73[0m
2024-04-24 18:42:24 info: [0mPOST /users [32m201[0m 22.948 ms - 132[0m
2024-04-24 18:42:24 info: [0mPOST /users/dde87e70-3d9c-46b1-a381-8959ef66bf2c/activate [32m200[0m 18.586 ms - 41[0m
2024-04-24 18:42:24 info: [0mPOST /users/dde87e70-3d9c-46b1-a381-8959ef66bf2c/deactivate [32m200[0m 12.471 ms - 43[0m
2024-04-24 18:42:24 info: [0mDELETE /users/dde87e70-3d9c-46b1-a381-8959ef66bf2c [32m200[0m 15.407 ms - 73[0m
2024-04-24 18:42:24 info: [0mPOST /login [32m200[0m 6.771 ms - 130[0m
2024-04-24 18:42:24 error: [POST] /users/00000000-0000-0000-0000-000000000000/deactivate >> StatusCode:: 403, Message:: User_Not_Authorized::[]
2024-04-24 18:42:24 info: [0mPOST /users/00000000-0000-0000-0000-000000000000/deactivate [33m403[0m 6.736 ms - 42[0m
2024-04-24 18:42:24 info: [0mPOST /users [32m201[0m 15.597 ms - 132[0m
2024-04-24 18:42:24 info: [0mPOST /users/7dfde17a-718d-4b0e-bbb3-c5d1174ed056/activate [32m200[0m 13.190 ms - 41[0m
2024-04-24 18:42:24 info: [0mPOST /login [32m200[0m 8.276 ms - 133[0m
2024-04-24 18:42:24 error: [POST] /users/7dfde17a-718d-4b0e-bbb3-c5d1174ed056/deactivate >> StatusCode:: 403, Message:: User_Not_Authorized::[]
2024-04-24 18:42:24 info: [0mPOST /users/7dfde17a-718d-4b0e-bbb3-c5d1174ed056/deactivate [33m403[0m 11.941 ms - 42[0m
2024-04-24 18:42:24 info: [0mDELETE /users/7dfde17a-718d-4b0e-bbb3-c5d1174ed056 [32m200[0m 65.561 ms - 73[0m
2024-04-24 18:42:25 info: [0mPOST /login [32m200[0m 12.053 ms - 130[0m
2024-04-24 18:42:25 error: [POST] /users/00000000-0000-0000-0000-000000000000/deactivate >> StatusCode:: 400, Message:: User_Does_Not_Exist::["00000000-0000-0000-0000-000000000000"]
2024-04-24 18:42:25 info: [0mPOST /users/00000000-0000-0000-0000-000000000000/deactivate [33m400[0m 13.755 ms - 90[0m
2024-04-24 18:42:25 info: [0mPOST /login [32m200[0m 12.631 ms - 130[0m
2024-04-24 18:42:25 info: [0mPOST /users/invalid-guid/deactivate [33m404[0m 0.380 ms - 94[0m
2024-04-24 18:42:25 info: [0mPOST /login [32m200[0m 10.728 ms - 130[0m
2024-04-24 18:42:25 error: [POST] /users/00000000-0000-0000-0000-000000000000/deactivate >> StatusCode:: 401, Message:: Wrong_Authentication_Token::[]
2024-04-24 18:42:25 info: [0mPOST /users/00000000-0000-0000-0000-000000000000/deactivate [33m401[0m 5.497 ms - 49[0m
2024-04-24 18:42:25 info: [0mPOST /login [32m200[0m 21.164 ms - 130[0m
2024-04-24 18:42:25 info: [0mPOST /users [32m201[0m 76.357 ms - 132[0m
2024-04-24 18:42:25 info: [0mGET /users/786b00ca-d91e-406d-8857-40d5e2768815 [32m200[0m 14.987 ms - 167[0m
2024-04-24 18:42:25 info: [0mDELETE /users/786b00ca-d91e-406d-8857-40d5e2768815 [32m200[0m 19.494 ms - 73[0m
2024-04-24 18:42:25 info: [0mPOST /login [32m200[0m 7.006 ms - 130[0m
2024-04-24 18:42:25 error: [GET] /users/00000000-0000-0000-0000-000000000000 >> StatusCode:: 403, Message:: User_Not_Authorized::[]
2024-04-24 18:42:25 info: [0mGET /users/00000000-0000-0000-0000-000000000000 [33m403[0m 6.757 ms - 42[0m
2024-04-24 18:42:25 info: [0mPOST /users [32m201[0m 17.374 ms - 132[0m
2024-04-24 18:42:25 info: [0mPOST /users/f48dfaf5-1678-41ec-b912-76e00f83c3b8/activate [32m200[0m 15.811 ms - 41[0m
2024-04-24 18:42:25 info: [0mPOST /login [32m200[0m 9.980 ms - 133[0m
2024-04-24 18:42:25 error: [GET] /users/f48dfaf5-1678-41ec-b912-76e00f83c3b8 >> StatusCode:: 403, Message:: User_Not_Authorized::[]
2024-04-24 18:42:25 info: [0mGET /users/f48dfaf5-1678-41ec-b912-76e00f83c3b8 [33m403[0m 11.882 ms - 42[0m
2024-04-24 18:42:26 info: [0mDELETE /users/f48dfaf5-1678-41ec-b912-76e00f83c3b8 [32m200[0m 65.840 ms - 73[0m
2024-04-24 18:42:26 info: [0mPOST /login [32m200[0m 8.510 ms - 130[0m
2024-04-24 18:42:26 error: [GET] /users/00000000-0000-0000-0000-000000000000 >> StatusCode:: 400, Message:: User_Does_Not_Exist::["00000000-0000-0000-0000-000000000000"]
2024-04-24 18:42:26 info: [0mGET /users/00000000-0000-0000-0000-000000000000 [33m400[0m 10.789 ms - 90[0m
2024-04-24 18:42:26 info: [0mPOST /login [32m200[0m 7.473 ms - 130[0m
2024-04-24 18:42:26 info: [0mGET /users/invalid-guid [33m404[0m 0.367 ms - 83[0m
2024-04-24 18:42:26 info: [0mPOST /login [32m200[0m 9.430 ms - 130[0m
2024-04-24 18:42:26 error: [GET] /users/00000000-0000-0000-0000-000000000000 >> StatusCode:: 401, Message:: Wrong_Authentication_Token::[]
2024-04-24 18:42:26 info: [0mGET /users/00000000-0000-0000-0000-000000000000 [33m401[0m 5.445 ms - 49[0m
2024-04-24 18:42:26 info: [0mPOST /login [32m200[0m 12.604 ms - 83[0m
2024-04-24 18:42:26 info: [0mGET /users/2eaa394a-649d-44c1-b797-4a9e4ed2f836 [32m200[0m 3.288 ms - 84[0m
2024-04-24 18:42:26 info: [0mGET /users/2eaa394a-649d-44c1-b797-4a9e4ed2f836 [32m200[0m 1.413 ms - 84[0m
