2024-04-23 19:41:59 info: =================================
2024-04-23 19:41:59 info: ======= ENV: development =======
2024-04-23 19:41:59 info: App listening on the port 5100
2024-04-23 19:41:59 info: =================================
2024-04-23 19:59:06 info: [0mPOST /login [32m200[0m 53.713 ms - 83[0m
2024-04-23 19:59:06 info: [0mGET /users/2eaa394a-649d-44c1-b797-4a9e4ed2f836 [32m200[0m 10.859 ms - 84[0m
2024-04-23 19:59:06 info: [0mGET /users/2eaa394a-649d-44c1-b797-4a9e4ed2f836 [32m200[0m 1.871 ms - 84[0m
2024-04-23 19:59:06 info: [0mPOST /login [32m200[0m 35.287 ms - 130[0m
2024-04-23 19:59:06 info: [0mPOST /login [32m200[0m 75.208 ms - 130[0m
2024-04-23 19:59:06 info: [0mPOST /login [32m200[0m 60.165 ms - 130[0m
2024-04-23 19:59:06 info: [0mPOST /login [32m200[0m 80.350 ms - 130[0m
2024-04-23 19:59:06 info: [0mPOST /login [32m200[0m 53.180 ms - 130[0m
2024-04-23 19:59:06 info: [0mPOST /login [32m200[0m 80.431 ms - 130[0m
2024-04-23 19:59:06 info: [0mPOST /login [32m200[0m 63.349 ms - 130[0m
2024-04-23 19:59:06 info: [0mPOST /login [32m200[0m 60.567 ms - 130[0m
2024-04-23 19:59:06 info: [0mDELETE /permissions/105 [33m404[0m 1.291 ms - 80[0m
2024-04-23 19:59:06 info: [0mPOST /permissions/105 [33m404[0m 1.573 ms - 80[0m
2024-04-23 19:59:06 info: [0mPOST /login [32m200[0m 8.289 ms - 130[0m
2024-04-23 19:59:06 info: [0mPOST /permissions/invalid-user-id/105 [33m404[0m 1.009 ms - 96[0m
2024-04-23 19:59:06 info: [0mDELETE /permissions/invalid-user-id/105 [33m404[0m 1.073 ms - 96[0m
2024-04-23 19:59:06 info: [0mDELETE /permissions/2c6627d9-54ba-4b80-bfed-690667855d6b/invalid-permission-id [33m404[0m 0.376 ms - 135[0m
2024-04-23 19:59:06 info: [0mPOST /permissions/2c6627d9-54ba-4b80-bfed-690667855d6b [33m404[0m 0.470 ms - 113[0m
2024-04-23 19:59:06 info: [0mDELETE /permissions [33m404[0m 0.578 ms - 76[0m
2024-04-23 19:59:06 info: [0mPOST /permissions/2c6627d9-54ba-4b80-bfed-690667855d6b/invalid-permission-id [33m404[0m 0.532 ms - 135[0m
2024-04-23 19:59:06 info: [0mDELETE /permissions/invalid-user-id/invalid-permission-id [33m404[0m 0.810 ms - 114[0m
2024-04-23 19:59:06 info: [0mPOST /permissions [33m404[0m 0.331 ms - 76[0m
2024-04-23 19:59:06 info: [0mPOST /permissions/invalid-user-id/invalid-permission-id [33m404[0m 0.309 ms - 114[0m
2024-04-23 19:59:06 info: [0mPOST /login [32m200[0m 4.185 ms - 130[0m
2024-04-23 19:59:06 info: [0mPOST /users [32m201[0m 35.861 ms - 132[0m
2024-04-23 19:59:06 info: [0mPOST /login [32m200[0m 5.194 ms - 130[0m
2024-04-23 19:59:06 info: [0mPOST /users [32m201[0m 34.939 ms - 132[0m
2024-04-23 19:59:06 info: [0mPOST /users [32m201[0m 34.154 ms - 132[0m
2024-04-23 19:59:06 info: [0mPOST /users [32m201[0m 37.092 ms - 132[0m
2024-04-23 19:59:06 info: [0mPOST /users [32m201[0m 33.758 ms - 132[0m
2024-04-23 19:59:06 info: [0mPOST /login [32m200[0m 5.913 ms - 130[0m
2024-04-23 19:59:06 info: [0mPOST /users/d4fe5efe-3278-49c9-be20-42d3c15cf135/deactivate [32m200[0m 9.710 ms - 43[0m
2024-04-23 19:59:06 info: [0mDELETE /permissions/00000000-0000-0000-0000-000000000000/105 [33m400[0m 13.490 ms - 14[0m
2024-04-23 19:59:06 info: [0mGET /users/f6bffde1-c32d-4af7-b452-fd8c856d1294 [32m200[0m 8.200 ms - 167[0m
2024-04-23 19:59:06 info: [0mPOST /permissions/00000000-0000-0000-0000-000000000000/105 [33m400[0m 11.170 ms - 14[0m
2024-04-23 19:59:06 info: [0mPOST /users/a6a7d9c9-23fe-44c5-b9e8-bc80cc29e28b/activate [32m200[0m 13.262 ms - 41[0m
2024-04-23 19:59:06 info: [0mDELETE /users/13ded790-6a9c-40d2-8699-1ff8246ce4a5 [32m200[0m 14.891 ms - 73[0m
2024-04-23 19:59:06 info: [0mDELETE /users/35d92be3-6d98-41aa-bda6-66d715d9c60b [32m200[0m 14.830 ms - 73[0m
2024-04-23 19:59:06 info: [0mPOST /users [32m201[0m 18.085 ms - 132[0m
2024-04-23 19:59:06 info: [0mDELETE /permissions/00000000-0000-0000-0000-000000000000 [33m400[0m 6.231 ms - 14[0m
2024-04-23 19:59:06 info: [0mDELETE /users/d4fe5efe-3278-49c9-be20-42d3c15cf135 [32m200[0m 12.114 ms - 73[0m
2024-04-23 19:59:06 info: [0mDELETE /users/f6bffde1-c32d-4af7-b452-fd8c856d1294 [32m200[0m 12.928 ms - 73[0m
2024-04-23 19:59:06 info: [0mPOST /login [32m200[0m 6.456 ms - 130[0m
2024-04-23 19:59:06 info: [0mDELETE /users/a6a7d9c9-23fe-44c5-b9e8-bc80cc29e28b [32m200[0m 13.298 ms - 73[0m
2024-04-23 19:59:06 info: [0mPOST /users [32m201[0m 12.414 ms - 132[0m
2024-04-23 19:59:06 error: [POST] /users >> StatusCode:: 400, Message:: Invalid_Password::[]
2024-04-23 19:59:06 info: [0mPOST /users [32m201[0m 12.904 ms - 132[0m
2024-04-23 19:59:06 info: [0mPOST /login [32m200[0m 5.345 ms - 130[0m
2024-04-23 19:59:06 info: [0mPOST /users [32m201[0m 20.048 ms - 132[0m
2024-04-23 19:59:06 info: [0mPOST /users [33m400[0m 6.304 ms - 39[0m
2024-04-23 19:59:06 error: [POST] /login >> StatusCode:: 400, Message:: Invalid_Login_Or_Password::[]
2024-04-23 19:59:06 info: [0mPOST /login [33m400[0m 4.311 ms - 48[0m
2024-04-23 19:59:06 error: [GET] /users/00000000-0000-0000-0000-000000000000 >> StatusCode:: 403, Message:: User_Not_Authorized::[]
2024-04-23 19:59:06 error: [POST] /users >> StatusCode:: 400, Message:: Invalid_Email::[]
2024-04-23 19:59:06 info: [0mPOST /users [33m400[0m 2.321 ms - 36[0m
2024-04-23 19:59:06 info: [0mPOST /users [32m201[0m 21.342 ms - 132[0m
2024-04-23 19:59:06 info: [0mGET /users/00000000-0000-0000-0000-000000000000 [33m403[0m 4.827 ms - 42[0m
2024-04-23 19:59:06 error: [POST] /users >> StatusCode:: 400, Message:: Invalid_Phone::[]
2024-04-23 19:59:06 info: [0mPOST /users [33m400[0m 2.572 ms - 36[0m
2024-04-23 19:59:06 info: [0mPOST /users/6553e723-b69e-4e10-a398-a1fa9d9b5f6e/deactivate [32m200[0m 6.004 ms - 43[0m
2024-04-23 19:59:06 info: [0mPOST /users [32m201[0m 34.611 ms - 132[0m
2024-04-23 19:59:06 info: [0mPOST /users [32m201[0m 26.549 ms - 132[0m
2024-04-23 19:59:06 info: [0mPOST /users/6553e723-b69e-4e10-a398-a1fa9d9b5f6e/deactivate [32m200[0m 4.252 ms - 43[0m
2024-04-23 19:59:06 info: [0mDELETE /users/78b8867f-f97c-4d14-b162-9950e683e709 [32m200[0m 27.513 ms - 73[0m
2024-04-23 19:59:06 info: [0mDELETE /users/c47e631f-17b1-4fb7-a7dc-5a9c9efa4bb3 [32m200[0m 23.726 ms - 73[0m
2024-04-23 19:59:06 info: [0mPOST /permissions/78b8867f-f97c-4d14-b162-9950e683e709/99 [33m400[0m 3.195 ms - 14[0m
2024-04-23 19:59:06 info: [0mPOST /users [32m201[0m 24.497 ms - 132[0m
2024-04-23 19:59:06 info: [0mPOST /login [32m200[0m 4.105 ms - 130[0m
2024-04-23 19:59:06 info: [0mPOST /users/be5c4ad9-5a91-4adf-bd78-875704034c34/activate [32m200[0m 20.237 ms - 41[0m
2024-04-23 19:59:06 info: [0mPOST /users [32m201[0m 28.107 ms - 132[0m
2024-04-23 19:59:06 info: [0mDELETE /users/0d48288d-9421-4f12-8065-5446504affd8 [32m200[0m 23.060 ms - 73[0m
2024-04-23 19:59:06 info: [0mDELETE /users/6553e723-b69e-4e10-a398-a1fa9d9b5f6e [32m200[0m 14.063 ms - 73[0m
2024-04-23 19:59:06 info: [0mDELETE /users/b42f858f-7613-4b39-8eb1-a6bafc555313 [32m200[0m 14.558 ms - 73[0m
2024-04-23 19:59:06 error: [POST] /permissions/00000000-0000-0000-0000-000000000000/100 >> StatusCode:: 401, Message:: Wrong_Authentication_Token::[]
2024-04-23 19:59:06 info: [0mPOST /permissions/7c034fcd-6ca6-4eeb-89e1-934d468f7019/100 [32m201[0m 50.408 ms - 43[0m
2024-04-23 19:59:06 info: [0mDELETE /permissions/0d48288d-9421-4f12-8065-5446504affd8/99 [33m400[0m 4.183 ms - 14[0m
2024-04-23 19:59:06 error: [POST] /users >> StatusCode:: 400, Message:: User_Already_Exists::["qbfryigd6@email.com","886527918"]
2024-04-23 19:59:06 info: [0mPOST /users/064e62b9-5011-44a6-9052-7dc934766cd4/activate [32m200[0m 13.253 ms - 41[0m
2024-04-23 19:59:06 info: [0mPOST /permissions/00000000-0000-0000-0000-000000000000/100 [33m401[0m 6.582 ms - 49[0m
2024-04-23 19:59:06 info: [0mPOST /users/be5c4ad9-5a91-4adf-bd78-875704034c34/activate [32m200[0m 5.176 ms - 41[0m
2024-04-23 19:59:06 info: [0mPOST /users [33m400[0m 5.737 ms - 85[0m
2024-04-23 19:59:06 info: [0mPOST /users [32m201[0m 11.404 ms - 132[0m
2024-04-23 19:59:06 info: [0mPOST /login [32m200[0m 4.518 ms - 130[0m
2024-04-23 19:59:06 info: [0mPOST /login [32m200[0m 4.455 ms - 133[0m
2024-04-23 19:59:06 info: [0mPOST /users [32m201[0m 12.237 ms - 132[0m
2024-04-23 19:59:06 info: [0mPOST /login [32m200[0m 4.385 ms - 130[0m
2024-04-23 19:59:06 error: [DELETE] /permissions/00000000-0000-0000-0000-000000000000/100 >> StatusCode:: 401, Message:: Wrong_Authentication_Token::[]
2024-04-23 19:59:06 info: [0mDELETE /users/be5c4ad9-5a91-4adf-bd78-875704034c34 [32m200[0m 9.560 ms - 73[0m
2024-04-23 19:59:06 error: [POST] /permissions/00000000-0000-0000-0000-000000000000/100 >> StatusCode:: 403, Message:: User_Not_Authorized::[]
2024-04-23 19:59:06 info: [0mDELETE /permissions/00000000-0000-0000-0000-000000000000/100 [33m401[0m 2.501 ms - 49[0m
2024-04-23 19:59:06 error: [GET] /users/064e62b9-5011-44a6-9052-7dc934766cd4 >> StatusCode:: 403, Message:: User_Not_Authorized::[]
2024-04-23 19:59:06 info: [0mDELETE /users/7c034fcd-6ca6-4eeb-89e1-934d468f7019 [32m200[0m 17.456 ms - 73[0m
2024-04-23 19:59:06 info: [0mDELETE /users/68763146-49a5-4c97-bdb3-57651943bf32 [32m200[0m 12.198 ms - 73[0m
2024-04-23 19:59:06 info: [0mPOST /permissions/00000000-0000-0000-0000-000000000000/100 [33m403[0m 2.538 ms - 42[0m
2024-04-23 19:59:06 info: [0mGET /users/064e62b9-5011-44a6-9052-7dc934766cd4 [33m403[0m 4.679 ms - 42[0m
2024-04-23 19:59:06 info: [0mPOST /login [32m200[0m 5.239 ms - 130[0m
2024-04-23 19:59:06 info: [0mPOST /users [32m201[0m 10.995 ms - 132[0m
2024-04-23 19:59:06 info: [0mPOST /users/48797835-fafd-46ce-9772-e259c0eb925a/activate [32m200[0m 12.771 ms - 41[0m
2024-04-23 19:59:06 error: [DELETE] /permissions/00000000-0000-0000-0000-000000000000/100 >> StatusCode:: 403, Message:: User_Not_Authorized::[]
2024-04-23 19:59:06 error: [POST] /login >> StatusCode:: 400, Message:: Invalid_Login_Or_Password::[]
2024-04-23 19:59:06 info: [0mDELETE /permissions/00000000-0000-0000-0000-000000000000/100 [33m403[0m 1.398 ms - 42[0m
2024-04-23 19:59:06 info: [0mPOST /users [32m201[0m 12.851 ms - 132[0m
2024-04-23 19:59:06 info: [0mPOST /login [33m400[0m 2.771 ms - 48[0m
2024-04-23 19:59:06 info: [0mPOST /users [32m201[0m 12.051 ms - 132[0m
2024-04-23 19:59:06 info: [0mDELETE /users/064e62b9-5011-44a6-9052-7dc934766cd4 [32m200[0m 12.165 ms - 73[0m
2024-04-23 19:59:06 info: [0mPOST /users [32m201[0m 13.191 ms - 132[0m
2024-04-23 19:59:06 info: [0mPOST /users [32m201[0m 10.848 ms - 132[0m
2024-04-23 19:59:06 info: [0mPOST /users/48797835-fafd-46ce-9772-e259c0eb925a/deactivate [32m200[0m 10.206 ms - 43[0m
2024-04-23 19:59:06 info: [0mPOST /login [32m200[0m 4.483 ms - 130[0m
2024-04-23 19:59:06 error: [POST] /users >> StatusCode:: 400, Message:: User_Already_Exists::["VXUKYMWA5@EMAIL.COM","884955427"]
2024-04-23 19:59:06 info: [0mPOST /users [32m201[0m 11.134 ms - 132[0m
2024-04-23 19:59:06 info: [0mPOST /users [33m400[0m 5.853 ms - 85[0m
2024-04-23 19:59:06 info: [0mDELETE /users/eadaf8ff-842f-4c23-9515-7a5a8bc956bb [32m200[0m 12.026 ms - 73[0m
2024-04-23 19:59:06 info: [0mPOST /users/3a08569c-63a6-447c-98d2-93d6999f19d6/activate [32m200[0m 11.418 ms - 41[0m
2024-04-23 19:59:06 error: [GET] /users/00000000-0000-0000-0000-000000000000 >> StatusCode:: 400, Message:: User_Does_Not_Exist::["00000000-0000-0000-0000-000000000000"]
2024-04-23 19:59:06 info: [0mPOST /users/0ed32ef4-52d1-4d8c-be34-85c6c27ea366/activate [32m200[0m 15.187 ms - 41[0m
2024-04-23 19:59:06 info: [0mPOST /users/3fc10589-dc23-4d83-b1fc-3ab411b459bd/activate [32m200[0m 14.910 ms - 41[0m
2024-04-23 19:59:06 info: [0mDELETE /users/48797835-fafd-46ce-9772-e259c0eb925a [32m200[0m 10.207 ms - 73[0m
2024-04-23 19:59:06 info: [0mGET /users/00000000-0000-0000-0000-000000000000 [33m400[0m 5.380 ms - 90[0m
2024-04-23 19:59:06 info: [0mPOST /login [32m200[0m 5.193 ms - 133[0m
2024-04-23 19:59:06 info: [0mPOST /users/b8baa433-9b5d-44fc-bc22-b12db8cc521f/activate [32m200[0m 13.112 ms - 41[0m
2024-04-23 19:59:06 info: [0mPOST /login [32m200[0m 4.917 ms - 130[0m
2024-04-23 19:59:06 info: [0mDELETE /users/d21a1009-2271-420a-a9b5-911e0656e1dc [32m200[0m 14.195 ms - 73[0m
2024-04-23 19:59:06 info: [0mDELETE /users/3a08569c-63a6-447c-98d2-93d6999f19d6 [32m200[0m 10.508 ms - 73[0m
2024-04-23 19:59:06 info: [0mPOST /login [32m200[0m 4.225 ms - 130[0m
2024-04-23 19:59:06 error: [POST] /permissions/0ed32ef4-52d1-4d8c-be34-85c6c27ea366/100 >> StatusCode:: 403, Message:: User_Not_Authorized::[]
2024-04-23 19:59:06 error: [POST] /users/00000000-0000-0000-0000-000000000000/deactivate >> StatusCode:: 403, Message:: User_Not_Authorized::[]
2024-04-23 19:59:06 info: [0mDELETE /users/f16ebe87-7988-4e3f-98c1-771fc835720d [32m200[0m 13.604 ms - 73[0m
2024-04-23 19:59:07 info: [0mGET /users/invalid-guid [33m404[0m 0.526 ms - 83[0m
2024-04-23 19:59:07 info: [0mPOST /permissions/0ed32ef4-52d1-4d8c-be34-85c6c27ea366/100 [33m403[0m 4.861 ms - 42[0m
2024-04-23 19:59:07 info: [0mPOST /permissions/3fc10589-dc23-4d83-b1fc-3ab411b459bd/200 [32m201[0m 14.649 ms - 43[0m
2024-04-23 19:59:07 info: [0mPOST /users/00000000-0000-0000-0000-000000000000/deactivate [33m403[0m 5.224 ms - 42[0m
2024-04-23 19:59:07 error: [POST] /login >> StatusCode:: 400, Message:: Invalid_Login_Or_Password::[]
2024-04-23 19:59:07 info: [0mPOST /login [32m200[0m 5.518 ms - 130[0m
2024-04-23 19:59:07 info: [0mPOST /login [32m200[0m 5.031 ms - 130[0m
2024-04-23 19:59:07 info: [0mPOST /login [33m400[0m 2.668 ms - 48[0m
2024-04-23 19:59:07 info: [0mPOST /permissions/b8baa433-9b5d-44fc-bc22-b12db8cc521f/100 [32m201[0m 12.966 ms - 43[0m
2024-04-23 19:59:07 info: [0mPOST /login [32m200[0m 5.370 ms - 130[0m
2024-04-23 19:59:07 error: [POST] /users/00000000-0000-0000-0000-000000000000/activate >> StatusCode:: 403, Message:: User_Not_Authorized::[]
2024-04-23 19:59:07 error: [POST] /login >> StatusCode:: 400, Message:: Invalid_Login_Or_Password::[]
2024-04-23 19:59:07 error: [POST] /users >> StatusCode:: 403, Message:: User_Not_Authorized::[]
2024-04-23 19:59:07 info: [0mPOST /login [33m400[0m 1.539 ms - 48[0m
2024-04-23 19:59:07 info: [0mPOST /login [32m200[0m 6.174 ms - 133[0m
2024-04-23 19:59:07 info: [0mPOST /users [33m403[0m 3.836 ms - 42[0m
2024-04-23 19:59:07 error: [POST] /login >> StatusCode:: 400, Message:: Invalid_Login_Or_Password::[]
2024-04-23 19:59:07 error: [GET] /users/00000000-0000-0000-0000-000000000000 >> StatusCode:: 401, Message:: Wrong_Authentication_Token::[]
2024-04-23 19:59:07 info: [0mPOST /users/00000000-0000-0000-0000-000000000000/activate [33m403[0m 5.814 ms - 42[0m
2024-04-23 19:59:07 info: [0mPOST /login [33m400[0m 1.523 ms - 48[0m
2024-04-23 19:59:07 info: [0mDELETE /users/0ed32ef4-52d1-4d8c-be34-85c6c27ea366 [32m200[0m 13.121 ms - 73[0m
2024-04-23 19:59:07 info: [0mGET /users/00000000-0000-0000-0000-000000000000 [33m401[0m 2.686 ms - 49[0m
2024-04-23 19:59:07 info: [0mPOST /login [32m200[0m 4.819 ms - 133[0m
2024-04-23 19:59:07 info: [0mPOST /users [32m201[0m 12.604 ms - 132[0m
2024-04-23 19:59:07 info: [0mPOST /permissions/3fc10589-dc23-4d83-b1fc-3ab411b459bd/100 [32m201[0m 10.218 ms - 43[0m
2024-04-23 19:59:07 error: [DELETE] /permissions/b8baa433-9b5d-44fc-bc22-b12db8cc521f/100 >> StatusCode:: 403, Message:: User_Not_Authorized::[]
2024-04-23 19:59:07 info: [0mPOST /login [32m200[0m 6.719 ms - 130[0m
2024-04-23 19:59:07 info: [0mDELETE /permissions/b8baa433-9b5d-44fc-bc22-b12db8cc521f/100 [33m403[0m 4.921 ms - 42[0m
2024-04-23 19:59:07 info: [0mPOST /users [32m201[0m 11.782 ms - 132[0m
2024-04-23 19:59:07 info: [0mPOST /users [32m201[0m 10.472 ms - 132[0m
2024-04-23 19:59:07 info: [0mPOST /users [32m201[0m 11.290 ms - 132[0m
2024-04-23 19:59:07 error: [POST] /login >> StatusCode:: 400, Message:: Invalid_Login_Or_Password::[]
2024-04-23 19:59:07 info: [0mPOST /login [33m400[0m 1.891 ms - 48[0m
2024-04-23 19:59:07 info: [0mPOST /users/d7ab1dfd-3423-40bb-9e7d-9cbea31c3dce/activate [32m200[0m 11.743 ms - 41[0m
2024-04-23 19:59:07 error: [POST] /login >> StatusCode:: 400, Message:: Invalid_Login_Or_Password::[]
2024-04-23 19:59:07 info: [0mPOST /login [33m400[0m 1.678 ms - 48[0m
2024-04-23 19:59:07 info: [0mPOST /users [32m201[0m 11.503 ms - 132[0m
2024-04-23 19:59:07 info: [0mDELETE /users/3fc10589-dc23-4d83-b1fc-3ab411b459bd [32m200[0m 14.245 ms - 73[0m
2024-04-23 19:59:07 error: [POST] /login >> StatusCode:: 400, Message:: Invalid_Login_Or_Password::[]
2024-04-23 19:59:07 info: [0mPOST /login [33m400[0m 1.397 ms - 48[0m
2024-04-23 19:59:07 info: [0mDELETE /users/b8baa433-9b5d-44fc-bc22-b12db8cc521f [32m200[0m 15.389 ms - 73[0m
2024-04-23 19:59:07 info: [0mPOST /users/fb822fb6-191b-4dff-afd7-3f1c4ed74de1/activate [32m200[0m 11.236 ms - 41[0m
2024-04-23 19:59:07 info: [0mPOST /login [32m200[0m 4.686 ms - 133[0m
2024-04-23 19:59:07 error: [POST] /login >> StatusCode:: 400, Message:: Invalid_Login_Or_Password::[]
2024-04-23 19:59:07 info: [0mPOST /users/341122e8-db12-4e6e-a0c7-595256cf50a4/activate [32m200[0m 11.905 ms - 41[0m
2024-04-23 19:59:07 info: [0mPOST /login [33m400[0m 1.507 ms - 48[0m
2024-04-23 19:59:07 info: [0mPOST /login [32m200[0m 4.948 ms - 130[0m
2024-04-23 19:59:07 error: [POST] /users/d7ab1dfd-3423-40bb-9e7d-9cbea31c3dce/deactivate >> StatusCode:: 403, Message:: User_Not_Authorized::[]
2024-04-23 19:59:07 info: [0mPOST /users/d7ab1dfd-3423-40bb-9e7d-9cbea31c3dce/deactivate [33m403[0m 4.608 ms - 42[0m
2024-04-23 19:59:07 info: [0mPOST /login [32m200[0m 5.380 ms - 133[0m
2024-04-23 19:59:07 info: [0mPOST /login [32m200[0m 4.960 ms - 130[0m
2024-04-23 19:59:07 info: [0mPOST /login [32m200[0m 5.014 ms - 133[0m
2024-04-23 19:59:07 error: [DELETE] /users/00000000-0000-0000-0000-000000000000 >> StatusCode:: 403, Message:: User_Not_Authorized::[]
2024-04-23 19:59:07 info: [0mPOST /users/066117a7-f884-4793-9bb7-956940fe85bc/activate [32m200[0m 12.806 ms - 41[0m
2024-04-23 19:59:07 info: [0mDELETE /users/00000000-0000-0000-0000-000000000000 [33m403[0m 2.278 ms - 42[0m
2024-04-23 19:59:07 error: [POST] /users/fb822fb6-191b-4dff-afd7-3f1c4ed74de1/activate >> StatusCode:: 403, Message:: User_Not_Authorized::[]
2024-04-23 19:59:07 error: [POST] /users >> StatusCode:: 403, Message:: User_Not_Authorized::[]
2024-04-23 19:59:07 info: [0mPOST /users/fb822fb6-191b-4dff-afd7-3f1c4ed74de1/activate [33m403[0m 4.011 ms - 42[0m
2024-04-23 19:59:07 info: [0mPOST /users [33m403[0m 4.761 ms - 42[0m
2024-04-23 19:59:07 info: [0mDELETE /users/cf4cb8e8-25d5-4a45-9a5f-64f8c70eb23a [32m200[0m 12.002 ms - 73[0m
2024-04-23 19:59:07 info: [0mDELETE /users/d7ab1dfd-3423-40bb-9e7d-9cbea31c3dce [32m200[0m 10.219 ms - 73[0m
2024-04-23 19:59:07 info: [0mPOST /users [32m201[0m 9.737 ms - 132[0m
2024-04-23 19:59:07 error: [POST] /login >> StatusCode:: 400, Message:: Invalid_Login_Or_Password::[]
2024-04-23 19:59:07 info: [0mPOST /permissions/066117a7-f884-4793-9bb7-956940fe85bc/200 [32m201[0m 12.136 ms - 43[0m
2024-04-23 19:59:07 info: [0mPOST /users [32m201[0m 9.739 ms - 132[0m
2024-04-23 19:59:07 info: [0mPOST /login [33m400[0m 2.422 ms - 48[0m
2024-04-23 19:59:07 info: [0mPOST /login [32m200[0m 4.846 ms - 130[0m
2024-04-23 19:59:07 info: [0mDELETE /users/fb822fb6-191b-4dff-afd7-3f1c4ed74de1 [32m200[0m 9.947 ms - 73[0m
2024-04-23 19:59:07 info: [0mDELETE /users/341122e8-db12-4e6e-a0c7-595256cf50a4 [32m200[0m 11.398 ms - 73[0m
2024-04-23 19:59:07 error: [POST] /login >> StatusCode:: 400, Message:: Invalid_Login_Or_Password::[]
2024-04-23 19:59:07 info: [0mPOST /login [32m200[0m 5.157 ms - 133[0m
2024-04-23 19:59:07 info: [0mPOST /login [33m400[0m 2.768 ms - 48[0m
2024-04-23 19:59:07 error: [POST] /users/00000000-0000-0000-0000-000000000000/deactivate >> StatusCode:: 400, Message:: User_Does_Not_Exist::["00000000-0000-0000-0000-000000000000"]
2024-04-23 19:59:07 info: [0mPOST /users/875193a3-1a7b-47fe-a7cc-e0506fb3282e/activate [32m200[0m 12.141 ms - 41[0m
2024-04-23 19:59:07 info: [0mPOST /users/00000000-0000-0000-0000-000000000000/deactivate [33m400[0m 5.983 ms - 90[0m
2024-04-23 19:59:07 info: [0mPOST /login [32m200[0m 5.483 ms - 130[0m
2024-04-23 19:59:07 info: [0mPOST /login [32m200[0m 6.223 ms - 130[0m
2024-04-23 19:59:07 info: [0mPOST /users/a2316d1b-04cf-4fbf-aa62-067ff79e9c94/activate [32m200[0m 13.070 ms - 41[0m
2024-04-23 19:59:07 info: [0mPOST /permissions/066117a7-f884-4793-9bb7-956940fe85bc/100 [32m201[0m 9.488 ms - 43[0m
2024-04-23 19:59:07 error: [POST] /users/00000000-0000-0000-0000-000000000000/activate >> StatusCode:: 400, Message:: User_Does_Not_Exist::["00000000-0000-0000-0000-000000000000"]
2024-04-23 19:59:07 error: [POST] /users >> StatusCode:: 401, Message:: Wrong_Authentication_Token::[]
2024-04-23 19:59:07 info: [0mPOST /users [33m401[0m 2.911 ms - 49[0m
2024-04-23 19:59:07 info: [0mPOST /users [32m201[0m 15.444 ms - 132[0m
2024-04-23 19:59:07 info: [0mPOST /users/00000000-0000-0000-0000-000000000000/activate [33m400[0m 4.808 ms - 90[0m
2024-04-23 19:59:07 info: [0mPOST /permissions/875193a3-1a7b-47fe-a7cc-e0506fb3282e/201 [32m201[0m 15.531 ms - 43[0m
2024-04-23 19:59:07 info: [0mPOST /login [32m200[0m 12.086 ms - 130[0m
2024-04-23 19:59:07 info: [0mPOST /login [32m200[0m 6.387 ms - 133[0m
2024-04-23 19:59:07 info: [0mPOST /users/invalid-guid/deactivate [33m404[0m 1.161 ms - 94[0m
2024-04-23 19:59:07 error: [DELETE] /users/a2316d1b-04cf-4fbf-aa62-067ff79e9c94 >> StatusCode:: 403, Message:: User_Not_Authorized::[]
2024-04-23 19:59:07 info: [0mDELETE /users/a2316d1b-04cf-4fbf-aa62-067ff79e9c94 [33m403[0m 6.405 ms - 42[0m
2024-04-23 19:59:07 info: [0mPOST /login [32m200[0m 7.071 ms - 130[0m
2024-04-23 19:59:07 info: [0mPOST /users [32m201[0m 14.106 ms - 132[0m
2024-04-23 19:59:07 info: [0mPOST /permissions/875193a3-1a7b-47fe-a7cc-e0506fb3282e/200 [32m201[0m 14.015 ms - 43[0m
2024-04-23 19:59:07 info: [0mDELETE /users/066117a7-f884-4793-9bb7-956940fe85bc [32m200[0m 19.593 ms - 73[0m
2024-04-23 19:59:07 info: [0mPOST /users/aebe1bd5-95f1-4a98-9127-9bc6d12ff318/activate [32m200[0m 17.767 ms - 41[0m
2024-04-23 19:59:07 info: [0mPOST /users/invalid-guid/activate [33m404[0m 1.399 ms - 92[0m
2024-04-23 19:59:07 info: [0mPOST /login [32m200[0m 6.918 ms - 130[0m
2024-04-23 19:59:07 error: [POST] /users/00000000-0000-0000-0000-000000000000/deactivate >> StatusCode:: 401, Message:: Wrong_Authentication_Token::[]
2024-04-23 19:59:07 info: [0mDELETE /users/a2316d1b-04cf-4fbf-aa62-067ff79e9c94 [32m200[0m 14.287 ms - 73[0m
2024-04-23 19:59:07 info: [0mPOST /login [32m200[0m 5.860 ms - 133[0m
2024-04-23 19:59:07 info: [0mPOST /users/00000000-0000-0000-0000-000000000000/deactivate [33m401[0m 2.263 ms - 49[0m
2024-04-23 19:59:07 info: [0mPOST /login [32m200[0m 4.884 ms - 130[0m
2024-04-23 19:59:07 error: [POST] /login >> StatusCode:: 400, Message:: Invalid_Login_Or_Password::[]
2024-04-23 19:59:07 info: [0mPOST /users/b92b9902-50c9-4ad4-94e2-43b18b32c29a/activate [32m200[0m 12.569 ms - 41[0m
2024-04-23 19:59:07 info: [0mPOST /login [33m400[0m 8.530 ms - 48[0m
2024-04-23 19:59:07 error: [POST] /users/00000000-0000-0000-0000-000000000000/activate >> StatusCode:: 401, Message:: Wrong_Authentication_Token::[]
2024-04-23 19:59:07 info: [0mPOST /users [32m201[0m 13.536 ms - 132[0m
2024-04-23 19:59:07 info: [0mPOST /users/00000000-0000-0000-0000-000000000000/activate [33m401[0m 4.513 ms - 49[0m
2024-04-23 19:59:07 info: [0mPOST /login [32m200[0m 8.163 ms - 130[0m
2024-04-23 19:59:07 info: [0mPOST /login [32m200[0m 5.834 ms - 133[0m
2024-04-23 19:59:07 info: [0mDELETE /permissions/875193a3-1a7b-47fe-a7cc-e0506fb3282e/200 [32m200[0m 13.234 ms - 45[0m
2024-04-23 19:59:07 info: [0mDELETE /users/aebe1bd5-95f1-4a98-9127-9bc6d12ff318 [32m200[0m 11.313 ms - 73[0m
2024-04-23 19:59:07 error: [DELETE] /users/00000000-0000-0000-0000-000000000000 >> StatusCode:: 400, Message:: User_Does_Not_Exist::["00000000-0000-0000-0000-000000000000"]
2024-04-23 19:59:07 info: [0mDELETE /users/00000000-0000-0000-0000-000000000000 [33m400[0m 5.586 ms - 90[0m
2024-04-23 19:59:07 error: [POST] /permissions/875193a3-1a7b-47fe-a7cc-e0506fb3282e/200 >> StatusCode:: 403, Message:: User_Not_Authorized::[]
2024-04-23 19:59:07 info: [0mPOST /permissions/74531131-ff85-4c8e-9db8-14db570356ad/100 [32m201[0m 12.037 ms - 43[0m
2024-04-23 19:59:07 info: [0mPOST /permissions/875193a3-1a7b-47fe-a7cc-e0506fb3282e/200 [33m403[0m 9.132 ms - 42[0m
2024-04-23 19:59:07 info: [0mDELETE /users/b92b9902-50c9-4ad4-94e2-43b18b32c29a [32m200[0m 12.518 ms - 73[0m
2024-04-23 19:59:07 info: [0mPOST /permissions/74531131-ff85-4c8e-9db8-14db570356ad/100 [32m201[0m 5.042 ms - 43[0m
2024-04-23 19:59:07 error: [POST] /users >> StatusCode:: 401, Message:: Wrong_Authentication_Token::[]
2024-04-23 19:59:07 info: [0mPOST /users [32m201[0m 10.163 ms - 132[0m
2024-04-23 19:59:07 info: [0mPOST /users [32m201[0m 10.437 ms - 132[0m
2024-04-23 19:59:07 info: [0mPOST /users [33m401[0m 3.795 ms - 49[0m
2024-04-23 19:59:07 info: [0mDELETE /users/875193a3-1a7b-47fe-a7cc-e0506fb3282e [32m200[0m 12.395 ms - 73[0m
2024-04-23 19:59:07 info: [0mPOST /users/b4f3493e-1cd4-415f-8bed-8e77d5545de4/activate [32m200[0m 10.406 ms - 41[0m
2024-04-23 19:59:07 info: [0mPOST /users/7404dd0b-fa45-49fa-b997-43a82c0aa011/activate [32m200[0m 10.502 ms - 41[0m
2024-04-23 19:59:07 info: [0mDELETE /users/74531131-ff85-4c8e-9db8-14db570356ad [32m200[0m 16.588 ms - 73[0m
2024-04-23 19:59:07 info: [0mPOST /users [32m201[0m 9.338 ms - 132[0m
2024-04-23 19:59:07 error: [POST] /login >> StatusCode:: 400, Message:: Invalid_Login_Or_Password::[]
2024-04-23 19:59:07 info: [0mPOST /login [33m400[0m 8.758 ms - 48[0m
2024-04-23 19:59:07 info: [0mPOST /permissions/7404dd0b-fa45-49fa-b997-43a82c0aa011/200 [32m201[0m 8.293 ms - 43[0m
2024-04-23 19:59:07 info: [0mDELETE /permissions/dad4b512-c0a6-4d62-91bb-cb26e1e5b889/100 [32m200[0m 6.852 ms - 45[0m
2024-04-23 19:59:07 info: [0mDELETE /users/b4f3493e-1cd4-415f-8bed-8e77d5545de4 [32m200[0m 9.262 ms - 73[0m
2024-04-23 19:59:07 info: [0mPOST /users [32m201[0m 12.190 ms - 132[0m
2024-04-23 19:59:07 info: [0mDELETE /users/dad4b512-c0a6-4d62-91bb-cb26e1e5b889 [32m200[0m 9.190 ms - 73[0m
2024-04-23 19:59:07 info: [0mPOST /users [32m201[0m 8.902 ms - 132[0m
2024-04-23 19:59:07 info: [0mPOST /users/89c1c746-2410-474f-b5c9-165a2936deeb/activate [32m200[0m 8.627 ms - 41[0m
2024-04-23 19:59:07 info: [0mPOST /users [32m201[0m 9.202 ms - 132[0m
2024-04-23 19:59:07 info: [0mPOST /login [32m200[0m 4.631 ms - 133[0m
2024-04-23 19:59:07 info: [0mPOST /users/c78fe68b-f3d4-4271-a755-a6572e9e4a73/activate [32m200[0m 10.575 ms - 41[0m
2024-04-23 19:59:07 error: [POST] /login >> StatusCode:: 400, Message:: Invalid_Login_Or_Password::[]
2024-04-23 19:59:07 info: [0mPOST /login [33m400[0m 7.210 ms - 48[0m
2024-04-23 19:59:07 info: [0mPOST /users/1a82faf3-a840-4985-9566-b1c4f44253db/activate [32m200[0m 13.956 ms - 41[0m
2024-04-23 19:59:07 info: [0mPOST /permissions/89c1c746-2410-474f-b5c9-165a2936deeb/100 [32m201[0m 10.468 ms - 43[0m
2024-04-23 19:59:07 error: [DELETE] /users/7404dd0b-fa45-49fa-b997-43a82c0aa011 >> StatusCode:: 400, Message:: Object_Is_Connected_With_Another_And_Can_Not_Be_Deleted::["7404dd0b-fa45-49fa-b997-43a82c0aa011","SystemPermission_AssignedBy"]
2024-04-23 19:59:07 error: [POST] /login >> StatusCode:: 400, Message:: Invalid_Login_Or_Password::[]
2024-04-23 19:59:07 info: [0mDELETE /users/7404dd0b-fa45-49fa-b997-43a82c0aa011 [33m400[0m 5.115 ms - 156[0m
2024-04-23 19:59:07 info: [0mPOST /login [33m400[0m 7.344 ms - 48[0m
2024-04-23 19:59:07 info: [0mPOST /permissions/1a82faf3-a840-4985-9566-b1c4f44253db/200 [32m201[0m 8.040 ms - 43[0m
2024-04-23 19:59:07 info: [0mPOST /login [32m200[0m 4.513 ms - 133[0m
2024-04-23 19:59:07 error: [POST] /login >> StatusCode:: 400, Message:: Invalid_Login_Or_Password::[]
2024-04-23 19:59:07 info: [0mDELETE /permissions/7404dd0b-fa45-49fa-b997-43a82c0aa011 [32m200[0m 12.982 ms - 45[0m
2024-04-23 19:59:07 info: [0mPOST /login [33m400[0m 14.384 ms - 48[0m
2024-04-23 19:59:07 info: [0mPOST /permissions/1a82faf3-a840-4985-9566-b1c4f44253db/101 [32m201[0m 9.596 ms - 43[0m
2024-04-23 19:59:07 error: [POST] /login >> StatusCode:: 400, Message:: User_Is_Locked_Out::[]
2024-04-23 19:59:07 info: [0mPOST /login [33m400[0m 4.217 ms - 41[0m
2024-04-23 19:59:07 info: [0mDELETE /permissions/89c1c746-2410-474f-b5c9-165a2936deeb [32m200[0m 11.085 ms - 45[0m
2024-04-23 19:59:07 info: [0mDELETE /permissions/1a82faf3-a840-4985-9566-b1c4f44253db [32m200[0m 10.451 ms - 45[0m
2024-04-23 19:59:07 info: [0mDELETE /users/c78fe68b-f3d4-4271-a755-a6572e9e4a73 [32m200[0m 12.318 ms - 73[0m
2024-04-23 19:59:07 info: [0mDELETE /users/7404dd0b-fa45-49fa-b997-43a82c0aa011 [32m200[0m 11.605 ms - 73[0m
2024-04-23 19:59:07 error: [GET] /users/1a82faf3-a840-4985-9566-b1c4f44253db >> StatusCode:: 403, Message:: User_Not_Authorized::[]
2024-04-23 19:59:07 info: [0mGET /users/1a82faf3-a840-4985-9566-b1c4f44253db [33m403[0m 5.346 ms - 42[0m
2024-04-23 19:59:07 error: [POST] /permissions/1a82faf3-a840-4985-9566-b1c4f44253db/101 >> StatusCode:: 403, Message:: User_Not_Authorized::[]
2024-04-23 19:59:07 info: [0mPOST /permissions/1a82faf3-a840-4985-9566-b1c4f44253db/101 [33m403[0m 3.906 ms - 42[0m
2024-04-23 19:59:07 info: [0mPOST /users [32m201[0m 9.635 ms - 132[0m
2024-04-23 19:59:07 info: [0mDELETE /users/89c1c746-2410-474f-b5c9-165a2936deeb [32m200[0m 10.302 ms - 73[0m
2024-04-23 19:59:07 info: [0mPOST /login [32m200[0m 3.720 ms - 130[0m
2024-04-23 19:59:07 info: [0mDELETE /users/1a82faf3-a840-4985-9566-b1c4f44253db [32m200[0m 8.894 ms - 73[0m
2024-04-23 19:59:07 info: [0mPOST /users/4f1c22ae-578e-4e65-904f-2f4bb2f6e6be/activate [32m200[0m 8.912 ms - 41[0m
2024-04-23 19:59:07 info: [0mDELETE /users/invalid-guid [33m404[0m 0.604 ms - 83[0m
2024-04-23 19:59:07 info: [0mPOST /login [32m200[0m 3.855 ms - 130[0m
2024-04-23 19:59:07 error: [POST] /login >> StatusCode:: 400, Message:: Invalid_Login_Or_Password::[]
2024-04-23 19:59:07 info: [0mPOST /login [33m400[0m 8.122 ms - 48[0m
2024-04-23 19:59:07 error: [DELETE] /users/00000000-0000-0000-0000-000000000000 >> StatusCode:: 401, Message:: Wrong_Authentication_Token::[]
2024-04-23 19:59:07 info: [0mDELETE /users/00000000-0000-0000-0000-000000000000 [33m401[0m 1.470 ms - 49[0m
2024-04-23 19:59:07 error: [POST] /login >> StatusCode:: 400, Message:: Invalid_Login_Or_Password::[]
2024-04-23 19:59:07 info: [0mPOST /login [33m400[0m 7.960 ms - 48[0m
2024-04-23 19:59:07 error: [POST] /login >> StatusCode:: 400, Message:: Invalid_Login_Or_Password::[]
2024-04-23 19:59:07 info: [0mPOST /login [33m400[0m 11.617 ms - 48[0m
2024-04-23 19:59:07 error: [POST] /login >> StatusCode:: 400, Message:: User_Is_Locked_Out::[]
2024-04-23 19:59:07 info: [0mPOST /login [33m400[0m 2.431 ms - 41[0m
2024-04-23 19:59:07 info: [0mDELETE /users/4f1c22ae-578e-4e65-904f-2f4bb2f6e6be [32m200[0m 9.875 ms - 73[0m
2024-04-23 19:59:07 info: [0mPOST /users [32m201[0m 9.157 ms - 132[0m
2024-04-23 19:59:07 info: [0mPOST /users/ea1502ea-01a6-4c69-afbc-84d7739b0735/deactivate [32m200[0m 4.934 ms - 43[0m
2024-04-23 19:59:07 error: [POST] /login >> StatusCode:: 400, Message:: User_Is_Not_Active::[]
2024-04-23 19:59:07 info: [0mPOST /login [33m400[0m 2.135 ms - 41[0m
2024-04-23 19:59:07 info: [0mDELETE /users/ea1502ea-01a6-4c69-afbc-84d7739b0735 [32m200[0m 8.389 ms - 73[0m
2024-04-23 19:59:07 info: [0mPOST /users [32m201[0m 9.854 ms - 132[0m
2024-04-23 19:59:07 info: [0mPOST /users/f06ebc84-4668-43ae-9e5a-6c95ea4c83af/deactivate [32m200[0m 5.194 ms - 43[0m
2024-04-23 19:59:07 error: [POST] /login >> StatusCode:: 400, Message:: User_Is_Not_Active::[]
2024-04-23 19:59:07 info: [0mPOST /login [33m400[0m 2.532 ms - 41[0m
2024-04-23 19:59:07 info: [0mDELETE /users/f06ebc84-4668-43ae-9e5a-6c95ea4c83af [32m200[0m 7.793 ms - 73[0m
2024-04-23 19:59:07 info: [0mPOST /users [32m201[0m 8.076 ms - 132[0m
2024-04-23 19:59:07 info: [0mDELETE /users/97314755-c4e3-40a5-820b-5a1f5d13393d [32m200[0m 10.422 ms - 73[0m
2024-04-23 19:59:07 error: [POST] /login >> StatusCode:: 400, Message:: Invalid_Login_Or_Password::[]
2024-04-23 19:59:07 info: [0mPOST /login [33m400[0m 2.425 ms - 48[0m
