2024-03-07 20:54:59 info: =================================
2024-03-07 20:54:59 info: ======= ENV: development =======
2024-03-07 20:54:59 info: App listening on the port 5100
2024-03-07 20:54:59 info: =================================
2024-03-07 20:55:00 info: [0mPOST /login [33m404[0m 10.338 ms - 145[0m
2024-03-07 20:55:00 info: [0mPOST /login [33m404[0m 2.729 ms - 145[0m
2024-03-07 20:55:00 info: [0mPOST /login [33m404[0m 2.095 ms - 145[0m
2024-03-07 20:55:00 info: [0mPOST /users [33m404[0m 2.301 ms - 145[0m
2024-03-07 20:55:00 info: [0mPOST /users [33m404[0m 1.871 ms - 145[0m
2024-03-07 20:55:00 info: [0mPOST /login [33m404[0m 2.176 ms - 145[0m
2024-03-07 20:55:00 info: [0mPOST /users [33m404[0m 2.701 ms - 145[0m
2024-03-07 20:55:00 info: [0mPOST /login [33m404[0m 2.013 ms - 145[0m
2024-03-07 20:55:00 info: [0mPOST /login [33m404[0m 2.187 ms - 145[0m
2024-03-07 20:55:00 info: [0mPOST /users [33m404[0m 2.260 ms - 145[0m
2024-03-07 20:55:00 info: [0mPOST /users [33m404[0m 2.111 ms - 145[0m
2024-03-07 20:55:00 info: [0mPOST /users [33m404[0m 2.992 ms - 145[0m
2024-03-07 20:55:00 info: [0mPOST /users [33m404[0m 2.003 ms - 145[0m
2024-03-07 20:55:00 info: [0mPOST /users [33m404[0m 1.978 ms - 145[0m
2024-03-07 20:55:00 info: [0mPOST /users [33m404[0m 2.002 ms - 145[0m
2024-03-07 20:55:00 info: [0mPOST /users [33m404[0m 2.186 ms - 145[0m
2024-03-07 21:18:11 info: =================================
2024-03-07 21:18:11 info: ======= ENV: development =======
2024-03-07 21:18:11 info: App listening on the port 5100
2024-03-07 21:18:11 info: =================================
2024-03-07 22:22:29 info: [0mPOST /login [32m200[0m 84.676 ms - 130[0m
2024-03-07 22:22:29 info: [0mPOST /login [32m200[0m 65.323 ms - 130[0m
2024-03-07 22:22:29 info: [0mPOST /login [32m200[0m 60.690 ms - 130[0m
2024-03-07 22:22:29 info: [0mPOST /users [32m201[0m 92.358 ms - 132[0m
2024-03-07 22:22:29 info: [0mPOST /users [32m201[0m 118.259 ms - 132[0m
2024-03-07 22:22:29 error: [POST] /login >> StatusCode:: 400, Message:: Invalid_Login_Or_Password::[]
2024-03-07 22:22:29 info: [0mPOST /login [33m400[0m 11.119 ms - 48[0m
2024-03-07 22:22:29 info: [0mDELETE /users/e8624a4d-d389-4ff3-aaee-90e77ab6a32d [32m200[0m 78.668 ms - 73[0m
2024-03-07 22:22:29 info: [0mDELETE /users/81634ce3-2480-4144-a532-566d8626c42b [32m200[0m 20.366 ms - 73[0m
2024-03-07 22:22:29 info: [0mPOST /users [32m201[0m 65.722 ms - 132[0m
2024-03-07 22:22:29 info: [0mPOST /users [32m201[0m 63.467 ms - 132[0m
2024-03-07 22:22:29 error: [POST] /login >> StatusCode:: 400, Message:: Invalid_Login_Or_Password::[]
2024-03-07 22:22:29 info: [0mPOST /login [33m400[0m 8.002 ms - 48[0m
2024-03-07 22:22:29 info: [0mDELETE /users/c1b62229-ee39-4525-a08a-5e0a01063e4c [32m200[0m 28.673 ms - 73[0m
2024-03-07 22:22:29 info: [0mDELETE /users/148f2606-8fae-420b-9af1-71915f1d0a8e [32m200[0m 17.638 ms - 73[0m
2024-03-07 22:22:29 error: [POST] /login >> StatusCode:: 400, Message:: Invalid_Login_Or_Password::[]
2024-03-07 22:22:29 info: [0mPOST /login [33m400[0m 5.486 ms - 48[0m
2024-03-07 22:22:29 error: [POST] /login >> StatusCode:: 400, Message:: Invalid_Login_Or_Password::[]
2024-03-07 22:22:29 info: [0mPOST /login [33m400[0m 4.841 ms - 48[0m
2024-03-07 22:22:29 error: [POST] /login >> StatusCode:: 400, Message:: Invalid_Login_Or_Password::[]
2024-03-07 22:22:29 info: [0mPOST /login [33m400[0m 4.577 ms - 48[0m
2024-03-07 22:22:30 info: [0mPOST /users [32m201[0m 90.702 ms - 132[0m
2024-03-07 22:22:30 error: [POST] /login >> StatusCode:: 400, Message:: Invalid_Login_Or_Password::[]
2024-03-07 22:22:30 info: [0mPOST /login [33m400[0m 4.549 ms - 48[0m
2024-03-07 22:22:30 error: [POST] /login >> StatusCode:: 400, Message:: Invalid_Login_Or_Password::[]
2024-03-07 22:22:30 info: [0mPOST /login [33m400[0m 4.623 ms - 48[0m
2024-03-07 22:22:30 error: [POST] /login >> StatusCode:: 400, Message:: Invalid_Login_Or_Password::[]
2024-03-07 22:22:30 info: [0mPOST /login [33m400[0m 8.394 ms - 48[0m
2024-03-07 22:22:30 error: [POST] /login >> StatusCode:: 400, Message:: Invalid_Login_Or_Password::[]
2024-03-07 22:22:30 info: [0mPOST /login [33m400[0m 5.731 ms - 48[0m
2024-03-07 22:22:30 info: [0mDELETE /users/f7d691d5-bc6e-432e-adfe-f39b495c2cec [32m200[0m 26.490 ms - 73[0m
2024-03-07 22:22:30 error: [POST] /login >> StatusCode:: 400, Message:: Invalid_Login_Or_Password::[]
2024-03-07 22:22:30 info: [0mPOST /login [33m400[0m 8.870 ms - 48[0m
2024-03-07 22:22:30 error: [POST] /login >> StatusCode:: 400, Message:: Invalid_Login_Or_Password::[]
2024-03-07 22:22:30 info: [0mPOST /login [33m400[0m 7.186 ms - 48[0m
2024-03-07 22:22:30 info: [0mPOST /users [32m201[0m 99.645 ms - 132[0m
2024-03-07 22:22:30 info: [0mPOST /users/e72e4490-baa9-4424-9cf7-56d62978c8c2/activate [32m200[0m 28.038 ms - 41[0m
2024-03-07 22:22:30 error: [POST] /login >> StatusCode:: 400, Message:: Invalid_Login_Or_Password::[]
2024-03-07 22:22:30 info: [0mPOST /login [33m400[0m 126.723 ms - 48[0m
2024-03-07 22:22:30 info: [0mDELETE /users/e72e4490-baa9-4424-9cf7-56d62978c8c2 [32m200[0m 24.090 ms - 73[0m
2024-03-07 22:22:30 info: [0mPOST /users [32m201[0m 129.006 ms - 132[0m
2024-03-07 22:22:30 info: [0mPOST /users/87d97f7d-f711-4fb8-9b94-ecdf1c1b6f23/activate [32m200[0m 18.497 ms - 41[0m
2024-03-07 22:22:30 error: [POST] /login >> StatusCode:: 400, Message:: Invalid_Login_Or_Password::[]
2024-03-07 22:22:30 info: [0mPOST /login [33m400[0m 137.019 ms - 48[0m
2024-03-07 22:22:30 info: [0mDELETE /users/87d97f7d-f711-4fb8-9b94-ecdf1c1b6f23 [32m200[0m 23.453 ms - 73[0m
2024-03-07 22:22:30 info: [0mPOST /users [32m201[0m 127.047 ms - 132[0m
2024-03-07 22:22:31 info: [0mPOST /users/45a9aaaa-9862-4ee8-ad21-fe1b7e6fa90f/activate [32m200[0m 12.387 ms - 41[0m
2024-03-07 22:22:31 error: [POST] /login >> StatusCode:: 400, Message:: Invalid_Login_Or_Password::[]
2024-03-07 22:22:31 info: [0mPOST /login [33m400[0m 59.382 ms - 48[0m
2024-03-07 22:22:31 error: [POST] /login >> StatusCode:: 400, Message:: Invalid_Login_Or_Password::[]
2024-03-07 22:22:31 info: [0mPOST /login [33m400[0m 111.542 ms - 48[0m
2024-03-07 22:22:31 error: [POST] /login >> StatusCode:: 400, Message:: Invalid_Login_Or_Password::[]
2024-03-07 22:22:31 info: [0mPOST /login [33m400[0m 118.951 ms - 48[0m
2024-03-07 22:22:31 error: [POST] /login >> StatusCode:: 400, Message:: User_Is_Locked_Out::[]
2024-03-07 22:22:31 info: [0mPOST /login [33m400[0m 6.740 ms - 41[0m
2024-03-07 22:22:31 info: [0mDELETE /users/45a9aaaa-9862-4ee8-ad21-fe1b7e6fa90f [32m200[0m 11.049 ms - 73[0m
2024-03-07 22:22:31 info: [0mPOST /users [32m201[0m 59.125 ms - 132[0m
2024-03-07 22:22:31 info: [0mPOST /users/eb2003a7-5b95-4f57-ae07-f826fe67c2a7/activate [32m200[0m 12.391 ms - 41[0m
2024-03-07 22:22:31 error: [POST] /login >> StatusCode:: 400, Message:: Invalid_Login_Or_Password::[]
2024-03-07 22:22:31 info: [0mPOST /login [33m400[0m 62.506 ms - 48[0m
2024-03-07 22:22:31 error: [POST] /login >> StatusCode:: 400, Message:: Invalid_Login_Or_Password::[]
2024-03-07 22:22:31 info: [0mPOST /login [33m400[0m 110.740 ms - 48[0m
2024-03-07 22:22:31 error: [POST] /login >> StatusCode:: 400, Message:: Invalid_Login_Or_Password::[]
2024-03-07 22:22:31 info: [0mPOST /login [33m400[0m 120.474 ms - 48[0m
2024-03-07 22:22:31 error: [POST] /login >> StatusCode:: 400, Message:: User_Is_Locked_Out::[]
2024-03-07 22:22:31 info: [0mPOST /login [33m400[0m 6.413 ms - 41[0m
2024-03-07 22:22:31 info: [0mDELETE /users/eb2003a7-5b95-4f57-ae07-f826fe67c2a7 [32m200[0m 9.719 ms - 73[0m
2024-03-07 22:22:31 info: [0mPOST /users [32m201[0m 110.771 ms - 132[0m
2024-03-07 22:22:31 info: [0mPOST /users/0558b6c6-87a3-4504-aa0b-e2047cbf31c6/deactivate [32m200[0m 10.728 ms - 43[0m
2024-03-07 22:22:31 error: [POST] /login >> StatusCode:: 400, Message:: User_Is_Not_Active::[]
2024-03-07 22:22:31 info: [0mPOST /login [33m400[0m 9.154 ms - 41[0m
2024-03-07 22:22:31 info: [0mDELETE /users/0558b6c6-87a3-4504-aa0b-e2047cbf31c6 [32m200[0m 17.015 ms - 73[0m
2024-03-07 22:22:32 info: [0mPOST /users [32m201[0m 69.337 ms - 132[0m
2024-03-07 22:22:32 info: [0mPOST /users/c706c738-651c-4d9d-b6b5-c36d0ce564fa/deactivate [32m200[0m 8.625 ms - 43[0m
2024-03-07 22:22:32 error: [POST] /login >> StatusCode:: 400, Message:: User_Is_Not_Active::[]
2024-03-07 22:22:32 info: [0mPOST /login [33m400[0m 6.477 ms - 41[0m
2024-03-07 22:22:32 info: [0mDELETE /users/c706c738-651c-4d9d-b6b5-c36d0ce564fa [32m200[0m 9.061 ms - 73[0m
2024-03-07 22:22:32 info: [0mPOST /users [32m201[0m 61.677 ms - 132[0m
2024-03-07 22:22:32 info: [0mDELETE /users/8762d2ba-0e5c-4e5a-988b-7b2a78dae177 [32m200[0m 12.087 ms - 73[0m
2024-03-07 22:22:32 error: [POST] /login >> StatusCode:: 400, Message:: Invalid_Login_Or_Password::[]
2024-03-07 22:22:32 info: [0mPOST /login [33m400[0m 5.831 ms - 48[0m
2024-03-07 22:22:34 info: [0mPOST /login [32m200[0m 111.464 ms - 130[0m
2024-03-07 22:22:34 info: [0mPOST /users [32m201[0m 130.109 ms - 132[0m
2024-03-07 22:22:34 info: [0mGET /users/0f88b80f-1836-412c-80c0-b6c09e57ab00 [32m200[0m 18.310 ms - 167[0m
2024-03-07 22:22:34 info: [0mDELETE /users/0f88b80f-1836-412c-80c0-b6c09e57ab00 [32m200[0m 26.380 ms - 73[0m
2024-03-07 22:22:34 info: [0mPOST /login [32m200[0m 59.091 ms - 130[0m
2024-03-07 22:22:34 error: [GET] /users/00000000-0000-0000-0000-000000000000 >> StatusCode:: 403, Message:: User_Not_Authenticated::[]
2024-03-07 22:22:34 info: [0mGET /users/00000000-0000-0000-0000-000000000000 [33m403[0m 8.082 ms - 45[0m
2024-03-07 22:22:35 info: [0mPOST /users [32m201[0m 109.848 ms - 132[0m
2024-03-07 22:22:35 info: [0mPOST /users/bd203813-2b0f-4e03-812a-34e56045bb42/activate [32m200[0m 11.641 ms - 41[0m
2024-03-07 22:22:35 info: [0mPOST /login [32m200[0m 59.618 ms - 133[0m
2024-03-07 22:22:35 error: [GET] /users/bd203813-2b0f-4e03-812a-34e56045bb42 >> StatusCode:: 403, Message:: User_Not_Authenticated::[]
2024-03-07 22:22:35 info: [0mGET /users/bd203813-2b0f-4e03-812a-34e56045bb42 [33m403[0m 7.005 ms - 45[0m
2024-03-07 22:22:35 info: [0mDELETE /users/bd203813-2b0f-4e03-812a-34e56045bb42 [32m200[0m 63.724 ms - 73[0m
2024-03-07 22:22:35 info: [0mPOST /login [32m200[0m 56.105 ms - 130[0m
2024-03-07 22:22:35 error: [GET] /users/00000000-0000-0000-0000-000000000000 >> StatusCode:: 400, Message:: User_Does_Not_Exist::["00000000-0000-0000-0000-000000000000"]
2024-03-07 22:22:35 info: [0mGET /users/00000000-0000-0000-0000-000000000000 [33m400[0m 7.472 ms - 90[0m
2024-03-07 22:22:35 info: [0mPOST /login [32m200[0m 57.081 ms - 130[0m
2024-03-07 22:22:35 info: [0mGET /users/invalid-guid [33m404[0m 0.251 ms - 33[0m
2024-03-07 22:22:35 info: [0mPOST /login [32m200[0m 57.426 ms - 130[0m
2024-03-07 22:22:35 error: [GET] /users/00000000-0000-0000-0000-000000000000 >> StatusCode:: 401, Message:: Wrong_Authentication_Token::[]
2024-03-07 22:22:35 info: [0mGET /users/00000000-0000-0000-0000-000000000000 [33m401[0m 7.103 ms - 49[0m
2024-03-07 22:22:36 info: [0mPOST /login [32m200[0m 79.769 ms - 130[0m
2024-03-07 22:22:36 info: [0mPOST /users [32m201[0m 137.523 ms - 132[0m
2024-03-07 22:22:36 info: [0mPOST /users/41b5457e-b576-45ae-9554-129cfbf7ed20/deactivate [32m200[0m 8.218 ms - 43[0m
2024-03-07 22:22:36 info: [0mDELETE /users/41b5457e-b576-45ae-9554-129cfbf7ed20 [32m200[0m 10.345 ms - 73[0m
2024-03-07 22:22:36 info: [0mPOST /users [32m201[0m 113.600 ms - 132[0m
2024-03-07 22:22:36 info: [0mPOST /users/28af914c-d50d-4f75-b807-e683f00de7b2/deactivate [32m200[0m 9.303 ms - 43[0m
2024-03-07 22:22:36 info: [0mPOST /users/28af914c-d50d-4f75-b807-e683f00de7b2/deactivate [32m200[0m 6.065 ms - 43[0m
2024-03-07 22:22:36 info: [0mDELETE /users/28af914c-d50d-4f75-b807-e683f00de7b2 [32m200[0m 10.195 ms - 73[0m
2024-03-07 22:22:36 info: [0mPOST /users [32m201[0m 60.362 ms - 132[0m
2024-03-07 22:22:36 info: [0mPOST /users/35447c17-286d-4021-b7d0-37d684cb0e17/activate [32m200[0m 14.784 ms - 41[0m
2024-03-07 22:22:36 info: [0mPOST /users/35447c17-286d-4021-b7d0-37d684cb0e17/deactivate [32m200[0m 10.130 ms - 43[0m
2024-03-07 22:22:36 info: [0mDELETE /users/35447c17-286d-4021-b7d0-37d684cb0e17 [32m200[0m 10.407 ms - 73[0m
2024-03-07 22:22:36 info: [0mPOST /login [32m200[0m 56.409 ms - 130[0m
2024-03-07 22:22:36 error: [POST] /users/00000000-0000-0000-0000-000000000000/deactivate >> StatusCode:: 403, Message:: User_Not_Authenticated::[]
2024-03-07 22:22:36 info: [0mPOST /users/00000000-0000-0000-0000-000000000000/deactivate [33m403[0m 8.109 ms - 45[0m
2024-03-07 22:22:36 info: [0mPOST /users [32m201[0m 59.342 ms - 132[0m
2024-03-07 22:22:36 info: [0mPOST /users/239b6e23-88ac-4b2e-8222-decfc4ff4634/activate [32m200[0m 12.782 ms - 41[0m
2024-03-07 22:22:36 info: [0mPOST /login [32m200[0m 54.372 ms - 133[0m
2024-03-07 22:22:36 error: [POST] /users/239b6e23-88ac-4b2e-8222-decfc4ff4634/deactivate >> StatusCode:: 403, Message:: User_Not_Authenticated::[]
2024-03-07 22:22:36 info: [0mPOST /users/239b6e23-88ac-4b2e-8222-decfc4ff4634/deactivate [33m403[0m 7.764 ms - 45[0m
2024-03-07 22:22:36 info: [0mDELETE /users/239b6e23-88ac-4b2e-8222-decfc4ff4634 [32m200[0m 50.560 ms - 73[0m
2024-03-07 22:22:37 info: [0mPOST /login [32m200[0m 54.029 ms - 130[0m
2024-03-07 22:22:37 error: [POST] /users/00000000-0000-0000-0000-000000000000/deactivate >> StatusCode:: 400, Message:: User_Does_Not_Exist::["00000000-0000-0000-0000-000000000000"]
2024-03-07 22:22:37 info: [0mPOST /users/00000000-0000-0000-0000-000000000000/deactivate [33m400[0m 7.248 ms - 90[0m
2024-03-07 22:22:37 info: [0mPOST /login [32m200[0m 54.617 ms - 130[0m
2024-03-07 22:22:37 info: [0mPOST /users/invalid-guid/deactivate [33m404[0m 0.490 ms - 33[0m
2024-03-07 22:22:37 info: [0mPOST /login [32m200[0m 54.541 ms - 130[0m
2024-03-07 22:22:37 error: [POST] /users/00000000-0000-0000-0000-000000000000/deactivate >> StatusCode:: 401, Message:: Wrong_Authentication_Token::[]
2024-03-07 22:22:37 info: [0mPOST /users/00000000-0000-0000-0000-000000000000/deactivate [33m401[0m 7.981 ms - 49[0m
2024-03-07 22:22:37 info: [0mPOST /login [32m200[0m 73.225 ms - 130[0m
2024-03-07 22:22:37 info: [0mPOST /users [32m201[0m 138.140 ms - 132[0m
2024-03-07 22:22:38 info: [0mDELETE /users/d194fab8-fc16-4c3d-b82f-ea895e005315 [32m200[0m 25.727 ms - 73[0m
2024-03-07 22:22:38 info: [0mPOST /login [32m200[0m 56.815 ms - 130[0m
2024-03-07 22:22:38 error: [DELETE] /users/00000000-0000-0000-0000-000000000000 >> StatusCode:: 403, Message:: User_Not_Authenticated::[]
2024-03-07 22:22:38 info: [0mDELETE /users/00000000-0000-0000-0000-000000000000 [33m403[0m 3.597 ms - 45[0m
2024-03-07 22:22:38 info: [0mPOST /users [32m201[0m 120.772 ms - 132[0m
2024-03-07 22:22:38 info: [0mPOST /users/82c95226-ce1d-4794-a448-441cc1683e60/activate [32m200[0m 23.677 ms - 41[0m
2024-03-07 22:22:38 info: [0mPOST /login [32m200[0m 67.323 ms - 133[0m
2024-03-07 22:22:38 error: [DELETE] /users/82c95226-ce1d-4794-a448-441cc1683e60 >> StatusCode:: 403, Message:: User_Not_Authenticated::[]
2024-03-07 22:22:38 info: [0mDELETE /users/82c95226-ce1d-4794-a448-441cc1683e60 [33m403[0m 9.100 ms - 45[0m
2024-03-07 22:22:38 info: [0mDELETE /users/82c95226-ce1d-4794-a448-441cc1683e60 [32m200[0m 33.879 ms - 73[0m
2024-03-07 22:22:38 info: [0mPOST /login [32m200[0m 73.817 ms - 130[0m
2024-03-07 22:22:38 error: [DELETE] /users/00000000-0000-0000-0000-000000000000 >> StatusCode:: 400, Message:: User_Does_Not_Exist::["00000000-0000-0000-0000-000000000000"]
2024-03-07 22:22:38 info: [0mDELETE /users/00000000-0000-0000-0000-000000000000 [33m400[0m 8.253 ms - 90[0m
2024-03-07 22:22:38 info: [0mPOST /login [32m200[0m 59.364 ms - 130[0m
2024-03-07 22:22:38 info: [0mDELETE /users/invalid-guid [33m404[0m 0.306 ms - 33[0m
2024-03-07 22:22:38 info: [0mPOST /login [32m200[0m 65.411 ms - 130[0m
2024-03-07 22:22:38 error: [DELETE] /users/00000000-0000-0000-0000-000000000000 >> StatusCode:: 401, Message:: Wrong_Authentication_Token::[]
2024-03-07 22:22:38 info: [0mDELETE /users/00000000-0000-0000-0000-000000000000 [33m401[0m 3.559 ms - 49[0m
2024-03-07 22:22:39 info: [0mPOST /login [32m200[0m 84.180 ms - 130[0m
2024-03-07 22:22:39 info: [0mPOST /users [32m201[0m 385.762 ms - 132[0m
2024-03-07 22:22:39 info: [0mDELETE /users/9283cafb-113e-480b-8513-8169a5515641 [32m200[0m 30.008 ms - 73[0m
2024-03-07 22:22:39 info: [0mPOST /login [32m200[0m 64.841 ms - 130[0m
2024-03-07 22:22:39 error: [POST] /users >> StatusCode:: 400, Message:: Invalid_Password::[]
2024-03-07 22:22:39 info: [0mPOST /users [33m400[0m 5.776 ms - 39[0m
2024-03-07 22:22:39 error: [POST] /users >> StatusCode:: 400, Message:: Invalid_Email::[]
2024-03-07 22:22:39 info: [0mPOST /users [33m400[0m 5.407 ms - 36[0m
2024-03-07 22:22:39 error: [POST] /users >> StatusCode:: 400, Message:: Invalid_Phone::[]
2024-03-07 22:22:39 info: [0mPOST /users [33m400[0m 5.436 ms - 36[0m
2024-03-07 22:22:39 info: [0mPOST /users [32m201[0m 125.057 ms - 132[0m
2024-03-07 22:22:40 error: [POST] /users >> StatusCode:: 400, Message:: User_Already_Exists::["wjoyfjig3@email.com","886922627"]
2024-03-07 22:22:40 info: [0mPOST /users [33m400[0m 19.352 ms - 85[0m
2024-03-07 22:22:40 info: [0mDELETE /users/081f992f-069b-4eee-83b3-8196d23accec [32m200[0m 29.198 ms - 73[0m
2024-03-07 22:22:40 info: [0mPOST /users [32m201[0m 110.145 ms - 132[0m
2024-03-07 22:22:40 error: [POST] /users >> StatusCode:: 400, Message:: User_Already_Exists::["RNGUJIXI9@EMAIL.COM","883339495"]
2024-03-07 22:22:40 info: [0mPOST /users [33m400[0m 17.882 ms - 85[0m
2024-03-07 22:22:40 info: [0mDELETE /users/64c97329-1226-480a-bc82-f23fb029c013 [32m200[0m 20.924 ms - 73[0m
2024-03-07 22:22:40 info: [0mPOST /login [32m200[0m 61.424 ms - 130[0m
2024-03-07 22:22:40 error: [POST] /users >> StatusCode:: 403, Message:: User_Not_Authenticated::[]
2024-03-07 22:22:40 info: [0mPOST /users [33m403[0m 7.509 ms - 45[0m
2024-03-07 22:22:40 info: [0mPOST /users [32m201[0m 135.904 ms - 132[0m
2024-03-07 22:22:40 info: [0mPOST /users/f348800e-1f91-4212-9605-47dd48f2e64d/activate [32m200[0m 18.490 ms - 41[0m
2024-03-07 22:22:40 info: [0mPOST /login [32m200[0m 56.035 ms - 133[0m
2024-03-07 22:22:40 error: [POST] /users >> StatusCode:: 403, Message:: User_Not_Authenticated::[]
2024-03-07 22:22:40 info: [0mPOST /users [33m403[0m 9.641 ms - 45[0m
2024-03-07 22:22:40 info: [0mDELETE /users/f348800e-1f91-4212-9605-47dd48f2e64d [32m200[0m 70.736 ms - 73[0m
2024-03-07 22:22:40 info: [0mPOST /login [32m200[0m 74.450 ms - 130[0m
2024-03-07 22:22:40 error: [POST] /users >> StatusCode:: 401, Message:: Wrong_Authentication_Token::[]
2024-03-07 22:22:40 info: [0mPOST /users [33m401[0m 5.236 ms - 49[0m
2024-03-07 22:22:40 info: [0mPOST /users [32m201[0m 75.677 ms - 132[0m
2024-03-07 22:22:40 info: [0mPOST /users/8c0b4d92-067a-47c6-b5b3-f2f4f3ed6b8a/activate [32m200[0m 25.617 ms - 41[0m
2024-03-07 22:22:40 info: [0mPOST /login [32m200[0m 60.448 ms - 133[0m
2024-03-07 22:22:41 info: [0mDELETE /users/8c0b4d92-067a-47c6-b5b3-f2f4f3ed6b8a [32m200[0m 63.562 ms - 73[0m
2024-03-07 22:22:41 error: [POST] /users >> StatusCode:: 401, Message:: Wrong_Authentication_Token::[]
2024-03-07 22:22:41 info: [0mPOST /users [33m401[0m 6.902 ms - 49[0m
2024-03-07 22:22:41 info: [0mPOST /login [32m200[0m 60.161 ms - 83[0m
2024-03-07 22:22:41 info: [0mGET /users/625edee9-851c-4dfd-a0a5-d676f362e1ca [32m200[0m 3.060 ms - 84[0m
2024-03-07 22:22:41 info: [0mGET /users/625edee9-851c-4dfd-a0a5-d676f362e1ca [32m200[0m 1.295 ms - 84[0m
2024-03-07 22:22:42 info: [0mPOST /login [32m200[0m 87.677 ms - 130[0m
2024-03-07 22:22:42 info: [0mPOST /users [32m201[0m 136.223 ms - 132[0m
2024-03-07 22:22:42 info: [0mPOST /users/4574a362-5434-4c10-a472-66ac91fcf25f/activate [32m200[0m 31.530 ms - 41[0m
2024-03-07 22:22:42 info: [0mDELETE /users/4574a362-5434-4c10-a472-66ac91fcf25f [32m200[0m 20.099 ms - 73[0m
2024-03-07 22:22:42 info: [0mPOST /users [32m201[0m 124.609 ms - 132[0m
2024-03-07 22:22:42 info: [0mPOST /users/28b5cc4f-d58f-4e89-a4c0-c520cd3526a6/activate [32m200[0m 30.088 ms - 41[0m
2024-03-07 22:22:42 info: [0mPOST /users/28b5cc4f-d58f-4e89-a4c0-c520cd3526a6/activate [32m200[0m 12.525 ms - 41[0m
2024-03-07 22:22:42 info: [0mDELETE /users/28b5cc4f-d58f-4e89-a4c0-c520cd3526a6 [32m200[0m 28.509 ms - 73[0m
2024-03-07 22:22:42 info: [0mPOST /users [32m201[0m 85.939 ms - 132[0m
2024-03-07 22:22:42 info: [0mPOST /users/676143fb-eac6-49dd-bc6c-6959e3bb2c95/activate [32m200[0m 34.255 ms - 41[0m
2024-03-07 22:22:42 info: [0mDELETE /users/676143fb-eac6-49dd-bc6c-6959e3bb2c95 [32m200[0m 15.640 ms - 73[0m
2024-03-07 22:22:43 info: [0mPOST /login [32m200[0m 64.968 ms - 130[0m
2024-03-07 22:22:43 error: [POST] /users/00000000-0000-0000-0000-000000000000/activate >> StatusCode:: 403, Message:: User_Not_Authenticated::[]
2024-03-07 22:22:43 info: [0mPOST /users/00000000-0000-0000-0000-000000000000/activate [33m403[0m 6.984 ms - 45[0m
2024-03-07 22:22:43 info: [0mPOST /users [32m201[0m 135.781 ms - 132[0m
2024-03-07 22:22:43 info: [0mPOST /users/dd82099c-cb9f-47ff-a7e0-2b93880b0967/activate [32m200[0m 31.609 ms - 41[0m
2024-03-07 22:22:43 info: [0mPOST /login [32m200[0m 57.519 ms - 133[0m
2024-03-07 22:22:43 error: [POST] /users/dd82099c-cb9f-47ff-a7e0-2b93880b0967/activate >> StatusCode:: 403, Message:: User_Not_Authenticated::[]
2024-03-07 22:22:43 info: [0mPOST /users/dd82099c-cb9f-47ff-a7e0-2b93880b0967/activate [33m403[0m 18.523 ms - 45[0m
2024-03-07 22:22:43 info: [0mDELETE /users/dd82099c-cb9f-47ff-a7e0-2b93880b0967 [32m200[0m 79.036 ms - 73[0m
2024-03-07 22:22:43 info: [0mPOST /login [32m200[0m 62.072 ms - 130[0m
2024-03-07 22:22:43 error: [POST] /users/00000000-0000-0000-0000-000000000000/activate >> StatusCode:: 400, Message:: User_Does_Not_Exist::["00000000-0000-0000-0000-000000000000"]
2024-03-07 22:22:43 info: [0mPOST /users/00000000-0000-0000-0000-000000000000/activate [33m400[0m 22.209 ms - 90[0m
2024-03-07 22:22:43 info: [0mPOST /login [32m200[0m 60.706 ms - 130[0m
2024-03-07 22:22:43 info: [0mPOST /users/invalid-guid/activate [33m404[0m 0.287 ms - 33[0m
2024-03-07 22:22:43 info: [0mPOST /login [32m200[0m 58.415 ms - 130[0m
2024-03-07 22:22:43 error: [POST] /users/00000000-0000-0000-0000-000000000000/activate >> StatusCode:: 401, Message:: Wrong_Authentication_Token::[]
2024-03-07 22:22:43 info: [0mPOST /users/00000000-0000-0000-0000-000000000000/activate [33m401[0m 5.880 ms - 49[0m
2024-03-07 22:26:47 info: [0mPOST /login [32m200[0m 86.633 ms - 130[0m
2024-03-07 22:26:47 info: [0mPOST /login [32m200[0m 56.465 ms - 130[0m
2024-03-07 22:26:47 info: [0mPOST /login [32m200[0m 57.098 ms - 130[0m
2024-03-07 22:26:47 info: [0mPOST /users [32m201[0m 127.864 ms - 132[0m
2024-03-07 22:26:47 info: [0mPOST /users [32m201[0m 123.041 ms - 132[0m
2024-03-07 22:26:47 error: [POST] /login >> StatusCode:: 400, Message:: Invalid_Login_Or_Password::[]
2024-03-07 22:26:47 info: [0mPOST /login [33m400[0m 7.282 ms - 48[0m
2024-03-07 22:26:47 info: [0mDELETE /users/2909fba0-b6c4-404f-9d96-8fafb2766ce2 [32m200[0m 12.357 ms - 73[0m
2024-03-07 22:26:47 info: [0mDELETE /users/8009e19f-fc4f-410c-b25b-ae86d14fd7d3 [32m200[0m 17.168 ms - 73[0m
2024-03-07 22:26:47 info: [0mPOST /users [32m201[0m 71.896 ms - 132[0m
2024-03-07 22:26:47 info: [0mPOST /users [32m201[0m 122.662 ms - 132[0m
2024-03-07 22:26:47 error: [POST] /login >> StatusCode:: 400, Message:: Invalid_Login_Or_Password::[]
2024-03-07 22:26:47 info: [0mPOST /login [33m400[0m 6.405 ms - 48[0m
2024-03-07 22:26:47 info: [0mDELETE /users/71ba917b-7955-4e05-8a52-ff9953d0f3f5 [32m200[0m 11.712 ms - 73[0m
2024-03-07 22:26:47 info: [0mDELETE /users/83a72456-2fab-4347-84c2-14bab84d328d [32m200[0m 10.528 ms - 73[0m
2024-03-07 22:26:48 error: [POST] /login >> StatusCode:: 400, Message:: Invalid_Login_Or_Password::[]
2024-03-07 22:26:48 info: [0mPOST /login [33m400[0m 8.159 ms - 48[0m
2024-03-07 22:26:48 error: [POST] /login >> StatusCode:: 400, Message:: Invalid_Login_Or_Password::[]
2024-03-07 22:26:48 info: [0mPOST /login [33m400[0m 4.802 ms - 48[0m
2024-03-07 22:26:48 error: [POST] /login >> StatusCode:: 400, Message:: Invalid_Login_Or_Password::[]
2024-03-07 22:26:48 info: [0mPOST /login [33m400[0m 5.266 ms - 48[0m
2024-03-07 22:26:48 info: [0mPOST /users [32m201[0m 118.253 ms - 132[0m
2024-03-07 22:26:48 error: [POST] /login >> StatusCode:: 400, Message:: Invalid_Login_Or_Password::[]
2024-03-07 22:26:48 info: [0mPOST /login [33m400[0m 5.540 ms - 48[0m
2024-03-07 22:26:48 error: [POST] /login >> StatusCode:: 400, Message:: Invalid_Login_Or_Password::[]
2024-03-07 22:26:48 info: [0mPOST /login [33m400[0m 5.084 ms - 48[0m
2024-03-07 22:26:48 error: [POST] /login >> StatusCode:: 400, Message:: Invalid_Login_Or_Password::[]
2024-03-07 22:26:48 info: [0mPOST /login [33m400[0m 5.085 ms - 48[0m
2024-03-07 22:26:48 error: [POST] /login >> StatusCode:: 400, Message:: Invalid_Login_Or_Password::[]
2024-03-07 22:26:48 info: [0mPOST /login [33m400[0m 5.458 ms - 48[0m
2024-03-07 22:26:48 info: [0mDELETE /users/54a6b132-6634-4882-9c89-416b18bce25b [32m200[0m 12.451 ms - 73[0m
2024-03-07 22:26:48 error: [POST] /login >> StatusCode:: 400, Message:: Invalid_Login_Or_Password::[]
2024-03-07 22:26:48 info: [0mPOST /login [33m400[0m 5.932 ms - 48[0m
2024-03-07 22:26:48 error: [POST] /login >> StatusCode:: 400, Message:: Invalid_Login_Or_Password::[]
2024-03-07 22:26:48 info: [0mPOST /login [33m400[0m 6.713 ms - 48[0m
2024-03-07 22:26:48 info: [0mPOST /users [32m201[0m 66.271 ms - 132[0m
2024-03-07 22:26:48 info: [0mPOST /users/f314f604-c9ba-49f1-b9e3-dcc428c2a920/activate [32m200[0m 19.985 ms - 41[0m
2024-03-07 22:26:48 error: [POST] /login >> StatusCode:: 400, Message:: Invalid_Login_Or_Password::[]
2024-03-07 22:26:48 info: [0mPOST /login [33m400[0m 65.800 ms - 48[0m
2024-03-07 22:26:48 info: [0mDELETE /users/f314f604-c9ba-49f1-b9e3-dcc428c2a920 [32m200[0m 18.012 ms - 73[0m
2024-03-07 22:26:48 info: [0mPOST /users [32m201[0m 69.652 ms - 132[0m
2024-03-07 22:26:48 info: [0mPOST /users/99db9026-0bf2-45ab-9cd7-4e612506bcf6/activate [32m200[0m 24.364 ms - 41[0m
2024-03-07 22:26:48 error: [POST] /login >> StatusCode:: 400, Message:: Invalid_Login_Or_Password::[]
2024-03-07 22:26:48 info: [0mPOST /login [33m400[0m 66.021 ms - 48[0m
2024-03-07 22:26:48 info: [0mDELETE /users/99db9026-0bf2-45ab-9cd7-4e612506bcf6 [32m200[0m 14.886 ms - 73[0m
2024-03-07 22:26:48 info: [0mPOST /users [32m201[0m 69.139 ms - 132[0m
2024-03-07 22:26:48 info: [0mPOST /users/bf8e7193-e6c9-4cd6-97ff-bed244dda848/activate [32m200[0m 16.210 ms - 41[0m
2024-03-07 22:26:48 error: [POST] /login >> StatusCode:: 400, Message:: Invalid_Login_Or_Password::[]
2024-03-07 22:26:48 info: [0mPOST /login [33m400[0m 64.195 ms - 48[0m
2024-03-07 22:26:48 error: [POST] /login >> StatusCode:: 400, Message:: Invalid_Login_Or_Password::[]
2024-03-07 22:26:49 info: [0mPOST /login [33m400[0m 135.408 ms - 48[0m
2024-03-07 22:26:49 error: [POST] /login >> StatusCode:: 400, Message:: Invalid_Login_Or_Password::[]
2024-03-07 22:26:49 info: [0mPOST /login [33m400[0m 92.415 ms - 48[0m
2024-03-07 22:26:49 error: [POST] /login >> StatusCode:: 400, Message:: User_Is_Locked_Out::[]
2024-03-07 22:26:49 info: [0mPOST /login [33m400[0m 8.275 ms - 41[0m
2024-03-07 22:26:49 info: [0mDELETE /users/bf8e7193-e6c9-4cd6-97ff-bed244dda848 [32m200[0m 21.662 ms - 73[0m
2024-03-07 22:26:49 info: [0mPOST /users [32m201[0m 134.887 ms - 132[0m
2024-03-07 22:26:49 info: [0mPOST /users/b55660da-4f9a-4b3f-b036-4e9f52ecbbc7/activate [32m200[0m 25.848 ms - 41[0m
2024-03-07 22:26:49 error: [POST] /login >> StatusCode:: 400, Message:: Invalid_Login_Or_Password::[]
2024-03-07 22:26:49 info: [0mPOST /login [33m400[0m 135.887 ms - 48[0m
2024-03-07 22:26:49 error: [POST] /login >> StatusCode:: 400, Message:: Invalid_Login_Or_Password::[]
2024-03-07 22:26:49 info: [0mPOST /login [33m400[0m 128.891 ms - 48[0m
2024-03-07 22:26:49 error: [POST] /login >> StatusCode:: 400, Message:: Invalid_Login_Or_Password::[]
2024-03-07 22:26:49 info: [0mPOST /login [33m400[0m 85.226 ms - 48[0m
2024-03-07 22:26:49 error: [POST] /login >> StatusCode:: 400, Message:: User_Is_Locked_Out::[]
2024-03-07 22:26:49 info: [0mPOST /login [33m400[0m 6.985 ms - 41[0m
2024-03-07 22:26:49 info: [0mDELETE /users/b55660da-4f9a-4b3f-b036-4e9f52ecbbc7 [32m200[0m 16.403 ms - 73[0m
2024-03-07 22:26:49 info: [0mPOST /users [32m201[0m 70.583 ms - 132[0m
2024-03-07 22:26:49 info: [0mPOST /users/5ccdb2bb-8050-4d25-8a06-226898bc2377/deactivate [32m200[0m 13.863 ms - 43[0m
2024-03-07 22:26:49 error: [POST] /login >> StatusCode:: 400, Message:: User_Is_Not_Active::[]
2024-03-07 22:26:49 info: [0mPOST /login [33m400[0m 7.019 ms - 41[0m
2024-03-07 22:26:49 info: [0mDELETE /users/5ccdb2bb-8050-4d25-8a06-226898bc2377 [32m200[0m 14.732 ms - 73[0m
2024-03-07 22:26:50 info: [0mPOST /users [32m201[0m 119.460 ms - 132[0m
2024-03-07 22:26:50 info: [0mPOST /users/720aca60-9088-424e-9421-0173194f288c/deactivate [32m200[0m 7.752 ms - 43[0m
2024-03-07 22:26:50 error: [POST] /login >> StatusCode:: 400, Message:: User_Is_Not_Active::[]
2024-03-07 22:26:50 info: [0mPOST /login [33m400[0m 5.987 ms - 41[0m
2024-03-07 22:26:50 info: [0mDELETE /users/720aca60-9088-424e-9421-0173194f288c [32m200[0m 10.431 ms - 73[0m
2024-03-07 22:26:50 info: [0mPOST /users [32m201[0m 62.697 ms - 132[0m
2024-03-07 22:26:50 info: [0mDELETE /users/1012ba91-0f71-4f1c-93fd-a4e7288f6727 [32m200[0m 15.392 ms - 73[0m
2024-03-07 22:26:50 error: [POST] /login >> StatusCode:: 400, Message:: Invalid_Login_Or_Password::[]
2024-03-07 22:26:50 info: [0mPOST /login [33m400[0m 8.212 ms - 48[0m
2024-03-07 22:26:50 info: [0mPOST /login [32m200[0m 71.107 ms - 130[0m
2024-03-07 22:26:50 info: [0mPOST /users [32m201[0m 134.170 ms - 132[0m
2024-03-07 22:26:50 info: [0mDELETE /users/bb2de946-75d6-4b61-862d-2c4b8fa8b652 [32m200[0m 32.253 ms - 73[0m
2024-03-07 22:26:50 info: [0mPOST /login [32m200[0m 68.333 ms - 130[0m
2024-03-07 22:26:51 error: [POST] /users >> StatusCode:: 400, Message:: Invalid_Password::[]
2024-03-07 22:26:51 info: [0mPOST /users [33m400[0m 5.549 ms - 39[0m
2024-03-07 22:26:51 error: [POST] /users >> StatusCode:: 400, Message:: Invalid_Email::[]
2024-03-07 22:26:51 info: [0mPOST /users [33m400[0m 6.775 ms - 36[0m
2024-03-07 22:26:51 error: [POST] /users >> StatusCode:: 400, Message:: Invalid_Phone::[]
2024-03-07 22:26:51 info: [0mPOST /users [33m400[0m 4.596 ms - 36[0m
2024-03-07 22:26:51 info: [0mPOST /users [32m201[0m 128.378 ms - 132[0m
2024-03-07 22:26:51 error: [POST] /users >> StatusCode:: 400, Message:: User_Already_Exists::["uhvfzkxu1@email.com","883463561"]
2024-03-07 22:26:51 info: [0mPOST /users [33m400[0m 10.406 ms - 85[0m
2024-03-07 22:26:51 info: [0mDELETE /users/c50a7018-09ab-4421-9a04-31217f1bd40b [32m200[0m 12.451 ms - 73[0m
2024-03-07 22:26:51 info: [0mPOST /users [32m201[0m 121.064 ms - 132[0m
2024-03-07 22:26:51 error: [POST] /users >> StatusCode:: 400, Message:: User_Already_Exists::["XUDJBOYV3@EMAIL.COM","881178036"]
2024-03-07 22:26:51 info: [0mPOST /users [33m400[0m 9.656 ms - 85[0m
2024-03-07 22:26:51 info: [0mDELETE /users/25fa12f8-6d09-4cb7-80d1-867362e4f2e3 [32m200[0m 12.107 ms - 73[0m
2024-03-07 22:26:51 info: [0mPOST /login [32m200[0m 54.222 ms - 130[0m
2024-03-07 22:26:51 error: [POST] /users >> StatusCode:: 403, Message:: User_Not_Authenticated::[]
2024-03-07 22:26:51 info: [0mPOST /users [33m403[0m 5.657 ms - 45[0m
2024-03-07 22:26:51 info: [0mPOST /users [32m201[0m 102.321 ms - 132[0m
2024-03-07 22:26:51 info: [0mPOST /users/1182e591-1f2f-4581-a258-26079520ec54/activate [32m200[0m 10.761 ms - 41[0m
2024-03-07 22:26:51 info: [0mPOST /login [32m200[0m 56.160 ms - 133[0m
2024-03-07 22:26:51 error: [POST] /users >> StatusCode:: 403, Message:: User_Not_Authenticated::[]
2024-03-07 22:26:51 info: [0mPOST /users [33m403[0m 8.235 ms - 45[0m
2024-03-07 22:26:51 info: [0mDELETE /users/1182e591-1f2f-4581-a258-26079520ec54 [32m200[0m 68.577 ms - 73[0m
2024-03-07 22:26:51 info: [0mPOST /login [32m200[0m 58.890 ms - 130[0m
2024-03-07 22:26:51 error: [POST] /users >> StatusCode:: 401, Message:: Wrong_Authentication_Token::[]
2024-03-07 22:26:51 info: [0mPOST /users [33m401[0m 5.272 ms - 49[0m
2024-03-07 22:26:51 info: [0mPOST /users [32m201[0m 72.711 ms - 132[0m
2024-03-07 22:26:51 info: [0mPOST /users/ddea7af4-be10-4277-bbba-1269517b2390/activate [32m200[0m 20.945 ms - 41[0m
2024-03-07 22:26:52 info: [0mPOST /login [32m200[0m 58.526 ms - 133[0m
2024-03-07 22:26:52 info: [0mDELETE /users/ddea7af4-be10-4277-bbba-1269517b2390 [32m200[0m 96.800 ms - 73[0m
2024-03-07 22:26:52 error: [POST] /users >> StatusCode:: 401, Message:: Wrong_Authentication_Token::[]
2024-03-07 22:26:52 info: [0mPOST /users [33m401[0m 8.517 ms - 49[0m
2024-03-07 22:26:52 info: [0mPOST /login [32m200[0m 70.178 ms - 130[0m
2024-03-07 22:26:52 info: [0mPOST /users [32m201[0m 139.699 ms - 132[0m
2024-03-07 22:26:52 info: [0mPOST /users/1ba47800-9c26-4dc6-85b6-68b3f39a6533/activate [32m200[0m 21.620 ms - 41[0m
2024-03-07 22:26:52 info: [0mDELETE /users/1ba47800-9c26-4dc6-85b6-68b3f39a6533 [32m200[0m 13.581 ms - 73[0m
2024-03-07 22:26:52 info: [0mPOST /users [32m201[0m 72.722 ms - 132[0m
2024-03-07 22:26:53 info: [0mPOST /users/f135b168-c561-43ec-8394-27e22d1b74e9/activate [32m200[0m 26.761 ms - 41[0m
2024-03-07 22:26:53 info: [0mPOST /users/f135b168-c561-43ec-8394-27e22d1b74e9/activate [32m200[0m 11.311 ms - 41[0m
2024-03-07 22:26:53 info: [0mDELETE /users/f135b168-c561-43ec-8394-27e22d1b74e9 [32m200[0m 17.449 ms - 73[0m
2024-03-07 22:26:53 info: [0mPOST /users [32m201[0m 75.917 ms - 132[0m
2024-03-07 22:26:53 info: [0mPOST /users/e7ad981c-47e9-44b1-a0ea-7002b041e29f/activate [32m200[0m 21.788 ms - 41[0m
2024-03-07 22:26:53 info: [0mDELETE /users/e7ad981c-47e9-44b1-a0ea-7002b041e29f [32m200[0m 10.025 ms - 73[0m
2024-03-07 22:26:53 info: [0mPOST /login [32m200[0m 55.262 ms - 130[0m
2024-03-07 22:26:53 error: [POST] /users/00000000-0000-0000-0000-000000000000/activate >> StatusCode:: 403, Message:: User_Not_Authenticated::[]
2024-03-07 22:26:53 info: [0mPOST /users/00000000-0000-0000-0000-000000000000/activate [33m403[0m 5.861 ms - 45[0m
2024-03-07 22:26:53 info: [0mPOST /users [32m201[0m 121.670 ms - 132[0m
2024-03-07 22:26:53 info: [0mPOST /users/d50e519d-5fad-4530-836b-7e24d7cfecad/activate [32m200[0m 12.606 ms - 41[0m
2024-03-07 22:26:53 info: [0mPOST /login [32m200[0m 60.012 ms - 133[0m
2024-03-07 22:26:53 error: [POST] /users/d50e519d-5fad-4530-836b-7e24d7cfecad/activate >> StatusCode:: 403, Message:: User_Not_Authenticated::[]
2024-03-07 22:26:53 info: [0mPOST /users/d50e519d-5fad-4530-836b-7e24d7cfecad/activate [33m403[0m 8.939 ms - 45[0m
2024-03-07 22:26:53 info: [0mDELETE /users/d50e519d-5fad-4530-836b-7e24d7cfecad [32m200[0m 73.694 ms - 73[0m
2024-03-07 22:26:53 info: [0mPOST /login [32m200[0m 57.184 ms - 130[0m
2024-03-07 22:26:53 error: [POST] /users/00000000-0000-0000-0000-000000000000/activate >> StatusCode:: 400, Message:: User_Does_Not_Exist::["00000000-0000-0000-0000-000000000000"]
2024-03-07 22:26:53 info: [0mPOST /users/00000000-0000-0000-0000-000000000000/activate [33m400[0m 11.045 ms - 90[0m
2024-03-07 22:26:53 info: [0mPOST /login [32m200[0m 56.161 ms - 130[0m
2024-03-07 22:26:53 info: [0mPOST /users/invalid-guid/activate [33m404[0m 0.692 ms - 33[0m
2024-03-07 22:26:53 info: [0mPOST /login [32m200[0m 55.065 ms - 130[0m
2024-03-07 22:26:53 error: [POST] /users/00000000-0000-0000-0000-000000000000/activate >> StatusCode:: 401, Message:: Wrong_Authentication_Token::[]
2024-03-07 22:26:53 info: [0mPOST /users/00000000-0000-0000-0000-000000000000/activate [33m401[0m 5.979 ms - 49[0m
2024-03-07 22:26:54 info: [0mPOST /login [32m200[0m 85.971 ms - 130[0m
2024-03-07 22:26:54 info: [0mPOST /users [32m201[0m 151.739 ms - 132[0m
2024-03-07 22:26:54 info: [0mPOST /users/bbe6d728-fc56-43bc-a5f5-86e746b13b03/deactivate [32m200[0m 22.941 ms - 43[0m
2024-03-07 22:26:54 info: [0mDELETE /users/bbe6d728-fc56-43bc-a5f5-86e746b13b03 [32m200[0m 83.229 ms - 73[0m
2024-03-07 22:26:54 info: [0mPOST /users [32m201[0m 107.854 ms - 132[0m
2024-03-07 22:26:54 info: [0mPOST /users/9a30ec30-c556-4020-98bd-faa708f8d4f7/deactivate [32m200[0m 16.853 ms - 43[0m
2024-03-07 22:26:54 info: [0mPOST /users/9a30ec30-c556-4020-98bd-faa708f8d4f7/deactivate [32m200[0m 10.482 ms - 43[0m
2024-03-07 22:26:54 info: [0mDELETE /users/9a30ec30-c556-4020-98bd-faa708f8d4f7 [32m200[0m 16.650 ms - 73[0m
2024-03-07 22:26:55 info: [0mPOST /users [32m201[0m 122.544 ms - 132[0m
2024-03-07 22:26:55 info: [0mPOST /users/f7cc614f-9c7a-4e11-9908-7d7cde3a5f7c/activate [32m200[0m 25.401 ms - 41[0m
2024-03-07 22:26:55 info: [0mPOST /users/f7cc614f-9c7a-4e11-9908-7d7cde3a5f7c/deactivate [32m200[0m 17.310 ms - 43[0m
2024-03-07 22:26:55 info: [0mDELETE /users/f7cc614f-9c7a-4e11-9908-7d7cde3a5f7c [32m200[0m 11.200 ms - 73[0m
2024-03-07 22:26:55 info: [0mPOST /login [32m200[0m 64.389 ms - 130[0m
2024-03-07 22:26:55 error: [POST] /users/00000000-0000-0000-0000-000000000000/deactivate >> StatusCode:: 403, Message:: User_Not_Authenticated::[]
2024-03-07 22:26:55 info: [0mPOST /users/00000000-0000-0000-0000-000000000000/deactivate [33m403[0m 5.350 ms - 45[0m
2024-03-07 22:26:55 info: [0mPOST /users [32m201[0m 122.699 ms - 132[0m
2024-03-07 22:26:55 info: [0mPOST /users/69b0bb78-d9cb-4a91-8e2c-7f19f35fac3b/activate [32m200[0m 26.988 ms - 41[0m
2024-03-07 22:26:55 info: [0mPOST /login [32m200[0m 69.720 ms - 133[0m
2024-03-07 22:26:55 error: [POST] /users/69b0bb78-d9cb-4a91-8e2c-7f19f35fac3b/deactivate >> StatusCode:: 403, Message:: User_Not_Authenticated::[]
2024-03-07 22:26:55 info: [0mPOST /users/69b0bb78-d9cb-4a91-8e2c-7f19f35fac3b/deactivate [33m403[0m 7.837 ms - 45[0m
2024-03-07 22:26:55 info: [0mDELETE /users/69b0bb78-d9cb-4a91-8e2c-7f19f35fac3b [32m200[0m 58.732 ms - 73[0m
2024-03-07 22:26:55 info: [0mPOST /login [32m200[0m 55.416 ms - 130[0m
2024-03-07 22:26:55 error: [POST] /users/00000000-0000-0000-0000-000000000000/deactivate >> StatusCode:: 400, Message:: User_Does_Not_Exist::["00000000-0000-0000-0000-000000000000"]
2024-03-07 22:26:55 info: [0mPOST /users/00000000-0000-0000-0000-000000000000/deactivate [33m400[0m 10.615 ms - 90[0m
2024-03-07 22:26:55 info: [0mPOST /login [32m200[0m 56.812 ms - 130[0m
2024-03-07 22:26:55 info: [0mPOST /users/invalid-guid/deactivate [33m404[0m 0.390 ms - 33[0m
2024-03-07 22:26:55 info: [0mPOST /login [32m200[0m 59.166 ms - 130[0m
2024-03-07 22:26:55 error: [POST] /users/00000000-0000-0000-0000-000000000000/deactivate >> StatusCode:: 401, Message:: Wrong_Authentication_Token::[]
2024-03-07 22:26:55 info: [0mPOST /users/00000000-0000-0000-0000-000000000000/deactivate [33m401[0m 8.253 ms - 49[0m
2024-03-07 22:26:56 info: [0mPOST /login [32m200[0m 109.329 ms - 130[0m
2024-03-07 22:26:56 info: [0mPOST /users [32m201[0m 151.040 ms - 132[0m
2024-03-07 22:26:56 info: [0mGET /users/3528c733-96b7-44e7-9807-f6b09dd04816 [32m200[0m 20.738 ms - 167[0m
2024-03-07 22:26:56 info: [0mDELETE /users/3528c733-96b7-44e7-9807-f6b09dd04816 [32m200[0m 83.804 ms - 73[0m
2024-03-07 22:26:56 info: [0mPOST /login [32m200[0m 61.636 ms - 130[0m
2024-03-07 22:26:56 error: [GET] /users/00000000-0000-0000-0000-000000000000 >> StatusCode:: 403, Message:: User_Not_Authenticated::[]
2024-03-07 22:26:56 info: [0mGET /users/00000000-0000-0000-0000-000000000000 [33m403[0m 8.600 ms - 45[0m
2024-03-07 22:26:56 info: [0mPOST /users [32m201[0m 124.624 ms - 132[0m
2024-03-07 22:26:56 info: [0mPOST /users/41ac84d1-c81c-413c-b31d-c3ef32dd57d9/activate [32m200[0m 27.838 ms - 41[0m
2024-03-07 22:26:57 info: [0mPOST /login [32m200[0m 72.129 ms - 133[0m
2024-03-07 22:26:57 error: [GET] /users/41ac84d1-c81c-413c-b31d-c3ef32dd57d9 >> StatusCode:: 403, Message:: User_Not_Authenticated::[]
2024-03-07 22:26:57 info: [0mGET /users/41ac84d1-c81c-413c-b31d-c3ef32dd57d9 [33m403[0m 12.703 ms - 45[0m
2024-03-07 22:26:57 info: [0mDELETE /users/41ac84d1-c81c-413c-b31d-c3ef32dd57d9 [32m200[0m 56.259 ms - 73[0m
2024-03-07 22:26:57 info: [0mPOST /login [32m200[0m 68.238 ms - 130[0m
2024-03-07 22:26:57 error: [GET] /users/00000000-0000-0000-0000-000000000000 >> StatusCode:: 400, Message:: User_Does_Not_Exist::["00000000-0000-0000-0000-000000000000"]
2024-03-07 22:26:57 info: [0mGET /users/00000000-0000-0000-0000-000000000000 [33m400[0m 14.584 ms - 90[0m
2024-03-07 22:26:57 info: [0mPOST /login [32m200[0m 63.309 ms - 130[0m
2024-03-07 22:26:57 info: [0mGET /users/invalid-guid [33m404[0m 0.308 ms - 33[0m
2024-03-07 22:26:57 info: [0mPOST /login [32m200[0m 56.488 ms - 130[0m
2024-03-07 22:26:57 error: [GET] /users/00000000-0000-0000-0000-000000000000 >> StatusCode:: 401, Message:: Wrong_Authentication_Token::[]
2024-03-07 22:26:57 info: [0mGET /users/00000000-0000-0000-0000-000000000000 [33m401[0m 7.068 ms - 49[0m
2024-03-07 22:26:57 info: [0mPOST /login [32m200[0m 105.370 ms - 130[0m
2024-03-07 22:26:57 info: [0mPOST /users [32m201[0m 87.009 ms - 132[0m
2024-03-07 22:26:58 info: [0mDELETE /users/843d8cfe-72da-4420-9fd2-e2d62bf0f502 [32m200[0m 25.233 ms - 73[0m
2024-03-07 22:26:58 info: [0mPOST /login [32m200[0m 63.287 ms - 130[0m
2024-03-07 22:26:58 error: [DELETE] /users/00000000-0000-0000-0000-000000000000 >> StatusCode:: 403, Message:: User_Not_Authenticated::[]
2024-03-07 22:26:58 info: [0mDELETE /users/00000000-0000-0000-0000-000000000000 [33m403[0m 3.460 ms - 45[0m
2024-03-07 22:26:58 info: [0mPOST /users [32m201[0m 73.071 ms - 132[0m
2024-03-07 22:26:58 info: [0mPOST /users/0a93c968-11a6-4f4d-b718-e10ffe688617/activate [32m200[0m 14.909 ms - 41[0m
2024-03-07 22:26:58 info: [0mPOST /login [32m200[0m 56.198 ms - 133[0m
2024-03-07 22:26:58 error: [DELETE] /users/0a93c968-11a6-4f4d-b718-e10ffe688617 >> StatusCode:: 403, Message:: User_Not_Authenticated::[]
2024-03-07 22:26:58 info: [0mDELETE /users/0a93c968-11a6-4f4d-b718-e10ffe688617 [33m403[0m 13.505 ms - 45[0m
2024-03-07 22:26:58 info: [0mDELETE /users/0a93c968-11a6-4f4d-b718-e10ffe688617 [32m200[0m 78.936 ms - 73[0m
2024-03-07 22:26:58 info: [0mPOST /login [32m200[0m 74.973 ms - 130[0m
2024-03-07 22:26:58 error: [DELETE] /users/00000000-0000-0000-0000-000000000000 >> StatusCode:: 400, Message:: User_Does_Not_Exist::["00000000-0000-0000-0000-000000000000"]
2024-03-07 22:26:58 info: [0mDELETE /users/00000000-0000-0000-0000-000000000000 [33m400[0m 18.931 ms - 90[0m
2024-03-07 22:26:58 info: [0mPOST /login [32m200[0m 54.338 ms - 130[0m
2024-03-07 22:26:58 info: [0mDELETE /users/invalid-guid [33m404[0m 0.435 ms - 33[0m
2024-03-07 22:26:58 info: [0mPOST /login [32m200[0m 57.656 ms - 130[0m
2024-03-07 22:26:58 error: [DELETE] /users/00000000-0000-0000-0000-000000000000 >> StatusCode:: 401, Message:: Wrong_Authentication_Token::[]
2024-03-07 22:26:58 info: [0mDELETE /users/00000000-0000-0000-0000-000000000000 [33m401[0m 3.421 ms - 49[0m
2024-03-07 22:26:59 info: [0mPOST /login [32m200[0m 67.883 ms - 83[0m
2024-03-07 22:26:59 info: [0mGET /users/625edee9-851c-4dfd-a0a5-d676f362e1ca [32m200[0m 4.338 ms - 84[0m
2024-03-07 22:26:59 info: [0mGET /users/625edee9-851c-4dfd-a0a5-d676f362e1ca [32m200[0m 1.363 ms - 84[0m
2024-03-07 22:30:01 info: [0mPOST /login [32m200[0m 73.210 ms - 130[0m
2024-03-07 22:30:01 info: [0mPOST /login [32m200[0m 64.212 ms - 130[0m
2024-03-07 22:30:01 info: [0mPOST /login [32m200[0m 55.703 ms - 130[0m
2024-03-07 22:30:01 info: [0mPOST /users [32m201[0m 77.424 ms - 132[0m
2024-03-07 22:30:01 info: [0mPOST /users [32m201[0m 70.999 ms - 132[0m
2024-03-07 22:30:01 error: [POST] /login >> StatusCode:: 400, Message:: Invalid_Login_Or_Password::[]
2024-03-07 22:30:01 info: [0mPOST /login [33m400[0m 7.856 ms - 48[0m
2024-03-07 22:30:01 info: [0mDELETE /users/31d0d2ad-fb98-4264-8baa-75092ef95b67 [32m200[0m 21.167 ms - 73[0m
2024-03-07 22:30:01 info: [0mDELETE /users/658dbe4d-f772-4b25-bc54-95c730c4db86 [32m200[0m 17.625 ms - 73[0m
2024-03-07 22:30:01 info: [0mPOST /users [32m201[0m 64.801 ms - 132[0m
2024-03-07 22:30:01 info: [0mPOST /users [32m201[0m 63.146 ms - 132[0m
2024-03-07 22:30:01 error: [POST] /login >> StatusCode:: 400, Message:: Invalid_Login_Or_Password::[]
2024-03-07 22:30:01 info: [0mPOST /login [33m400[0m 7.943 ms - 48[0m
2024-03-07 22:30:01 info: [0mDELETE /users/8e01b800-0f70-47bd-b1b5-63f14b511268 [32m200[0m 11.460 ms - 73[0m
2024-03-07 22:30:01 info: [0mDELETE /users/6465e328-1977-4624-8754-0d1a75eb504a [32m200[0m 11.639 ms - 73[0m
2024-03-07 22:30:01 error: [POST] /login >> StatusCode:: 400, Message:: Invalid_Login_Or_Password::[]
2024-03-07 22:30:01 info: [0mPOST /login [33m400[0m 7.067 ms - 48[0m
2024-03-07 22:30:01 error: [POST] /login >> StatusCode:: 400, Message:: Invalid_Login_Or_Password::[]
2024-03-07 22:30:01 info: [0mPOST /login [33m400[0m 5.074 ms - 48[0m
2024-03-07 22:30:01 error: [POST] /login >> StatusCode:: 400, Message:: Invalid_Login_Or_Password::[]
2024-03-07 22:30:01 info: [0mPOST /login [33m400[0m 4.835 ms - 48[0m
2024-03-07 22:30:01 info: [0mPOST /users [32m201[0m 63.357 ms - 132[0m
2024-03-07 22:30:01 error: [POST] /login >> StatusCode:: 400, Message:: Invalid_Login_Or_Password::[]
2024-03-07 22:30:01 info: [0mPOST /login [33m400[0m 5.672 ms - 48[0m
2024-03-07 22:30:01 error: [POST] /login >> StatusCode:: 400, Message:: Invalid_Login_Or_Password::[]
2024-03-07 22:30:01 info: [0mPOST /login [33m400[0m 5.118 ms - 48[0m
2024-03-07 22:30:01 error: [POST] /login >> StatusCode:: 400, Message:: Invalid_Login_Or_Password::[]
2024-03-07 22:30:01 info: [0mPOST /login [33m400[0m 5.073 ms - 48[0m
2024-03-07 22:30:01 error: [POST] /login >> StatusCode:: 400, Message:: Invalid_Login_Or_Password::[]
2024-03-07 22:30:01 info: [0mPOST /login [33m400[0m 5.298 ms - 48[0m
2024-03-07 22:30:01 info: [0mDELETE /users/db009191-6c7c-438c-8ee7-c2ac18670fad [32m200[0m 13.966 ms - 73[0m
2024-03-07 22:30:01 error: [POST] /login >> StatusCode:: 400, Message:: Invalid_Login_Or_Password::[]
2024-03-07 22:30:01 info: [0mPOST /login [33m400[0m 6.019 ms - 48[0m
2024-03-07 22:30:01 error: [POST] /login >> StatusCode:: 400, Message:: Invalid_Login_Or_Password::[]
2024-03-07 22:30:01 info: [0mPOST /login [33m400[0m 6.259 ms - 48[0m
2024-03-07 22:30:02 info: [0mPOST /users [32m201[0m 65.676 ms - 132[0m
2024-03-07 22:30:02 info: [0mPOST /users/2ae33e88-865a-4250-9416-ed7183ac4708/activate [32m200[0m 12.557 ms - 41[0m
2024-03-07 22:30:02 error: [POST] /login >> StatusCode:: 400, Message:: Invalid_Login_Or_Password::[]
2024-03-07 22:30:02 info: [0mPOST /login [33m400[0m 63.477 ms - 48[0m
2024-03-07 22:30:02 info: [0mDELETE /users/2ae33e88-865a-4250-9416-ed7183ac4708 [32m200[0m 15.867 ms - 73[0m
2024-03-07 22:30:02 info: [0mPOST /users [32m201[0m 78.555 ms - 132[0m
2024-03-07 22:30:02 info: [0mPOST /users/7addb4a2-2a03-4f8b-9fe1-8bc54291c421/activate [32m200[0m 14.824 ms - 41[0m
2024-03-07 22:30:02 error: [POST] /login >> StatusCode:: 400, Message:: Invalid_Login_Or_Password::[]
2024-03-07 22:30:02 info: [0mPOST /login [33m400[0m 79.401 ms - 48[0m
2024-03-07 22:30:02 info: [0mDELETE /users/7addb4a2-2a03-4f8b-9fe1-8bc54291c421 [32m200[0m 11.699 ms - 73[0m
2024-03-07 22:30:02 info: [0mPOST /users [32m201[0m 66.729 ms - 132[0m
2024-03-07 22:30:02 info: [0mPOST /users/ecb57820-ce6c-43e5-b44d-12dcc7dc33de/activate [32m200[0m 12.083 ms - 41[0m
2024-03-07 22:30:02 error: [POST] /login >> StatusCode:: 400, Message:: Invalid_Login_Or_Password::[]
2024-03-07 22:30:02 info: [0mPOST /login [33m400[0m 75.504 ms - 48[0m
2024-03-07 22:30:02 error: [POST] /login >> StatusCode:: 400, Message:: Invalid_Login_Or_Password::[]
2024-03-07 22:30:02 info: [0mPOST /login [33m400[0m 60.940 ms - 48[0m
2024-03-07 22:30:02 error: [POST] /login >> StatusCode:: 400, Message:: Invalid_Login_Or_Password::[]
2024-03-07 22:30:02 info: [0mPOST /login [33m400[0m 66.223 ms - 48[0m
2024-03-07 22:30:02 error: [POST] /login >> StatusCode:: 400, Message:: User_Is_Locked_Out::[]
2024-03-07 22:30:02 info: [0mPOST /login [33m400[0m 6.298 ms - 41[0m
2024-03-07 22:30:02 info: [0mDELETE /users/ecb57820-ce6c-43e5-b44d-12dcc7dc33de [32m200[0m 9.748 ms - 73[0m
2024-03-07 22:30:02 info: [0mPOST /users [32m201[0m 63.123 ms - 132[0m
2024-03-07 22:30:02 info: [0mPOST /users/49371022-3721-4b10-a239-8ab6f2f19e54/activate [32m200[0m 12.642 ms - 41[0m
2024-03-07 22:30:02 error: [POST] /login >> StatusCode:: 400, Message:: Invalid_Login_Or_Password::[]
2024-03-07 22:30:02 info: [0mPOST /login [33m400[0m 60.518 ms - 48[0m
2024-03-07 22:30:02 error: [POST] /login >> StatusCode:: 400, Message:: Invalid_Login_Or_Password::[]
2024-03-07 22:30:02 info: [0mPOST /login [33m400[0m 75.119 ms - 48[0m
2024-03-07 22:30:03 error: [POST] /login >> StatusCode:: 400, Message:: Invalid_Login_Or_Password::[]
2024-03-07 22:30:03 info: [0mPOST /login [33m400[0m 65.459 ms - 48[0m
2024-03-07 22:30:03 error: [POST] /login >> StatusCode:: 400, Message:: User_Is_Locked_Out::[]
2024-03-07 22:30:03 info: [0mPOST /login [33m400[0m 6.200 ms - 41[0m
2024-03-07 22:30:03 info: [0mDELETE /users/49371022-3721-4b10-a239-8ab6f2f19e54 [32m200[0m 9.841 ms - 73[0m
2024-03-07 22:30:03 info: [0mPOST /users [32m201[0m 62.612 ms - 132[0m
2024-03-07 22:30:03 info: [0mPOST /users/026f8fc8-97a4-404a-8c0f-2115662b24df/deactivate [32m200[0m 7.685 ms - 43[0m
2024-03-07 22:30:03 error: [POST] /login >> StatusCode:: 400, Message:: User_Is_Not_Active::[]
2024-03-07 22:30:03 info: [0mPOST /login [33m400[0m 6.235 ms - 41[0m
2024-03-07 22:30:03 info: [0mDELETE /users/026f8fc8-97a4-404a-8c0f-2115662b24df [32m200[0m 11.021 ms - 73[0m
2024-03-07 22:30:03 info: [0mPOST /users [32m201[0m 76.960 ms - 132[0m
2024-03-07 22:30:03 info: [0mPOST /users/f60d290c-3ae3-4015-8251-56e2d6b96371/deactivate [32m200[0m 9.189 ms - 43[0m
2024-03-07 22:30:03 error: [POST] /login >> StatusCode:: 400, Message:: User_Is_Not_Active::[]
2024-03-07 22:30:03 info: [0mPOST /login [33m400[0m 6.324 ms - 41[0m
2024-03-07 22:30:03 info: [0mDELETE /users/f60d290c-3ae3-4015-8251-56e2d6b96371 [32m200[0m 9.750 ms - 73[0m
2024-03-07 22:30:03 info: [0mPOST /users [32m201[0m 61.359 ms - 132[0m
2024-03-07 22:30:03 info: [0mDELETE /users/dd507704-c3d4-4388-9446-9fd7993a3c57 [32m200[0m 11.831 ms - 73[0m
2024-03-07 22:30:03 error: [POST] /login >> StatusCode:: 400, Message:: Invalid_Login_Or_Password::[]
2024-03-07 22:30:03 info: [0mPOST /login [33m400[0m 6.268 ms - 48[0m
2024-03-07 22:30:03 info: [0mPOST /login [32m200[0m 68.240 ms - 130[0m
2024-03-07 22:30:04 info: [0mPOST /users [32m201[0m 89.590 ms - 132[0m
2024-03-07 22:30:04 info: [0mPOST /users/9307cf65-e532-4404-a77e-fbf2f7499b64/deactivate [32m200[0m 12.094 ms - 43[0m
2024-03-07 22:30:04 info: [0mDELETE /users/9307cf65-e532-4404-a77e-fbf2f7499b64 [32m200[0m 18.898 ms - 73[0m
2024-03-07 22:30:04 info: [0mPOST /users [32m201[0m 65.862 ms - 132[0m
2024-03-07 22:30:04 info: [0mPOST /users/aee38651-0c3c-42cd-ade7-85cb988853c7/deactivate [32m200[0m 18.508 ms - 43[0m
2024-03-07 22:30:04 info: [0mPOST /users/aee38651-0c3c-42cd-ade7-85cb988853c7/deactivate [32m200[0m 9.286 ms - 43[0m
2024-03-07 22:30:04 info: [0mDELETE /users/aee38651-0c3c-42cd-ade7-85cb988853c7 [32m200[0m 14.301 ms - 73[0m
2024-03-07 22:30:04 info: [0mPOST /users [32m201[0m 77.247 ms - 132[0m
2024-03-07 22:30:04 info: [0mPOST /users/8e47fbe9-77e9-4800-867b-1feb8f5eabf4/activate [32m200[0m 12.811 ms - 41[0m
2024-03-07 22:30:04 info: [0mPOST /users/8e47fbe9-77e9-4800-867b-1feb8f5eabf4/deactivate [32m200[0m 12.559 ms - 43[0m
2024-03-07 22:30:04 info: [0mDELETE /users/8e47fbe9-77e9-4800-867b-1feb8f5eabf4 [32m200[0m 12.413 ms - 73[0m
2024-03-07 22:30:04 info: [0mPOST /login [32m200[0m 56.034 ms - 130[0m
2024-03-07 22:30:04 error: [POST] /users/00000000-0000-0000-0000-000000000000/deactivate >> StatusCode:: 403, Message:: User_Not_Authenticated::[]
2024-03-07 22:30:04 info: [0mPOST /users/00000000-0000-0000-0000-000000000000/deactivate [33m403[0m 6.788 ms - 45[0m
2024-03-07 22:30:04 info: [0mPOST /users [32m201[0m 68.242 ms - 132[0m
2024-03-07 22:30:04 info: [0mPOST /users/246f9764-1a5e-4f47-a99c-d67290995446/activate [32m200[0m 11.686 ms - 41[0m
2024-03-07 22:30:04 info: [0mPOST /login [32m200[0m 54.479 ms - 133[0m
2024-03-07 22:30:04 error: [POST] /users/246f9764-1a5e-4f47-a99c-d67290995446/deactivate >> StatusCode:: 403, Message:: User_Not_Authenticated::[]
2024-03-07 22:30:04 info: [0mPOST /users/246f9764-1a5e-4f47-a99c-d67290995446/deactivate [33m403[0m 7.013 ms - 45[0m
2024-03-07 22:30:04 info: [0mDELETE /users/246f9764-1a5e-4f47-a99c-d67290995446 [32m200[0m 11.024 ms - 73[0m
2024-03-07 22:30:04 info: [0mPOST /login [32m200[0m 55.924 ms - 130[0m
2024-03-07 22:30:04 error: [POST] /users/00000000-0000-0000-0000-000000000000/deactivate >> StatusCode:: 400, Message:: User_Does_Not_Exist::["00000000-0000-0000-0000-000000000000"]
2024-03-07 22:30:04 info: [0mPOST /users/00000000-0000-0000-0000-000000000000/deactivate [33m400[0m 8.365 ms - 90[0m
2024-03-07 22:30:04 info: [0mPOST /login [32m200[0m 55.834 ms - 130[0m
2024-03-07 22:30:04 info: [0mPOST /users/invalid-guid/deactivate [33m404[0m 0.511 ms - 33[0m
2024-03-07 22:30:04 info: [0mPOST /login [32m200[0m 56.090 ms - 130[0m
2024-03-07 22:30:04 error: [POST] /users/00000000-0000-0000-0000-000000000000/deactivate >> StatusCode:: 401, Message:: Wrong_Authentication_Token::[]
2024-03-07 22:30:04 info: [0mPOST /users/00000000-0000-0000-0000-000000000000/deactivate [33m401[0m 9.223 ms - 49[0m
2024-03-07 22:30:05 info: [0mPOST /login [32m200[0m 76.110 ms - 130[0m
2024-03-07 22:30:05 info: [0mPOST /users [32m201[0m 85.724 ms - 132[0m
2024-03-07 22:30:05 info: [0mDELETE /users/abbb4b12-67f5-4a6e-bee5-46586e0abaa0 [32m200[0m 14.533 ms - 73[0m
2024-03-07 22:30:05 info: [0mPOST /login [32m200[0m 54.176 ms - 130[0m
2024-03-07 22:30:05 error: [POST] /users >> StatusCode:: 400, Message:: Invalid_Password::[]
2024-03-07 22:30:05 info: [0mPOST /users [33m400[0m 6.492 ms - 39[0m
2024-03-07 22:30:05 error: [POST] /users >> StatusCode:: 400, Message:: Invalid_Email::[]
2024-03-07 22:30:05 info: [0mPOST /users [33m400[0m 5.885 ms - 36[0m
2024-03-07 22:30:05 error: [POST] /users >> StatusCode:: 400, Message:: Invalid_Phone::[]
2024-03-07 22:30:05 info: [0mPOST /users [33m400[0m 6.957 ms - 36[0m
2024-03-07 22:30:05 info: [0mPOST /users [32m201[0m 77.914 ms - 132[0m
2024-03-07 22:30:05 error: [POST] /users >> StatusCode:: 400, Message:: User_Already_Exists::["qljodfwe1@email.com","889608712"]
2024-03-07 22:30:05 info: [0mPOST /users [33m400[0m 10.932 ms - 85[0m
2024-03-07 22:30:05 info: [0mDELETE /users/967ed841-80fd-43b1-9a55-26aede0600eb [32m200[0m 13.442 ms - 73[0m
2024-03-07 22:30:05 info: [0mPOST /users [32m201[0m 61.648 ms - 132[0m
2024-03-07 22:30:05 error: [POST] /users >> StatusCode:: 400, Message:: User_Already_Exists::["OTDYYLZR3@EMAIL.COM","889812179"]
2024-03-07 22:30:05 info: [0mPOST /users [33m400[0m 10.665 ms - 85[0m
2024-03-07 22:30:05 info: [0mDELETE /users/9ebd52df-9964-44d1-9b7f-7c934d2bccc5 [32m200[0m 11.785 ms - 73[0m
2024-03-07 22:30:05 info: [0mPOST /login [32m200[0m 55.050 ms - 130[0m
2024-03-07 22:30:05 error: [POST] /users >> StatusCode:: 403, Message:: User_Not_Authenticated::[]
2024-03-07 22:30:05 info: [0mPOST /users [33m403[0m 6.164 ms - 45[0m
2024-03-07 22:30:06 info: [0mPOST /users [32m201[0m 79.852 ms - 132[0m
2024-03-07 22:30:06 info: [0mPOST /users/c6f0a625-e4cb-4389-9226-7700a557dc29/activate [32m200[0m 16.123 ms - 41[0m
2024-03-07 22:30:06 info: [0mPOST /login [32m200[0m 55.025 ms - 133[0m
2024-03-07 22:30:06 error: [POST] /users >> StatusCode:: 403, Message:: User_Not_Authenticated::[]
2024-03-07 22:30:06 info: [0mPOST /users [33m403[0m 12.118 ms - 45[0m
2024-03-07 22:30:06 info: [0mDELETE /users/c6f0a625-e4cb-4389-9226-7700a557dc29 [32m200[0m 29.377 ms - 73[0m
2024-03-07 22:30:06 info: [0mPOST /login [32m200[0m 60.200 ms - 130[0m
2024-03-07 22:30:06 error: [POST] /users >> StatusCode:: 401, Message:: Wrong_Authentication_Token::[]
2024-03-07 22:30:06 info: [0mPOST /users [33m401[0m 5.651 ms - 49[0m
2024-03-07 22:30:06 info: [0mPOST /users [32m201[0m 75.455 ms - 132[0m
2024-03-07 22:30:06 info: [0mPOST /users/e3617afe-2e67-405a-9119-eddeb23b9f5b/activate [32m200[0m 10.299 ms - 41[0m
2024-03-07 22:30:06 info: [0mPOST /login [32m200[0m 58.040 ms - 133[0m
2024-03-07 22:30:06 info: [0mDELETE /users/e3617afe-2e67-405a-9119-eddeb23b9f5b [32m200[0m 14.821 ms - 73[0m
2024-03-07 22:30:06 error: [POST] /users >> StatusCode:: 401, Message:: Wrong_Authentication_Token::[]
2024-03-07 22:30:06 info: [0mPOST /users [33m401[0m 12.755 ms - 49[0m
2024-03-07 22:30:07 info: [0mPOST /login [32m200[0m 89.353 ms - 130[0m
2024-03-07 22:30:07 info: [0mPOST /users [32m201[0m 75.802 ms - 132[0m
2024-03-07 22:30:07 info: [0mPOST /users/83eaaa7f-ee8e-4695-829b-49243519df06/activate [32m200[0m 14.499 ms - 41[0m
2024-03-07 22:30:07 info: [0mDELETE /users/83eaaa7f-ee8e-4695-829b-49243519df06 [32m200[0m 11.285 ms - 73[0m
2024-03-07 22:30:07 info: [0mPOST /users [32m201[0m 79.018 ms - 132[0m
2024-03-07 22:30:07 info: [0mPOST /users/cc54a941-63bb-4afd-ac29-3ca30017f5ba/activate [32m200[0m 13.817 ms - 41[0m
2024-03-07 22:30:07 info: [0mPOST /users/cc54a941-63bb-4afd-ac29-3ca30017f5ba/activate [32m200[0m 5.765 ms - 41[0m
2024-03-07 22:30:07 info: [0mDELETE /users/cc54a941-63bb-4afd-ac29-3ca30017f5ba [32m200[0m 10.146 ms - 73[0m
2024-03-07 22:30:07 info: [0mPOST /users [32m201[0m 60.426 ms - 132[0m
2024-03-07 22:30:07 info: [0mPOST /users/1573d1d4-7cf2-4ab9-a57a-d6cc6bec645a/activate [32m200[0m 12.479 ms - 41[0m
2024-03-07 22:30:07 info: [0mDELETE /users/1573d1d4-7cf2-4ab9-a57a-d6cc6bec645a [32m200[0m 9.127 ms - 73[0m
2024-03-07 22:30:07 info: [0mPOST /login [32m200[0m 56.490 ms - 130[0m
2024-03-07 22:30:07 error: [POST] /users/00000000-0000-0000-0000-000000000000/activate >> StatusCode:: 403, Message:: User_Not_Authenticated::[]
2024-03-07 22:30:07 info: [0mPOST /users/00000000-0000-0000-0000-000000000000/activate [33m403[0m 6.380 ms - 45[0m
2024-03-07 22:30:07 info: [0mPOST /users [32m201[0m 76.062 ms - 132[0m
2024-03-07 22:30:07 info: [0mPOST /users/8abb40e2-490d-4c11-bbbe-f50146fa3b54/activate [32m200[0m 13.059 ms - 41[0m
2024-03-07 22:30:07 info: [0mPOST /login [32m200[0m 55.905 ms - 133[0m
2024-03-07 22:30:07 error: [POST] /users/8abb40e2-490d-4c11-bbbe-f50146fa3b54/activate >> StatusCode:: 403, Message:: User_Not_Authenticated::[]
2024-03-07 22:30:07 info: [0mPOST /users/8abb40e2-490d-4c11-bbbe-f50146fa3b54/activate [33m403[0m 10.069 ms - 45[0m
2024-03-07 22:30:07 info: [0mDELETE /users/8abb40e2-490d-4c11-bbbe-f50146fa3b54 [32m200[0m 28.700 ms - 73[0m
2024-03-07 22:30:07 info: [0mPOST /login [32m200[0m 63.242 ms - 130[0m
2024-03-07 22:30:07 error: [POST] /users/00000000-0000-0000-0000-000000000000/activate >> StatusCode:: 400, Message:: User_Does_Not_Exist::["00000000-0000-0000-0000-000000000000"]
2024-03-07 22:30:07 info: [0mPOST /users/00000000-0000-0000-0000-000000000000/activate [33m400[0m 9.959 ms - 90[0m
2024-03-07 22:30:07 info: [0mPOST /login [32m200[0m 56.199 ms - 130[0m
2024-03-07 22:30:07 info: [0mPOST /users/invalid-guid/activate [33m404[0m 0.679 ms - 33[0m
2024-03-07 22:30:07 info: [0mPOST /login [32m200[0m 55.640 ms - 130[0m
2024-03-07 22:30:08 error: [POST] /users/00000000-0000-0000-0000-000000000000/activate >> StatusCode:: 401, Message:: Wrong_Authentication_Token::[]
2024-03-07 22:30:08 info: [0mPOST /users/00000000-0000-0000-0000-000000000000/activate [33m401[0m 7.330 ms - 49[0m
2024-03-07 22:30:08 info: [0mPOST /login [32m200[0m 91.584 ms - 130[0m
2024-03-07 22:30:08 info: [0mPOST /users [32m201[0m 89.743 ms - 132[0m
2024-03-07 22:30:08 info: [0mGET /users/40356f9c-63f5-49e3-967f-56aacb1800cb [32m200[0m 10.909 ms - 167[0m
2024-03-07 22:30:08 info: [0mDELETE /users/40356f9c-63f5-49e3-967f-56aacb1800cb [32m200[0m 13.895 ms - 73[0m
2024-03-07 22:30:08 info: [0mPOST /login [32m200[0m 56.417 ms - 130[0m
2024-03-07 22:30:08 error: [GET] /users/00000000-0000-0000-0000-000000000000 >> StatusCode:: 403, Message:: User_Not_Authenticated::[]
2024-03-07 22:30:08 info: [0mGET /users/00000000-0000-0000-0000-000000000000 [33m403[0m 6.194 ms - 45[0m
2024-03-07 22:30:08 info: [0mPOST /users [32m201[0m 61.448 ms - 132[0m
2024-03-07 22:30:08 info: [0mPOST /users/16af5cf3-1570-489d-8ef3-82737bf8df65/activate [32m200[0m 15.602 ms - 41[0m
2024-03-07 22:30:08 info: [0mPOST /login [32m200[0m 54.509 ms - 133[0m
2024-03-07 22:30:08 error: [GET] /users/16af5cf3-1570-489d-8ef3-82737bf8df65 >> StatusCode:: 403, Message:: User_Not_Authenticated::[]
2024-03-07 22:30:08 info: [0mGET /users/16af5cf3-1570-489d-8ef3-82737bf8df65 [33m403[0m 8.284 ms - 45[0m
2024-03-07 22:30:08 info: [0mDELETE /users/16af5cf3-1570-489d-8ef3-82737bf8df65 [32m200[0m 29.272 ms - 73[0m
2024-03-07 22:30:09 info: [0mPOST /login [32m200[0m 56.639 ms - 130[0m
2024-03-07 22:30:09 error: [GET] /users/00000000-0000-0000-0000-000000000000 >> StatusCode:: 400, Message:: User_Does_Not_Exist::["00000000-0000-0000-0000-000000000000"]
2024-03-07 22:30:09 info: [0mGET /users/00000000-0000-0000-0000-000000000000 [33m400[0m 10.499 ms - 90[0m
2024-03-07 22:30:09 info: [0mPOST /login [32m200[0m 55.939 ms - 130[0m
2024-03-07 22:30:09 info: [0mGET /users/invalid-guid [33m404[0m 0.317 ms - 33[0m
2024-03-07 22:30:09 info: [0mPOST /login [32m200[0m 54.161 ms - 130[0m
2024-03-07 22:30:09 error: [GET] /users/00000000-0000-0000-0000-000000000000 >> StatusCode:: 401, Message:: Wrong_Authentication_Token::[]
2024-03-07 22:30:09 info: [0mGET /users/00000000-0000-0000-0000-000000000000 [33m401[0m 9.738 ms - 49[0m
2024-03-07 22:30:09 info: [0mPOST /login [32m200[0m 82.225 ms - 130[0m
2024-03-07 22:30:09 info: [0mPOST /users [32m201[0m 100.083 ms - 132[0m
2024-03-07 22:30:09 info: [0mDELETE /users/418415aa-4828-42fd-8f54-53fafeab30ea [32m200[0m 17.018 ms - 73[0m
2024-03-07 22:30:09 info: [0mPOST /login [32m200[0m 54.210 ms - 130[0m
2024-03-07 22:30:09 error: [DELETE] /users/00000000-0000-0000-0000-000000000000 >> StatusCode:: 403, Message:: User_Not_Authenticated::[]
2024-03-07 22:30:09 info: [0mDELETE /users/00000000-0000-0000-0000-000000000000 [33m403[0m 3.472 ms - 45[0m
2024-03-07 22:30:10 info: [0mPOST /users [32m201[0m 63.250 ms - 132[0m
2024-03-07 22:30:10 info: [0mPOST /users/78b979d8-cf1f-410a-9453-8143b1116eeb/activate [32m200[0m 27.393 ms - 41[0m
2024-03-07 22:30:10 info: [0mPOST /login [32m200[0m 73.168 ms - 133[0m
2024-03-07 22:30:10 error: [DELETE] /users/78b979d8-cf1f-410a-9453-8143b1116eeb >> StatusCode:: 403, Message:: User_Not_Authenticated::[]
2024-03-07 22:30:10 info: [0mDELETE /users/78b979d8-cf1f-410a-9453-8143b1116eeb [33m403[0m 17.202 ms - 45[0m
2024-03-07 22:30:10 info: [0mDELETE /users/78b979d8-cf1f-410a-9453-8143b1116eeb [32m200[0m 36.364 ms - 73[0m
2024-03-07 22:30:10 info: [0mPOST /login [32m200[0m 65.502 ms - 130[0m
2024-03-07 22:30:10 error: [DELETE] /users/00000000-0000-0000-0000-000000000000 >> StatusCode:: 400, Message:: User_Does_Not_Exist::["00000000-0000-0000-0000-000000000000"]
2024-03-07 22:30:10 info: [0mDELETE /users/00000000-0000-0000-0000-000000000000 [33m400[0m 23.129 ms - 90[0m
2024-03-07 22:30:10 info: [0mPOST /login [32m200[0m 62.703 ms - 130[0m
2024-03-07 22:30:10 info: [0mDELETE /users/invalid-guid [33m404[0m 0.489 ms - 33[0m
2024-03-07 22:30:10 info: [0mPOST /login [32m200[0m 59.316 ms - 130[0m
2024-03-07 22:30:10 error: [DELETE] /users/00000000-0000-0000-0000-000000000000 >> StatusCode:: 401, Message:: Wrong_Authentication_Token::[]
2024-03-07 22:30:10 info: [0mDELETE /users/00000000-0000-0000-0000-000000000000 [33m401[0m 3.358 ms - 49[0m
2024-03-07 22:30:10 info: [0mPOST /login [32m200[0m 64.038 ms - 83[0m
2024-03-07 22:30:10 info: [0mGET /users/625edee9-851c-4dfd-a0a5-d676f362e1ca [32m200[0m 3.684 ms - 84[0m
2024-03-07 22:30:10 info: [0mGET /users/625edee9-851c-4dfd-a0a5-d676f362e1ca [32m200[0m 2.131 ms - 84[0m
