2024-04-25 19:34:02 error: [POST] /login >> StatusCode:: 400, Message:: Invalid_Login_Or_Password::[]
2024-04-25 19:34:02 info: [0mPOST /login [33m400[0m 120.131 ms - 48[0m
2024-04-25 19:34:02 error: [POST] /login >> StatusCode:: 400, Message:: Invalid_Login_Or_Password::[]
2024-04-25 19:34:02 info: [0mPOST /login [33m400[0m 11.015 ms - 48[0m
2024-04-25 19:34:02 error: [POST] /login >> StatusCode:: 400, Message:: Invalid_Login_Or_Password::[]
2024-04-25 19:34:02 info: [0mPOST /login [33m400[0m 6.948 ms - 48[0m
2024-04-25 19:34:02 error: [POST] /users >> StatusCode:: 401, Message:: Wrong_Authentication_Token::[]
2024-04-25 19:34:02 info: [0mPOST /users [33m401[0m 10.478 ms - 49[0m
2024-04-25 19:34:02 error: [POST] /users >> StatusCode:: 401, Message:: Wrong_Authentication_Token::[]
2024-04-25 19:34:02 info: [0mPOST /users [33m401[0m 9.217 ms - 49[0m
2024-04-25 19:34:02 error: [POST] /login >> StatusCode:: 400, Message:: Invalid_Login_Or_Password::[]
2024-04-25 19:34:02 info: [0mPOST /login [33m400[0m 6.613 ms - 48[0m
2024-04-25 19:34:02 error: [POST] /login >> StatusCode:: 400, Message:: Invalid_Login_Or_Password::[]
2024-04-25 19:34:02 info: [0mPOST /login [33m400[0m 6.311 ms - 48[0m
2024-04-25 19:34:02 error: [POST] /login >> StatusCode:: 400, Message:: Invalid_Login_Or_Password::[]
2024-04-25 19:34:02 info: [0mPOST /login [33m400[0m 5.334 ms - 48[0m
2024-04-25 19:34:02 error: [POST] /users >> StatusCode:: 401, Message:: Wrong_Authentication_Token::[]
2024-04-25 19:34:02 info: [0mPOST /users [33m401[0m 5.704 ms - 49[0m
2024-04-25 19:34:02 error: [POST] /login >> StatusCode:: 400, Message:: Invalid_Login_Or_Password::[]
2024-04-25 19:34:02 info: [0mPOST /login [33m400[0m 6.943 ms - 48[0m
2024-04-25 19:34:02 error: [POST] /login >> StatusCode:: 400, Message:: Invalid_Login_Or_Password::[]
2024-04-25 19:34:02 info: [0mPOST /login [33m400[0m 7.614 ms - 48[0m
2024-04-25 19:34:02 error: [POST] /users >> StatusCode:: 401, Message:: Wrong_Authentication_Token::[]
2024-04-25 19:34:02 info: [0mPOST /users [33m401[0m 6.565 ms - 49[0m
2024-04-25 19:34:02 error: [POST] /users >> StatusCode:: 401, Message:: Wrong_Authentication_Token::[]
2024-04-25 19:34:02 info: [0mPOST /users [33m401[0m 7.899 ms - 49[0m
2024-04-25 19:34:02 error: [POST] /users >> StatusCode:: 401, Message:: Wrong_Authentication_Token::[]
2024-04-25 19:34:02 info: [0mPOST /users [33m401[0m 6.279 ms - 49[0m
2024-04-25 19:34:02 error: [POST] /users >> StatusCode:: 401, Message:: Wrong_Authentication_Token::[]
2024-04-25 19:34:02 info: [0mPOST /users [33m401[0m 7.935 ms - 49[0m
2024-04-25 19:34:02 error: [POST] /users >> StatusCode:: 401, Message:: Wrong_Authentication_Token::[]
2024-04-25 19:34:02 info: [0mPOST /users [33m401[0m 7.132 ms - 49[0m
2024-04-25 19:34:02 error: [POST] /users >> StatusCode:: 401, Message:: Wrong_Authentication_Token::[]
2024-04-25 19:34:02 info: [0mPOST /users [33m401[0m 7.999 ms - 49[0m
2024-04-25 19:34:02 error: [POST] /users >> StatusCode:: 401, Message:: Wrong_Authentication_Token::[]
2024-04-25 19:34:02 info: [0mPOST /users [33m401[0m 6.411 ms - 49[0m
2024-04-25 19:34:03 error: [POST] /login >> StatusCode:: 400, Message:: Invalid_Login_Or_Password::[]
2024-04-25 19:34:03 info: [0mPOST /login [33m400[0m 22.217 ms - 48[0m
2024-04-25 19:34:03 error: [POST] /users >> StatusCode:: 401, Message:: Wrong_Authentication_Token::[]
2024-04-25 19:34:03 info: [0mPOST /users [33m401[0m 8.136 ms - 49[0m
2024-04-25 19:34:03 error: [POST] /users >> StatusCode:: 401, Message:: Wrong_Authentication_Token::[]
2024-04-25 19:34:03 info: [0mPOST /users [33m401[0m 5.848 ms - 49[0m
2024-04-25 19:34:03 error: [POST] /users >> StatusCode:: 401, Message:: Wrong_Authentication_Token::[]
2024-04-25 19:34:03 info: [0mPOST /users [33m401[0m 5.760 ms - 49[0m
2024-04-25 19:34:03 error: [POST] /login >> StatusCode:: 400, Message:: Invalid_Login_Or_Password::[]
2024-04-25 19:34:03 info: [0mPOST /login [33m400[0m 7.160 ms - 48[0m
2024-04-25 19:34:03 error: [DELETE] /users/00000000-0000-0000-0000-000000000000 >> StatusCode:: 403, Message:: User_Not_Authorized::[]
2024-04-25 19:34:03 info: [0mDELETE /users/00000000-0000-0000-0000-000000000000 [33m403[0m 5.991 ms - 42[0m
2024-04-25 19:34:03 error: [POST] /users >> StatusCode:: 401, Message:: Wrong_Authentication_Token::[]
2024-04-25 19:34:03 info: [0mPOST /users [33m401[0m 6.086 ms - 49[0m
2024-04-25 19:34:03 error: [POST] /login >> StatusCode:: 400, Message:: Invalid_Login_Or_Password::[]
2024-04-25 19:34:03 info: [0mPOST /login [33m400[0m 6.307 ms - 48[0m
2024-04-25 19:34:03 error: [DELETE] /users/00000000-0000-0000-0000-000000000000 >> StatusCode:: 401, Message:: Wrong_Authentication_Token::[]
2024-04-25 19:34:03 info: [0mDELETE /users/00000000-0000-0000-0000-000000000000 [33m401[0m 3.854 ms - 49[0m
2024-04-25 19:34:03 error: [POST] /users >> StatusCode:: 401, Message:: Wrong_Authentication_Token::[]
2024-04-25 19:34:03 info: [0mPOST /users [33m401[0m 5.474 ms - 49[0m
2024-04-25 19:34:03 error: [POST] /login >> StatusCode:: 400, Message:: Invalid_Login_Or_Password::[]
2024-04-25 19:34:03 info: [0mPOST /login [33m400[0m 6.879 ms - 48[0m
2024-04-25 19:34:03 info: [0mDELETE /users/invalid-guid [33m404[0m 0.651 ms - 83[0m
2024-04-25 19:34:03 error: [POST] /login >> StatusCode:: 400, Message:: Invalid_Login_Or_Password::[]
2024-04-25 19:34:03 info: [0mPOST /login [33m400[0m 7.105 ms - 48[0m
2024-04-25 19:34:03 error: [DELETE] /users/00000000-0000-0000-0000-000000000000 >> StatusCode:: 401, Message:: Wrong_Authentication_Token::[]
2024-04-25 19:34:03 info: [0mDELETE /users/00000000-0000-0000-0000-000000000000 [33m401[0m 4.898 ms - 49[0m
2024-04-25 19:34:04 error: [POST] /login >> StatusCode:: 400, Message:: Invalid_Login_Or_Password::[]
2024-04-25 19:34:04 info: [0mPOST /login [33m400[0m 30.676 ms - 48[0m
2024-04-25 19:34:04 error: [POST] /users >> StatusCode:: 401, Message:: Wrong_Authentication_Token::[]
2024-04-25 19:34:04 info: [0mPOST /users [33m401[0m 7.369 ms - 49[0m
2024-04-25 19:34:04 error: [POST] /login >> StatusCode:: 400, Message:: Invalid_Login_Or_Password::[]
2024-04-25 19:34:04 info: [0mPOST /login [33m400[0m 6.867 ms - 48[0m
2024-04-25 19:34:04 error: [POST] /users >> StatusCode:: 400, Message:: Invalid_Password::[]
2024-04-25 19:34:04 info: [0mPOST /users [33m400[0m 6.441 ms - 39[0m
2024-04-25 19:34:04 error: [POST] /users >> StatusCode:: 400, Message:: Invalid_Email::[]
2024-04-25 19:34:04 info: [0mPOST /users [33m400[0m 5.931 ms - 36[0m
2024-04-25 19:34:04 error: [POST] /users >> StatusCode:: 400, Message:: Invalid_Phone::[]
2024-04-25 19:34:04 info: [0mPOST /users [33m400[0m 5.038 ms - 36[0m
2024-04-25 19:34:04 error: [POST] /users >> StatusCode:: 401, Message:: Wrong_Authentication_Token::[]
2024-04-25 19:34:04 info: [0mPOST /users [33m401[0m 5.434 ms - 49[0m
2024-04-25 19:34:04 error: [POST] /users >> StatusCode:: 401, Message:: Wrong_Authentication_Token::[]
2024-04-25 19:34:04 info: [0mPOST /users [33m401[0m 6.112 ms - 49[0m
2024-04-25 19:34:04 error: [POST] /login >> StatusCode:: 400, Message:: Invalid_Login_Or_Password::[]
2024-04-25 19:34:04 info: [0mPOST /login [33m400[0m 6.805 ms - 48[0m
2024-04-25 19:34:04 error: [POST] /users >> StatusCode:: 403, Message:: User_Not_Authorized::[]
2024-04-25 19:34:04 info: [0mPOST /users [33m403[0m 5.593 ms - 42[0m
2024-04-25 19:34:04 error: [POST] /users >> StatusCode:: 401, Message:: Wrong_Authentication_Token::[]
2024-04-25 19:34:04 info: [0mPOST /users [33m401[0m 6.888 ms - 49[0m
2024-04-25 19:34:04 error: [POST] /login >> StatusCode:: 400, Message:: Invalid_Login_Or_Password::[]
2024-04-25 19:34:04 info: [0mPOST /login [33m400[0m 7.251 ms - 48[0m
2024-04-25 19:34:04 error: [POST] /users >> StatusCode:: 401, Message:: Wrong_Authentication_Token::[]
2024-04-25 19:34:04 info: [0mPOST /users [33m401[0m 5.278 ms - 49[0m
2024-04-25 19:34:04 error: [POST] /users >> StatusCode:: 401, Message:: Wrong_Authentication_Token::[]
2024-04-25 19:34:04 info: [0mPOST /users [33m401[0m 6.527 ms - 49[0m
2024-04-25 19:34:04 error: [POST] /login >> StatusCode:: 400, Message:: Invalid_Login_Or_Password::[]
2024-04-25 19:34:04 info: [0mPOST /login [33m400[0m 35.547 ms - 48[0m
2024-04-25 19:34:04 info: [0mDELETE /permissions/105 [33m404[0m 0.950 ms - 80[0m
2024-04-25 19:34:04 info: [0mDELETE /permissions/invalid-user-id/105 [33m404[0m 0.647 ms - 96[0m
2024-04-25 19:34:05 info: [0mDELETE /permissions [33m404[0m 0.281 ms - 76[0m
2024-04-25 19:34:05 info: [0mDELETE /permissions/invalid-user-id/invalid-permission-id [33m404[0m 0.386 ms - 114[0m
2024-04-25 19:34:05 error: [POST] /login >> StatusCode:: 400, Message:: Invalid_Login_Or_Password::[]
2024-04-25 19:34:05 info: [0mPOST /login [33m400[0m 9.203 ms - 48[0m
2024-04-25 19:34:05 error: [DELETE] /permissions/00000000-0000-0000-0000-000000000000/105 >> StatusCode:: 401, Message:: Wrong_Authentication_Token::[]
2024-04-25 19:34:05 info: [0mDELETE /permissions/00000000-0000-0000-0000-000000000000/105 [33m401[0m 3.853 ms - 49[0m
2024-04-25 19:34:05 error: [DELETE] /permissions/00000000-0000-0000-0000-000000000000 >> StatusCode:: 401, Message:: Wrong_Authentication_Token::[]
2024-04-25 19:34:05 info: [0mDELETE /permissions/00000000-0000-0000-0000-000000000000 [33m401[0m 3.520 ms - 49[0m
2024-04-25 19:34:05 error: [POST] /users >> StatusCode:: 401, Message:: Wrong_Authentication_Token::[]
2024-04-25 19:34:05 info: [0mPOST /users [33m401[0m 7.431 ms - 49[0m
2024-04-25 19:34:05 error: [POST] /login >> StatusCode:: 400, Message:: Invalid_Login_Or_Password::[]
2024-04-25 19:34:05 info: [0mPOST /login [33m400[0m 7.722 ms - 48[0m
2024-04-25 19:34:05 error: [DELETE] /permissions/00000000-0000-0000-0000-000000000000/100 >> StatusCode:: 401, Message:: Wrong_Authentication_Token::[]
2024-04-25 19:34:05 info: [0mDELETE /permissions/00000000-0000-0000-0000-000000000000/100 [33m401[0m 4.628 ms - 49[0m
2024-04-25 19:34:05 error: [POST] /login >> StatusCode:: 400, Message:: Invalid_Login_Or_Password::[]
2024-04-25 19:34:05 info: [0mPOST /login [33m400[0m 5.996 ms - 48[0m
2024-04-25 19:34:05 error: [DELETE] /permissions/00000000-0000-0000-0000-000000000000/100 >> StatusCode:: 403, Message:: User_Not_Authorized::[]
2024-04-25 19:34:05 info: [0mDELETE /permissions/00000000-0000-0000-0000-000000000000/100 [33m403[0m 5.666 ms - 42[0m
2024-04-25 19:34:05 error: [POST] /users >> StatusCode:: 401, Message:: Wrong_Authentication_Token::[]
2024-04-25 19:34:05 info: [0mPOST /users [33m401[0m 7.400 ms - 49[0m
2024-04-25 19:34:05 error: [POST] /login >> StatusCode:: 400, Message:: Invalid_Login_Or_Password::[]
2024-04-25 19:34:05 info: [0mPOST /login [33m400[0m 7.321 ms - 48[0m
2024-04-25 19:34:05 error: [POST] /users >> StatusCode:: 401, Message:: Wrong_Authentication_Token::[]
2024-04-25 19:34:05 info: [0mPOST /users [33m401[0m 5.275 ms - 49[0m
2024-04-25 19:34:05 error: [POST] /users >> StatusCode:: 401, Message:: Wrong_Authentication_Token::[]
2024-04-25 19:34:05 info: [0mPOST /users [33m401[0m 7.007 ms - 49[0m
2024-04-25 19:34:05 error: [POST] /users >> StatusCode:: 401, Message:: Wrong_Authentication_Token::[]
2024-04-25 19:34:05 info: [0mPOST /users [33m401[0m 5.294 ms - 49[0m
2024-04-25 19:34:05 error: [POST] /login >> StatusCode:: 400, Message:: Invalid_Login_Or_Password::[]
2024-04-25 19:34:05 info: [0mPOST /login [33m400[0m 21.489 ms - 48[0m
2024-04-25 19:34:05 info: [0mPOST /permissions/105 [33m404[0m 0.513 ms - 80[0m
2024-04-25 19:34:05 info: [0mPOST /permissions/invalid-user-id/105 [33m404[0m 0.371 ms - 96[0m
2024-04-25 19:34:05 info: [0mPOST /permissions [33m404[0m 0.377 ms - 76[0m
2024-04-25 19:34:05 info: [0mPOST /permissions/invalid-user-id/invalid-permission-id [33m404[0m 0.380 ms - 114[0m
2024-04-25 19:34:05 error: [POST] /login >> StatusCode:: 400, Message:: Invalid_Login_Or_Password::[]
2024-04-25 19:34:05 info: [0mPOST /login [33m400[0m 7.055 ms - 48[0m
2024-04-25 19:34:05 error: [POST] /permissions/00000000-0000-0000-0000-000000000000/105 >> StatusCode:: 401, Message:: Wrong_Authentication_Token::[]
2024-04-25 19:34:05 info: [0mPOST /permissions/00000000-0000-0000-0000-000000000000/105 [33m401[0m 7.100 ms - 49[0m
2024-04-25 19:34:05 error: [POST] /users >> StatusCode:: 401, Message:: Wrong_Authentication_Token::[]
2024-04-25 19:34:05 info: [0mPOST /users [33m401[0m 8.637 ms - 49[0m
2024-04-25 19:34:05 error: [POST] /login >> StatusCode:: 400, Message:: Invalid_Login_Or_Password::[]
2024-04-25 19:34:05 info: [0mPOST /login [33m400[0m 7.705 ms - 48[0m
2024-04-25 19:34:05 error: [POST] /permissions/00000000-0000-0000-0000-000000000000/100 >> StatusCode:: 401, Message:: Wrong_Authentication_Token::[]
2024-04-25 19:34:05 info: [0mPOST /permissions/00000000-0000-0000-0000-000000000000/100 [33m401[0m 6.785 ms - 49[0m
2024-04-25 19:34:05 error: [POST] /login >> StatusCode:: 400, Message:: Invalid_Login_Or_Password::[]
2024-04-25 19:34:05 info: [0mPOST /login [33m400[0m 6.556 ms - 48[0m
2024-04-25 19:34:05 error: [POST] /permissions/00000000-0000-0000-0000-000000000000/100 >> StatusCode:: 403, Message:: User_Not_Authorized::[]
2024-04-25 19:34:05 info: [0mPOST /permissions/00000000-0000-0000-0000-000000000000/100 [33m403[0m 6.785 ms - 42[0m
2024-04-25 19:34:05 error: [POST] /users >> StatusCode:: 401, Message:: Wrong_Authentication_Token::[]
2024-04-25 19:34:05 info: [0mPOST /users [33m401[0m 5.388 ms - 49[0m
2024-04-25 19:34:05 error: [POST] /login >> StatusCode:: 400, Message:: Invalid_Login_Or_Password::[]
2024-04-25 19:34:05 info: [0mPOST /login [33m400[0m 6.884 ms - 48[0m
2024-04-25 19:34:05 error: [POST] /users >> StatusCode:: 401, Message:: Wrong_Authentication_Token::[]
2024-04-25 19:34:05 info: [0mPOST /users [33m401[0m 5.344 ms - 49[0m
2024-04-25 19:34:05 error: [POST] /users >> StatusCode:: 401, Message:: Wrong_Authentication_Token::[]
2024-04-25 19:34:05 info: [0mPOST /users [33m401[0m 6.131 ms - 49[0m
2024-04-25 19:34:06 error: [POST] /login >> StatusCode:: 400, Message:: Invalid_Login_Or_Password::[]
2024-04-25 19:34:06 info: [0mPOST /login [33m400[0m 22.214 ms - 48[0m
2024-04-25 19:34:06 error: [POST] /users >> StatusCode:: 401, Message:: Wrong_Authentication_Token::[]
2024-04-25 19:34:06 info: [0mPOST /users [33m401[0m 9.152 ms - 49[0m
2024-04-25 19:34:06 error: [POST] /users >> StatusCode:: 401, Message:: Wrong_Authentication_Token::[]
2024-04-25 19:34:06 info: [0mPOST /users [33m401[0m 5.214 ms - 49[0m
2024-04-25 19:34:06 error: [POST] /users >> StatusCode:: 401, Message:: Wrong_Authentication_Token::[]
2024-04-25 19:34:06 info: [0mPOST /users [33m401[0m 5.766 ms - 49[0m
2024-04-25 19:34:06 error: [POST] /login >> StatusCode:: 400, Message:: Invalid_Login_Or_Password::[]
2024-04-25 19:34:06 info: [0mPOST /login [33m400[0m 8.204 ms - 48[0m
2024-04-25 19:34:06 error: [POST] /users/00000000-0000-0000-0000-000000000000/deactivate >> StatusCode:: 403, Message:: User_Not_Authorized::[]
2024-04-25 19:34:06 info: [0mPOST /users/00000000-0000-0000-0000-000000000000/deactivate [33m403[0m 5.556 ms - 42[0m
2024-04-25 19:34:06 error: [POST] /users >> StatusCode:: 401, Message:: Wrong_Authentication_Token::[]
2024-04-25 19:34:06 info: [0mPOST /users [33m401[0m 4.859 ms - 49[0m
2024-04-25 19:34:06 error: [POST] /login >> StatusCode:: 400, Message:: Invalid_Login_Or_Password::[]
2024-04-25 19:34:06 info: [0mPOST /login [33m400[0m 7.812 ms - 48[0m
2024-04-25 19:34:06 error: [POST] /users/00000000-0000-0000-0000-000000000000/deactivate >> StatusCode:: 401, Message:: Wrong_Authentication_Token::[]
2024-04-25 19:34:06 info: [0mPOST /users/00000000-0000-0000-0000-000000000000/deactivate [33m401[0m 6.842 ms - 49[0m
2024-04-25 19:34:06 error: [POST] /login >> StatusCode:: 400, Message:: Invalid_Login_Or_Password::[]
2024-04-25 19:34:06 info: [0mPOST /login [33m400[0m 7.038 ms - 48[0m
2024-04-25 19:34:06 info: [0mPOST /users/invalid-guid/deactivate [33m404[0m 0.400 ms - 94[0m
2024-04-25 19:34:06 error: [POST] /login >> StatusCode:: 400, Message:: Invalid_Login_Or_Password::[]
2024-04-25 19:34:06 info: [0mPOST /login [33m400[0m 9.569 ms - 48[0m
2024-04-25 19:34:06 error: [POST] /users/00000000-0000-0000-0000-000000000000/deactivate >> StatusCode:: 401, Message:: Wrong_Authentication_Token::[]
2024-04-25 19:34:06 info: [0mPOST /users/00000000-0000-0000-0000-000000000000/deactivate [33m401[0m 5.473 ms - 49[0m
2024-04-25 19:34:07 error: [POST] /login >> StatusCode:: 400, Message:: Invalid_Login_Or_Password::[]
2024-04-25 19:34:07 info: [0mPOST /login [33m400[0m 37.553 ms - 48[0m
2024-04-25 19:34:07 error: [POST] /users >> StatusCode:: 401, Message:: Wrong_Authentication_Token::[]
2024-04-25 19:34:07 info: [0mPOST /users [33m401[0m 8.413 ms - 49[0m
2024-04-25 19:34:07 error: [POST] /users >> StatusCode:: 401, Message:: Wrong_Authentication_Token::[]
2024-04-25 19:34:07 info: [0mPOST /users [33m401[0m 6.749 ms - 49[0m
2024-04-25 19:34:07 error: [POST] /users >> StatusCode:: 401, Message:: Wrong_Authentication_Token::[]
2024-04-25 19:34:07 info: [0mPOST /users [33m401[0m 6.763 ms - 49[0m
2024-04-25 19:34:07 error: [POST] /login >> StatusCode:: 400, Message:: Invalid_Login_Or_Password::[]
2024-04-25 19:34:07 info: [0mPOST /login [33m400[0m 6.687 ms - 48[0m
2024-04-25 19:34:07 error: [POST] /users/00000000-0000-0000-0000-000000000000/activate >> StatusCode:: 403, Message:: User_Not_Authorized::[]
2024-04-25 19:34:07 info: [0mPOST /users/00000000-0000-0000-0000-000000000000/activate [33m403[0m 8.733 ms - 42[0m
2024-04-25 19:34:07 error: [POST] /users >> StatusCode:: 401, Message:: Wrong_Authentication_Token::[]
2024-04-25 19:34:07 info: [0mPOST /users [33m401[0m 5.006 ms - 49[0m
2024-04-25 19:34:07 error: [POST] /login >> StatusCode:: 400, Message:: Invalid_Login_Or_Password::[]
2024-04-25 19:34:07 info: [0mPOST /login [33m400[0m 7.269 ms - 48[0m
2024-04-25 19:34:07 error: [POST] /users/00000000-0000-0000-0000-000000000000/activate >> StatusCode:: 401, Message:: Wrong_Authentication_Token::[]
2024-04-25 19:34:07 info: [0mPOST /users/00000000-0000-0000-0000-000000000000/activate [33m401[0m 5.564 ms - 49[0m
2024-04-25 19:34:07 error: [POST] /login >> StatusCode:: 400, Message:: Invalid_Login_Or_Password::[]
2024-04-25 19:34:07 info: [0mPOST /login [33m400[0m 7.381 ms - 48[0m
2024-04-25 19:34:07 info: [0mPOST /users/invalid-guid/activate [33m404[0m 0.423 ms - 92[0m
2024-04-25 19:34:07 error: [POST] /login >> StatusCode:: 400, Message:: Invalid_Login_Or_Password::[]
2024-04-25 19:34:07 info: [0mPOST /login [33m400[0m 7.351 ms - 48[0m
2024-04-25 19:34:07 error: [POST] /users/00000000-0000-0000-0000-000000000000/activate >> StatusCode:: 401, Message:: Wrong_Authentication_Token::[]
2024-04-25 19:34:07 info: [0mPOST /users/00000000-0000-0000-0000-000000000000/activate [33m401[0m 5.590 ms - 49[0m
2024-04-25 19:34:07 error: [POST] /login >> StatusCode:: 400, Message:: Invalid_Login_Or_Password::[]
2024-04-25 19:34:07 info: [0mPOST /login [33m400[0m 24.129 ms - 48[0m
2024-04-25 19:34:07 error: [POST] /users >> StatusCode:: 401, Message:: Wrong_Authentication_Token::[]
2024-04-25 19:34:07 info: [0mPOST /users [33m401[0m 6.986 ms - 49[0m
2024-04-25 19:34:07 error: [POST] /login >> StatusCode:: 400, Message:: Invalid_Login_Or_Password::[]
2024-04-25 19:34:07 info: [0mPOST /login [33m400[0m 6.284 ms - 48[0m
2024-04-25 19:34:07 error: [GET] /users/00000000-0000-0000-0000-000000000000 >> StatusCode:: 403, Message:: User_Not_Authorized::[]
2024-04-25 19:34:07 info: [0mGET /users/00000000-0000-0000-0000-000000000000 [33m403[0m 5.601 ms - 42[0m
2024-04-25 19:34:07 error: [POST] /users >> StatusCode:: 401, Message:: Wrong_Authentication_Token::[]
2024-04-25 19:34:07 info: [0mPOST /users [33m401[0m 7.400 ms - 49[0m
2024-04-25 19:34:07 error: [POST] /login >> StatusCode:: 400, Message:: Invalid_Login_Or_Password::[]
2024-04-25 19:34:07 info: [0mPOST /login [33m400[0m 6.823 ms - 48[0m
2024-04-25 19:34:07 error: [GET] /users/00000000-0000-0000-0000-000000000000 >> StatusCode:: 401, Message:: Wrong_Authentication_Token::[]
2024-04-25 19:34:07 info: [0mGET /users/00000000-0000-0000-0000-000000000000 [33m401[0m 6.835 ms - 49[0m
2024-04-25 19:34:07 error: [POST] /login >> StatusCode:: 400, Message:: Invalid_Login_Or_Password::[]
2024-04-25 19:34:07 info: [0mPOST /login [33m400[0m 8.961 ms - 48[0m
2024-04-25 19:34:07 info: [0mGET /users/invalid-guid [33m404[0m 0.368 ms - 83[0m
2024-04-25 19:34:07 error: [POST] /login >> StatusCode:: 400, Message:: Invalid_Login_Or_Password::[]
2024-04-25 19:34:07 info: [0mPOST /login [33m400[0m 6.928 ms - 48[0m
2024-04-25 19:34:07 error: [GET] /users/00000000-0000-0000-0000-000000000000 >> StatusCode:: 401, Message:: Wrong_Authentication_Token::[]
2024-04-25 19:34:07 info: [0mGET /users/00000000-0000-0000-0000-000000000000 [33m401[0m 5.388 ms - 49[0m
2024-04-25 19:34:08 info: [0mPOST /login [32m200[0m 50.925 ms - 83[0m
2024-04-25 19:34:08 info: [0mGET /users/2eaa394a-649d-44c1-b797-4a9e4ed2f836 [32m200[0m 8.798 ms - 84[0m
2024-04-25 19:34:08 info: [0mGET /users/2eaa394a-649d-44c1-b797-4a9e4ed2f836 [32m200[0m 2.074 ms - 84[0m
2024-04-25 19:35:09 error: [POST] /login >> StatusCode:: 400, Message:: Invalid_Login_Or_Password::[]
2024-04-25 19:35:09 info: [0mPOST /login [33m400[0m 38.978 ms - 48[0m
2024-04-25 19:35:09 error: [POST] /login >> StatusCode:: 400, Message:: Invalid_Login_Or_Password::[]
2024-04-25 19:35:09 info: [0mPOST /login [33m400[0m 10.580 ms - 48[0m
2024-04-25 19:35:10 error: [POST] /login >> StatusCode:: 400, Message:: Invalid_Login_Or_Password::[]
2024-04-25 19:35:10 info: [0mPOST /login [33m400[0m 6.965 ms - 48[0m
2024-04-25 19:35:10 error: [POST] /users >> StatusCode:: 401, Message:: Wrong_Authentication_Token::[]
2024-04-25 19:35:10 info: [0mPOST /users [33m401[0m 9.740 ms - 49[0m
2024-04-25 19:35:10 error: [POST] /users >> StatusCode:: 401, Message:: Wrong_Authentication_Token::[]
2024-04-25 19:35:10 info: [0mPOST /users [33m401[0m 7.865 ms - 49[0m
2024-04-25 19:35:10 error: [POST] /login >> StatusCode:: 400, Message:: Invalid_Login_Or_Password::[]
2024-04-25 19:35:10 info: [0mPOST /login [33m400[0m 6.231 ms - 48[0m
2024-04-25 19:35:10 error: [POST] /login >> StatusCode:: 400, Message:: Invalid_Login_Or_Password::[]
2024-04-25 19:35:10 info: [0mPOST /login [33m400[0m 4.737 ms - 48[0m
2024-04-25 19:35:10 error: [POST] /login >> StatusCode:: 400, Message:: Invalid_Login_Or_Password::[]
2024-04-25 19:35:10 info: [0mPOST /login [33m400[0m 5.282 ms - 48[0m
2024-04-25 19:35:10 error: [POST] /users >> StatusCode:: 401, Message:: Wrong_Authentication_Token::[]
2024-04-25 19:35:10 info: [0mPOST /users [33m401[0m 5.459 ms - 49[0m
2024-04-25 19:35:10 error: [POST] /login >> StatusCode:: 400, Message:: Invalid_Login_Or_Password::[]
2024-04-25 19:35:10 info: [0mPOST /login [33m400[0m 6.175 ms - 48[0m
2024-04-25 19:35:10 error: [POST] /login >> StatusCode:: 400, Message:: Invalid_Login_Or_Password::[]
2024-04-25 19:35:10 info: [0mPOST /login [33m400[0m 7.368 ms - 48[0m
2024-04-25 19:35:10 error: [POST] /users >> StatusCode:: 401, Message:: Wrong_Authentication_Token::[]
2024-04-25 19:35:10 info: [0mPOST /users [33m401[0m 7.498 ms - 49[0m
2024-04-25 19:35:10 error: [POST] /users >> StatusCode:: 401, Message:: Wrong_Authentication_Token::[]
2024-04-25 19:35:10 info: [0mPOST /users [33m401[0m 6.646 ms - 49[0m
2024-04-25 19:35:10 error: [POST] /users >> StatusCode:: 401, Message:: Wrong_Authentication_Token::[]
2024-04-25 19:35:10 info: [0mPOST /users [33m401[0m 6.167 ms - 49[0m
2024-04-25 19:35:10 error: [POST] /users >> StatusCode:: 401, Message:: Wrong_Authentication_Token::[]
2024-04-25 19:35:10 info: [0mPOST /users [33m401[0m 6.319 ms - 49[0m
2024-04-25 19:35:10 error: [POST] /users >> StatusCode:: 401, Message:: Wrong_Authentication_Token::[]
2024-04-25 19:35:10 info: [0mPOST /users [33m401[0m 6.641 ms - 49[0m
2024-04-25 19:35:10 error: [POST] /users >> StatusCode:: 401, Message:: Wrong_Authentication_Token::[]
2024-04-25 19:35:10 info: [0mPOST /users [33m401[0m 5.387 ms - 49[0m
2024-04-25 19:35:10 error: [POST] /users >> StatusCode:: 401, Message:: Wrong_Authentication_Token::[]
2024-04-25 19:35:10 info: [0mPOST /users [33m401[0m 5.564 ms - 49[0m
2024-04-25 19:35:10 error: [POST] /login >> StatusCode:: 400, Message:: Invalid_Login_Or_Password::[]
2024-04-25 19:35:10 info: [0mPOST /login [33m400[0m 21.180 ms - 48[0m
2024-04-25 19:35:10 info: [0mDELETE /permissions/105 [33m404[0m 0.692 ms - 80[0m
2024-04-25 19:35:10 info: [0mDELETE /permissions/invalid-user-id/105 [33m404[0m 0.510 ms - 96[0m
2024-04-25 19:35:10 info: [0mDELETE /permissions [33m404[0m 0.357 ms - 76[0m
2024-04-25 19:35:10 info: [0mDELETE /permissions/invalid-user-id/invalid-permission-id [33m404[0m 0.401 ms - 114[0m
2024-04-25 19:35:10 error: [POST] /login >> StatusCode:: 400, Message:: Invalid_Login_Or_Password::[]
2024-04-25 19:35:10 info: [0mPOST /login [33m400[0m 7.145 ms - 48[0m
2024-04-25 19:35:10 error: [DELETE] /permissions/00000000-0000-0000-0000-000000000000/105 >> StatusCode:: 401, Message:: Wrong_Authentication_Token::[]
2024-04-25 19:35:10 info: [0mDELETE /permissions/00000000-0000-0000-0000-000000000000/105 [33m401[0m 4.803 ms - 49[0m
2024-04-25 19:35:10 error: [DELETE] /permissions/00000000-0000-0000-0000-000000000000 >> StatusCode:: 401, Message:: Wrong_Authentication_Token::[]
2024-04-25 19:35:10 info: [0mDELETE /permissions/00000000-0000-0000-0000-000000000000 [33m401[0m 3.158 ms - 49[0m
2024-04-25 19:35:10 error: [POST] /users >> StatusCode:: 401, Message:: Wrong_Authentication_Token::[]
2024-04-25 19:35:10 info: [0mPOST /users [33m401[0m 7.506 ms - 49[0m
2024-04-25 19:35:10 error: [POST] /login >> StatusCode:: 400, Message:: Invalid_Login_Or_Password::[]
2024-04-25 19:35:10 info: [0mPOST /login [33m400[0m 6.861 ms - 48[0m
2024-04-25 19:35:10 error: [DELETE] /permissions/00000000-0000-0000-0000-000000000000/100 >> StatusCode:: 401, Message:: Wrong_Authentication_Token::[]
2024-04-25 19:35:10 info: [0mDELETE /permissions/00000000-0000-0000-0000-000000000000/100 [33m401[0m 3.336 ms - 49[0m
2024-04-25 19:35:10 error: [POST] /login >> StatusCode:: 400, Message:: Invalid_Login_Or_Password::[]
2024-04-25 19:35:10 info: [0mPOST /login [33m400[0m 6.911 ms - 48[0m
2024-04-25 19:35:10 error: [DELETE] /permissions/00000000-0000-0000-0000-000000000000/100 >> StatusCode:: 403, Message:: User_Not_Authorized::[]
2024-04-25 19:35:10 info: [0mDELETE /permissions/00000000-0000-0000-0000-000000000000/100 [33m403[0m 4.023 ms - 42[0m
2024-04-25 19:35:10 error: [POST] /users >> StatusCode:: 401, Message:: Wrong_Authentication_Token::[]
2024-04-25 19:35:10 info: [0mPOST /users [33m401[0m 6.139 ms - 49[0m
2024-04-25 19:35:11 error: [POST] /login >> StatusCode:: 400, Message:: Invalid_Login_Or_Password::[]
2024-04-25 19:35:11 info: [0mPOST /login [33m400[0m 6.255 ms - 48[0m
2024-04-25 19:35:11 error: [POST] /users >> StatusCode:: 401, Message:: Wrong_Authentication_Token::[]
2024-04-25 19:35:11 info: [0mPOST /users [33m401[0m 5.579 ms - 49[0m
2024-04-25 19:35:11 error: [POST] /users >> StatusCode:: 401, Message:: Wrong_Authentication_Token::[]
2024-04-25 19:35:11 info: [0mPOST /users [33m401[0m 6.970 ms - 49[0m
2024-04-25 19:35:11 error: [POST] /users >> StatusCode:: 401, Message:: Wrong_Authentication_Token::[]
2024-04-25 19:35:11 info: [0mPOST /users [33m401[0m 7.350 ms - 49[0m
2024-04-25 19:35:11 error: [POST] /login >> StatusCode:: 400, Message:: Invalid_Login_Or_Password::[]
2024-04-25 19:35:11 info: [0mPOST /login [33m400[0m 31.993 ms - 48[0m
2024-04-25 19:35:11 error: [POST] /users >> StatusCode:: 401, Message:: Wrong_Authentication_Token::[]
2024-04-25 19:35:11 info: [0mPOST /users [33m401[0m 8.650 ms - 49[0m
2024-04-25 19:35:11 error: [POST] /users >> StatusCode:: 401, Message:: Wrong_Authentication_Token::[]
2024-04-25 19:35:11 info: [0mPOST /users [33m401[0m 5.328 ms - 49[0m
2024-04-25 19:35:11 error: [POST] /users >> StatusCode:: 401, Message:: Wrong_Authentication_Token::[]
2024-04-25 19:35:11 info: [0mPOST /users [33m401[0m 6.456 ms - 49[0m
2024-04-25 19:35:11 error: [POST] /login >> StatusCode:: 400, Message:: Invalid_Login_Or_Password::[]
2024-04-25 19:35:11 info: [0mPOST /login [33m400[0m 7.012 ms - 48[0m
2024-04-25 19:35:11 error: [DELETE] /users/00000000-0000-0000-0000-000000000000 >> StatusCode:: 403, Message:: User_Not_Authorized::[]
2024-04-25 19:35:11 info: [0mDELETE /users/00000000-0000-0000-0000-000000000000 [33m403[0m 4.295 ms - 42[0m
2024-04-25 19:35:11 error: [POST] /users >> StatusCode:: 401, Message:: Wrong_Authentication_Token::[]
2024-04-25 19:35:11 info: [0mPOST /users [33m401[0m 6.303 ms - 49[0m
2024-04-25 19:35:11 error: [POST] /login >> StatusCode:: 400, Message:: Invalid_Login_Or_Password::[]
2024-04-25 19:35:11 info: [0mPOST /login [33m400[0m 6.921 ms - 48[0m
2024-04-25 19:35:11 error: [DELETE] /users/00000000-0000-0000-0000-000000000000 >> StatusCode:: 401, Message:: Wrong_Authentication_Token::[]
2024-04-25 19:35:11 info: [0mDELETE /users/00000000-0000-0000-0000-000000000000 [33m401[0m 4.157 ms - 49[0m
2024-04-25 19:35:11 error: [POST] /users >> StatusCode:: 401, Message:: Wrong_Authentication_Token::[]
2024-04-25 19:35:11 info: [0mPOST /users [33m401[0m 6.671 ms - 49[0m
2024-04-25 19:35:11 error: [POST] /login >> StatusCode:: 400, Message:: Invalid_Login_Or_Password::[]
2024-04-25 19:35:11 info: [0mPOST /login [33m400[0m 7.304 ms - 48[0m
2024-04-25 19:35:11 info: [0mDELETE /users/invalid-guid [33m404[0m 0.464 ms - 83[0m
2024-04-25 19:35:11 error: [POST] /login >> StatusCode:: 400, Message:: Invalid_Login_Or_Password::[]
2024-04-25 19:35:11 info: [0mPOST /login [33m400[0m 6.311 ms - 48[0m
2024-04-25 19:35:11 error: [DELETE] /users/00000000-0000-0000-0000-000000000000 >> StatusCode:: 401, Message:: Wrong_Authentication_Token::[]
2024-04-25 19:35:11 info: [0mDELETE /users/00000000-0000-0000-0000-000000000000 [33m401[0m 3.736 ms - 49[0m
2024-04-25 19:35:12 error: [POST] /login >> StatusCode:: 400, Message:: Invalid_Login_Or_Password::[]
2024-04-25 19:35:12 info: [0mPOST /login [33m400[0m 21.410 ms - 48[0m
2024-04-25 19:35:12 info: [0mPOST /permissions/105 [33m404[0m 1.072 ms - 80[0m
2024-04-25 19:35:12 info: [0mPOST /permissions/invalid-user-id/105 [33m404[0m 0.552 ms - 96[0m
2024-04-25 19:35:12 info: [0mPOST /permissions [33m404[0m 0.302 ms - 76[0m
2024-04-25 19:35:12 info: [0mPOST /permissions/invalid-user-id/invalid-permission-id [33m404[0m 0.310 ms - 114[0m
2024-04-25 19:35:12 error: [POST] /login >> StatusCode:: 400, Message:: Invalid_Login_Or_Password::[]
2024-04-25 19:35:12 info: [0mPOST /login [33m400[0m 7.928 ms - 48[0m
2024-04-25 19:35:12 error: [POST] /permissions/00000000-0000-0000-0000-000000000000/105 >> StatusCode:: 401, Message:: Wrong_Authentication_Token::[]
2024-04-25 19:35:12 info: [0mPOST /permissions/00000000-0000-0000-0000-000000000000/105 [33m401[0m 7.384 ms - 49[0m
2024-04-25 19:35:12 error: [POST] /users >> StatusCode:: 401, Message:: Wrong_Authentication_Token::[]
2024-04-25 19:35:12 info: [0mPOST /users [33m401[0m 8.750 ms - 49[0m
2024-04-25 19:35:12 error: [POST] /login >> StatusCode:: 400, Message:: Invalid_Login_Or_Password::[]
2024-04-25 19:35:12 info: [0mPOST /login [33m400[0m 8.184 ms - 48[0m
2024-04-25 19:35:12 error: [POST] /permissions/00000000-0000-0000-0000-000000000000/100 >> StatusCode:: 401, Message:: Wrong_Authentication_Token::[]
2024-04-25 19:35:12 info: [0mPOST /permissions/00000000-0000-0000-0000-000000000000/100 [33m401[0m 6.577 ms - 49[0m
2024-04-25 19:35:12 error: [POST] /login >> StatusCode:: 400, Message:: Invalid_Login_Or_Password::[]
2024-04-25 19:35:12 info: [0mPOST /login [33m400[0m 7.942 ms - 48[0m
2024-04-25 19:35:12 error: [POST] /permissions/00000000-0000-0000-0000-000000000000/100 >> StatusCode:: 403, Message:: User_Not_Authorized::[]
2024-04-25 19:35:12 info: [0mPOST /permissions/00000000-0000-0000-0000-000000000000/100 [33m403[0m 7.353 ms - 42[0m
2024-04-25 19:35:12 error: [POST] /users >> StatusCode:: 401, Message:: Wrong_Authentication_Token::[]
2024-04-25 19:35:12 info: [0mPOST /users [33m401[0m 6.539 ms - 49[0m
2024-04-25 19:35:12 error: [POST] /login >> StatusCode:: 400, Message:: Invalid_Login_Or_Password::[]
2024-04-25 19:35:12 info: [0mPOST /login [33m400[0m 6.278 ms - 48[0m
2024-04-25 19:35:12 error: [POST] /users >> StatusCode:: 401, Message:: Wrong_Authentication_Token::[]
2024-04-25 19:35:12 info: [0mPOST /users [33m401[0m 5.586 ms - 49[0m
2024-04-25 19:35:12 error: [POST] /users >> StatusCode:: 401, Message:: Wrong_Authentication_Token::[]
2024-04-25 19:35:12 info: [0mPOST /users [33m401[0m 6.443 ms - 49[0m
2024-04-25 19:35:12 error: [POST] /login >> StatusCode:: 400, Message:: Invalid_Login_Or_Password::[]
2024-04-25 19:35:12 info: [0mPOST /login [33m400[0m 27.013 ms - 48[0m
2024-04-25 19:35:12 error: [POST] /users >> StatusCode:: 401, Message:: Wrong_Authentication_Token::[]
2024-04-25 19:35:12 info: [0mPOST /users [33m401[0m 7.135 ms - 49[0m
2024-04-25 19:35:13 error: [POST] /login >> StatusCode:: 400, Message:: Invalid_Login_Or_Password::[]
2024-04-25 19:35:13 info: [0mPOST /login [33m400[0m 6.784 ms - 48[0m
2024-04-25 19:35:13 error: [POST] /users >> StatusCode:: 400, Message:: Invalid_Password::[]
2024-04-25 19:35:13 info: [0mPOST /users [33m400[0m 6.970 ms - 39[0m
2024-04-25 19:35:13 error: [POST] /users >> StatusCode:: 400, Message:: Invalid_Email::[]
2024-04-25 19:35:13 info: [0mPOST /users [33m400[0m 7.059 ms - 36[0m
2024-04-25 19:35:13 error: [POST] /users >> StatusCode:: 400, Message:: Invalid_Phone::[]
2024-04-25 19:35:13 info: [0mPOST /users [33m400[0m 5.112 ms - 36[0m
2024-04-25 19:35:13 error: [POST] /users >> StatusCode:: 401, Message:: Wrong_Authentication_Token::[]
2024-04-25 19:35:13 info: [0mPOST /users [33m401[0m 5.005 ms - 49[0m
2024-04-25 19:35:13 error: [POST] /users >> StatusCode:: 401, Message:: Wrong_Authentication_Token::[]
2024-04-25 19:35:13 info: [0mPOST /users [33m401[0m 4.942 ms - 49[0m
2024-04-25 19:35:13 error: [POST] /login >> StatusCode:: 400, Message:: Invalid_Login_Or_Password::[]
2024-04-25 19:35:13 info: [0mPOST /login [33m400[0m 6.946 ms - 48[0m
2024-04-25 19:35:13 error: [POST] /users >> StatusCode:: 403, Message:: User_Not_Authorized::[]
2024-04-25 19:35:13 info: [0mPOST /users [33m403[0m 5.548 ms - 42[0m
2024-04-25 19:35:13 error: [POST] /users >> StatusCode:: 401, Message:: Wrong_Authentication_Token::[]
2024-04-25 19:35:13 info: [0mPOST /users [33m401[0m 5.382 ms - 49[0m
2024-04-25 19:35:13 error: [POST] /login >> StatusCode:: 400, Message:: Invalid_Login_Or_Password::[]
2024-04-25 19:35:13 info: [0mPOST /login [33m400[0m 6.110 ms - 48[0m
2024-04-25 19:35:13 error: [POST] /users >> StatusCode:: 401, Message:: Wrong_Authentication_Token::[]
2024-04-25 19:35:13 info: [0mPOST /users [33m401[0m 5.767 ms - 49[0m
2024-04-25 19:35:13 error: [POST] /users >> StatusCode:: 401, Message:: Wrong_Authentication_Token::[]
2024-04-25 19:35:13 info: [0mPOST /users [33m401[0m 5.473 ms - 49[0m
2024-04-25 19:35:13 error: [POST] /login >> StatusCode:: 400, Message:: Invalid_Login_Or_Password::[]
2024-04-25 19:35:13 info: [0mPOST /login [33m400[0m 20.798 ms - 48[0m
2024-04-25 19:35:13 error: [POST] /users >> StatusCode:: 401, Message:: Wrong_Authentication_Token::[]
2024-04-25 19:35:13 info: [0mPOST /users [33m401[0m 6.275 ms - 49[0m
2024-04-25 19:35:13 error: [POST] /users >> StatusCode:: 401, Message:: Wrong_Authentication_Token::[]
2024-04-25 19:35:13 info: [0mPOST /users [33m401[0m 4.437 ms - 49[0m
2024-04-25 19:35:13 error: [POST] /users >> StatusCode:: 401, Message:: Wrong_Authentication_Token::[]
2024-04-25 19:35:13 info: [0mPOST /users [33m401[0m 4.560 ms - 49[0m
2024-04-25 19:35:13 error: [POST] /login >> StatusCode:: 400, Message:: Invalid_Login_Or_Password::[]
2024-04-25 19:35:13 info: [0mPOST /login [33m400[0m 6.337 ms - 48[0m
2024-04-25 19:35:13 error: [POST] /users/00000000-0000-0000-0000-000000000000/activate >> StatusCode:: 403, Message:: User_Not_Authorized::[]
2024-04-25 19:35:13 info: [0mPOST /users/00000000-0000-0000-0000-000000000000/activate [33m403[0m 7.542 ms - 42[0m
2024-04-25 19:35:13 error: [POST] /users >> StatusCode:: 401, Message:: Wrong_Authentication_Token::[]
2024-04-25 19:35:13 info: [0mPOST /users [33m401[0m 4.137 ms - 49[0m
2024-04-25 19:35:13 error: [POST] /login >> StatusCode:: 400, Message:: Invalid_Login_Or_Password::[]
2024-04-25 19:35:13 info: [0mPOST /login [33m400[0m 5.922 ms - 48[0m
2024-04-25 19:35:13 error: [POST] /users/00000000-0000-0000-0000-000000000000/activate >> StatusCode:: 401, Message:: Wrong_Authentication_Token::[]
2024-04-25 19:35:13 info: [0mPOST /users/00000000-0000-0000-0000-000000000000/activate [33m401[0m 4.526 ms - 49[0m
2024-04-25 19:35:13 error: [POST] /login >> StatusCode:: 400, Message:: Invalid_Login_Or_Password::[]
2024-04-25 19:35:13 info: [0mPOST /login [33m400[0m 6.724 ms - 48[0m
2024-04-25 19:35:13 info: [0mPOST /users/invalid-guid/activate [33m404[0m 0.401 ms - 92[0m
2024-04-25 19:35:13 error: [POST] /login >> StatusCode:: 400, Message:: Invalid_Login_Or_Password::[]
2024-04-25 19:35:13 info: [0mPOST /login [33m400[0m 6.499 ms - 48[0m
2024-04-25 19:35:13 error: [POST] /users/00000000-0000-0000-0000-000000000000/activate >> StatusCode:: 401, Message:: Wrong_Authentication_Token::[]
2024-04-25 19:35:13 info: [0mPOST /users/00000000-0000-0000-0000-000000000000/activate [33m401[0m 5.479 ms - 49[0m
2024-04-25 19:35:14 error: [POST] /login >> StatusCode:: 400, Message:: Invalid_Login_Or_Password::[]
2024-04-25 19:35:14 info: [0mPOST /login [33m400[0m 22.673 ms - 48[0m
2024-04-25 19:35:14 error: [POST] /users >> StatusCode:: 401, Message:: Wrong_Authentication_Token::[]
2024-04-25 19:35:14 info: [0mPOST /users [33m401[0m 6.782 ms - 49[0m
2024-04-25 19:35:14 error: [POST] /users >> StatusCode:: 401, Message:: Wrong_Authentication_Token::[]
2024-04-25 19:35:14 info: [0mPOST /users [33m401[0m 5.856 ms - 49[0m
2024-04-25 19:35:14 error: [POST] /users >> StatusCode:: 401, Message:: Wrong_Authentication_Token::[]
2024-04-25 19:35:14 info: [0mPOST /users [33m401[0m 5.724 ms - 49[0m
2024-04-25 19:35:14 error: [POST] /login >> StatusCode:: 400, Message:: Invalid_Login_Or_Password::[]
2024-04-25 19:35:14 info: [0mPOST /login [33m400[0m 6.407 ms - 48[0m
2024-04-25 19:35:14 error: [POST] /users/00000000-0000-0000-0000-000000000000/deactivate >> StatusCode:: 403, Message:: User_Not_Authorized::[]
2024-04-25 19:35:14 info: [0mPOST /users/00000000-0000-0000-0000-000000000000/deactivate [33m403[0m 7.596 ms - 42[0m
2024-04-25 19:35:14 error: [POST] /users >> StatusCode:: 401, Message:: Wrong_Authentication_Token::[]
2024-04-25 19:35:14 info: [0mPOST /users [33m401[0m 4.941 ms - 49[0m
2024-04-25 19:35:14 error: [POST] /login >> StatusCode:: 400, Message:: Invalid_Login_Or_Password::[]
2024-04-25 19:35:14 info: [0mPOST /login [33m400[0m 6.757 ms - 48[0m
2024-04-25 19:35:14 error: [POST] /users/00000000-0000-0000-0000-000000000000/deactivate >> StatusCode:: 401, Message:: Wrong_Authentication_Token::[]
2024-04-25 19:35:14 info: [0mPOST /users/00000000-0000-0000-0000-000000000000/deactivate [33m401[0m 5.744 ms - 49[0m
2024-04-25 19:35:14 error: [POST] /login >> StatusCode:: 400, Message:: Invalid_Login_Or_Password::[]
2024-04-25 19:35:14 info: [0mPOST /login [33m400[0m 6.362 ms - 48[0m
2024-04-25 19:35:14 info: [0mPOST /users/invalid-guid/deactivate [33m404[0m 0.375 ms - 94[0m
2024-04-25 19:35:14 error: [POST] /login >> StatusCode:: 400, Message:: Invalid_Login_Or_Password::[]
2024-04-25 19:35:14 info: [0mPOST /login [33m400[0m 7.044 ms - 48[0m
2024-04-25 19:35:14 error: [POST] /users/00000000-0000-0000-0000-000000000000/deactivate >> StatusCode:: 401, Message:: Wrong_Authentication_Token::[]
2024-04-25 19:35:14 info: [0mPOST /users/00000000-0000-0000-0000-000000000000/deactivate [33m401[0m 6.534 ms - 49[0m
2024-04-25 19:35:14 error: [POST] /login >> StatusCode:: 400, Message:: Invalid_Login_Or_Password::[]
2024-04-25 19:35:14 info: [0mPOST /login [33m400[0m 22.616 ms - 48[0m
2024-04-25 19:35:14 error: [POST] /users >> StatusCode:: 401, Message:: Wrong_Authentication_Token::[]
2024-04-25 19:35:14 info: [0mPOST /users [33m401[0m 7.426 ms - 49[0m
2024-04-25 19:35:14 error: [POST] /login >> StatusCode:: 400, Message:: Invalid_Login_Or_Password::[]
2024-04-25 19:35:14 info: [0mPOST /login [33m400[0m 5.982 ms - 48[0m
2024-04-25 19:35:14 error: [GET] /users/00000000-0000-0000-0000-000000000000 >> StatusCode:: 403, Message:: User_Not_Authorized::[]
2024-04-25 19:35:14 info: [0mGET /users/00000000-0000-0000-0000-000000000000 [33m403[0m 6.911 ms - 42[0m
2024-04-25 19:35:14 error: [POST] /users >> StatusCode:: 401, Message:: Wrong_Authentication_Token::[]
2024-04-25 19:35:14 info: [0mPOST /users [33m401[0m 6.251 ms - 49[0m
2024-04-25 19:35:14 error: [POST] /login >> StatusCode:: 400, Message:: Invalid_Login_Or_Password::[]
2024-04-25 19:35:14 info: [0mPOST /login [33m400[0m 7.963 ms - 48[0m
2024-04-25 19:35:14 error: [GET] /users/00000000-0000-0000-0000-000000000000 >> StatusCode:: 401, Message:: Wrong_Authentication_Token::[]
2024-04-25 19:35:14 info: [0mGET /users/00000000-0000-0000-0000-000000000000 [33m401[0m 6.413 ms - 49[0m
2024-04-25 19:35:14 error: [POST] /login >> StatusCode:: 400, Message:: Invalid_Login_Or_Password::[]
2024-04-25 19:35:14 info: [0mPOST /login [33m400[0m 6.401 ms - 48[0m
2024-04-25 19:35:14 info: [0mGET /users/invalid-guid [33m404[0m 0.431 ms - 83[0m
2024-04-25 19:35:15 error: [POST] /login >> StatusCode:: 400, Message:: Invalid_Login_Or_Password::[]
2024-04-25 19:35:15 info: [0mPOST /login [33m400[0m 7.414 ms - 48[0m
2024-04-25 19:35:15 error: [GET] /users/00000000-0000-0000-0000-000000000000 >> StatusCode:: 401, Message:: Wrong_Authentication_Token::[]
2024-04-25 19:35:15 info: [0mGET /users/00000000-0000-0000-0000-000000000000 [33m401[0m 6.810 ms - 49[0m
2024-04-25 19:35:15 info: [0mPOST /login [32m200[0m 17.838 ms - 83[0m
2024-04-25 19:35:15 info: [0mGET /users/2eaa394a-649d-44c1-b797-4a9e4ed2f836 [32m200[0m 6.731 ms - 84[0m
2024-04-25 19:35:15 info: [0mGET /users/2eaa394a-649d-44c1-b797-4a9e4ed2f836 [32m200[0m 1.968 ms - 84[0m
2024-04-25 19:40:41 error: [POST] /login >> StatusCode:: 400, Message:: Invalid_Login_Or_Password::[]
2024-04-25 19:40:41 info: [0mPOST /login [33m400[0m 34.986 ms - 48[0m
2024-04-25 19:40:41 error: [POST] /login >> StatusCode:: 400, Message:: Invalid_Login_Or_Password::[]
2024-04-25 19:40:41 info: [0mPOST /login [33m400[0m 9.677 ms - 48[0m
2024-04-25 19:40:41 error: [POST] /login >> StatusCode:: 400, Message:: Invalid_Login_Or_Password::[]
2024-04-25 19:40:41 info: [0mPOST /login [33m400[0m 7.552 ms - 48[0m
2024-04-25 19:40:41 error: [POST] /users >> StatusCode:: 401, Message:: Wrong_Authentication_Token::[]
2024-04-25 19:40:41 info: [0mPOST /users [33m401[0m 10.172 ms - 49[0m
2024-04-25 19:40:41 error: [POST] /users >> StatusCode:: 401, Message:: Wrong_Authentication_Token::[]
2024-04-25 19:40:41 info: [0mPOST /users [33m401[0m 8.580 ms - 49[0m
2024-04-25 19:40:41 error: [POST] /login >> StatusCode:: 400, Message:: Invalid_Login_Or_Password::[]
2024-04-25 19:40:41 info: [0mPOST /login [33m400[0m 5.419 ms - 48[0m
2024-04-25 19:40:41 error: [POST] /login >> StatusCode:: 400, Message:: Invalid_Login_Or_Password::[]
2024-04-25 19:40:41 info: [0mPOST /login [33m400[0m 4.937 ms - 48[0m
2024-04-25 19:40:41 error: [POST] /login >> StatusCode:: 400, Message:: Invalid_Login_Or_Password::[]
2024-04-25 19:40:41 info: [0mPOST /login [33m400[0m 5.982 ms - 48[0m
2024-04-25 19:40:41 error: [POST] /users >> StatusCode:: 401, Message:: Wrong_Authentication_Token::[]
2024-04-25 19:40:41 info: [0mPOST /users [33m401[0m 5.931 ms - 49[0m
2024-04-25 19:40:41 error: [POST] /login >> StatusCode:: 400, Message:: Invalid_Login_Or_Password::[]
2024-04-25 19:40:41 info: [0mPOST /login [33m400[0m 6.753 ms - 48[0m
2024-04-25 19:40:41 error: [POST] /login >> StatusCode:: 400, Message:: Invalid_Login_Or_Password::[]
2024-04-25 19:40:41 info: [0mPOST /login [33m400[0m 9.593 ms - 48[0m
2024-04-25 19:40:41 error: [POST] /users >> StatusCode:: 401, Message:: Wrong_Authentication_Token::[]
2024-04-25 19:40:41 info: [0mPOST /users [33m401[0m 7.568 ms - 49[0m
2024-04-25 19:40:41 error: [POST] /users >> StatusCode:: 401, Message:: Wrong_Authentication_Token::[]
2024-04-25 19:40:41 info: [0mPOST /users [33m401[0m 7.252 ms - 49[0m
2024-04-25 19:40:41 error: [POST] /users >> StatusCode:: 401, Message:: Wrong_Authentication_Token::[]
2024-04-25 19:40:41 info: [0mPOST /users [33m401[0m 6.950 ms - 49[0m
2024-04-25 19:40:41 error: [POST] /users >> StatusCode:: 401, Message:: Wrong_Authentication_Token::[]
2024-04-25 19:40:41 info: [0mPOST /users [33m401[0m 5.583 ms - 49[0m
2024-04-25 19:40:41 error: [POST] /users >> StatusCode:: 401, Message:: Wrong_Authentication_Token::[]
2024-04-25 19:40:41 info: [0mPOST /users [33m401[0m 6.091 ms - 49[0m
2024-04-25 19:40:41 error: [POST] /users >> StatusCode:: 401, Message:: Wrong_Authentication_Token::[]
2024-04-25 19:40:41 info: [0mPOST /users [33m401[0m 7.917 ms - 49[0m
2024-04-25 19:40:41 error: [POST] /users >> StatusCode:: 401, Message:: Wrong_Authentication_Token::[]
2024-04-25 19:40:41 info: [0mPOST /users [33m401[0m 6.195 ms - 49[0m
2024-04-25 19:40:41 error: [POST] /login >> StatusCode:: 400, Message:: Invalid_Login_Or_Password::[]
2024-04-25 19:40:41 info: [0mPOST /login [33m400[0m 23.369 ms - 48[0m
2024-04-25 19:40:41 info: [0mDELETE /permissions/105 [33m404[0m 0.833 ms - 80[0m
2024-04-25 19:40:41 info: [0mDELETE /permissions/invalid-user-id/105 [33m404[0m 0.590 ms - 96[0m
2024-04-25 19:40:41 info: [0mDELETE /permissions [33m404[0m 0.272 ms - 76[0m
2024-04-25 19:40:41 info: [0mDELETE /permissions/invalid-user-id/invalid-permission-id [33m404[0m 0.404 ms - 114[0m
2024-04-25 19:40:41 error: [POST] /login >> StatusCode:: 400, Message:: Invalid_Login_Or_Password::[]
2024-04-25 19:40:41 info: [0mPOST /login [33m400[0m 7.518 ms - 48[0m
2024-04-25 19:40:42 error: [DELETE] /permissions/00000000-0000-0000-0000-000000000000/105 >> StatusCode:: 401, Message:: Wrong_Authentication_Token::[]
2024-04-25 19:40:42 info: [0mDELETE /permissions/00000000-0000-0000-0000-000000000000/105 [33m401[0m 4.135 ms - 49[0m
2024-04-25 19:40:42 error: [DELETE] /permissions/00000000-0000-0000-0000-000000000000 >> StatusCode:: 401, Message:: Wrong_Authentication_Token::[]
2024-04-25 19:40:42 info: [0mDELETE /permissions/00000000-0000-0000-0000-000000000000 [33m401[0m 4.540 ms - 49[0m
2024-04-25 19:40:42 error: [POST] /users >> StatusCode:: 401, Message:: Wrong_Authentication_Token::[]
2024-04-25 19:40:42 info: [0mPOST /users [33m401[0m 7.973 ms - 49[0m
2024-04-25 19:40:42 error: [POST] /login >> StatusCode:: 400, Message:: Invalid_Login_Or_Password::[]
2024-04-25 19:40:42 info: [0mPOST /login [33m400[0m 5.874 ms - 48[0m
2024-04-25 19:40:42 error: [DELETE] /permissions/00000000-0000-0000-0000-000000000000/100 >> StatusCode:: 401, Message:: Wrong_Authentication_Token::[]
2024-04-25 19:40:42 info: [0mDELETE /permissions/00000000-0000-0000-0000-000000000000/100 [33m401[0m 2.986 ms - 49[0m
2024-04-25 19:40:42 error: [POST] /login >> StatusCode:: 400, Message:: Invalid_Login_Or_Password::[]
2024-04-25 19:40:42 info: [0mPOST /login [33m400[0m 8.155 ms - 48[0m
2024-04-25 19:40:42 error: [DELETE] /permissions/00000000-0000-0000-0000-000000000000/100 >> StatusCode:: 403, Message:: User_Not_Authorized::[]
2024-04-25 19:40:42 info: [0mDELETE /permissions/00000000-0000-0000-0000-000000000000/100 [33m403[0m 3.690 ms - 42[0m
2024-04-25 19:40:42 error: [POST] /users >> StatusCode:: 401, Message:: Wrong_Authentication_Token::[]
2024-04-25 19:40:42 info: [0mPOST /users [33m401[0m 6.100 ms - 49[0m
2024-04-25 19:40:42 error: [POST] /login >> StatusCode:: 400, Message:: Invalid_Login_Or_Password::[]
2024-04-25 19:40:42 info: [0mPOST /login [33m400[0m 6.394 ms - 48[0m
2024-04-25 19:40:42 error: [POST] /users >> StatusCode:: 401, Message:: Wrong_Authentication_Token::[]
2024-04-25 19:40:42 info: [0mPOST /users [33m401[0m 5.231 ms - 49[0m
2024-04-25 19:40:42 error: [POST] /users >> StatusCode:: 401, Message:: Wrong_Authentication_Token::[]
2024-04-25 19:40:42 info: [0mPOST /users [33m401[0m 7.522 ms - 49[0m
2024-04-25 19:40:42 error: [POST] /users >> StatusCode:: 401, Message:: Wrong_Authentication_Token::[]
2024-04-25 19:40:42 info: [0mPOST /users [33m401[0m 5.168 ms - 49[0m
2024-04-25 19:40:42 error: [POST] /login >> StatusCode:: 400, Message:: Invalid_Login_Or_Password::[]
2024-04-25 19:40:42 info: [0mPOST /login [33m400[0m 28.386 ms - 48[0m
2024-04-25 19:40:42 info: [0mPOST /permissions/105 [33m404[0m 0.761 ms - 80[0m
2024-04-25 19:40:42 info: [0mPOST /permissions/invalid-user-id/105 [33m404[0m 0.351 ms - 96[0m
2024-04-25 19:40:42 info: [0mPOST /permissions [33m404[0m 0.278 ms - 76[0m
2024-04-25 19:40:42 info: [0mPOST /permissions/invalid-user-id/invalid-permission-id [33m404[0m 0.339 ms - 114[0m
2024-04-25 19:40:42 error: [POST] /login >> StatusCode:: 400, Message:: Invalid_Login_Or_Password::[]
2024-04-25 19:40:42 info: [0mPOST /login [33m400[0m 9.126 ms - 48[0m
2024-04-25 19:40:42 error: [POST] /permissions/00000000-0000-0000-0000-000000000000/105 >> StatusCode:: 401, Message:: Wrong_Authentication_Token::[]
2024-04-25 19:40:42 info: [0mPOST /permissions/00000000-0000-0000-0000-000000000000/105 [33m401[0m 6.677 ms - 49[0m
2024-04-25 19:40:42 error: [POST] /users >> StatusCode:: 401, Message:: Wrong_Authentication_Token::[]
2024-04-25 19:40:42 info: [0mPOST /users [33m401[0m 7.024 ms - 49[0m
2024-04-25 19:40:42 error: [POST] /login >> StatusCode:: 400, Message:: Invalid_Login_Or_Password::[]
2024-04-25 19:40:42 info: [0mPOST /login [33m400[0m 9.603 ms - 48[0m
2024-04-25 19:40:42 error: [POST] /permissions/00000000-0000-0000-0000-000000000000/100 >> StatusCode:: 401, Message:: Wrong_Authentication_Token::[]
2024-04-25 19:40:42 info: [0mPOST /permissions/00000000-0000-0000-0000-000000000000/100 [33m401[0m 5.863 ms - 49[0m
2024-04-25 19:40:42 error: [POST] /login >> StatusCode:: 400, Message:: Invalid_Login_Or_Password::[]
2024-04-25 19:40:42 info: [0mPOST /login [33m400[0m 9.622 ms - 48[0m
2024-04-25 19:40:42 error: [POST] /permissions/00000000-0000-0000-0000-000000000000/100 >> StatusCode:: 403, Message:: User_Not_Authorized::[]
2024-04-25 19:40:42 info: [0mPOST /permissions/00000000-0000-0000-0000-000000000000/100 [33m403[0m 5.539 ms - 42[0m
2024-04-25 19:40:42 error: [POST] /users >> StatusCode:: 401, Message:: Wrong_Authentication_Token::[]
2024-04-25 19:40:42 info: [0mPOST /users [33m401[0m 5.436 ms - 49[0m
2024-04-25 19:40:42 error: [POST] /login >> StatusCode:: 400, Message:: Invalid_Login_Or_Password::[]
2024-04-25 19:40:42 info: [0mPOST /login [33m400[0m 7.111 ms - 48[0m
2024-04-25 19:40:42 error: [POST] /users >> StatusCode:: 401, Message:: Wrong_Authentication_Token::[]
2024-04-25 19:40:42 info: [0mPOST /users [33m401[0m 5.283 ms - 49[0m
2024-04-25 19:40:42 error: [POST] /users >> StatusCode:: 401, Message:: Wrong_Authentication_Token::[]
2024-04-25 19:40:42 info: [0mPOST /users [33m401[0m 5.308 ms - 49[0m
2024-04-25 19:40:43 error: [POST] /login >> StatusCode:: 400, Message:: Invalid_Login_Or_Password::[]
2024-04-25 19:40:43 info: [0mPOST /login [33m400[0m 23.138 ms - 48[0m
2024-04-25 19:40:43 error: [POST] /users >> StatusCode:: 401, Message:: Wrong_Authentication_Token::[]
2024-04-25 19:40:43 info: [0mPOST /users [33m401[0m 9.016 ms - 49[0m
2024-04-25 19:40:43 error: [POST] /users >> StatusCode:: 401, Message:: Wrong_Authentication_Token::[]
2024-04-25 19:40:43 info: [0mPOST /users [33m401[0m 6.428 ms - 49[0m
2024-04-25 19:40:43 error: [POST] /users >> StatusCode:: 401, Message:: Wrong_Authentication_Token::[]
2024-04-25 19:40:43 info: [0mPOST /users [33m401[0m 7.815 ms - 49[0m
2024-04-25 19:40:43 error: [POST] /login >> StatusCode:: 400, Message:: Invalid_Login_Or_Password::[]
2024-04-25 19:40:43 info: [0mPOST /login [33m400[0m 6.942 ms - 48[0m
2024-04-25 19:40:43 error: [DELETE] /users/00000000-0000-0000-0000-000000000000 >> StatusCode:: 403, Message:: User_Not_Authorized::[]
2024-04-25 19:40:43 info: [0mDELETE /users/00000000-0000-0000-0000-000000000000 [33m403[0m 4.927 ms - 42[0m
2024-04-25 19:40:43 error: [POST] /users >> StatusCode:: 401, Message:: Wrong_Authentication_Token::[]
2024-04-25 19:40:43 info: [0mPOST /users [33m401[0m 6.523 ms - 49[0m
2024-04-25 19:40:43 error: [POST] /login >> StatusCode:: 400, Message:: Invalid_Login_Or_Password::[]
2024-04-25 19:40:43 info: [0mPOST /login [33m400[0m 7.070 ms - 48[0m
2024-04-25 19:40:43 error: [DELETE] /users/00000000-0000-0000-0000-000000000000 >> StatusCode:: 401, Message:: Wrong_Authentication_Token::[]
2024-04-25 19:40:43 info: [0mDELETE /users/00000000-0000-0000-0000-000000000000 [33m401[0m 4.112 ms - 49[0m
2024-04-25 19:40:43 error: [POST] /users >> StatusCode:: 401, Message:: Wrong_Authentication_Token::[]
2024-04-25 19:40:43 info: [0mPOST /users [33m401[0m 6.956 ms - 49[0m
2024-04-25 19:40:43 error: [POST] /login >> StatusCode:: 400, Message:: Invalid_Login_Or_Password::[]
2024-04-25 19:40:43 info: [0mPOST /login [33m400[0m 7.112 ms - 48[0m
2024-04-25 19:40:43 info: [0mDELETE /users/invalid-guid [33m404[0m 0.608 ms - 83[0m
2024-04-25 19:40:43 error: [POST] /login >> StatusCode:: 400, Message:: Invalid_Login_Or_Password::[]
2024-04-25 19:40:43 info: [0mPOST /login [33m400[0m 6.840 ms - 48[0m
2024-04-25 19:40:43 error: [DELETE] /users/00000000-0000-0000-0000-000000000000 >> StatusCode:: 401, Message:: Wrong_Authentication_Token::[]
2024-04-25 19:40:43 info: [0mDELETE /users/00000000-0000-0000-0000-000000000000 [33m401[0m 3.747 ms - 49[0m
2024-04-25 19:40:44 error: [POST] /login >> StatusCode:: 400, Message:: Invalid_Login_Or_Password::[]
2024-04-25 19:40:44 info: [0mPOST /login [33m400[0m 37.818 ms - 48[0m
2024-04-25 19:40:44 error: [POST] /users >> StatusCode:: 401, Message:: Wrong_Authentication_Token::[]
2024-04-25 19:40:44 info: [0mPOST /users [33m401[0m 7.285 ms - 49[0m
2024-04-25 19:40:44 error: [POST] /login >> StatusCode:: 400, Message:: Invalid_Login_Or_Password::[]
2024-04-25 19:40:44 info: [0mPOST /login [33m400[0m 9.415 ms - 48[0m
2024-04-25 19:40:44 error: [POST] /users >> StatusCode:: 400, Message:: Invalid_Password::[]
2024-04-25 19:40:44 info: [0mPOST /users [33m400[0m 5.639 ms - 39[0m
2024-04-25 19:40:44 error: [POST] /users >> StatusCode:: 400, Message:: Invalid_Email::[]
2024-04-25 19:40:44 info: [0mPOST /users [33m400[0m 5.293 ms - 36[0m
2024-04-25 19:40:44 error: [POST] /users >> StatusCode:: 400, Message:: Invalid_Phone::[]
2024-04-25 19:40:44 info: [0mPOST /users [33m400[0m 4.893 ms - 36[0m
2024-04-25 19:40:44 error: [POST] /users >> StatusCode:: 401, Message:: Wrong_Authentication_Token::[]
2024-04-25 19:40:44 info: [0mPOST /users [33m401[0m 6.773 ms - 49[0m
2024-04-25 19:40:44 error: [POST] /users >> StatusCode:: 401, Message:: Wrong_Authentication_Token::[]
2024-04-25 19:40:44 info: [0mPOST /users [33m401[0m 5.863 ms - 49[0m
2024-04-25 19:40:44 error: [POST] /login >> StatusCode:: 400, Message:: Invalid_Login_Or_Password::[]
2024-04-25 19:40:44 info: [0mPOST /login [33m400[0m 6.481 ms - 48[0m
2024-04-25 19:40:44 error: [POST] /users >> StatusCode:: 403, Message:: User_Not_Authorized::[]
2024-04-25 19:40:44 info: [0mPOST /users [33m403[0m 6.391 ms - 42[0m
2024-04-25 19:40:44 error: [POST] /users >> StatusCode:: 401, Message:: Wrong_Authentication_Token::[]
2024-04-25 19:40:44 info: [0mPOST /users [33m401[0m 5.076 ms - 49[0m
2024-04-25 19:40:44 error: [POST] /login >> StatusCode:: 400, Message:: Invalid_Login_Or_Password::[]
2024-04-25 19:40:44 info: [0mPOST /login [33m400[0m 6.809 ms - 48[0m
2024-04-25 19:40:44 error: [POST] /users >> StatusCode:: 401, Message:: Wrong_Authentication_Token::[]
2024-04-25 19:40:44 info: [0mPOST /users [33m401[0m 7.116 ms - 49[0m
2024-04-25 19:40:44 error: [POST] /users >> StatusCode:: 401, Message:: Wrong_Authentication_Token::[]
2024-04-25 19:40:44 info: [0mPOST /users [33m401[0m 7.043 ms - 49[0m
2024-04-25 19:40:44 error: [POST] /login >> StatusCode:: 400, Message:: Invalid_Login_Or_Password::[]
2024-04-25 19:40:44 info: [0mPOST /login [33m400[0m 22.763 ms - 48[0m
2024-04-25 19:40:44 error: [POST] /users >> StatusCode:: 401, Message:: Wrong_Authentication_Token::[]
2024-04-25 19:40:44 info: [0mPOST /users [33m401[0m 7.240 ms - 49[0m
2024-04-25 19:40:44 error: [POST] /users >> StatusCode:: 401, Message:: Wrong_Authentication_Token::[]
2024-04-25 19:40:44 info: [0mPOST /users [33m401[0m 8.359 ms - 49[0m
2024-04-25 19:40:44 error: [POST] /users >> StatusCode:: 401, Message:: Wrong_Authentication_Token::[]
2024-04-25 19:40:44 info: [0mPOST /users [33m401[0m 5.635 ms - 49[0m
2024-04-25 19:40:44 error: [POST] /login >> StatusCode:: 400, Message:: Invalid_Login_Or_Password::[]
2024-04-25 19:40:44 info: [0mPOST /login [33m400[0m 6.609 ms - 48[0m
2024-04-25 19:40:44 error: [POST] /users/00000000-0000-0000-0000-000000000000/deactivate >> StatusCode:: 403, Message:: User_Not_Authorized::[]
2024-04-25 19:40:44 info: [0mPOST /users/00000000-0000-0000-0000-000000000000/deactivate [33m403[0m 7.534 ms - 42[0m
2024-04-25 19:40:44 error: [POST] /users >> StatusCode:: 401, Message:: Wrong_Authentication_Token::[]
2024-04-25 19:40:44 info: [0mPOST /users [33m401[0m 8.873 ms - 49[0m
2024-04-25 19:40:44 error: [POST] /login >> StatusCode:: 400, Message:: Invalid_Login_Or_Password::[]
2024-04-25 19:40:44 info: [0mPOST /login [33m400[0m 6.248 ms - 48[0m
2024-04-25 19:40:44 error: [POST] /users/00000000-0000-0000-0000-000000000000/deactivate >> StatusCode:: 401, Message:: Wrong_Authentication_Token::[]
2024-04-25 19:40:44 info: [0mPOST /users/00000000-0000-0000-0000-000000000000/deactivate [33m401[0m 5.892 ms - 49[0m
2024-04-25 19:40:44 error: [POST] /login >> StatusCode:: 400, Message:: Invalid_Login_Or_Password::[]
2024-04-25 19:40:44 info: [0mPOST /login [33m400[0m 7.847 ms - 48[0m
2024-04-25 19:40:44 info: [0mPOST /users/invalid-guid/deactivate [33m404[0m 0.514 ms - 94[0m
2024-04-25 19:40:44 error: [POST] /login >> StatusCode:: 400, Message:: Invalid_Login_Or_Password::[]
2024-04-25 19:40:44 info: [0mPOST /login [33m400[0m 9.132 ms - 48[0m
2024-04-25 19:40:44 error: [POST] /users/00000000-0000-0000-0000-000000000000/deactivate >> StatusCode:: 401, Message:: Wrong_Authentication_Token::[]
2024-04-25 19:40:44 info: [0mPOST /users/00000000-0000-0000-0000-000000000000/deactivate [33m401[0m 7.892 ms - 49[0m
2024-04-25 19:40:45 error: [POST] /login >> StatusCode:: 400, Message:: Invalid_Login_Or_Password::[]
2024-04-25 19:40:45 info: [0mPOST /login [33m400[0m 27.269 ms - 48[0m
2024-04-25 19:40:45 error: [POST] /users >> StatusCode:: 401, Message:: Wrong_Authentication_Token::[]
2024-04-25 19:40:45 info: [0mPOST /users [33m401[0m 7.052 ms - 49[0m
2024-04-25 19:40:45 error: [POST] /users >> StatusCode:: 401, Message:: Wrong_Authentication_Token::[]
2024-04-25 19:40:45 info: [0mPOST /users [33m401[0m 5.131 ms - 49[0m
2024-04-25 19:40:45 error: [POST] /users >> StatusCode:: 401, Message:: Wrong_Authentication_Token::[]
2024-04-25 19:40:45 info: [0mPOST /users [33m401[0m 5.894 ms - 49[0m
2024-04-25 19:40:45 error: [POST] /login >> StatusCode:: 400, Message:: Invalid_Login_Or_Password::[]
2024-04-25 19:40:45 info: [0mPOST /login [33m400[0m 8.686 ms - 48[0m
2024-04-25 19:40:45 error: [POST] /users/00000000-0000-0000-0000-000000000000/activate >> StatusCode:: 403, Message:: User_Not_Authorized::[]
2024-04-25 19:40:45 info: [0mPOST /users/00000000-0000-0000-0000-000000000000/activate [33m403[0m 6.416 ms - 42[0m
2024-04-25 19:40:45 error: [POST] /users >> StatusCode:: 401, Message:: Wrong_Authentication_Token::[]
2024-04-25 19:40:45 info: [0mPOST /users [33m401[0m 5.047 ms - 49[0m
2024-04-25 19:40:45 error: [POST] /login >> StatusCode:: 400, Message:: Invalid_Login_Or_Password::[]
2024-04-25 19:40:45 info: [0mPOST /login [33m400[0m 6.425 ms - 48[0m
2024-04-25 19:40:45 error: [POST] /users/00000000-0000-0000-0000-000000000000/activate >> StatusCode:: 401, Message:: Wrong_Authentication_Token::[]
2024-04-25 19:40:45 info: [0mPOST /users/00000000-0000-0000-0000-000000000000/activate [33m401[0m 7.074 ms - 49[0m
2024-04-25 19:40:45 error: [POST] /login >> StatusCode:: 400, Message:: Invalid_Login_Or_Password::[]
2024-04-25 19:40:45 info: [0mPOST /login [33m400[0m 7.171 ms - 48[0m
2024-04-25 19:40:45 info: [0mPOST /users/invalid-guid/activate [33m404[0m 0.384 ms - 92[0m
2024-04-25 19:40:45 error: [POST] /login >> StatusCode:: 400, Message:: Invalid_Login_Or_Password::[]
2024-04-25 19:40:45 info: [0mPOST /login [33m400[0m 7.089 ms - 48[0m
2024-04-25 19:40:45 error: [POST] /users/00000000-0000-0000-0000-000000000000/activate >> StatusCode:: 401, Message:: Wrong_Authentication_Token::[]
2024-04-25 19:40:45 info: [0mPOST /users/00000000-0000-0000-0000-000000000000/activate [33m401[0m 5.583 ms - 49[0m
2024-04-25 19:40:46 error: [POST] /login >> StatusCode:: 400, Message:: Invalid_Login_Or_Password::[]
2024-04-25 19:40:46 info: [0mPOST /login [33m400[0m 19.837 ms - 48[0m
2024-04-25 19:40:46 error: [POST] /users >> StatusCode:: 401, Message:: Wrong_Authentication_Token::[]
2024-04-25 19:40:46 info: [0mPOST /users [33m401[0m 8.545 ms - 49[0m
2024-04-25 19:40:46 error: [POST] /login >> StatusCode:: 400, Message:: Invalid_Login_Or_Password::[]
2024-04-25 19:40:46 info: [0mPOST /login [33m400[0m 6.358 ms - 48[0m
2024-04-25 19:40:46 error: [GET] /users/00000000-0000-0000-0000-000000000000 >> StatusCode:: 403, Message:: User_Not_Authorized::[]
2024-04-25 19:40:46 info: [0mGET /users/00000000-0000-0000-0000-000000000000 [33m403[0m 6.622 ms - 42[0m
2024-04-25 19:40:46 error: [POST] /users >> StatusCode:: 401, Message:: Wrong_Authentication_Token::[]
2024-04-25 19:40:46 info: [0mPOST /users [33m401[0m 5.687 ms - 49[0m
2024-04-25 19:40:46 error: [POST] /login >> StatusCode:: 400, Message:: Invalid_Login_Or_Password::[]
2024-04-25 19:40:46 info: [0mPOST /login [33m400[0m 7.451 ms - 48[0m
2024-04-25 19:40:46 error: [GET] /users/00000000-0000-0000-0000-000000000000 >> StatusCode:: 401, Message:: Wrong_Authentication_Token::[]
2024-04-25 19:40:46 info: [0mGET /users/00000000-0000-0000-0000-000000000000 [33m401[0m 6.621 ms - 49[0m
2024-04-25 19:40:46 error: [POST] /login >> StatusCode:: 400, Message:: Invalid_Login_Or_Password::[]
2024-04-25 19:40:46 info: [0mPOST /login [33m400[0m 6.645 ms - 48[0m
2024-04-25 19:40:46 info: [0mGET /users/invalid-guid [33m404[0m 0.369 ms - 83[0m
2024-04-25 19:40:46 error: [POST] /login >> StatusCode:: 400, Message:: Invalid_Login_Or_Password::[]
2024-04-25 19:40:46 info: [0mPOST /login [33m400[0m 8.646 ms - 48[0m
2024-04-25 19:40:46 error: [GET] /users/00000000-0000-0000-0000-000000000000 >> StatusCode:: 401, Message:: Wrong_Authentication_Token::[]
2024-04-25 19:40:46 info: [0mGET /users/00000000-0000-0000-0000-000000000000 [33m401[0m 6.137 ms - 49[0m
2024-04-25 19:40:46 info: [0mPOST /login [32m200[0m 17.418 ms - 83[0m
2024-04-25 19:40:46 info: [0mGET /users/2eaa394a-649d-44c1-b797-4a9e4ed2f836 [32m200[0m 6.357 ms - 84[0m
2024-04-25 19:40:46 info: [0mGET /users/2eaa394a-649d-44c1-b797-4a9e4ed2f836 [32m200[0m 1.437 ms - 84[0m
