2024-03-20 16:09:40 info: [0mPOST /login [32m200[0m 149.370 ms - 130[0m
2024-03-20 16:09:40 info: [0mPOST /users [32m201[0m 55.085 ms - 132[0m
2024-03-20 16:09:40 info: [0mGET /users/eaa8724d-5574-49b8-8d62-f997ec2d17ed [32m200[0m 11.483 ms - 167[0m
2024-03-20 16:09:40 info: [0mDELETE /users/eaa8724d-5574-49b8-8d62-f997ec2d17ed [32m200[0m 17.367 ms - 73[0m
2024-03-20 16:09:40 info: [0mPOST /login [32m200[0m 6.427 ms - 130[0m
2024-03-20 16:09:40 error: [GET] /users/00000000-0000-0000-0000-000000000000 >> StatusCode:: 403, Message:: User_Not_Authenticated::[]
2024-03-20 16:09:40 info: [0mGET /users/00000000-0000-0000-0000-000000000000 [33m403[0m 6.732 ms - 45[0m
2024-03-20 16:09:40 info: [0mPOST /users [32m201[0m 13.794 ms - 132[0m
2024-03-20 16:09:40 info: [0mPOST /users/3d74a958-7a59-4d12-bf2a-11076a2f7a78/activate [32m200[0m 17.386 ms - 41[0m
2024-03-20 16:09:40 info: [0mPOST /login [32m200[0m 6.836 ms - 133[0m
2024-03-20 16:09:40 error: [GET] /users/3d74a958-7a59-4d12-bf2a-11076a2f7a78 >> StatusCode:: 403, Message:: User_Not_Authenticated::[]
2024-03-20 16:09:40 info: [0mGET /users/3d74a958-7a59-4d12-bf2a-11076a2f7a78 [33m403[0m 7.094 ms - 45[0m
2024-03-20 16:09:40 info: [0mDELETE /users/3d74a958-7a59-4d12-bf2a-11076a2f7a78 [32m200[0m 14.354 ms - 73[0m
2024-03-20 16:09:40 info: [0mPOST /login [32m200[0m 6.042 ms - 130[0m
2024-03-20 16:09:40 error: [GET] /users/00000000-0000-0000-0000-000000000000 >> StatusCode:: 400, Message:: User_Does_Not_Exist::["00000000-0000-0000-0000-000000000000"]
2024-03-20 16:09:40 info: [0mGET /users/00000000-0000-0000-0000-000000000000 [33m400[0m 8.507 ms - 90[0m
2024-03-20 16:09:40 info: [0mPOST /login [32m200[0m 6.292 ms - 130[0m
2024-03-20 16:09:40 info: [0mGET /users/invalid-guid [33m404[0m 0.522 ms - 83[0m
2024-03-20 16:09:40 info: [0mPOST /login [32m200[0m 5.778 ms - 130[0m
2024-03-20 16:09:40 error: [GET] /users/00000000-0000-0000-0000-000000000000 >> StatusCode:: 401, Message:: Wrong_Authentication_Token::[]
2024-03-20 16:09:40 info: [0mGET /users/00000000-0000-0000-0000-000000000000 [33m401[0m 5.797 ms - 49[0m
2024-03-20 16:09:41 info: [0mPOST /login [32m200[0m 22.399 ms - 130[0m
2024-03-20 16:09:41 info: [0mPOST /users [32m201[0m 34.088 ms - 132[0m
2024-03-20 16:09:41 info: [0mDELETE /users/61e65e23-c35e-489d-a9fa-e5a1809e5027 [32m200[0m 18.573 ms - 73[0m
2024-03-20 16:09:41 info: [0mPOST /login [32m200[0m 6.591 ms - 130[0m
2024-03-20 16:09:41 error: [DELETE] /users/00000000-0000-0000-0000-000000000000 >> StatusCode:: 403, Message:: User_Not_Authenticated::[]
2024-03-20 16:09:41 info: [0mDELETE /users/00000000-0000-0000-0000-000000000000 [33m403[0m 3.675 ms - 45[0m
2024-03-20 16:09:41 info: [0mPOST /users [32m201[0m 16.851 ms - 132[0m
2024-03-20 16:09:41 info: [0mPOST /users/2425ef74-c073-4e80-bb82-7e2ff3ab3810/activate [32m200[0m 16.878 ms - 41[0m
2024-03-20 16:09:41 info: [0mPOST /login [32m200[0m 6.863 ms - 133[0m
2024-03-20 16:09:41 error: [DELETE] /users/2425ef74-c073-4e80-bb82-7e2ff3ab3810 >> StatusCode:: 403, Message:: User_Not_Authenticated::[]
2024-03-20 16:09:41 info: [0mDELETE /users/2425ef74-c073-4e80-bb82-7e2ff3ab3810 [33m403[0m 7.778 ms - 45[0m
2024-03-20 16:09:41 info: [0mDELETE /users/2425ef74-c073-4e80-bb82-7e2ff3ab3810 [32m200[0m 14.376 ms - 73[0m
2024-03-20 16:09:41 info: [0mPOST /login [32m200[0m 6.747 ms - 130[0m
2024-03-20 16:09:41 error: [DELETE] /users/00000000-0000-0000-0000-000000000000 >> StatusCode:: 400, Message:: User_Does_Not_Exist::["00000000-0000-0000-0000-000000000000"]
2024-03-20 16:09:41 info: [0mDELETE /users/00000000-0000-0000-0000-000000000000 [33m400[0m 8.990 ms - 90[0m
2024-03-20 16:09:41 info: [0mPOST /login [32m200[0m 7.274 ms - 130[0m
2024-03-20 16:09:41 info: [0mDELETE /users/invalid-guid [33m404[0m 0.623 ms - 83[0m
2024-03-20 16:09:41 info: [0mPOST /login [32m200[0m 6.688 ms - 130[0m
2024-03-20 16:09:41 error: [DELETE] /users/00000000-0000-0000-0000-000000000000 >> StatusCode:: 401, Message:: Wrong_Authentication_Token::[]
2024-03-20 16:09:41 info: [0mDELETE /users/00000000-0000-0000-0000-000000000000 [33m401[0m 3.464 ms - 49[0m
2024-03-20 16:09:41 info: [0mPOST /login [32m200[0m 20.736 ms - 130[0m
2024-03-20 16:09:42 info: [0mPOST /users [32m201[0m 71.625 ms - 132[0m
2024-03-20 16:09:42 info: [0mPOST /users/e67015ac-84b4-4b13-a92a-919af795f91d/deactivate [32m200[0m 11.275 ms - 43[0m
2024-03-20 16:09:42 info: [0mDELETE /users/e67015ac-84b4-4b13-a92a-919af795f91d [32m200[0m 13.661 ms - 73[0m
2024-03-20 16:09:42 info: [0mPOST /users [32m201[0m 14.517 ms - 132[0m
2024-03-20 16:09:42 info: [0mPOST /users/a27e3f58-b650-40e4-b558-33ca4eb6e531/deactivate [32m200[0m 9.608 ms - 43[0m
2024-03-20 16:09:42 info: [0mPOST /users/a27e3f58-b650-40e4-b558-33ca4eb6e531/deactivate [32m200[0m 7.657 ms - 43[0m
2024-03-20 16:09:42 info: [0mDELETE /users/a27e3f58-b650-40e4-b558-33ca4eb6e531 [32m200[0m 12.101 ms - 73[0m
2024-03-20 16:09:42 info: [0mPOST /users [32m201[0m 12.777 ms - 132[0m
2024-03-20 16:09:42 info: [0mPOST /users/74f73075-ae62-4336-bce1-11d5f11d63c1/activate [32m200[0m 14.625 ms - 41[0m
2024-03-20 16:09:42 info: [0mPOST /users/74f73075-ae62-4336-bce1-11d5f11d63c1/deactivate [32m200[0m 9.712 ms - 43[0m
2024-03-20 16:09:42 info: [0mDELETE /users/74f73075-ae62-4336-bce1-11d5f11d63c1 [32m200[0m 10.203 ms - 73[0m
2024-03-20 16:09:42 info: [0mPOST /login [32m200[0m 6.923 ms - 130[0m
2024-03-20 16:09:42 error: [POST] /users/00000000-0000-0000-0000-000000000000/deactivate >> StatusCode:: 403, Message:: User_Not_Authenticated::[]
2024-03-20 16:09:42 info: [0mPOST /users/00000000-0000-0000-0000-000000000000/deactivate [33m403[0m 6.280 ms - 45[0m
2024-03-20 16:09:42 info: [0mPOST /users [32m201[0m 14.517 ms - 132[0m
2024-03-20 16:09:42 info: [0mPOST /users/4135000e-eb2f-46b0-bb86-77276d385302/activate [32m200[0m 13.737 ms - 41[0m
2024-03-20 16:09:42 info: [0mPOST /login [32m200[0m 5.795 ms - 133[0m
2024-03-20 16:09:42 error: [POST] /users/4135000e-eb2f-46b0-bb86-77276d385302/deactivate >> StatusCode:: 403, Message:: User_Not_Authenticated::[]
2024-03-20 16:09:42 info: [0mPOST /users/4135000e-eb2f-46b0-bb86-77276d385302/deactivate [33m403[0m 7.047 ms - 45[0m
2024-03-20 16:09:42 info: [0mDELETE /users/4135000e-eb2f-46b0-bb86-77276d385302 [32m200[0m 12.322 ms - 73[0m
2024-03-20 16:09:42 info: [0mPOST /login [32m200[0m 5.824 ms - 130[0m
2024-03-20 16:09:42 error: [POST] /users/00000000-0000-0000-0000-000000000000/deactivate >> StatusCode:: 400, Message:: User_Does_Not_Exist::["00000000-0000-0000-0000-000000000000"]
2024-03-20 16:09:42 info: [0mPOST /users/00000000-0000-0000-0000-000000000000/deactivate [33m400[0m 7.963 ms - 90[0m
2024-03-20 16:09:42 info: [0mPOST /login [32m200[0m 7.223 ms - 130[0m
2024-03-20 16:09:42 info: [0mPOST /users/invalid-guid/deactivate [33m404[0m 0.387 ms - 94[0m
2024-03-20 16:09:42 info: [0mPOST /login [32m200[0m 5.900 ms - 130[0m
2024-03-20 16:09:42 error: [POST] /users/00000000-0000-0000-0000-000000000000/deactivate >> StatusCode:: 401, Message:: Wrong_Authentication_Token::[]
2024-03-20 16:09:42 info: [0mPOST /users/00000000-0000-0000-0000-000000000000/deactivate [33m401[0m 6.105 ms - 49[0m
2024-03-20 16:09:43 info: [0mPOST /login [32m200[0m 22.672 ms - 130[0m
2024-03-20 16:09:43 info: [0mPOST /users [32m201[0m 71.724 ms - 132[0m
2024-03-20 16:09:43 info: [0mPOST /users/48e5e335-3504-40b0-985e-37f7509dc591/activate [32m200[0m 17.496 ms - 41[0m
2024-03-20 16:09:43 info: [0mDELETE /users/48e5e335-3504-40b0-985e-37f7509dc591 [32m200[0m 13.566 ms - 73[0m
2024-03-20 16:09:43 info: [0mPOST /users [32m201[0m 15.510 ms - 132[0m
2024-03-20 16:09:43 info: [0mPOST /users/8c3926bd-1d37-4c90-9635-a1491970d961/activate [32m200[0m 13.909 ms - 41[0m
2024-03-20 16:09:43 info: [0mPOST /users/8c3926bd-1d37-4c90-9635-a1491970d961/activate [32m200[0m 6.606 ms - 41[0m
2024-03-20 16:09:43 info: [0mDELETE /users/8c3926bd-1d37-4c90-9635-a1491970d961 [32m200[0m 11.233 ms - 73[0m
2024-03-20 16:09:43 info: [0mPOST /users [32m201[0m 13.665 ms - 132[0m
2024-03-20 16:09:43 info: [0mPOST /users/41fff804-194f-4d3e-892b-dca49091fa4a/activate [32m200[0m 18.592 ms - 41[0m
2024-03-20 16:09:43 info: [0mDELETE /users/41fff804-194f-4d3e-892b-dca49091fa4a [32m200[0m 16.095 ms - 73[0m
2024-03-20 16:09:43 info: [0mPOST /login [32m200[0m 7.742 ms - 130[0m
2024-03-20 16:09:43 error: [POST] /users/00000000-0000-0000-0000-000000000000/activate >> StatusCode:: 403, Message:: User_Not_Authenticated::[]
2024-03-20 16:09:43 info: [0mPOST /users/00000000-0000-0000-0000-000000000000/activate [33m403[0m 9.630 ms - 45[0m
2024-03-20 16:09:43 info: [0mPOST /users [32m201[0m 16.181 ms - 132[0m
2024-03-20 16:09:43 info: [0mPOST /users/32ec7908-67e4-4615-9949-8c3d692d3d6f/activate [32m200[0m 12.246 ms - 41[0m
2024-03-20 16:09:43 info: [0mPOST /login [32m200[0m 5.139 ms - 133[0m
2024-03-20 16:09:43 error: [POST] /users/32ec7908-67e4-4615-9949-8c3d692d3d6f/activate >> StatusCode:: 403, Message:: User_Not_Authenticated::[]
2024-03-20 16:09:43 info: [0mPOST /users/32ec7908-67e4-4615-9949-8c3d692d3d6f/activate [33m403[0m 6.676 ms - 45[0m
2024-03-20 16:09:43 info: [0mDELETE /users/32ec7908-67e4-4615-9949-8c3d692d3d6f [32m200[0m 10.751 ms - 73[0m
2024-03-20 16:09:43 info: [0mPOST /login [32m200[0m 5.525 ms - 130[0m
2024-03-20 16:09:43 error: [POST] /users/00000000-0000-0000-0000-000000000000/activate >> StatusCode:: 400, Message:: User_Does_Not_Exist::["00000000-0000-0000-0000-000000000000"]
2024-03-20 16:09:43 info: [0mPOST /users/00000000-0000-0000-0000-000000000000/activate [33m400[0m 7.531 ms - 90[0m
2024-03-20 16:09:43 info: [0mPOST /login [32m200[0m 8.604 ms - 130[0m
2024-03-20 16:09:43 info: [0mPOST /users/invalid-guid/activate [33m404[0m 0.683 ms - 92[0m
2024-03-20 16:09:43 info: [0mPOST /login [32m200[0m 9.431 ms - 130[0m
2024-03-20 16:09:43 error: [POST] /users/00000000-0000-0000-0000-000000000000/activate >> StatusCode:: 401, Message:: Wrong_Authentication_Token::[]
2024-03-20 16:09:43 info: [0mPOST /users/00000000-0000-0000-0000-000000000000/activate [33m401[0m 7.854 ms - 49[0m
2024-03-20 16:09:44 info: [0mPOST /login [32m200[0m 28.238 ms - 130[0m
2024-03-20 16:09:44 info: [0mPOST /users [32m201[0m 74.087 ms - 132[0m
2024-03-20 16:09:44 info: [0mDELETE /users/d4e978b3-00ca-409a-9fec-b5cbb9e55212 [32m200[0m 19.073 ms - 73[0m
2024-03-20 16:09:44 info: [0mPOST /login [32m200[0m 6.638 ms - 130[0m
2024-03-20 16:09:44 error: [POST] /users >> StatusCode:: 400, Message:: Invalid_Password::[]
2024-03-20 16:09:44 info: [0mPOST /users [33m400[0m 8.514 ms - 39[0m
2024-03-20 16:09:44 error: [POST] /users >> StatusCode:: 400, Message:: Invalid_Email::[]
2024-03-20 16:09:44 info: [0mPOST /users [33m400[0m 5.632 ms - 36[0m
2024-03-20 16:09:44 error: [POST] /users >> StatusCode:: 400, Message:: Invalid_Phone::[]
2024-03-20 16:09:44 info: [0mPOST /users [33m400[0m 5.022 ms - 36[0m
2024-03-20 16:09:44 info: [0mPOST /users [32m201[0m 12.379 ms - 132[0m
2024-03-20 16:09:44 error: [POST] /users >> StatusCode:: 400, Message:: User_Already_Exists::["eipphyyk2@email.com","887579098"]
2024-03-20 16:09:44 info: [0mPOST /users [33m400[0m 9.527 ms - 85[0m
2024-03-20 16:09:44 info: [0mDELETE /users/8c1682db-20b7-44db-9fbe-0ac4e981e6a1 [32m200[0m 12.411 ms - 73[0m
2024-03-20 16:09:44 info: [0mPOST /users [32m201[0m 12.616 ms - 132[0m
2024-03-20 16:09:44 error: [POST] /users >> StatusCode:: 400, Message:: User_Already_Exists::["QMLGDZRM9@EMAIL.COM","885501929"]
2024-03-20 16:09:44 info: [0mPOST /users [33m400[0m 10.770 ms - 85[0m
2024-03-20 16:09:44 info: [0mDELETE /users/590f4def-749a-44be-8a24-c5c4f59032cd [32m200[0m 17.610 ms - 73[0m
2024-03-20 16:09:44 info: [0mPOST /login [32m200[0m 6.153 ms - 130[0m
2024-03-20 16:09:44 error: [POST] /users >> StatusCode:: 403, Message:: User_Not_Authenticated::[]
2024-03-20 16:09:44 info: [0mPOST /users [33m403[0m 5.546 ms - 45[0m
2024-03-20 16:09:44 info: [0mPOST /users [32m201[0m 13.656 ms - 132[0m
2024-03-20 16:09:44 info: [0mPOST /users/8ab8cd40-60ae-436e-b600-ddec0fc40732/activate [32m200[0m 16.282 ms - 41[0m
2024-03-20 16:09:44 info: [0mPOST /login [32m200[0m 6.989 ms - 133[0m
2024-03-20 16:09:44 error: [POST] /users >> StatusCode:: 403, Message:: User_Not_Authenticated::[]
2024-03-20 16:09:44 info: [0mPOST /users [33m403[0m 10.665 ms - 45[0m
2024-03-20 16:09:44 info: [0mDELETE /users/8ab8cd40-60ae-436e-b600-ddec0fc40732 [32m200[0m 13.844 ms - 73[0m
2024-03-20 16:09:44 info: [0mPOST /login [32m200[0m 6.120 ms - 130[0m
2024-03-20 16:09:44 error: [POST] /users >> StatusCode:: 401, Message:: Wrong_Authentication_Token::[]
2024-03-20 16:09:44 info: [0mPOST /users [33m401[0m 5.323 ms - 49[0m
2024-03-20 16:09:44 info: [0mPOST /users [32m201[0m 12.627 ms - 132[0m
2024-03-20 16:09:44 info: [0mPOST /users/35544dfd-246f-40be-8661-942fb6c66d75/activate [32m200[0m 10.986 ms - 41[0m
2024-03-20 16:09:44 info: [0mPOST /login [32m200[0m 6.074 ms - 133[0m
2024-03-20 16:09:44 info: [0mDELETE /users/35544dfd-246f-40be-8661-942fb6c66d75 [32m200[0m 10.733 ms - 73[0m
2024-03-20 16:09:44 error: [POST] /users >> StatusCode:: 401, Message:: Wrong_Authentication_Token::[]
2024-03-20 16:09:44 info: [0mPOST /users [33m401[0m 7.645 ms - 49[0m
2024-03-20 16:09:45 info: [0mPOST /login [32m200[0m 12.736 ms - 83[0m
2024-03-20 16:09:45 info: [0mGET /users/2eaa394a-649d-44c1-b797-4a9e4ed2f836 [32m200[0m 3.738 ms - 84[0m
2024-03-20 16:09:45 info: [0mGET /users/2eaa394a-649d-44c1-b797-4a9e4ed2f836 [32m200[0m 1.498 ms - 84[0m
2024-03-20 16:09:45 info: [0mPOST /login [32m200[0m 20.838 ms - 130[0m
2024-03-20 16:09:45 info: [0mPOST /login [32m200[0m 7.804 ms - 130[0m
2024-03-20 16:09:45 info: [0mPOST /login [32m200[0m 46.314 ms - 130[0m
2024-03-20 16:09:46 info: [0mPOST /users [32m201[0m 16.834 ms - 132[0m
2024-03-20 16:09:46 info: [0mPOST /users [32m201[0m 14.682 ms - 132[0m
2024-03-20 16:09:46 error: [POST] /login >> StatusCode:: 400, Message:: Invalid_Login_Or_Password::[]
2024-03-20 16:09:46 info: [0mPOST /login [33m400[0m 6.713 ms - 48[0m
2024-03-20 16:09:46 info: [0mDELETE /users/db064ec0-86d6-4964-ade5-131f0ca48d06 [32m200[0m 17.869 ms - 73[0m
2024-03-20 16:09:46 info: [0mDELETE /users/14982926-f15e-4e38-889e-f03dd7717db5 [32m200[0m 17.777 ms - 73[0m
2024-03-20 16:09:46 info: [0mPOST /users [32m201[0m 13.296 ms - 132[0m
2024-03-20 16:09:46 info: [0mPOST /users [32m201[0m 13.099 ms - 132[0m
2024-03-20 16:09:46 error: [POST] /login >> StatusCode:: 400, Message:: Invalid_Login_Or_Password::[]
2024-03-20 16:09:46 info: [0mPOST /login [33m400[0m 7.209 ms - 48[0m
2024-03-20 16:09:46 info: [0mDELETE /users/3334f14e-7014-44ae-b9f1-0718f42c4ad9 [32m200[0m 16.496 ms - 73[0m
2024-03-20 16:09:46 info: [0mDELETE /users/f081daa9-f17b-41d3-83b4-aece69904ef5 [32m200[0m 15.449 ms - 73[0m
2024-03-20 16:09:46 error: [POST] /login >> StatusCode:: 400, Message:: Invalid_Login_Or_Password::[]
2024-03-20 16:09:46 info: [0mPOST /login [33m400[0m 5.164 ms - 48[0m
2024-03-20 16:09:46 error: [POST] /login >> StatusCode:: 400, Message:: Invalid_Login_Or_Password::[]
2024-03-20 16:09:46 info: [0mPOST /login [33m400[0m 5.998 ms - 48[0m
2024-03-20 16:09:46 error: [POST] /login >> StatusCode:: 400, Message:: Invalid_Login_Or_Password::[]
2024-03-20 16:09:46 info: [0mPOST /login [33m400[0m 4.603 ms - 48[0m
2024-03-20 16:09:46 info: [0mPOST /users [32m201[0m 15.220 ms - 132[0m
2024-03-20 16:09:46 error: [POST] /login >> StatusCode:: 400, Message:: Invalid_Login_Or_Password::[]
2024-03-20 16:09:46 info: [0mPOST /login [33m400[0m 4.635 ms - 48[0m
2024-03-20 16:09:46 error: [POST] /login >> StatusCode:: 400, Message:: Invalid_Login_Or_Password::[]
2024-03-20 16:09:46 info: [0mPOST /login [33m400[0m 5.439 ms - 48[0m
2024-03-20 16:09:46 error: [POST] /login >> StatusCode:: 400, Message:: Invalid_Login_Or_Password::[]
2024-03-20 16:09:46 info: [0mPOST /login [33m400[0m 5.062 ms - 48[0m
2024-03-20 16:09:46 error: [POST] /login >> StatusCode:: 400, Message:: Invalid_Login_Or_Password::[]
2024-03-20 16:09:46 info: [0mPOST /login [33m400[0m 4.720 ms - 48[0m
2024-03-20 16:09:46 info: [0mDELETE /users/04551df4-2c8c-4929-abb1-3b90158bc516 [32m200[0m 53.221 ms - 73[0m
2024-03-20 16:09:46 error: [POST] /login >> StatusCode:: 400, Message:: Invalid_Login_Or_Password::[]
2024-03-20 16:09:46 info: [0mPOST /login [33m400[0m 7.006 ms - 48[0m
2024-03-20 16:09:46 error: [POST] /login >> StatusCode:: 400, Message:: Invalid_Login_Or_Password::[]
2024-03-20 16:09:46 info: [0mPOST /login [33m400[0m 6.515 ms - 48[0m
2024-03-20 16:09:46 info: [0mPOST /users [32m201[0m 16.627 ms - 132[0m
2024-03-20 16:09:46 info: [0mPOST /users/99f91643-7bed-413f-8370-efc8f040cad0/activate [32m200[0m 19.003 ms - 41[0m
2024-03-20 16:09:46 error: [POST] /login >> StatusCode:: 400, Message:: Invalid_Login_Or_Password::[]
2024-03-20 16:09:46 info: [0mPOST /login [33m400[0m 13.281 ms - 48[0m
2024-03-20 16:09:46 info: [0mDELETE /users/99f91643-7bed-413f-8370-efc8f040cad0 [32m200[0m 12.401 ms - 73[0m
2024-03-20 16:09:46 info: [0mPOST /users [32m201[0m 13.975 ms - 132[0m
2024-03-20 16:09:46 info: [0mPOST /users/2d0620ee-779d-4c17-8314-5cb900c78316/activate [32m200[0m 14.405 ms - 41[0m
2024-03-20 16:09:46 error: [POST] /login >> StatusCode:: 400, Message:: Invalid_Login_Or_Password::[]
2024-03-20 16:09:46 info: [0mPOST /login [33m400[0m 12.799 ms - 48[0m
2024-03-20 16:09:46 info: [0mDELETE /users/2d0620ee-779d-4c17-8314-5cb900c78316 [32m200[0m 14.233 ms - 73[0m
2024-03-20 16:09:46 info: [0mPOST /users [32m201[0m 13.565 ms - 132[0m
2024-03-20 16:09:46 info: [0mPOST /users/133aacda-ddf5-4ae8-b62c-f5235e7adbb4/activate [32m200[0m 15.159 ms - 41[0m
2024-03-20 16:09:46 error: [POST] /login >> StatusCode:: 400, Message:: Invalid_Login_Or_Password::[]
2024-03-20 16:09:46 info: [0mPOST /login [33m400[0m 13.937 ms - 48[0m
2024-03-20 16:09:46 error: [POST] /login >> StatusCode:: 400, Message:: Invalid_Login_Or_Password::[]
2024-03-20 16:09:46 info: [0mPOST /login [33m400[0m 14.411 ms - 48[0m
2024-03-20 16:09:46 error: [POST] /login >> StatusCode:: 400, Message:: Invalid_Login_Or_Password::[]
2024-03-20 16:09:46 info: [0mPOST /login [33m400[0m 19.153 ms - 48[0m
2024-03-20 16:09:46 error: [POST] /login >> StatusCode:: 400, Message:: User_Is_Locked_Out::[]
2024-03-20 16:09:46 info: [0mPOST /login [33m400[0m 6.451 ms - 41[0m
2024-03-20 16:09:46 info: [0mDELETE /users/133aacda-ddf5-4ae8-b62c-f5235e7adbb4 [32m200[0m 14.241 ms - 73[0m
2024-03-20 16:09:46 info: [0mPOST /users [32m201[0m 13.781 ms - 132[0m
2024-03-20 16:09:46 info: [0mPOST /users/7c17df8d-1559-4a58-93a0-6aa5f8258b15/activate [32m200[0m 15.926 ms - 41[0m
2024-03-20 16:09:46 error: [POST] /login >> StatusCode:: 400, Message:: Invalid_Login_Or_Password::[]
2024-03-20 16:09:46 info: [0mPOST /login [33m400[0m 13.092 ms - 48[0m
2024-03-20 16:09:46 error: [POST] /login >> StatusCode:: 400, Message:: Invalid_Login_Or_Password::[]
2024-03-20 16:09:46 info: [0mPOST /login [33m400[0m 12.840 ms - 48[0m
2024-03-20 16:09:46 error: [POST] /login >> StatusCode:: 400, Message:: Invalid_Login_Or_Password::[]
2024-03-20 16:09:46 info: [0mPOST /login [33m400[0m 19.535 ms - 48[0m
2024-03-20 16:09:46 error: [POST] /login >> StatusCode:: 400, Message:: User_Is_Locked_Out::[]
2024-03-20 16:09:46 info: [0mPOST /login [33m400[0m 6.596 ms - 41[0m
2024-03-20 16:09:46 info: [0mDELETE /users/7c17df8d-1559-4a58-93a0-6aa5f8258b15 [32m200[0m 13.832 ms - 73[0m
2024-03-20 16:09:46 info: [0mPOST /users [32m201[0m 14.557 ms - 132[0m
2024-03-20 16:09:46 info: [0mPOST /users/dd826869-6ac4-43dc-a044-b34c8bc4a16d/deactivate [32m200[0m 9.499 ms - 43[0m
2024-03-20 16:09:46 error: [POST] /login >> StatusCode:: 400, Message:: User_Is_Not_Active::[]
2024-03-20 16:09:46 info: [0mPOST /login [33m400[0m 6.404 ms - 41[0m
2024-03-20 16:09:46 info: [0mDELETE /users/dd826869-6ac4-43dc-a044-b34c8bc4a16d [32m200[0m 14.816 ms - 73[0m
2024-03-20 16:09:46 info: [0mPOST /users [32m201[0m 13.918 ms - 132[0m
2024-03-20 16:09:46 info: [0mPOST /users/9e35ddeb-2f66-42bd-9b90-ff570530c4c3/deactivate [32m200[0m 8.676 ms - 43[0m
2024-03-20 16:09:47 error: [POST] /login >> StatusCode:: 400, Message:: User_Is_Not_Active::[]
2024-03-20 16:09:47 info: [0mPOST /login [33m400[0m 6.001 ms - 41[0m
2024-03-20 16:09:47 info: [0mDELETE /users/9e35ddeb-2f66-42bd-9b90-ff570530c4c3 [32m200[0m 13.411 ms - 73[0m
2024-03-20 16:09:47 info: [0mPOST /users [32m201[0m 13.456 ms - 132[0m
2024-03-20 16:09:47 info: [0mDELETE /users/c58a5fd5-df36-4cef-b5b6-2216dc6bd809 [32m200[0m 16.979 ms - 73[0m
2024-03-20 16:09:47 error: [POST] /login >> StatusCode:: 400, Message:: Invalid_Login_Or_Password::[]
2024-03-20 16:09:47 info: [0mPOST /login [33m400[0m 7.028 ms - 48[0m
2024-03-20 16:18:55 info: [0mPOST /login [33m404[0m 14.742 ms - 70[0m
2024-03-20 16:18:55 info: [0mPOST /users [33m404[0m 2.240 ms - 70[0m
2024-03-20 16:18:55 info: [0mPOST /login [33m404[0m 1.969 ms - 70[0m
2024-03-20 16:18:55 info: [0mGET /users/00000000-0000-0000-0000-000000000000 [33m404[0m 0.317 ms - 107[0m
2024-03-20 16:18:55 info: [0mPOST /users [33m404[0m 1.681 ms - 70[0m
2024-03-20 16:18:55 info: [0mPOST /login [33m404[0m 1.674 ms - 70[0m
2024-03-20 16:18:55 info: [0mGET /users/00000000-0000-0000-0000-000000000000 [33m404[0m 0.228 ms - 107[0m
2024-03-20 16:18:55 info: [0mPOST /login [33m404[0m 1.746 ms - 70[0m
2024-03-20 16:18:55 info: [0mGET /users/invalid-guid [33m404[0m 0.346 ms - 83[0m
2024-03-20 16:18:55 info: [0mPOST /login [33m404[0m 2.176 ms - 70[0m
2024-03-20 16:18:55 info: [0mGET /users/00000000-0000-0000-0000-000000000000 [33m404[0m 0.424 ms - 107[0m
2024-03-20 16:18:56 info: [0mPOST /login [33m404[0m 7.922 ms - 70[0m
2024-03-20 16:18:56 info: [0mPOST /login [33m404[0m 1.670 ms - 70[0m
2024-03-20 16:18:56 info: [0mPOST /login [33m404[0m 1.923 ms - 70[0m
2024-03-20 16:18:56 info: [0mPOST /users [33m404[0m 1.724 ms - 70[0m
2024-03-20 16:18:56 info: [0mPOST /users [33m404[0m 1.682 ms - 70[0m
2024-03-20 16:18:56 info: [0mPOST /login [33m404[0m 1.638 ms - 70[0m
2024-03-20 16:18:56 info: [0mPOST /users [33m404[0m 1.645 ms - 70[0m
2024-03-20 16:18:56 info: [0mPOST /login [33m404[0m 1.732 ms - 70[0m
2024-03-20 16:18:56 info: [0mPOST /login [33m404[0m 2.200 ms - 70[0m
2024-03-20 16:18:56 info: [0mPOST /users [33m404[0m 1.794 ms - 70[0m
2024-03-20 16:18:56 info: [0mPOST /users [33m404[0m 2.582 ms - 70[0m
2024-03-20 16:18:56 info: [0mPOST /users [33m404[0m 1.683 ms - 70[0m
2024-03-20 16:18:56 info: [0mPOST /users [33m404[0m 2.264 ms - 70[0m
2024-03-20 16:18:56 info: [0mPOST /users [33m404[0m 1.872 ms - 70[0m
2024-03-20 16:18:56 info: [0mPOST /users [33m404[0m 1.776 ms - 70[0m
2024-03-20 16:18:56 info: [0mPOST /users [33m404[0m 2.037 ms - 70[0m
2024-03-20 16:18:56 info: [0mPOST /login [33m404[0m 12.218 ms - 70[0m
2024-03-20 16:18:57 info: [0mPOST /users [33m404[0m 3.924 ms - 70[0m
2024-03-20 16:18:57 info: [0mPOST /users [33m404[0m 1.829 ms - 70[0m
2024-03-20 16:18:57 info: [0mPOST /users [33m404[0m 2.072 ms - 70[0m
2024-03-20 16:18:57 info: [0mPOST /login [33m404[0m 1.659 ms - 70[0m
2024-03-20 16:18:57 info: [0mPOST /users/00000000-0000-0000-0000-000000000000/activate [33m404[0m 0.302 ms - 116[0m
2024-03-20 16:18:57 info: [0mPOST /users [33m404[0m 1.561 ms - 70[0m
2024-03-20 16:18:57 info: [0mPOST /login [33m404[0m 1.552 ms - 70[0m
2024-03-20 16:18:57 info: [0mPOST /users/00000000-0000-0000-0000-000000000000/activate [33m404[0m 0.271 ms - 116[0m
2024-03-20 16:18:57 info: [0mPOST /login [33m404[0m 1.713 ms - 70[0m
2024-03-20 16:18:57 info: [0mPOST /users/invalid-guid/activate [33m404[0m 0.366 ms - 92[0m
2024-03-20 16:18:57 info: [0mPOST /login [33m404[0m 3.075 ms - 70[0m
2024-03-20 16:18:57 info: [0mPOST /users/00000000-0000-0000-0000-000000000000/activate [33m404[0m 0.337 ms - 116[0m
2024-03-20 16:18:57 info: [0mPOST /login [33m404[0m 8.982 ms - 70[0m
2024-03-20 16:18:57 info: [0mPOST /users [33m404[0m 2.571 ms - 70[0m
2024-03-20 16:18:57 info: [0mPOST /users [33m404[0m 1.760 ms - 70[0m
2024-03-20 16:18:57 info: [0mPOST /users [33m404[0m 1.677 ms - 70[0m
2024-03-20 16:18:57 info: [0mPOST /login [33m404[0m 1.694 ms - 70[0m
2024-03-20 16:18:57 info: [0mPOST /users/00000000-0000-0000-0000-000000000000/deactivate [33m404[0m 0.430 ms - 118[0m
2024-03-20 16:18:57 info: [0mPOST /users [33m404[0m 1.621 ms - 70[0m
2024-03-20 16:18:57 info: [0mPOST /login [33m404[0m 1.599 ms - 70[0m
2024-03-20 16:18:57 info: [0mPOST /users/00000000-0000-0000-0000-000000000000/deactivate [33m404[0m 0.315 ms - 118[0m
2024-03-20 16:18:57 info: [0mPOST /login [33m404[0m 1.798 ms - 70[0m
2024-03-20 16:18:57 info: [0mPOST /users/invalid-guid/deactivate [33m404[0m 0.369 ms - 94[0m
2024-03-20 16:18:57 info: [0mPOST /login [33m404[0m 1.921 ms - 70[0m
2024-03-20 16:18:57 info: [0mPOST /users/00000000-0000-0000-0000-000000000000/deactivate [33m404[0m 0.300 ms - 118[0m
2024-03-20 16:18:58 info: [0mPOST /login [33m404[0m 9.329 ms - 70[0m
2024-03-20 16:18:58 info: [0mPOST /users [33m404[0m 2.016 ms - 70[0m
2024-03-20 16:18:58 info: [0mPOST /login [33m404[0m 3.522 ms - 70[0m
2024-03-20 16:18:58 info: [0mPOST /users [33m404[0m 3.674 ms - 70[0m
2024-03-20 16:18:58 info: [0mPOST /users [33m404[0m 3.905 ms - 70[0m
2024-03-20 16:18:58 info: [0mPOST /users [33m404[0m 2.651 ms - 70[0m
2024-03-20 16:18:58 info: [0mPOST /users [33m404[0m 2.843 ms - 70[0m
2024-03-20 16:18:58 info: [0mPOST /users [33m404[0m 1.910 ms - 70[0m
2024-03-20 16:18:58 info: [0mPOST /login [33m404[0m 2.239 ms - 70[0m
2024-03-20 16:18:58 info: [0mPOST /users [33m404[0m 1.903 ms - 70[0m
2024-03-20 16:18:58 info: [0mPOST /users [33m404[0m 1.884 ms - 70[0m
2024-03-20 16:18:58 info: [0mPOST /login [33m404[0m 1.844 ms - 70[0m
2024-03-20 16:18:58 info: [0mPOST /users [33m404[0m 1.704 ms - 70[0m
2024-03-20 16:18:58 info: [0mPOST /users [33m404[0m 1.672 ms - 70[0m
2024-03-20 16:18:58 info: [0mPOST /login [33m404[0m 11.587 ms - 70[0m
2024-03-20 16:18:58 info: [0mPOST /users [33m404[0m 4.478 ms - 70[0m
2024-03-20 16:18:58 info: [0mPOST /login [33m404[0m 1.860 ms - 70[0m
2024-03-20 16:18:58 info: [0mDELETE /users/00000000-0000-0000-0000-000000000000 [33m404[0m 0.329 ms - 107[0m
2024-03-20 16:18:58 info: [0mPOST /users [33m404[0m 1.734 ms - 70[0m
2024-03-20 16:18:58 info: [0mPOST /login [33m404[0m 1.862 ms - 70[0m
2024-03-20 16:18:58 info: [0mDELETE /users/00000000-0000-0000-0000-000000000000 [33m404[0m 0.263 ms - 107[0m
2024-03-20 16:18:58 info: [0mPOST /login [33m404[0m 1.592 ms - 70[0m
2024-03-20 16:18:58 info: [0mDELETE /users/invalid-guid [33m404[0m 0.250 ms - 83[0m
2024-03-20 16:18:58 info: [0mPOST /login [33m404[0m 1.882 ms - 70[0m
2024-03-20 16:18:58 info: [0mDELETE /users/00000000-0000-0000-0000-000000000000 [33m404[0m 0.339 ms - 107[0m
2024-03-20 16:18:59 info: [0mPOST /login [33m404[0m 8.982 ms - 70[0m
2024-03-20 16:18:59 info: [0mGET /users/undefined [33m404[0m 0.377 ms - 80[0m
