2024-04-09 22:33:30 info: [0mPOST /login [32m200[0m 33.652 ms - 83[0m
2024-04-09 22:33:30 info: [0mGET /users/2eaa394a-649d-44c1-b797-4a9e4ed2f836 [32m200[0m 7.720 ms - 84[0m
2024-04-09 22:33:30 info: [0mGET /users/2eaa394a-649d-44c1-b797-4a9e4ed2f836 [32m200[0m 1.859 ms - 84[0m
2024-04-09 22:33:30 info: [0mPOST /login [32m200[0m 76.374 ms - 130[0m
2024-04-09 22:33:30 info: [0mPOST /login [32m200[0m 73.631 ms - 130[0m
2024-04-09 22:33:30 info: [0mPOST /login [32m200[0m 75.319 ms - 130[0m
2024-04-09 22:33:30 info: [0mPOST /login [32m200[0m 75.845 ms - 130[0m
2024-04-09 22:33:30 info: [0mPOST /login [32m200[0m 78.252 ms - 130[0m
2024-04-09 22:33:30 info: [0mPOST /login [32m200[0m 80.164 ms - 130[0m
2024-04-09 22:33:30 info: [0mPOST /login [32m200[0m 76.758 ms - 130[0m
2024-04-09 22:33:30 info: [0mPOST /login [32m200[0m 78.909 ms - 130[0m
2024-04-09 22:33:30 info: [0mDELETE /permissions/105 [33m404[0m 1.680 ms - 80[0m
2024-04-09 22:33:30 info: [0mPOST /permissions/105 [33m404[0m 1.197 ms - 80[0m
2024-04-09 22:33:30 info: [0mPOST /login [32m200[0m 6.744 ms - 130[0m
2024-04-09 22:33:30 info: [0mPOST /permissions/invalid-user-id/105 [33m404[0m 0.771 ms - 96[0m
2024-04-09 22:33:30 info: [0mDELETE /permissions/invalid-user-id/105 [33m404[0m 1.206 ms - 96[0m
2024-04-09 22:33:30 info: [0mPOST /permissions/2c6627d9-54ba-4b80-bfed-690667855d6b [33m404[0m 0.592 ms - 113[0m
2024-04-09 22:33:30 info: [0mDELETE /permissions/2c6627d9-54ba-4b80-bfed-690667855d6b/invalid-permission-id [33m404[0m 0.383 ms - 135[0m
2024-04-09 22:33:30 info: [0mPOST /permissions/2c6627d9-54ba-4b80-bfed-690667855d6b/invalid-permission-id [33m404[0m 0.453 ms - 135[0m
2024-04-09 22:33:30 info: [0mDELETE /permissions [33m404[0m 0.323 ms - 76[0m
2024-04-09 22:33:30 info: [0mPOST /permissions [33m404[0m 0.308 ms - 76[0m
2024-04-09 22:33:30 info: [0mDELETE /permissions/invalid-user-id/invalid-permission-id [33m404[0m 0.357 ms - 114[0m
2024-04-09 22:33:30 info: [0mPOST /permissions/invalid-user-id/invalid-permission-id [33m404[0m 0.346 ms - 114[0m
2024-04-09 22:33:30 info: [0mPOST /login [32m200[0m 5.929 ms - 130[0m
2024-04-09 22:33:30 info: [0mPOST /users [32m201[0m 36.019 ms - 132[0m
2024-04-09 22:33:30 info: [0mPOST /users [32m201[0m 38.131 ms - 132[0m
2024-04-09 22:33:30 info: [0mPOST /users [32m201[0m 35.735 ms - 132[0m
2024-04-09 22:33:30 info: [0mPOST /login [32m200[0m 5.930 ms - 130[0m
2024-04-09 22:33:30 info: [0mPOST /users [32m201[0m 35.303 ms - 132[0m
2024-04-09 22:33:30 info: [0mPOST /users [32m201[0m 41.056 ms - 132[0m
2024-04-09 22:33:30 info: [0mPOST /login [32m200[0m 6.026 ms - 130[0m
2024-04-09 22:33:30 info: [0mPOST /users/faa882c6-93c7-41d7-a858-f3c1a79294b4/deactivate [32m200[0m 8.885 ms - 43[0m
2024-04-09 22:33:30 info: [0mGET /users/7e626eac-eb62-470a-bfaf-994c8a3813bb [32m200[0m 9.955 ms - 167[0m
2024-04-09 22:33:30 info: [0mDELETE /permissions/00000000-0000-0000-0000-000000000000/105 [33m400[0m 12.578 ms - 14[0m
2024-04-09 22:33:30 info: [0mPOST /permissions/00000000-0000-0000-0000-000000000000/105 [33m400[0m 12.895 ms - 14[0m
2024-04-09 22:33:30 info: [0mPOST /users/0f616f34-686b-41fd-9044-90d34e1337d9/activate [32m200[0m 15.702 ms - 41[0m
2024-04-09 22:33:30 info: [0mDELETE /users/e8c517d3-495f-4d4c-9b6c-fd3ae8146f8a [32m200[0m 14.693 ms - 73[0m
2024-04-09 22:33:30 info: [0mDELETE /users/8e1ae44d-e93c-4674-a97f-3f45038b07de [32m200[0m 19.534 ms - 73[0m
2024-04-09 22:33:30 info: [0mDELETE /permissions/00000000-0000-0000-0000-000000000000 [33m400[0m 4.841 ms - 14[0m
2024-04-09 22:33:30 info: [0mPOST /users [32m201[0m 25.030 ms - 132[0m
2024-04-09 22:33:30 info: [0mDELETE /users/faa882c6-93c7-41d7-a858-f3c1a79294b4 [32m200[0m 13.712 ms - 73[0m
2024-04-09 22:33:30 info: [0mPOST /login [32m200[0m 5.077 ms - 130[0m
2024-04-09 22:33:30 info: [0mDELETE /users/7e626eac-eb62-470a-bfaf-994c8a3813bb [32m200[0m 11.789 ms - 73[0m
2024-04-09 22:33:30 info: [0mDELETE /users/0f616f34-686b-41fd-9044-90d34e1337d9 [32m200[0m 11.810 ms - 73[0m
2024-04-09 22:33:30 error: [POST] /users >> StatusCode:: 400, Message:: Invalid_Password::[]
2024-04-09 22:33:30 info: [0mPOST /users [33m400[0m 4.909 ms - 39[0m
2024-04-09 22:33:30 info: [0mPOST /users [32m201[0m 11.856 ms - 132[0m
2024-04-09 22:33:30 info: [0mPOST /users [32m201[0m 20.039 ms - 132[0m
2024-04-09 22:33:30 info: [0mPOST /login [32m200[0m 4.593 ms - 130[0m
2024-04-09 22:33:30 info: [0mPOST /users [32m201[0m 13.329 ms - 132[0m
2024-04-09 22:33:30 error: [POST] /login >> StatusCode:: 400, Message:: Invalid_Login_Or_Password::[]
2024-04-09 22:33:30 error: [GET] /users/00000000-0000-0000-0000-000000000000 >> StatusCode:: 403, Message:: User_Not_Authorized::[]
2024-04-09 22:33:30 info: [0mPOST /users [32m201[0m 11.480 ms - 132[0m
2024-04-09 22:33:30 error: [POST] /users >> StatusCode:: 400, Message:: Invalid_Email::[]
2024-04-09 22:33:30 info: [0mPOST /users [32m201[0m 19.288 ms - 132[0m
2024-04-09 22:33:30 info: [0mPOST /login [33m400[0m 5.111 ms - 48[0m
2024-04-09 22:33:30 info: [0mPOST /users [33m400[0m 2.542 ms - 36[0m
2024-04-09 22:33:30 info: [0mGET /users/00000000-0000-0000-0000-000000000000 [33m403[0m 6.208 ms - 42[0m
2024-04-09 22:33:30 info: [0mPOST /users [32m201[0m 13.694 ms - 132[0m
2024-04-09 22:33:30 error: [POST] /users >> StatusCode:: 400, Message:: Invalid_Phone::[]
2024-04-09 22:33:30 info: [0mPOST /users [33m400[0m 2.270 ms - 36[0m
2024-04-09 22:33:30 info: [0mPOST /users/baaf9348-0cf7-43f6-a3af-f031f01d7231/deactivate [32m200[0m 7.124 ms - 43[0m
2024-04-09 22:33:30 info: [0mDELETE /users/a5021a39-cb9b-414a-90b2-70d248af1791 [32m200[0m 17.729 ms - 73[0m
2024-04-09 22:33:30 info: [0mDELETE /users/a2ca395c-8917-4da6-af32-40fc924b15b9 [32m200[0m 13.993 ms - 73[0m
2024-04-09 22:33:30 info: [0mPOST /permissions/ae7f8855-261a-419a-885b-2094579213d7/100 [32m201[0m 20.413 ms - 43[0m
2024-04-09 22:33:30 info: [0mPOST /users [32m201[0m 10.717 ms - 132[0m
2024-04-09 22:33:30 info: [0mDELETE /users/37f58e11-4524-4b85-b1b8-2bd0a3f73060 [32m200[0m 15.037 ms - 73[0m
2024-04-09 22:33:30 info: [0mPOST /permissions/a5021a39-cb9b-414a-90b2-70d248af1791/99 [33m400[0m 4.189 ms - 14[0m
2024-04-09 22:33:30 info: [0mPOST /users/0394a53b-f4cc-43a4-bff4-a0808bfe2f76/activate [32m200[0m 14.429 ms - 41[0m
2024-04-09 22:33:30 info: [0mPOST /users/baaf9348-0cf7-43f6-a3af-f031f01d7231/deactivate [32m200[0m 6.948 ms - 43[0m
2024-04-09 22:33:30 info: [0mPOST /users [32m201[0m 12.632 ms - 132[0m
2024-04-09 22:33:30 info: [0mDELETE /permissions/a2ca395c-8917-4da6-af32-40fc924b15b9/99 [33m400[0m 4.071 ms - 14[0m
2024-04-09 22:33:30 info: [0mPOST /login [32m200[0m 5.978 ms - 130[0m
2024-04-09 22:33:30 info: [0mPOST /users/0394a53b-f4cc-43a4-bff4-a0808bfe2f76/activate [32m200[0m 5.984 ms - 41[0m
2024-04-09 22:33:30 error: [POST] /users >> StatusCode:: 400, Message:: User_Already_Exists::["yldjkatc5@email.com","889503732"]
2024-04-09 22:33:30 info: [0mPOST /login [32m200[0m 5.043 ms - 130[0m
2024-04-09 22:33:30 error: [POST] /permissions/00000000-0000-0000-0000-000000000000/100 >> StatusCode:: 401, Message:: Wrong_Authentication_Token::[]
2024-04-09 22:33:30 info: [0mPOST /users [33m400[0m 6.172 ms - 85[0m
2024-04-09 22:33:30 info: [0mDELETE /users/725bd3af-d238-44f7-b16a-1c6751af72b8 [32m200[0m 14.400 ms - 73[0m
2024-04-09 22:33:30 info: [0mPOST /users/5cfa9c41-dd0b-4690-8b0f-d90e662a36cf/activate [32m200[0m 14.858 ms - 41[0m
2024-04-09 22:33:30 info: [0mDELETE /users/ae7f8855-261a-419a-885b-2094579213d7 [32m200[0m 18.390 ms - 73[0m
2024-04-09 22:33:30 info: [0mDELETE /users/baaf9348-0cf7-43f6-a3af-f031f01d7231 [32m200[0m 11.954 ms - 73[0m
2024-04-09 22:33:30 error: [DELETE] /permissions/00000000-0000-0000-0000-000000000000/100 >> StatusCode:: 401, Message:: Wrong_Authentication_Token::[]
2024-04-09 22:33:30 info: [0mPOST /permissions/00000000-0000-0000-0000-000000000000/100 [33m401[0m 4.182 ms - 49[0m
2024-04-09 22:33:30 info: [0mDELETE /permissions/00000000-0000-0000-0000-000000000000/100 [33m401[0m 2.804 ms - 49[0m
2024-04-09 22:33:30 info: [0mPOST /login [32m200[0m 5.535 ms - 133[0m
2024-04-09 22:33:30 info: [0mDELETE /users/0394a53b-f4cc-43a4-bff4-a0808bfe2f76 [32m200[0m 11.686 ms - 73[0m
2024-04-09 22:33:30 info: [0mPOST /login [32m200[0m 5.516 ms - 130[0m
2024-04-09 22:33:30 info: [0mDELETE /users/93b4462d-ec48-4ef7-9cd0-21f24414ccd8 [32m200[0m 13.286 ms - 73[0m
2024-04-09 22:33:30 error: [POST] /permissions/00000000-0000-0000-0000-000000000000/100 >> StatusCode:: 403, Message:: User_Not_Authorized::[]
2024-04-09 22:33:30 info: [0mPOST /login [32m200[0m 5.253 ms - 130[0m
2024-04-09 22:33:30 error: [GET] /users/5cfa9c41-dd0b-4690-8b0f-d90e662a36cf >> StatusCode:: 403, Message:: User_Not_Authorized::[]
2024-04-09 22:33:30 info: [0mPOST /users [32m201[0m 14.305 ms - 132[0m
2024-04-09 22:33:30 info: [0mPOST /permissions/00000000-0000-0000-0000-000000000000/100 [33m403[0m 2.527 ms - 42[0m
2024-04-09 22:33:30 info: [0mPOST /users [32m201[0m 13.094 ms - 132[0m
2024-04-09 22:33:30 info: [0mGET /users/5cfa9c41-dd0b-4690-8b0f-d90e662a36cf [33m403[0m 5.687 ms - 42[0m
2024-04-09 22:33:30 error: [DELETE] /permissions/00000000-0000-0000-0000-000000000000/100 >> StatusCode:: 403, Message:: User_Not_Authorized::[]
2024-04-09 22:33:30 info: [0mDELETE /permissions/00000000-0000-0000-0000-000000000000/100 [33m403[0m 1.465 ms - 42[0m
2024-04-09 22:33:30 info: [0mPOST /users [32m201[0m 15.785 ms - 132[0m
2024-04-09 22:33:30 info: [0mPOST /users [32m201[0m 10.914 ms - 132[0m
2024-04-09 22:33:30 info: [0mPOST /users [32m201[0m 11.443 ms - 132[0m
2024-04-09 22:33:30 info: [0mPOST /users [32m201[0m 11.298 ms - 132[0m
2024-04-09 22:33:30 info: [0mDELETE /users/5cfa9c41-dd0b-4690-8b0f-d90e662a36cf [32m200[0m 11.005 ms - 73[0m
2024-04-09 22:33:30 info: [0mPOST /users [32m201[0m 11.075 ms - 132[0m
2024-04-09 22:33:30 info: [0mPOST /users/08c41cb2-aad6-4512-8ee1-52cbd91c4933/activate [32m200[0m 12.008 ms - 41[0m
2024-04-09 22:33:30 info: [0mPOST /users [32m201[0m 11.480 ms - 132[0m
2024-04-09 22:33:30 info: [0mPOST /users/f1233a63-9958-4299-af39-1de9582cac95/activate [32m200[0m 13.591 ms - 41[0m
2024-04-09 22:33:30 error: [POST] /users >> StatusCode:: 400, Message:: User_Already_Exists::["KOLRRPJW9@EMAIL.COM","888627060"]
2024-04-09 22:33:30 error: [POST] /login >> StatusCode:: 400, Message:: Invalid_Login_Or_Password::[]
2024-04-09 22:33:30 info: [0mPOST /users [33m400[0m 8.440 ms - 85[0m
2024-04-09 22:33:30 info: [0mPOST /login [33m400[0m 3.811 ms - 48[0m
2024-04-09 22:33:30 info: [0mPOST /login [32m200[0m 5.679 ms - 130[0m
2024-04-09 22:33:30 info: [0mPOST /users/d3fab59c-8e58-42fe-b899-21e363494e09/activate [32m200[0m 14.808 ms - 41[0m
2024-04-09 22:33:30 info: [0mPOST /permissions/08c41cb2-aad6-4512-8ee1-52cbd91c4933/200 [32m201[0m 11.677 ms - 43[0m
2024-04-09 22:33:30 info: [0mPOST /users/4caa26ca-482b-4d3d-a5e8-dcf5a0fcb03c/activate [32m200[0m 12.663 ms - 41[0m
2024-04-09 22:33:30 info: [0mPOST /users/e4caa949-0b0b-4baa-8f99-ca67a7b721c9/activate [32m200[0m 12.037 ms - 41[0m
2024-04-09 22:33:30 error: [GET] /users/00000000-0000-0000-0000-000000000000 >> StatusCode:: 400, Message:: User_Does_Not_Exist::["00000000-0000-0000-0000-000000000000"]
2024-04-09 22:33:30 info: [0mPOST /users/f1233a63-9958-4299-af39-1de9582cac95/deactivate [32m200[0m 10.879 ms - 43[0m
2024-04-09 22:33:30 info: [0mGET /users/00000000-0000-0000-0000-000000000000 [33m400[0m 5.092 ms - 90[0m
2024-04-09 22:33:30 info: [0mDELETE /users/ca1a4b63-b4fa-4957-b4f4-cb46916e212e [32m200[0m 11.186 ms - 73[0m
2024-04-09 22:33:30 info: [0mDELETE /users/4a767680-702f-4ff0-872b-2fee89fd99eb [32m200[0m 12.106 ms - 73[0m
2024-04-09 22:33:30 info: [0mPOST /login [32m200[0m 4.937 ms - 133[0m
2024-04-09 22:33:30 info: [0mPOST /login [32m200[0m 5.205 ms - 133[0m
2024-04-09 22:33:30 info: [0mDELETE /users/d3fab59c-8e58-42fe-b899-21e363494e09 [32m200[0m 12.661 ms - 73[0m
2024-04-09 22:33:30 info: [0mPOST /login [32m200[0m 5.284 ms - 130[0m
2024-04-09 22:33:30 error: [POST] /permissions/4caa26ca-482b-4d3d-a5e8-dcf5a0fcb03c/100 >> StatusCode:: 403, Message:: User_Not_Authorized::[]
2024-04-09 22:33:30 info: [0mPOST /permissions/4caa26ca-482b-4d3d-a5e8-dcf5a0fcb03c/100 [33m403[0m 4.513 ms - 42[0m
2024-04-09 22:33:30 info: [0mPOST /permissions/e4caa949-0b0b-4baa-8f99-ca67a7b721c9/100 [32m201[0m 12.732 ms - 43[0m
2024-04-09 22:33:30 info: [0mDELETE /users/f1233a63-9958-4299-af39-1de9582cac95 [32m200[0m 10.589 ms - 73[0m
2024-04-09 22:33:30 info: [0mGET /users/invalid-guid [33m404[0m 0.597 ms - 83[0m
2024-04-09 22:33:30 info: [0mPOST /login [32m200[0m 4.686 ms - 130[0m
2024-04-09 22:33:30 info: [0mPOST /permissions/08c41cb2-aad6-4512-8ee1-52cbd91c4933/100 [32m201[0m 9.472 ms - 43[0m
2024-04-09 22:33:30 info: [0mPOST /login [32m200[0m 5.922 ms - 130[0m
2024-04-09 22:33:30 info: [0mDELETE /users/e4c845d8-f3dc-4572-a331-4ec53a2702fc [32m200[0m 13.188 ms - 73[0m
2024-04-09 22:33:30 error: [POST] /users >> StatusCode:: 403, Message:: User_Not_Authorized::[]
2024-04-09 22:33:30 info: [0mPOST /login [32m200[0m 6.069 ms - 133[0m
2024-04-09 22:33:30 error: [POST] /users/00000000-0000-0000-0000-000000000000/activate >> StatusCode:: 403, Message:: User_Not_Authorized::[]
2024-04-09 22:33:30 info: [0mPOST /users [33m403[0m 5.180 ms - 42[0m
2024-04-09 22:33:30 info: [0mPOST /login [32m200[0m 4.904 ms - 130[0m
2024-04-09 22:33:30 info: [0mPOST /login [32m200[0m 6.564 ms - 130[0m
2024-04-09 22:33:30 error: [POST] /login >> StatusCode:: 400, Message:: Invalid_Login_Or_Password::[]
2024-04-09 22:33:30 info: [0mDELETE /users/4caa26ca-482b-4d3d-a5e8-dcf5a0fcb03c [32m200[0m 12.766 ms - 73[0m
2024-04-09 22:33:30 info: [0mPOST /login [33m400[0m 2.773 ms - 48[0m
2024-04-09 22:33:30 info: [0mPOST /users/00000000-0000-0000-0000-000000000000/activate [33m403[0m 5.717 ms - 42[0m
2024-04-09 22:33:30 error: [DELETE] /permissions/e4caa949-0b0b-4baa-8f99-ca67a7b721c9/100 >> StatusCode:: 403, Message:: User_Not_Authorized::[]
2024-04-09 22:33:30 error: [POST] /users/00000000-0000-0000-0000-000000000000/deactivate >> StatusCode:: 403, Message:: User_Not_Authorized::[]
2024-04-09 22:33:30 error: [GET] /users/00000000-0000-0000-0000-000000000000 >> StatusCode:: 401, Message:: Wrong_Authentication_Token::[]
2024-04-09 22:33:30 info: [0mDELETE /permissions/e4caa949-0b0b-4baa-8f99-ca67a7b721c9/100 [33m403[0m 5.317 ms - 42[0m
2024-04-09 22:33:30 info: [0mGET /users/00000000-0000-0000-0000-000000000000 [33m401[0m 2.551 ms - 49[0m
2024-04-09 22:33:30 error: [POST] /login >> StatusCode:: 400, Message:: Invalid_Login_Or_Password::[]
2024-04-09 22:33:30 info: [0mPOST /login [33m400[0m 2.420 ms - 48[0m
2024-04-09 22:33:30 info: [0mPOST /users/00000000-0000-0000-0000-000000000000/deactivate [33m403[0m 5.338 ms - 42[0m
2024-04-09 22:33:30 info: [0mDELETE /users/08c41cb2-aad6-4512-8ee1-52cbd91c4933 [32m200[0m 15.814 ms - 73[0m
2024-04-09 22:33:30 info: [0mPOST /login [32m200[0m 6.176 ms - 130[0m
2024-04-09 22:33:30 error: [POST] /login >> StatusCode:: 400, Message:: Invalid_Login_Or_Password::[]
2024-04-09 22:33:30 info: [0mPOST /users [32m201[0m 12.387 ms - 132[0m
2024-04-09 22:33:30 info: [0mPOST /login [33m400[0m 1.458 ms - 48[0m
2024-04-09 22:33:30 info: [0mPOST /users [32m201[0m 11.531 ms - 132[0m
2024-04-09 22:33:30 info: [0mPOST /login [32m200[0m 5.205 ms - 130[0m
2024-04-09 22:33:30 info: [0mDELETE /users/e4caa949-0b0b-4baa-8f99-ca67a7b721c9 [32m200[0m 14.797 ms - 73[0m
2024-04-09 22:33:30 info: [0mPOST /users [32m201[0m 10.867 ms - 132[0m
2024-04-09 22:33:30 error: [DELETE] /users/00000000-0000-0000-0000-000000000000 >> StatusCode:: 403, Message:: User_Not_Authorized::[]
2024-04-09 22:33:31 info: [0mPOST /users [32m201[0m 12.762 ms - 132[0m
2024-04-09 22:33:30 info: [0mPOST /users [32m201[0m 13.817 ms - 132[0m
2024-04-09 22:33:30 info: [0mDELETE /users/00000000-0000-0000-0000-000000000000 [33m403[0m 3.987 ms - 42[0m
2024-04-09 22:33:30 info: [0mPOST /login [32m200[0m 4.233 ms - 130[0m
2024-04-09 22:33:31 info: [0mPOST /users/6b56838f-2e85-4dc4-b909-3d0bfc24f403/activate [32m200[0m 15.420 ms - 41[0m
2024-04-09 22:33:30 info: [0mPOST /users/6ab11aad-fffb-4044-8a38-a2b03002b781/activate [32m200[0m 12.522 ms - 41[0m
2024-04-09 22:33:31 error: [POST] /login >> StatusCode:: 400, Message:: Invalid_Login_Or_Password::[]
2024-04-09 22:33:31 info: [0mPOST /login [33m400[0m 1.654 ms - 48[0m
2024-04-09 22:33:31 error: [POST] /login >> StatusCode:: 400, Message:: Invalid_Login_Or_Password::[]
2024-04-09 22:33:31 info: [0mPOST /login [33m400[0m 1.833 ms - 48[0m
2024-04-09 22:33:31 info: [0mPOST /login [32m200[0m 5.372 ms - 133[0m
2024-04-09 22:33:31 info: [0mPOST /users/3f37983f-122a-4c73-a225-9db13a5aa759/activate [32m200[0m 12.187 ms - 41[0m
2024-04-09 22:33:31 info: [0mPOST /login [32m200[0m 5.463 ms - 133[0m
2024-04-09 22:33:31 info: [0mPOST /users/7b9a5c74-2258-46b1-b6c3-864cd70d6771/activate [32m200[0m 12.329 ms - 41[0m
2024-04-09 22:33:31 error: [POST] /login >> StatusCode:: 400, Message:: Invalid_Login_Or_Password::[]
2024-04-09 22:33:31 info: [0mPOST /login [33m400[0m 1.416 ms - 48[0m
2024-04-09 22:33:31 info: [0mPOST /users [32m201[0m 12.027 ms - 132[0m
2024-04-09 22:33:31 error: [POST] /users >> StatusCode:: 403, Message:: User_Not_Authorized::[]
2024-04-09 22:33:31 info: [0mPOST /users [32m201[0m 11.276 ms - 132[0m
2024-04-09 22:33:31 error: [POST] /login >> StatusCode:: 400, Message:: Invalid_Login_Or_Password::[]
2024-04-09 22:33:31 error: [POST] /users/6ab11aad-fffb-4044-8a38-a2b03002b781/activate >> StatusCode:: 403, Message:: User_Not_Authorized::[]
2024-04-09 22:33:31 info: [0mPOST /users [33m403[0m 5.286 ms - 42[0m
2024-04-09 22:33:31 info: [0mPOST /login [33m400[0m 1.805 ms - 48[0m
2024-04-09 22:33:31 info: [0mPOST /users/6ab11aad-fffb-4044-8a38-a2b03002b781/activate [33m403[0m 5.833 ms - 42[0m
2024-04-09 22:33:31 info: [0mPOST /login [32m200[0m 4.494 ms - 133[0m
2024-04-09 22:33:31 info: [0mPOST /permissions/3f37983f-122a-4c73-a225-9db13a5aa759/200 [32m201[0m 13.951 ms - 43[0m
2024-04-09 22:33:31 error: [POST] /users/7b9a5c74-2258-46b1-b6c3-864cd70d6771/deactivate >> StatusCode:: 403, Message:: User_Not_Authorized::[]
2024-04-09 22:33:31 info: [0mPOST /users/7b9a5c74-2258-46b1-b6c3-864cd70d6771/deactivate [33m403[0m 4.037 ms - 42[0m
2024-04-09 22:33:31 info: [0mDELETE /users/6b56838f-2e85-4dc4-b909-3d0bfc24f403 [32m200[0m 11.012 ms - 73[0m
2024-04-09 22:33:31 info: [0mPOST /users/095a311c-e2d6-40db-88ae-dc2218beed6f/activate [32m200[0m 13.589 ms - 41[0m
2024-04-09 22:33:31 info: [0mPOST /login [32m200[0m 4.292 ms - 133[0m
2024-04-09 22:33:31 info: [0mDELETE /users/8491ae2a-bf5a-4631-85fe-565b751fdcc5 [32m200[0m 14.308 ms - 73[0m
2024-04-09 22:33:31 info: [0mPOST /users/f0e57d0c-171e-4191-a3a2-00e60d7e8bba/activate [32m200[0m 14.021 ms - 41[0m
2024-04-09 22:33:31 info: [0mDELETE /users/6ab11aad-fffb-4044-8a38-a2b03002b781 [32m200[0m 11.563 ms - 73[0m
2024-04-09 22:33:31 info: [0mDELETE /users/7b9a5c74-2258-46b1-b6c3-864cd70d6771 [32m200[0m 9.593 ms - 73[0m
2024-04-09 22:33:31 error: [POST] /login >> StatusCode:: 400, Message:: Invalid_Login_Or_Password::[]
2024-04-09 22:33:31 info: [0mPOST /login [32m200[0m 5.405 ms - 130[0m
2024-04-09 22:33:31 info: [0mPOST /login [33m400[0m 3.069 ms - 48[0m
2024-04-09 22:33:31 info: [0mPOST /login [32m200[0m 4.644 ms - 133[0m
2024-04-09 22:33:31 info: [0mPOST /permissions/095a311c-e2d6-40db-88ae-dc2218beed6f/201 [32m201[0m 9.721 ms - 43[0m
2024-04-09 22:33:31 error: [POST] /users >> StatusCode:: 401, Message:: Wrong_Authentication_Token::[]
2024-04-09 22:33:31 info: [0mPOST /permissions/3f37983f-122a-4c73-a225-9db13a5aa759/100 [32m201[0m 10.928 ms - 43[0m
2024-04-09 22:33:31 info: [0mPOST /login [32m200[0m 4.770 ms - 130[0m
2024-04-09 22:33:31 info: [0mPOST /users [33m401[0m 2.741 ms - 49[0m
2024-04-09 22:33:31 error: [POST] /login >> StatusCode:: 400, Message:: Invalid_Login_Or_Password::[]
2024-04-09 22:33:31 info: [0mPOST /login [33m400[0m 3.433 ms - 48[0m
2024-04-09 22:33:31 info: [0mPOST /login [32m200[0m 5.814 ms - 130[0m
2024-04-09 22:33:31 error: [DELETE] /users/f0e57d0c-171e-4191-a3a2-00e60d7e8bba >> StatusCode:: 403, Message:: User_Not_Authorized::[]
2024-04-09 22:33:31 info: [0mDELETE /users/f0e57d0c-171e-4191-a3a2-00e60d7e8bba [33m403[0m 5.871 ms - 42[0m
2024-04-09 22:33:31 error: [POST] /users/00000000-0000-0000-0000-000000000000/activate >> StatusCode:: 400, Message:: User_Does_Not_Exist::["00000000-0000-0000-0000-000000000000"]
2024-04-09 22:33:31 info: [0mPOST /users/00000000-0000-0000-0000-000000000000/activate [33m400[0m 6.992 ms - 90[0m
2024-04-09 22:33:31 error: [POST] /users/00000000-0000-0000-0000-000000000000/deactivate >> StatusCode:: 400, Message:: User_Does_Not_Exist::["00000000-0000-0000-0000-000000000000"]
2024-04-09 22:33:31 info: [0mPOST /permissions/095a311c-e2d6-40db-88ae-dc2218beed6f/200 [32m201[0m 11.463 ms - 43[0m
2024-04-09 22:33:31 info: [0mPOST /users/00000000-0000-0000-0000-000000000000/deactivate [33m400[0m 6.672 ms - 90[0m
2024-04-09 22:33:31 info: [0mPOST /users [32m201[0m 12.038 ms - 132[0m
2024-04-09 22:33:31 info: [0mDELETE /users/3f37983f-122a-4c73-a225-9db13a5aa759 [32m200[0m 17.069 ms - 73[0m
2024-04-09 22:33:31 info: [0mPOST /users [32m201[0m 13.712 ms - 132[0m
2024-04-09 22:33:31 info: [0mDELETE /users/f0e57d0c-171e-4191-a3a2-00e60d7e8bba [32m200[0m 14.473 ms - 73[0m
2024-04-09 22:33:31 info: [0mPOST /login [32m200[0m 6.076 ms - 133[0m
2024-04-09 22:33:31 info: [0mPOST /login [32m200[0m 6.366 ms - 130[0m
2024-04-09 22:33:31 info: [0mPOST /login [32m200[0m 5.212 ms - 130[0m
2024-04-09 22:33:31 info: [0mPOST /users/invalid-guid/activate [33m404[0m 1.346 ms - 92[0m
2024-04-09 22:33:31 info: [0mPOST /users/invalid-guid/deactivate [33m404[0m 0.758 ms - 94[0m
2024-04-09 22:33:31 info: [0mPOST /login [32m200[0m 5.991 ms - 130[0m
2024-04-09 22:33:31 info: [0mPOST /users/4e747e8f-69dc-4d79-85f4-54ed861297fd/activate [32m200[0m 14.527 ms - 41[0m
2024-04-09 22:33:31 info: [0mPOST /users [32m201[0m 13.779 ms - 132[0m
2024-04-09 22:33:31 info: [0mPOST /users/b817f673-5d14-44c0-bfa7-5f30b192f4c8/activate [32m200[0m 14.062 ms - 41[0m
2024-04-09 22:33:31 info: [0mDELETE /permissions/095a311c-e2d6-40db-88ae-dc2218beed6f/200 [32m200[0m 11.310 ms - 45[0m
2024-04-09 22:33:31 info: [0mPOST /login [32m200[0m 5.095 ms - 130[0m
2024-04-09 22:33:31 error: [DELETE] /users/00000000-0000-0000-0000-000000000000 >> StatusCode:: 400, Message:: User_Does_Not_Exist::["00000000-0000-0000-0000-000000000000"]
2024-04-09 22:33:31 error: [POST] /users/00000000-0000-0000-0000-000000000000/activate >> StatusCode:: 401, Message:: Wrong_Authentication_Token::[]
2024-04-09 22:33:31 info: [0mPOST /login [32m200[0m 5.593 ms - 133[0m
2024-04-09 22:33:31 info: [0mPOST /login [32m200[0m 5.919 ms - 130[0m
2024-04-09 22:33:31 info: [0mPOST /users/00000000-0000-0000-0000-000000000000/activate [33m401[0m 2.554 ms - 49[0m
2024-04-09 22:33:31 info: [0mDELETE /users/00000000-0000-0000-0000-000000000000 [33m400[0m 6.802 ms - 90[0m
2024-04-09 22:33:31 error: [POST] /permissions/095a311c-e2d6-40db-88ae-dc2218beed6f/200 >> StatusCode:: 403, Message:: User_Not_Authorized::[]
2024-04-09 22:33:31 error: [POST] /users/00000000-0000-0000-0000-000000000000/deactivate >> StatusCode:: 401, Message:: Wrong_Authentication_Token::[]
2024-04-09 22:33:31 info: [0mPOST /permissions/095a311c-e2d6-40db-88ae-dc2218beed6f/200 [33m403[0m 6.672 ms - 42[0m
2024-04-09 22:33:31 info: [0mPOST /users/00000000-0000-0000-0000-000000000000/deactivate [33m401[0m 2.070 ms - 49[0m
2024-04-09 22:33:31 error: [POST] /login >> StatusCode:: 400, Message:: Invalid_Login_Or_Password::[]
2024-04-09 22:33:31 info: [0mPOST /login [33m400[0m 22.841 ms - 48[0m
2024-04-09 22:33:31 info: [0mPOST /permissions/b16c2715-2a3a-481e-a138-bd892e57cd6c/100 [32m201[0m 26.574 ms - 43[0m
2024-04-09 22:33:31 info: [0mDELETE /users/4e747e8f-69dc-4d79-85f4-54ed861297fd [32m200[0m 19.968 ms - 73[0m
2024-04-09 22:33:31 info: [0mPOST /users [32m201[0m 16.612 ms - 132[0m
2024-04-09 22:33:31 error: [POST] /users >> StatusCode:: 401, Message:: Wrong_Authentication_Token::[]
2024-04-09 22:33:31 info: [0mPOST /users [33m401[0m 4.045 ms - 49[0m
2024-04-09 22:33:31 info: [0mDELETE /users/095a311c-e2d6-40db-88ae-dc2218beed6f [32m200[0m 22.996 ms - 73[0m
2024-04-09 22:33:31 info: [0mPOST /permissions/b16c2715-2a3a-481e-a138-bd892e57cd6c/100 [32m201[0m 5.734 ms - 43[0m
2024-04-09 22:33:31 info: [0mDELETE /users/b817f673-5d14-44c0-bfa7-5f30b192f4c8 [32m200[0m 11.235 ms - 73[0m
2024-04-09 22:33:31 info: [0mPOST /users/802d4fe0-24dd-4c50-a9ef-e2f37ed22aef/activate [32m200[0m 12.172 ms - 41[0m
2024-04-09 22:33:31 info: [0mPOST /users [32m201[0m 9.754 ms - 132[0m
2024-04-09 22:33:31 info: [0mDELETE /users/b16c2715-2a3a-481e-a138-bd892e57cd6c [32m200[0m 13.505 ms - 73[0m
2024-04-09 22:33:31 info: [0mPOST /users [32m201[0m 10.010 ms - 132[0m
2024-04-09 22:33:31 info: [0mPOST /permissions/802d4fe0-24dd-4c50-a9ef-e2f37ed22aef/200 [32m201[0m 11.440 ms - 43[0m
2024-04-09 22:33:31 info: [0mDELETE /permissions/e2a9a962-ef30-416a-93be-081ec0ca1489/100 [32m200[0m 5.633 ms - 45[0m
2024-04-09 22:33:31 info: [0mPOST /users/cf8f3116-9a9a-4c64-b176-16c56ece5018/activate [32m200[0m 13.746 ms - 41[0m
2024-04-09 22:33:31 info: [0mDELETE /users/e2a9a962-ef30-416a-93be-081ec0ca1489 [32m200[0m 22.876 ms - 73[0m
2024-04-09 22:33:31 error: [POST] /login >> StatusCode:: 400, Message:: Invalid_Login_Or_Password::[]
2024-04-09 22:33:31 info: [0mPOST /users [32m201[0m 28.548 ms - 132[0m
2024-04-09 22:33:31 info: [0mPOST /login [33m400[0m 16.090 ms - 48[0m
2024-04-09 22:33:31 info: [0mPOST /users [32m201[0m 16.570 ms - 132[0m
2024-04-09 22:33:31 info: [0mPOST /users/65a33811-e78b-4380-b682-746f30dacd06/activate [32m200[0m 47.814 ms - 41[0m
2024-04-09 22:33:31 info: [0mDELETE /users/cf8f3116-9a9a-4c64-b176-16c56ece5018 [32m200[0m 46.896 ms - 73[0m
2024-04-09 22:33:31 info: [0mPOST /login [32m200[0m 4.052 ms - 133[0m
2024-04-09 22:33:31 info: [0mPOST /users/26629073-0d41-4800-97d1-5e110d061a55/activate [32m200[0m 45.638 ms - 41[0m
2024-04-09 22:33:31 info: [0mPOST /users [32m201[0m 16.405 ms - 132[0m
2024-04-09 22:33:31 info: [0mPOST /permissions/65a33811-e78b-4380-b682-746f30dacd06/100 [32m201[0m 22.182 ms - 43[0m
2024-04-09 22:33:31 info: [0mPOST /permissions/26629073-0d41-4800-97d1-5e110d061a55/200 [32m201[0m 22.075 ms - 43[0m
2024-04-09 22:33:31 info: [0mPOST /users/4a589f45-f0fb-4638-9697-ea8db1d7bc95/activate [32m200[0m 16.872 ms - 41[0m
2024-04-09 22:33:31 error: [DELETE] /users/802d4fe0-24dd-4c50-a9ef-e2f37ed22aef >> StatusCode:: 400, Message:: Object_Is_Connected_With_Another_And_Can_Not_Be_Deleted::["802d4fe0-24dd-4c50-a9ef-e2f37ed22aef","SystemPermission_AssignedBy"]
2024-04-09 22:33:31 info: [0mDELETE /users/802d4fe0-24dd-4c50-a9ef-e2f37ed22aef [33m400[0m 7.334 ms - 156[0m
2024-04-09 22:33:31 info: [0mPOST /login [32m200[0m 4.061 ms - 133[0m
2024-04-09 22:33:31 error: [POST] /login >> StatusCode:: 400, Message:: Invalid_Login_Or_Password::[]
2024-04-09 22:33:31 info: [0mPOST /login [33m400[0m 13.120 ms - 48[0m
2024-04-09 22:33:31 info: [0mPOST /permissions/26629073-0d41-4800-97d1-5e110d061a55/101 [32m201[0m 12.062 ms - 43[0m
2024-04-09 22:33:31 info: [0mDELETE /permissions/802d4fe0-24dd-4c50-a9ef-e2f37ed22aef [32m200[0m 19.497 ms - 45[0m
2024-04-09 22:33:31 error: [POST] /login >> StatusCode:: 400, Message:: Invalid_Login_Or_Password::[]
2024-04-09 22:33:31 info: [0mPOST /login [33m400[0m 12.278 ms - 48[0m
2024-04-09 22:33:31 info: [0mDELETE /permissions/26629073-0d41-4800-97d1-5e110d061a55 [32m200[0m 17.674 ms - 45[0m
2024-04-09 22:33:31 info: [0mDELETE /permissions/65a33811-e78b-4380-b682-746f30dacd06 [32m200[0m 13.727 ms - 45[0m
2024-04-09 22:33:31 error: [GET] /users/26629073-0d41-4800-97d1-5e110d061a55 >> StatusCode:: 403, Message:: User_Not_Authorized::[]
2024-04-09 22:33:31 info: [0mGET /users/26629073-0d41-4800-97d1-5e110d061a55 [33m403[0m 4.646 ms - 42[0m
2024-04-09 22:33:31 error: [POST] /permissions/26629073-0d41-4800-97d1-5e110d061a55/101 >> StatusCode:: 403, Message:: User_Not_Authorized::[]
2024-04-09 22:33:31 info: [0mPOST /permissions/26629073-0d41-4800-97d1-5e110d061a55/101 [33m403[0m 4.244 ms - 42[0m
2024-04-09 22:33:31 error: [POST] /login >> StatusCode:: 400, Message:: Invalid_Login_Or_Password::[]
2024-04-09 22:33:31 info: [0mPOST /login [33m400[0m 23.640 ms - 48[0m
2024-04-09 22:33:31 info: [0mDELETE /users/802d4fe0-24dd-4c50-a9ef-e2f37ed22aef [32m200[0m 17.146 ms - 73[0m
2024-04-09 22:33:31 error: [POST] /login >> StatusCode:: 400, Message:: User_Is_Locked_Out::[]
2024-04-09 22:33:31 info: [0mPOST /login [33m400[0m 2.344 ms - 41[0m
2024-04-09 22:33:31 info: [0mDELETE /users/26629073-0d41-4800-97d1-5e110d061a55 [32m200[0m 11.155 ms - 73[0m
2024-04-09 22:33:31 info: [0mDELETE /users/65a33811-e78b-4380-b682-746f30dacd06 [32m200[0m 17.440 ms - 73[0m
2024-04-09 22:33:31 info: [0mDELETE /users/4a589f45-f0fb-4638-9697-ea8db1d7bc95 [32m200[0m 17.965 ms - 73[0m
2024-04-09 22:33:31 info: [0mPOST /login [32m200[0m 4.695 ms - 130[0m
2024-04-09 22:33:31 info: [0mDELETE /users/invalid-guid [33m404[0m 0.495 ms - 83[0m
2024-04-09 22:33:31 info: [0mPOST /users [32m201[0m 10.202 ms - 132[0m
2024-04-09 22:33:31 info: [0mPOST /login [32m200[0m 4.596 ms - 130[0m
2024-04-09 22:33:31 error: [DELETE] /users/00000000-0000-0000-0000-000000000000 >> StatusCode:: 401, Message:: Wrong_Authentication_Token::[]
2024-04-09 22:33:31 info: [0mDELETE /users/00000000-0000-0000-0000-000000000000 [33m401[0m 1.717 ms - 49[0m
2024-04-09 22:33:31 info: [0mPOST /users/b5dc6cb8-153b-4813-8291-9b3f8cffeca6/activate [32m200[0m 9.281 ms - 41[0m
2024-04-09 22:33:31 error: [POST] /login >> StatusCode:: 400, Message:: Invalid_Login_Or_Password::[]
2024-04-09 22:33:31 info: [0mPOST /login [33m400[0m 7.134 ms - 48[0m
2024-04-09 22:33:31 error: [POST] /login >> StatusCode:: 400, Message:: Invalid_Login_Or_Password::[]
2024-04-09 22:33:31 info: [0mPOST /login [33m400[0m 7.497 ms - 48[0m
2024-04-09 22:33:31 error: [POST] /login >> StatusCode:: 400, Message:: Invalid_Login_Or_Password::[]
2024-04-09 22:33:31 info: [0mPOST /login [33m400[0m 12.101 ms - 48[0m
2024-04-09 22:33:31 error: [POST] /login >> StatusCode:: 400, Message:: User_Is_Locked_Out::[]
2024-04-09 22:33:31 info: [0mPOST /login [33m400[0m 2.421 ms - 41[0m
2024-04-09 22:33:31 info: [0mDELETE /users/b5dc6cb8-153b-4813-8291-9b3f8cffeca6 [32m200[0m 8.172 ms - 73[0m
2024-04-09 22:33:31 info: [0mPOST /users [32m201[0m 9.697 ms - 132[0m
2024-04-09 22:33:31 info: [0mPOST /users/22f7cfff-5976-44f6-bc42-52f65b13b6c7/deactivate [32m200[0m 5.208 ms - 43[0m
2024-04-09 22:33:31 error: [POST] /login >> StatusCode:: 400, Message:: User_Is_Not_Active::[]
2024-04-09 22:33:31 info: [0mPOST /login [33m400[0m 2.369 ms - 41[0m
2024-04-09 22:33:31 info: [0mDELETE /users/22f7cfff-5976-44f6-bc42-52f65b13b6c7 [32m200[0m 8.723 ms - 73[0m
2024-04-09 22:33:31 info: [0mPOST /users [32m201[0m 8.567 ms - 132[0m
2024-04-09 22:33:31 info: [0mPOST /users/c3d2d02f-8730-436f-a9c2-9b33e279cbd1/deactivate [32m200[0m 6.555 ms - 43[0m
2024-04-09 22:33:31 error: [POST] /login >> StatusCode:: 400, Message:: User_Is_Not_Active::[]
2024-04-09 22:33:31 info: [0mPOST /login [33m400[0m 1.918 ms - 41[0m
2024-04-09 22:33:31 info: [0mDELETE /users/c3d2d02f-8730-436f-a9c2-9b33e279cbd1 [32m200[0m 9.570 ms - 73[0m
2024-04-09 22:33:31 info: [0mPOST /users [32m201[0m 8.422 ms - 132[0m
2024-04-09 22:33:31 info: [0mDELETE /users/3f941e07-bc40-46c1-8f97-f90efd1ce730 [32m200[0m 8.956 ms - 73[0m
2024-04-09 22:33:31 error: [POST] /login >> StatusCode:: 400, Message:: Invalid_Login_Or_Password::[]
2024-04-09 22:33:31 info: [0mPOST /login [33m400[0m 1.922 ms - 48[0m
2024-04-09 22:35:08 info: [0mPOST /login [32m200[0m 33.001 ms - 130[0m
2024-04-09 22:35:08 info: [0mPOST /login [32m200[0m 7.038 ms - 130[0m
2024-04-09 22:35:08 info: [0mPOST /login [32m200[0m 6.299 ms - 130[0m
2024-04-09 22:35:08 info: [0mPOST /users [32m201[0m 62.005 ms - 132[0m
2024-04-09 22:35:08 info: [0mPOST /users [32m201[0m 37.332 ms - 132[0m
2024-04-09 22:35:08 error: [POST] /login >> StatusCode:: 400, Message:: Invalid_Login_Or_Password::[]
2024-04-09 22:35:08 info: [0mPOST /login [33m400[0m 10.483 ms - 48[0m
2024-04-09 22:35:08 info: [0mDELETE /users/0f97e627-58b7-4d9e-a594-ed6baeb34ba1 [32m200[0m 29.075 ms - 73[0m
2024-04-09 22:35:08 info: [0mDELETE /users/9a6b2600-5051-4594-85cb-60b98200433b [32m200[0m 29.755 ms - 73[0m
2024-04-09 22:35:08 info: [0mPOST /users [32m201[0m 22.668 ms - 132[0m
2024-04-09 22:35:08 info: [0mPOST /users [32m201[0m 24.571 ms - 132[0m
2024-04-09 22:35:08 error: [POST] /login >> StatusCode:: 400, Message:: Invalid_Login_Or_Password::[]
2024-04-09 22:35:08 info: [0mPOST /login [33m400[0m 8.313 ms - 48[0m
2024-04-09 22:35:08 info: [0mDELETE /users/5233d1fe-5af4-49f9-b45b-0e9de1f19fc0 [32m200[0m 35.523 ms - 73[0m
2024-04-09 22:35:08 info: [0mDELETE /users/b3351693-fe5f-43f2-89f5-51230748724f [32m200[0m 34.535 ms - 73[0m
2024-04-09 22:35:08 error: [POST] /login >> StatusCode:: 400, Message:: Invalid_Login_Or_Password::[]
2024-04-09 22:35:08 info: [0mPOST /login [33m400[0m 6.325 ms - 48[0m
2024-04-09 22:35:08 error: [POST] /login >> StatusCode:: 400, Message:: Invalid_Login_Or_Password::[]
2024-04-09 22:35:08 info: [0mPOST /login [33m400[0m 7.288 ms - 48[0m
2024-04-09 22:35:08 error: [POST] /login >> StatusCode:: 400, Message:: Invalid_Login_Or_Password::[]
2024-04-09 22:35:08 info: [0mPOST /login [33m400[0m 7.182 ms - 48[0m
2024-04-09 22:35:08 info: [0mPOST /users [32m201[0m 18.575 ms - 132[0m
2024-04-09 22:35:08 error: [POST] /login >> StatusCode:: 400, Message:: Invalid_Login_Or_Password::[]
2024-04-09 22:35:08 info: [0mPOST /login [33m400[0m 4.711 ms - 48[0m
2024-04-09 22:35:08 error: [POST] /login >> StatusCode:: 400, Message:: Invalid_Login_Or_Password::[]
2024-04-09 22:35:08 info: [0mPOST /login [33m400[0m 6.138 ms - 48[0m
2024-04-09 22:35:08 error: [POST] /login >> StatusCode:: 400, Message:: Invalid_Login_Or_Password::[]
2024-04-09 22:35:08 info: [0mPOST /login [33m400[0m 4.832 ms - 48[0m
2024-04-09 22:35:08 error: [POST] /login >> StatusCode:: 400, Message:: Invalid_Login_Or_Password::[]
2024-04-09 22:35:08 info: [0mPOST /login [33m400[0m 4.812 ms - 48[0m
2024-04-09 22:35:08 info: [0mDELETE /users/1ae35099-cb1f-4faa-9b27-bbf5e741290c [32m200[0m 62.349 ms - 73[0m
2024-04-09 22:35:08 error: [POST] /login >> StatusCode:: 400, Message:: Invalid_Login_Or_Password::[]
2024-04-09 22:35:08 info: [0mPOST /login [33m400[0m 7.701 ms - 48[0m
2024-04-09 22:35:08 error: [POST] /login >> StatusCode:: 400, Message:: Invalid_Login_Or_Password::[]
2024-04-09 22:35:08 info: [0mPOST /login [33m400[0m 7.633 ms - 48[0m
2024-04-09 22:35:09 info: [0mPOST /users [32m201[0m 57.680 ms - 132[0m
2024-04-09 22:35:09 info: [0mPOST /users/85d21200-cc5c-497a-a124-2bdd046987c1/activate [32m200[0m 29.520 ms - 41[0m
2024-04-09 22:35:09 error: [POST] /login >> StatusCode:: 400, Message:: Invalid_Login_Or_Password::[]
2024-04-09 22:35:09 info: [0mPOST /login [33m400[0m 18.669 ms - 48[0m
2024-04-09 22:35:09 info: [0mDELETE /users/85d21200-cc5c-497a-a124-2bdd046987c1 [32m200[0m 14.574 ms - 73[0m
2024-04-09 22:35:09 info: [0mPOST /users [32m201[0m 17.803 ms - 132[0m
2024-04-09 22:35:09 info: [0mPOST /users/8dd4dd8e-1743-4844-8417-cbbf2368a020/activate [32m200[0m 20.104 ms - 41[0m
2024-04-09 22:35:09 error: [POST] /login >> StatusCode:: 400, Message:: Invalid_Login_Or_Password::[]
2024-04-09 22:35:09 info: [0mPOST /login [33m400[0m 28.428 ms - 48[0m
2024-04-09 22:35:09 info: [0mDELETE /users/8dd4dd8e-1743-4844-8417-cbbf2368a020 [32m200[0m 13.445 ms - 73[0m
2024-04-09 22:35:09 info: [0mPOST /users [32m201[0m 12.910 ms - 132[0m
2024-04-09 22:35:09 info: [0mPOST /users/9f603434-8953-4116-b0e2-af3019e1a7aa/activate [32m200[0m 15.591 ms - 41[0m
2024-04-09 22:35:09 error: [POST] /login >> StatusCode:: 400, Message:: Invalid_Login_Or_Password::[]
2024-04-09 22:35:09 info: [0mPOST /login [33m400[0m 15.780 ms - 48[0m
2024-04-09 22:35:09 error: [POST] /login >> StatusCode:: 400, Message:: Invalid_Login_Or_Password::[]
2024-04-09 22:35:09 info: [0mPOST /login [33m400[0m 20.335 ms - 48[0m
2024-04-09 22:35:09 error: [POST] /login >> StatusCode:: 400, Message:: Invalid_Login_Or_Password::[]
2024-04-09 22:35:09 info: [0mPOST /login [33m400[0m 30.944 ms - 48[0m
2024-04-09 22:35:09 error: [POST] /login >> StatusCode:: 400, Message:: User_Is_Locked_Out::[]
2024-04-09 22:35:09 info: [0mPOST /login [33m400[0m 6.830 ms - 41[0m
2024-04-09 22:35:09 info: [0mDELETE /users/9f603434-8953-4116-b0e2-af3019e1a7aa [32m200[0m 22.455 ms - 73[0m
2024-04-09 22:35:09 info: [0mPOST /users [32m201[0m 18.168 ms - 132[0m
2024-04-09 22:35:09 info: [0mPOST /users/976eadb3-529e-4a76-9cd8-cf7031cdfe2d/activate [32m200[0m 16.816 ms - 41[0m
2024-04-09 22:35:09 error: [POST] /login >> StatusCode:: 400, Message:: Invalid_Login_Or_Password::[]
2024-04-09 22:35:09 info: [0mPOST /login [33m400[0m 19.290 ms - 48[0m
2024-04-09 22:35:09 error: [POST] /login >> StatusCode:: 400, Message:: Invalid_Login_Or_Password::[]
2024-04-09 22:35:09 info: [0mPOST /login [33m400[0m 16.531 ms - 48[0m
2024-04-09 22:35:09 error: [POST] /login >> StatusCode:: 400, Message:: Invalid_Login_Or_Password::[]
2024-04-09 22:35:09 info: [0mPOST /login [33m400[0m 33.429 ms - 48[0m
2024-04-09 22:35:09 error: [POST] /login >> StatusCode:: 400, Message:: User_Is_Locked_Out::[]
2024-04-09 22:35:09 info: [0mPOST /login [33m400[0m 15.182 ms - 41[0m
2024-04-09 22:35:09 info: [0mDELETE /users/976eadb3-529e-4a76-9cd8-cf7031cdfe2d [32m200[0m 32.380 ms - 73[0m
2024-04-09 22:35:09 info: [0mPOST /users [32m201[0m 22.873 ms - 132[0m
2024-04-09 22:35:09 info: [0mPOST /users/1f17eef7-a3b6-4f7c-8bd1-e94810a0dbf8/deactivate [32m200[0m 12.321 ms - 43[0m
2024-04-09 22:35:09 error: [POST] /login >> StatusCode:: 400, Message:: User_Is_Not_Active::[]
2024-04-09 22:35:09 info: [0mPOST /login [33m400[0m 8.636 ms - 41[0m
2024-04-09 22:35:09 info: [0mDELETE /users/1f17eef7-a3b6-4f7c-8bd1-e94810a0dbf8 [32m200[0m 11.089 ms - 73[0m
2024-04-09 22:35:09 info: [0mPOST /users [32m201[0m 18.452 ms - 132[0m
2024-04-09 22:35:09 info: [0mPOST /users/ef6ce441-ab58-4e30-90a1-0fb603b9abb3/deactivate [32m200[0m 12.779 ms - 43[0m
2024-04-09 22:35:09 error: [POST] /login >> StatusCode:: 400, Message:: User_Is_Not_Active::[]
2024-04-09 22:35:09 info: [0mPOST /login [33m400[0m 8.276 ms - 41[0m
2024-04-09 22:35:09 info: [0mDELETE /users/ef6ce441-ab58-4e30-90a1-0fb603b9abb3 [32m200[0m 45.925 ms - 73[0m
2024-04-09 22:35:09 info: [0mPOST /users [32m201[0m 24.061 ms - 132[0m
2024-04-09 22:35:09 info: [0mDELETE /users/24b383fd-26a4-44a9-b04f-8936a2fde9b7 [32m200[0m 25.441 ms - 73[0m
2024-04-09 22:35:09 error: [POST] /login >> StatusCode:: 400, Message:: Invalid_Login_Or_Password::[]
2024-04-09 22:35:10 info: [0mPOST /login [33m400[0m 6.338 ms - 48[0m
2024-04-09 22:35:10 info: [0mPOST /login [32m200[0m 30.588 ms - 130[0m
2024-04-09 22:35:10 info: [0mPOST /users [32m201[0m 38.632 ms - 132[0m
2024-04-09 22:35:10 info: [0mDELETE /users/ac402039-c929-4a5f-a4ef-e810eeece33f [32m200[0m 28.792 ms - 73[0m
2024-04-09 22:35:10 info: [0mPOST /users [32m201[0m 23.543 ms - 132[0m
2024-04-09 22:35:10 info: [0mPOST /permissions/d95c6639-d55f-4f8c-8662-edb7436c9e1f/100 [32m201[0m 20.228 ms - 43[0m
2024-04-09 22:35:10 info: [0mDELETE /users/d95c6639-d55f-4f8c-8662-edb7436c9e1f [32m200[0m 15.261 ms - 73[0m
2024-04-09 22:35:10 info: [0mPOST /users [32m201[0m 18.966 ms - 132[0m
2024-04-09 22:35:10 info: [0mPOST /users/0ae2d58f-3795-4dfd-8f99-ac6cd240cc8c/activate [32m200[0m 18.843 ms - 41[0m
2024-04-09 22:35:10 info: [0mPOST /permissions/0ae2d58f-3795-4dfd-8f99-ac6cd240cc8c/200 [32m201[0m 11.207 ms - 43[0m
2024-04-09 22:35:10 info: [0mPOST /login [32m200[0m 15.972 ms - 133[0m
2024-04-09 22:35:11 info: [0mPOST /permissions/0ae2d58f-3795-4dfd-8f99-ac6cd240cc8c/100 [32m201[0m 20.753 ms - 43[0m
2024-04-09 22:35:11 info: [0mDELETE /users/0ae2d58f-3795-4dfd-8f99-ac6cd240cc8c [32m200[0m 31.197 ms - 73[0m
2024-04-09 22:35:11 info: [0mPOST /login [32m200[0m 16.891 ms - 130[0m
2024-04-09 22:35:11 error: [DELETE] /users/00000000-0000-0000-0000-000000000000 >> StatusCode:: 403, Message:: User_Not_Authorized::[]
2024-04-09 22:35:11 info: [0mDELETE /users/00000000-0000-0000-0000-000000000000 [33m403[0m 4.035 ms - 42[0m
2024-04-09 22:35:11 info: [0mPOST /users [32m201[0m 64.298 ms - 132[0m
2024-04-09 22:35:11 info: [0mPOST /users/80c7bc26-22ff-4eb5-a854-ed78a70c6fd9/activate [32m200[0m 37.065 ms - 41[0m
2024-04-09 22:35:11 info: [0mPOST /login [32m200[0m 12.327 ms - 133[0m
2024-04-09 22:35:11 error: [DELETE] /users/80c7bc26-22ff-4eb5-a854-ed78a70c6fd9 >> StatusCode:: 403, Message:: User_Not_Authorized::[]
2024-04-09 22:35:11 info: [0mDELETE /users/80c7bc26-22ff-4eb5-a854-ed78a70c6fd9 [33m403[0m 16.991 ms - 42[0m
2024-04-09 22:35:11 info: [0mDELETE /users/80c7bc26-22ff-4eb5-a854-ed78a70c6fd9 [32m200[0m 30.480 ms - 73[0m
2024-04-09 22:35:11 info: [0mPOST /login [32m200[0m 8.727 ms - 130[0m
2024-04-09 22:35:11 error: [DELETE] /users/00000000-0000-0000-0000-000000000000 >> StatusCode:: 400, Message:: User_Does_Not_Exist::["00000000-0000-0000-0000-000000000000"]
2024-04-09 22:35:11 info: [0mDELETE /users/00000000-0000-0000-0000-000000000000 [33m400[0m 15.253 ms - 90[0m
2024-04-09 22:35:11 info: [0mPOST /users [32m201[0m 17.721 ms - 132[0m
2024-04-09 22:35:11 info: [0mPOST /users/021fb408-1771-48f6-807c-145f29412eaa/activate [32m200[0m 17.123 ms - 41[0m
2024-04-09 22:35:11 info: [0mPOST /permissions/021fb408-1771-48f6-807c-145f29412eaa/200 [32m201[0m 15.939 ms - 43[0m
2024-04-09 22:35:11 info: [0mPOST /users [32m201[0m 24.520 ms - 132[0m
2024-04-09 22:35:11 info: [0mPOST /users/5d645759-18f6-4fe0-abf8-00a67333c639/activate [32m200[0m 33.480 ms - 41[0m
2024-04-09 22:35:11 info: [0mPOST /login [32m200[0m 8.625 ms - 133[0m
2024-04-09 22:35:11 info: [0mPOST /permissions/5d645759-18f6-4fe0-abf8-00a67333c639/100 [32m201[0m 18.343 ms - 43[0m
2024-04-09 22:35:11 error: [DELETE] /users/021fb408-1771-48f6-807c-145f29412eaa >> StatusCode:: 400, Message:: Object_Is_Connected_With_Another_And_Can_Not_Be_Deleted::["021fb408-1771-48f6-807c-145f29412eaa","SystemPermission_AssignedBy"]
2024-04-09 22:35:11 info: [0mDELETE /users/021fb408-1771-48f6-807c-145f29412eaa [33m400[0m 28.849 ms - 156[0m
2024-04-09 22:35:11 info: [0mDELETE /permissions/021fb408-1771-48f6-807c-145f29412eaa [32m200[0m 10.795 ms - 45[0m
2024-04-09 22:35:11 info: [0mDELETE /permissions/5d645759-18f6-4fe0-abf8-00a67333c639 [32m200[0m 8.238 ms - 45[0m
2024-04-09 22:35:11 info: [0mDELETE /users/021fb408-1771-48f6-807c-145f29412eaa [32m200[0m 10.468 ms - 73[0m
2024-04-09 22:35:11 info: [0mDELETE /users/5d645759-18f6-4fe0-abf8-00a67333c639 [32m200[0m 17.199 ms - 73[0m
2024-04-09 22:35:11 info: [0mPOST /login [32m200[0m 5.881 ms - 130[0m
2024-04-09 22:35:11 info: [0mDELETE /users/invalid-guid [33m404[0m 0.416 ms - 83[0m
2024-04-09 22:35:11 info: [0mPOST /login [32m200[0m 5.405 ms - 130[0m
2024-04-09 22:35:11 error: [DELETE] /users/00000000-0000-0000-0000-000000000000 >> StatusCode:: 401, Message:: Wrong_Authentication_Token::[]
2024-04-09 22:35:11 info: [0mDELETE /users/00000000-0000-0000-0000-000000000000 [33m401[0m 3.611 ms - 49[0m
2024-04-09 22:35:12 info: [0mPOST /login [32m200[0m 46.095 ms - 130[0m
2024-04-09 22:35:12 info: [0mDELETE /permissions/105 [33m404[0m 0.519 ms - 80[0m
2024-04-09 22:35:12 info: [0mDELETE /permissions/invalid-user-id/105 [33m404[0m 0.534 ms - 96[0m
2024-04-09 22:35:12 info: [0mDELETE /permissions/2c6627d9-54ba-4b80-bfed-690667855d6b/invalid-permission-id [33m404[0m 0.404 ms - 135[0m
2024-04-09 22:35:12 info: [0mDELETE /permissions [33m404[0m 0.381 ms - 76[0m
2024-04-09 22:35:12 info: [0mDELETE /permissions/invalid-user-id/invalid-permission-id [33m404[0m 0.291 ms - 114[0m
2024-04-09 22:35:12 info: [0mPOST /login [32m200[0m 8.660 ms - 130[0m
2024-04-09 22:35:12 info: [0mDELETE /permissions/00000000-0000-0000-0000-000000000000/105 [33m400[0m 13.966 ms - 14[0m
2024-04-09 22:35:12 info: [0mDELETE /permissions/00000000-0000-0000-0000-000000000000 [33m400[0m 7.764 ms - 14[0m
2024-04-09 22:35:12 info: [0mPOST /users [32m201[0m 22.405 ms - 132[0m
2024-04-09 22:35:12 info: [0mDELETE /users/00422aa1-ef7c-4c2b-90d2-2daa9435ea5e [32m200[0m 24.136 ms - 73[0m
2024-04-09 22:35:12 info: [0mDELETE /permissions/00422aa1-ef7c-4c2b-90d2-2daa9435ea5e/99 [33m400[0m 7.124 ms - 14[0m
2024-04-09 22:35:12 info: [0mPOST /login [32m200[0m 6.493 ms - 130[0m
2024-04-09 22:35:12 error: [DELETE] /permissions/00000000-0000-0000-0000-000000000000/100 >> StatusCode:: 401, Message:: Wrong_Authentication_Token::[]
2024-04-09 22:35:12 info: [0mDELETE /permissions/00000000-0000-0000-0000-000000000000/100 [33m401[0m 3.659 ms - 49[0m
2024-04-09 22:35:12 info: [0mPOST /login [32m200[0m 7.074 ms - 130[0m
2024-04-09 22:35:12 error: [DELETE] /permissions/00000000-0000-0000-0000-000000000000/100 >> StatusCode:: 403, Message:: User_Not_Authorized::[]
2024-04-09 22:35:12 info: [0mDELETE /permissions/00000000-0000-0000-0000-000000000000/100 [33m403[0m 3.667 ms - 42[0m
2024-04-09 22:35:12 info: [0mPOST /users [32m201[0m 14.595 ms - 132[0m
2024-04-09 22:35:12 info: [0mPOST /users/e831c86d-2554-4454-8e5d-96422a6741de/activate [32m200[0m 15.087 ms - 41[0m
2024-04-09 22:35:12 info: [0mPOST /permissions/e831c86d-2554-4454-8e5d-96422a6741de/100 [32m201[0m 12.439 ms - 43[0m
2024-04-09 22:35:12 info: [0mPOST /login [32m200[0m 8.563 ms - 133[0m
2024-04-09 22:35:12 error: [DELETE] /permissions/e831c86d-2554-4454-8e5d-96422a6741de/100 >> StatusCode:: 403, Message:: User_Not_Authorized::[]
2024-04-09 22:35:12 info: [0mDELETE /permissions/e831c86d-2554-4454-8e5d-96422a6741de/100 [33m403[0m 11.049 ms - 42[0m
2024-04-09 22:35:12 info: [0mDELETE /users/e831c86d-2554-4454-8e5d-96422a6741de [32m200[0m 68.627 ms - 73[0m
2024-04-09 22:35:12 info: [0mPOST /login [32m200[0m 11.641 ms - 130[0m
2024-04-09 22:35:12 info: [0mPOST /users [32m201[0m 16.505 ms - 132[0m
2024-04-09 22:35:12 info: [0mPOST /users/26ba392d-79dd-47f9-adea-ba921b7bc546/activate [32m200[0m 17.493 ms - 41[0m
2024-04-09 22:35:12 info: [0mPOST /permissions/26ba392d-79dd-47f9-adea-ba921b7bc546/201 [32m201[0m 12.146 ms - 43[0m
2024-04-09 22:35:12 info: [0mPOST /permissions/26ba392d-79dd-47f9-adea-ba921b7bc546/200 [32m201[0m 14.491 ms - 43[0m
2024-04-09 22:35:12 info: [0mPOST /login [32m200[0m 13.104 ms - 133[0m
2024-04-09 22:35:13 info: [0mDELETE /permissions/26ba392d-79dd-47f9-adea-ba921b7bc546/200 [32m200[0m 15.804 ms - 45[0m
2024-04-09 22:35:13 error: [POST] /permissions/26ba392d-79dd-47f9-adea-ba921b7bc546/200 >> StatusCode:: 403, Message:: User_Not_Authorized::[]
2024-04-09 22:35:13 info: [0mPOST /permissions/26ba392d-79dd-47f9-adea-ba921b7bc546/200 [33m403[0m 9.707 ms - 42[0m
2024-04-09 22:35:13 info: [0mDELETE /users/26ba392d-79dd-47f9-adea-ba921b7bc546 [32m200[0m 18.072 ms - 73[0m
2024-04-09 22:35:13 info: [0mPOST /users [32m201[0m 11.337 ms - 132[0m
2024-04-09 22:35:13 info: [0mDELETE /permissions/009b1b31-a31e-4b3c-9668-d3a4e3286a39/100 [32m200[0m 9.298 ms - 45[0m
2024-04-09 22:35:13 info: [0mDELETE /users/009b1b31-a31e-4b3c-9668-d3a4e3286a39 [32m200[0m 14.731 ms - 73[0m
2024-04-09 22:35:13 info: [0mPOST /users [32m201[0m 23.185 ms - 132[0m
2024-04-09 22:35:13 info: [0mPOST /users/5e3948e2-119c-40e5-8011-5b6327352b61/activate [32m200[0m 18.770 ms - 41[0m
2024-04-09 22:35:13 info: [0mPOST /permissions/5e3948e2-119c-40e5-8011-5b6327352b61/200 [32m201[0m 18.473 ms - 43[0m
2024-04-09 22:35:13 info: [0mPOST /login [32m200[0m 6.889 ms - 133[0m
2024-04-09 22:35:13 info: [0mPOST /permissions/5e3948e2-119c-40e5-8011-5b6327352b61/101 [32m201[0m 12.156 ms - 43[0m
2024-04-09 22:35:13 info: [0mDELETE /permissions/5e3948e2-119c-40e5-8011-5b6327352b61 [32m200[0m 17.675 ms - 45[0m
2024-04-09 22:35:13 error: [GET] /users/5e3948e2-119c-40e5-8011-5b6327352b61 >> StatusCode:: 403, Message:: User_Not_Authorized::[]
2024-04-09 22:35:13 info: [0mGET /users/5e3948e2-119c-40e5-8011-5b6327352b61 [33m403[0m 15.224 ms - 42[0m
2024-04-09 22:35:13 error: [POST] /permissions/5e3948e2-119c-40e5-8011-5b6327352b61/101 >> StatusCode:: 403, Message:: User_Not_Authorized::[]
2024-04-09 22:35:13 info: [0mPOST /permissions/5e3948e2-119c-40e5-8011-5b6327352b61/101 [33m403[0m 11.354 ms - 42[0m
2024-04-09 22:35:13 info: [0mDELETE /users/5e3948e2-119c-40e5-8011-5b6327352b61 [32m200[0m 18.511 ms - 73[0m
2024-04-09 22:35:13 info: [0mPOST /login [32m200[0m 26.133 ms - 130[0m
2024-04-09 22:35:13 info: [0mPOST /permissions/105 [33m404[0m 0.558 ms - 80[0m
2024-04-09 22:35:13 info: [0mPOST /permissions/invalid-user-id/105 [33m404[0m 0.372 ms - 96[0m
2024-04-09 22:35:13 info: [0mPOST /permissions/2c6627d9-54ba-4b80-bfed-690667855d6b [33m404[0m 0.362 ms - 113[0m
2024-04-09 22:35:13 info: [0mPOST /permissions/2c6627d9-54ba-4b80-bfed-690667855d6b/invalid-permission-id [33m404[0m 0.623 ms - 135[0m
2024-04-09 22:35:13 info: [0mPOST /permissions [33m404[0m 0.304 ms - 76[0m
2024-04-09 22:35:14 info: [0mPOST /permissions/invalid-user-id/invalid-permission-id [33m404[0m 0.387 ms - 114[0m
2024-04-09 22:35:14 info: [0mPOST /login [32m200[0m 7.199 ms - 130[0m
2024-04-09 22:35:14 info: [0mPOST /permissions/00000000-0000-0000-0000-000000000000/105 [33m400[0m 11.245 ms - 14[0m
2024-04-09 22:35:14 info: [0mPOST /users [32m201[0m 57.280 ms - 132[0m
2024-04-09 22:35:14 info: [0mDELETE /users/e5456607-b43a-4a08-a544-2d12f9d26043 [32m200[0m 13.820 ms - 73[0m
2024-04-09 22:35:14 info: [0mPOST /permissions/e5456607-b43a-4a08-a544-2d12f9d26043/99 [33m400[0m 4.554 ms - 14[0m
2024-04-09 22:35:14 info: [0mPOST /login [32m200[0m 5.683 ms - 130[0m
2024-04-09 22:35:14 error: [POST] /permissions/00000000-0000-0000-0000-000000000000/100 >> StatusCode:: 401, Message:: Wrong_Authentication_Token::[]
2024-04-09 22:35:14 info: [0mPOST /permissions/00000000-0000-0000-0000-000000000000/100 [33m401[0m 6.646 ms - 49[0m
2024-04-09 22:35:14 info: [0mPOST /login [32m200[0m 5.762 ms - 130[0m
2024-04-09 22:35:14 error: [POST] /permissions/00000000-0000-0000-0000-000000000000/100 >> StatusCode:: 403, Message:: User_Not_Authorized::[]
2024-04-09 22:35:14 info: [0mPOST /permissions/00000000-0000-0000-0000-000000000000/100 [33m403[0m 6.200 ms - 42[0m
2024-04-09 22:35:14 info: [0mPOST /users [32m201[0m 40.436 ms - 132[0m
2024-04-09 22:35:14 info: [0mPOST /users/6ead57c1-39c7-4093-aaa6-1194a3150a56/activate [32m200[0m 15.097 ms - 41[0m
2024-04-09 22:35:14 info: [0mPOST /login [32m200[0m 7.097 ms - 133[0m
2024-04-09 22:35:14 error: [POST] /permissions/6ead57c1-39c7-4093-aaa6-1194a3150a56/100 >> StatusCode:: 403, Message:: User_Not_Authorized::[]
2024-04-09 22:35:14 info: [0mPOST /permissions/6ead57c1-39c7-4093-aaa6-1194a3150a56/100 [33m403[0m 7.914 ms - 42[0m
2024-04-09 22:35:14 info: [0mDELETE /users/6ead57c1-39c7-4093-aaa6-1194a3150a56 [32m200[0m 11.927 ms - 73[0m
2024-04-09 22:35:14 info: [0mPOST /login [32m200[0m 6.379 ms - 130[0m
2024-04-09 22:35:14 info: [0mPOST /users [32m201[0m 12.699 ms - 132[0m
2024-04-09 22:35:14 info: [0mPOST /users/3779603d-162c-4385-bc5d-9cbfed3247ad/activate [32m200[0m 12.264 ms - 41[0m
2024-04-09 22:35:14 info: [0mPOST /permissions/3779603d-162c-4385-bc5d-9cbfed3247ad/200 [32m201[0m 12.506 ms - 43[0m
2024-04-09 22:35:14 info: [0mPOST /login [32m200[0m 6.232 ms - 133[0m
2024-04-09 22:35:14 info: [0mPOST /permissions/3779603d-162c-4385-bc5d-9cbfed3247ad/100 [32m201[0m 16.541 ms - 43[0m
2024-04-09 22:35:14 info: [0mDELETE /users/3779603d-162c-4385-bc5d-9cbfed3247ad [32m200[0m 20.104 ms - 73[0m
2024-04-09 22:35:14 info: [0mPOST /users [32m201[0m 20.181 ms - 132[0m
2024-04-09 22:35:14 info: [0mPOST /permissions/6607b23e-1b17-421e-ab1c-afa8569cec8b/100 [32m201[0m 15.034 ms - 43[0m
2024-04-09 22:35:14 info: [0mPOST /permissions/6607b23e-1b17-421e-ab1c-afa8569cec8b/100 [32m201[0m 5.272 ms - 43[0m
2024-04-09 22:35:14 info: [0mDELETE /users/6607b23e-1b17-421e-ab1c-afa8569cec8b [32m200[0m 14.339 ms - 73[0m
2024-04-09 22:35:15 info: [0mPOST /login [32m200[0m 23.198 ms - 130[0m
2024-04-09 22:35:15 info: [0mPOST /users [32m201[0m 60.346 ms - 132[0m
2024-04-09 22:35:15 info: [0mDELETE /users/64378b54-c700-466a-99f4-b820e2f3ab4e [32m200[0m 19.721 ms - 73[0m
2024-04-09 22:35:15 info: [0mPOST /login [32m200[0m 10.050 ms - 130[0m
2024-04-09 22:35:15 error: [POST] /users >> StatusCode:: 400, Message:: Invalid_Password::[]
2024-04-09 22:35:15 info: [0mPOST /users [33m400[0m 9.789 ms - 39[0m
2024-04-09 22:35:15 error: [POST] /users >> StatusCode:: 400, Message:: Invalid_Email::[]
2024-04-09 22:35:15 info: [0mPOST /users [33m400[0m 6.360 ms - 36[0m
2024-04-09 22:35:15 error: [POST] /users >> StatusCode:: 400, Message:: Invalid_Phone::[]
2024-04-09 22:35:15 info: [0mPOST /users [33m400[0m 6.258 ms - 36[0m
2024-04-09 22:35:15 info: [0mPOST /users [32m201[0m 14.997 ms - 132[0m
2024-04-09 22:35:15 error: [POST] /users >> StatusCode:: 400, Message:: User_Already_Exists::["qatozbpv7@email.com","883718012"]
2024-04-09 22:35:15 info: [0mPOST /users [33m400[0m 9.705 ms - 85[0m
2024-04-09 22:35:15 info: [0mDELETE /users/ceeadc6a-ac69-4bef-90dd-3b2ccd5fac3a [32m200[0m 15.393 ms - 73[0m
2024-04-09 22:35:15 info: [0mPOST /users [32m201[0m 13.646 ms - 132[0m
2024-04-09 22:35:15 error: [POST] /users >> StatusCode:: 400, Message:: User_Already_Exists::["EGPZGLJI3@EMAIL.COM","883327478"]
2024-04-09 22:35:15 info: [0mPOST /users [33m400[0m 11.261 ms - 85[0m
2024-04-09 22:35:15 info: [0mDELETE /users/e516be2e-ed45-4a7c-b0e0-7c4792dfc615 [32m200[0m 19.258 ms - 73[0m
2024-04-09 22:35:15 info: [0mPOST /login [32m200[0m 7.751 ms - 130[0m
2024-04-09 22:35:15 error: [POST] /users >> StatusCode:: 403, Message:: User_Not_Authorized::[]
2024-04-09 22:35:15 info: [0mPOST /users [33m403[0m 5.138 ms - 42[0m
2024-04-09 22:35:15 info: [0mPOST /users [32m201[0m 20.599 ms - 132[0m
2024-04-09 22:35:15 info: [0mPOST /users/521c9e74-0548-47bd-8d95-ec9babb9f92c/activate [32m200[0m 23.437 ms - 41[0m
2024-04-09 22:35:15 info: [0mPOST /login [32m200[0m 9.878 ms - 133[0m
2024-04-09 22:35:15 error: [POST] /users >> StatusCode:: 403, Message:: User_Not_Authorized::[]
2024-04-09 22:35:15 info: [0mPOST /users [33m403[0m 12.829 ms - 42[0m
2024-04-09 22:35:15 info: [0mDELETE /users/521c9e74-0548-47bd-8d95-ec9babb9f92c [32m200[0m 20.523 ms - 73[0m
2024-04-09 22:35:15 info: [0mPOST /login [32m200[0m 13.243 ms - 130[0m
2024-04-09 22:35:15 error: [POST] /users >> StatusCode:: 401, Message:: Wrong_Authentication_Token::[]
2024-04-09 22:35:15 info: [0mPOST /users [33m401[0m 5.299 ms - 49[0m
2024-04-09 22:35:15 info: [0mPOST /users [32m201[0m 17.113 ms - 132[0m
2024-04-09 22:35:15 info: [0mPOST /users/b711f7b7-11d3-4a43-8a93-088bccaae3dc/activate [32m200[0m 15.283 ms - 41[0m
2024-04-09 22:35:15 info: [0mPOST /login [32m200[0m 7.059 ms - 133[0m
2024-04-09 22:35:15 info: [0mDELETE /users/b711f7b7-11d3-4a43-8a93-088bccaae3dc [32m200[0m 14.693 ms - 73[0m
2024-04-09 22:35:15 error: [POST] /users >> StatusCode:: 401, Message:: Wrong_Authentication_Token::[]
2024-04-09 22:35:15 info: [0mPOST /users [33m401[0m 7.285 ms - 49[0m
2024-04-09 22:35:16 info: [0mPOST /login [32m200[0m 22.098 ms - 130[0m
2024-04-09 22:35:16 info: [0mPOST /users [32m201[0m 70.682 ms - 132[0m
2024-04-09 22:35:16 info: [0mPOST /users/0672eabc-4d0a-47c2-88db-c4246fa851df/deactivate [32m200[0m 13.344 ms - 43[0m
2024-04-09 22:35:16 info: [0mDELETE /users/0672eabc-4d0a-47c2-88db-c4246fa851df [32m200[0m 13.670 ms - 73[0m
2024-04-09 22:35:16 info: [0mPOST /users [32m201[0m 11.617 ms - 132[0m
2024-04-09 22:35:16 info: [0mPOST /users/c1d3e128-29b4-453b-a2c3-e2a875ef256f/deactivate [32m200[0m 9.937 ms - 43[0m
2024-04-09 22:35:16 info: [0mPOST /users/c1d3e128-29b4-453b-a2c3-e2a875ef256f/deactivate [32m200[0m 7.390 ms - 43[0m
2024-04-09 22:35:16 info: [0mDELETE /users/c1d3e128-29b4-453b-a2c3-e2a875ef256f [32m200[0m 59.364 ms - 73[0m
2024-04-09 22:35:16 info: [0mPOST /users [32m201[0m 21.072 ms - 132[0m
2024-04-09 22:35:16 info: [0mPOST /users/c80dd753-986a-4df4-b268-bce31b7d9991/activate [32m200[0m 18.321 ms - 41[0m
2024-04-09 22:35:16 info: [0mPOST /users/c80dd753-986a-4df4-b268-bce31b7d9991/deactivate [32m200[0m 16.980 ms - 43[0m
2024-04-09 22:35:16 info: [0mDELETE /users/c80dd753-986a-4df4-b268-bce31b7d9991 [32m200[0m 21.750 ms - 73[0m
2024-04-09 22:35:16 info: [0mPOST /login [32m200[0m 6.844 ms - 130[0m
2024-04-09 22:35:16 error: [POST] /users/00000000-0000-0000-0000-000000000000/deactivate >> StatusCode:: 403, Message:: User_Not_Authorized::[]
2024-04-09 22:35:16 info: [0mPOST /users/00000000-0000-0000-0000-000000000000/deactivate [33m403[0m 6.490 ms - 42[0m
2024-04-09 22:35:16 info: [0mPOST /users [32m201[0m 17.442 ms - 132[0m
2024-04-09 22:35:16 info: [0mPOST /users/7e96845f-eb45-450d-a1a8-049ee92624ff/activate [32m200[0m 15.959 ms - 41[0m
2024-04-09 22:35:16 info: [0mPOST /login [32m200[0m 6.702 ms - 133[0m
2024-04-09 22:35:16 error: [POST] /users/7e96845f-eb45-450d-a1a8-049ee92624ff/deactivate >> StatusCode:: 403, Message:: User_Not_Authorized::[]
2024-04-09 22:35:16 info: [0mPOST /users/7e96845f-eb45-450d-a1a8-049ee92624ff/deactivate [33m403[0m 8.867 ms - 42[0m
2024-04-09 22:35:16 info: [0mDELETE /users/7e96845f-eb45-450d-a1a8-049ee92624ff [32m200[0m 13.849 ms - 73[0m
2024-04-09 22:35:16 info: [0mPOST /login [32m200[0m 6.358 ms - 130[0m
2024-04-09 22:35:16 error: [POST] /users/00000000-0000-0000-0000-000000000000/deactivate >> StatusCode:: 400, Message:: User_Does_Not_Exist::["00000000-0000-0000-0000-000000000000"]
2024-04-09 22:35:16 info: [0mPOST /users/00000000-0000-0000-0000-000000000000/deactivate [33m400[0m 10.168 ms - 90[0m
2024-04-09 22:35:16 info: [0mPOST /login [32m200[0m 7.217 ms - 130[0m
2024-04-09 22:35:16 info: [0mPOST /users/invalid-guid/deactivate [33m404[0m 0.730 ms - 94[0m
2024-04-09 22:35:16 info: [0mPOST /login [32m200[0m 7.427 ms - 130[0m
2024-04-09 22:35:16 error: [POST] /users/00000000-0000-0000-0000-000000000000/deactivate >> StatusCode:: 401, Message:: Wrong_Authentication_Token::[]
2024-04-09 22:35:16 info: [0mPOST /users/00000000-0000-0000-0000-000000000000/deactivate [33m401[0m 7.248 ms - 49[0m
2024-04-09 22:35:17 info: [0mPOST /login [32m200[0m 21.746 ms - 130[0m
2024-04-09 22:35:17 info: [0mPOST /users [32m201[0m 62.774 ms - 132[0m
2024-04-09 22:35:17 info: [0mPOST /users/25b54a6b-1fdb-4d8a-b5f1-8e91f6da92c2/activate [32m200[0m 14.222 ms - 41[0m
2024-04-09 22:35:17 info: [0mDELETE /users/25b54a6b-1fdb-4d8a-b5f1-8e91f6da92c2 [32m200[0m 11.629 ms - 73[0m
2024-04-09 22:35:17 info: [0mPOST /users [32m201[0m 11.677 ms - 132[0m
2024-04-09 22:35:17 info: [0mPOST /users/0442f796-058c-4ae4-8952-84103fcc2975/activate [32m200[0m 13.349 ms - 41[0m
2024-04-09 22:35:17 info: [0mPOST /users/0442f796-058c-4ae4-8952-84103fcc2975/activate [32m200[0m 7.200 ms - 41[0m
2024-04-09 22:35:17 info: [0mDELETE /users/0442f796-058c-4ae4-8952-84103fcc2975 [32m200[0m 11.340 ms - 73[0m
2024-04-09 22:35:17 info: [0mPOST /users [32m201[0m 11.873 ms - 132[0m
2024-04-09 22:35:17 info: [0mPOST /users/c39691c7-bbd9-4b2b-b0fa-ee012e41b98a/activate [32m200[0m 11.155 ms - 41[0m
2024-04-09 22:35:17 info: [0mDELETE /users/c39691c7-bbd9-4b2b-b0fa-ee012e41b98a [32m200[0m 11.440 ms - 73[0m
2024-04-09 22:35:17 info: [0mPOST /login [32m200[0m 5.724 ms - 130[0m
2024-04-09 22:35:17 error: [POST] /users/00000000-0000-0000-0000-000000000000/activate >> StatusCode:: 403, Message:: User_Not_Authorized::[]
2024-04-09 22:35:17 info: [0mPOST /users/00000000-0000-0000-0000-000000000000/activate [33m403[0m 8.610 ms - 42[0m
2024-04-09 22:35:17 info: [0mPOST /users [32m201[0m 12.878 ms - 132[0m
2024-04-09 22:35:17 info: [0mPOST /users/8bdaea6f-89e6-49b5-9c5c-050d696a2dcc/activate [32m200[0m 10.875 ms - 41[0m
2024-04-09 22:35:17 info: [0mPOST /login [32m200[0m 7.447 ms - 133[0m
2024-04-09 22:35:17 error: [POST] /users/8bdaea6f-89e6-49b5-9c5c-050d696a2dcc/activate >> StatusCode:: 403, Message:: User_Not_Authorized::[]
2024-04-09 22:35:17 info: [0mPOST /users/8bdaea6f-89e6-49b5-9c5c-050d696a2dcc/activate [33m403[0m 9.839 ms - 42[0m
2024-04-09 22:35:17 info: [0mDELETE /users/8bdaea6f-89e6-49b5-9c5c-050d696a2dcc [32m200[0m 16.939 ms - 73[0m
2024-04-09 22:35:17 info: [0mPOST /login [32m200[0m 6.709 ms - 130[0m
2024-04-09 22:35:17 error: [POST] /users/00000000-0000-0000-0000-000000000000/activate >> StatusCode:: 400, Message:: User_Does_Not_Exist::["00000000-0000-0000-0000-000000000000"]
2024-04-09 22:35:17 info: [0mPOST /users/00000000-0000-0000-0000-000000000000/activate [33m400[0m 12.011 ms - 90[0m
2024-04-09 22:35:17 info: [0mPOST /login [32m200[0m 8.754 ms - 130[0m
2024-04-09 22:35:17 info: [0mPOST /users/invalid-guid/activate [33m404[0m 0.391 ms - 92[0m
2024-04-09 22:35:17 info: [0mPOST /login [32m200[0m 5.782 ms - 130[0m
2024-04-09 22:35:17 error: [POST] /users/00000000-0000-0000-0000-000000000000/activate >> StatusCode:: 401, Message:: Wrong_Authentication_Token::[]
2024-04-09 22:35:17 info: [0mPOST /users/00000000-0000-0000-0000-000000000000/activate [33m401[0m 5.952 ms - 49[0m
2024-04-09 22:35:18 info: [0mPOST /login [32m200[0m 20.836 ms - 130[0m
2024-04-09 22:35:18 info: [0mPOST /users [32m201[0m 70.064 ms - 132[0m
2024-04-09 22:35:18 info: [0mGET /users/a620dab8-30e5-498d-a34c-bf962e96d580 [32m200[0m 24.291 ms - 167[0m
2024-04-09 22:35:18 info: [0mDELETE /users/a620dab8-30e5-498d-a34c-bf962e96d580 [32m200[0m 20.210 ms - 73[0m
2024-04-09 22:35:18 info: [0mPOST /login [32m200[0m 6.725 ms - 130[0m
2024-04-09 22:35:18 error: [GET] /users/00000000-0000-0000-0000-000000000000 >> StatusCode:: 403, Message:: User_Not_Authorized::[]
2024-04-09 22:35:18 info: [0mGET /users/00000000-0000-0000-0000-000000000000 [33m403[0m 10.279 ms - 42[0m
2024-04-09 22:35:18 info: [0mPOST /users [32m201[0m 11.392 ms - 132[0m
2024-04-09 22:35:18 info: [0mPOST /users/9aea6e44-ada8-4eb2-82af-8e3331c07961/activate [32m200[0m 15.670 ms - 41[0m
2024-04-09 22:35:18 info: [0mPOST /login [32m200[0m 10.979 ms - 133[0m
2024-04-09 22:35:18 error: [GET] /users/9aea6e44-ada8-4eb2-82af-8e3331c07961 >> StatusCode:: 403, Message:: User_Not_Authorized::[]
2024-04-09 22:35:18 info: [0mGET /users/9aea6e44-ada8-4eb2-82af-8e3331c07961 [33m403[0m 8.175 ms - 42[0m
2024-04-09 22:35:18 info: [0mDELETE /users/9aea6e44-ada8-4eb2-82af-8e3331c07961 [32m200[0m 18.320 ms - 73[0m
2024-04-09 22:35:18 info: [0mPOST /login [32m200[0m 7.844 ms - 130[0m
2024-04-09 22:35:18 error: [GET] /users/00000000-0000-0000-0000-000000000000 >> StatusCode:: 400, Message:: User_Does_Not_Exist::["00000000-0000-0000-0000-000000000000"]
2024-04-09 22:35:18 info: [0mGET /users/00000000-0000-0000-0000-000000000000 [33m400[0m 7.400 ms - 90[0m
2024-04-09 22:35:18 info: [0mPOST /login [32m200[0m 6.527 ms - 130[0m
2024-04-09 22:35:18 info: [0mGET /users/invalid-guid [33m404[0m 0.403 ms - 83[0m
2024-04-09 22:35:18 info: [0mPOST /login [32m200[0m 8.288 ms - 130[0m
2024-04-09 22:35:18 error: [GET] /users/00000000-0000-0000-0000-000000000000 >> StatusCode:: 401, Message:: Wrong_Authentication_Token::[]
2024-04-09 22:35:18 info: [0mGET /users/00000000-0000-0000-0000-000000000000 [33m401[0m 7.560 ms - 49[0m
2024-04-09 22:35:19 info: [0mPOST /login [32m200[0m 12.894 ms - 83[0m
2024-04-09 22:35:19 info: [0mGET /users/2eaa394a-649d-44c1-b797-4a9e4ed2f836 [32m200[0m 3.247 ms - 84[0m
2024-04-09 22:35:19 info: [0mGET /users/2eaa394a-649d-44c1-b797-4a9e4ed2f836 [32m200[0m 1.419 ms - 84[0m
